[2024-05-05T03:43:51.793+0000] {local_task_job_runner.py:120} INFO - ::group::Pre task execution logs
[2024-05-05T03:43:51.815+0000] {taskinstance.py:2073} INFO - Dependencies all met for dep_context=non-requeueable deps ti=<TaskInstance: bash.create_dir manual__2024-05-05T03:43:50.810140+00:00 [queued]>
[2024-05-05T03:43:51.823+0000] {taskinstance.py:2073} INFO - Dependencies all met for dep_context=requeueable deps ti=<TaskInstance: bash.create_dir manual__2024-05-05T03:43:50.810140+00:00 [queued]>
[2024-05-05T03:43:51.824+0000] {taskinstance.py:2303} INFO - Starting attempt 1 of 2
[2024-05-05T03:43:51.839+0000] {taskinstance.py:2327} INFO - Executing <Task(BashOperator): create_dir> on 2024-05-05 03:43:50.810140+00:00
[2024-05-05T03:43:51.844+0000] {warnings.py:110} WARNING - /home/***/.local/lib/python3.12/site-packages/***/task/task_runner/standard_task_runner.py:61: DeprecationWarning: This process (pid=116) is multi-threaded, use of fork() may lead to deadlocks in the child.
  pid = os.fork()

[2024-05-05T03:43:51.846+0000] {standard_task_runner.py:63} INFO - Started process 117 to run task
[2024-05-05T03:43:51.846+0000] {standard_task_runner.py:90} INFO - Running: ['***', 'tasks', 'run', 'bash', 'create_dir', 'manual__2024-05-05T03:43:50.810140+00:00', '--job-id', '32', '--raw', '--subdir', 'DAGS_FOLDER/bash_dag.py', '--cfg-path', '/tmp/tmpbzlmibf8']
[2024-05-05T03:43:51.849+0000] {standard_task_runner.py:91} INFO - Job 32: Subtask create_dir
[2024-05-05T03:43:51.895+0000] {task_command.py:426} INFO - Running <TaskInstance: bash.create_dir manual__2024-05-05T03:43:50.810140+00:00 [running]> on host 284b5f341ead
[2024-05-05T03:43:51.984+0000] {taskinstance.py:2644} INFO - Exporting env vars: AIRFLOW_CTX_DAG_OWNER='***' AIRFLOW_CTX_DAG_ID='bash' AIRFLOW_CTX_TASK_ID='create_dir' AIRFLOW_CTX_EXECUTION_DATE='2024-05-05T03:43:50.810140+00:00' AIRFLOW_CTX_TRY_NUMBER='1' AIRFLOW_CTX_DAG_RUN_ID='manual__2024-05-05T03:43:50.810140+00:00'
[2024-05-05T03:43:51.985+0000] {taskinstance.py:430} INFO - ::endgroup::
[2024-05-05T03:43:52.000+0000] {subprocess.py:63} INFO - Tmp dir root location: /tmp
[2024-05-05T03:43:52.002+0000] {subprocess.py:75} INFO - Running command: ['/usr/bin/bash', '-c', 'pwd; mkdir $AIRFLOW_HOME/test; ls -al']
[2024-05-05T03:43:52.009+0000] {subprocess.py:86} INFO - Output:
[2024-05-05T03:43:52.011+0000] {subprocess.py:93} INFO - /tmp/***tmpz39ifqho
[2024-05-05T03:43:52.016+0000] {subprocess.py:93} INFO - total 8
[2024-05-05T03:43:52.017+0000] {subprocess.py:93} INFO - drwx------ 2 *** root 4096 May  5 03:43 .
[2024-05-05T03:43:52.017+0000] {subprocess.py:93} INFO - drwxrwxrwt 1 root    root 4096 May  5 03:43 ..
[2024-05-05T03:43:52.018+0000] {subprocess.py:97} INFO - Command exited with return code 0
[2024-05-05T03:43:52.019+0000] {taskinstance.py:441} INFO - ::group::Post task execution logs
[2024-05-05T03:43:52.048+0000] {taskinstance.py:1205} INFO - Marking task as SUCCESS. dag_id=bash, task_id=create_dir, execution_date=20240505T034350, start_date=20240505T034351, end_date=20240505T034352
[2024-05-05T03:43:52.101+0000] {local_task_job_runner.py:240} INFO - Task exited with return code 0
[2024-05-05T03:43:52.120+0000] {taskinstance.py:3482} INFO - 0 downstream tasks scheduled from follow-on schedule check
[2024-05-05T03:43:52.123+0000] {local_task_job_runner.py:222} INFO - ::endgroup::
