[2024-05-26T06:13:36.512+0000] {processor.py:161} INFO - Started process (PID=179) to work on /opt/airflow/dags/bash_dag.py
[2024-05-26T06:13:36.528+0000] {processor.py:830} INFO - Processing file /opt/airflow/dags/bash_dag.py for tasks to queue
[2024-05-26T06:13:36.530+0000] {logging_mixin.py:188} INFO - [2024-05-26T06:13:36.530+0000] {dagbag.py:545} INFO - Filling up the DagBag from /opt/airflow/dags/bash_dag.py
[2024-05-26T06:13:36.558+0000] {processor.py:840} INFO - DAG(s) 'bash' retrieved from /opt/airflow/dags/bash_dag.py
[2024-05-26T06:13:36.725+0000] {logging_mixin.py:188} INFO - [2024-05-26T06:13:36.725+0000] {dag.py:3096} INFO - Sync 1 DAGs
[2024-05-26T06:13:36.749+0000] {logging_mixin.py:188} INFO - [2024-05-26T06:13:36.749+0000] {dag.py:3954} INFO - Setting next_dagrun for bash to 2024-03-14 00:00:00+00:00, run_after=2024-03-14 00:00:00+00:00
[2024-05-26T06:13:36.783+0000] {processor.py:183} INFO - Processing /opt/airflow/dags/bash_dag.py took 0.280 seconds
[2024-05-26T06:14:07.092+0000] {processor.py:161} INFO - Started process (PID=219) to work on /opt/airflow/dags/bash_dag.py
[2024-05-26T06:14:07.093+0000] {processor.py:830} INFO - Processing file /opt/airflow/dags/bash_dag.py for tasks to queue
[2024-05-26T06:14:07.095+0000] {logging_mixin.py:188} INFO - [2024-05-26T06:14:07.095+0000] {dagbag.py:545} INFO - Filling up the DagBag from /opt/airflow/dags/bash_dag.py
[2024-05-26T06:14:07.120+0000] {processor.py:840} INFO - DAG(s) 'bash' retrieved from /opt/airflow/dags/bash_dag.py
[2024-05-26T06:14:07.142+0000] {logging_mixin.py:188} INFO - [2024-05-26T06:14:07.142+0000] {dag.py:3096} INFO - Sync 1 DAGs
[2024-05-26T06:14:07.160+0000] {logging_mixin.py:188} INFO - [2024-05-26T06:14:07.160+0000] {dag.py:3954} INFO - Setting next_dagrun for bash to 2024-03-14 00:00:00+00:00, run_after=2024-03-14 00:00:00+00:00
[2024-05-26T06:14:07.181+0000] {processor.py:183} INFO - Processing /opt/airflow/dags/bash_dag.py took 0.094 seconds
[2024-05-26T06:14:38.262+0000] {processor.py:161} INFO - Started process (PID=375) to work on /opt/airflow/dags/bash_dag.py
[2024-05-26T06:14:38.264+0000] {processor.py:830} INFO - Processing file /opt/airflow/dags/bash_dag.py for tasks to queue
[2024-05-26T06:14:38.268+0000] {logging_mixin.py:188} INFO - [2024-05-26T06:14:38.267+0000] {dagbag.py:545} INFO - Filling up the DagBag from /opt/airflow/dags/bash_dag.py
[2024-05-26T06:14:38.294+0000] {processor.py:840} INFO - DAG(s) 'bash' retrieved from /opt/airflow/dags/bash_dag.py
[2024-05-26T06:14:38.342+0000] {logging_mixin.py:188} INFO - [2024-05-26T06:14:38.341+0000] {dag.py:3096} INFO - Sync 1 DAGs
[2024-05-26T06:14:38.386+0000] {logging_mixin.py:188} INFO - [2024-05-26T06:14:38.385+0000] {dag.py:3954} INFO - Setting next_dagrun for bash to 2024-03-14 00:00:00+00:00, run_after=2024-03-14 00:00:00+00:00
[2024-05-26T06:14:38.427+0000] {processor.py:183} INFO - Processing /opt/airflow/dags/bash_dag.py took 0.172 seconds
