[2024-05-26T06:13:36.834+0000] {processor.py:161} INFO - Started process (PID=191) to work on /opt/airflow/dags/dump_load_dag.py
[2024-05-26T06:13:36.836+0000] {processor.py:830} INFO - Processing file /opt/airflow/dags/dump_load_dag.py for tasks to queue
[2024-05-26T06:13:36.838+0000] {logging_mixin.py:188} INFO - [2024-05-26T06:13:36.837+0000] {dagbag.py:545} INFO - Filling up the DagBag from /opt/airflow/dags/dump_load_dag.py
[2024-05-26T06:13:36.970+0000] {processor.py:840} INFO - DAG(s) 'mysql_table_dump' retrieved from /opt/airflow/dags/dump_load_dag.py
[2024-05-26T06:13:37.094+0000] {logging_mixin.py:188} INFO - [2024-05-26T06:13:37.094+0000] {dag.py:3096} INFO - Sync 1 DAGs
[2024-05-26T06:13:37.116+0000] {logging_mixin.py:188} INFO - [2024-05-26T06:13:37.116+0000] {dag.py:3954} INFO - Setting next_dagrun for mysql_table_dump to 2024-03-14 00:00:00+00:00, run_after=2024-03-14 00:00:00+00:00
[2024-05-26T06:13:37.142+0000] {processor.py:183} INFO - Processing /opt/airflow/dags/dump_load_dag.py took 0.315 seconds
[2024-05-26T06:14:07.228+0000] {processor.py:161} INFO - Started process (PID=224) to work on /opt/airflow/dags/dump_load_dag.py
[2024-05-26T06:14:07.229+0000] {processor.py:830} INFO - Processing file /opt/airflow/dags/dump_load_dag.py for tasks to queue
[2024-05-26T06:14:07.231+0000] {logging_mixin.py:188} INFO - [2024-05-26T06:14:07.231+0000] {dagbag.py:545} INFO - Filling up the DagBag from /opt/airflow/dags/dump_load_dag.py
[2024-05-26T06:14:07.266+0000] {processor.py:840} INFO - DAG(s) 'mysql_table_dump' retrieved from /opt/airflow/dags/dump_load_dag.py
[2024-05-26T06:14:07.290+0000] {logging_mixin.py:188} INFO - [2024-05-26T06:14:07.289+0000] {dag.py:3096} INFO - Sync 1 DAGs
[2024-05-26T06:14:07.309+0000] {logging_mixin.py:188} INFO - [2024-05-26T06:14:07.309+0000] {dag.py:3954} INFO - Setting next_dagrun for mysql_table_dump to 2024-03-14 00:00:00+00:00, run_after=2024-03-14 00:00:00+00:00
[2024-05-26T06:14:07.332+0000] {processor.py:183} INFO - Processing /opt/airflow/dags/dump_load_dag.py took 0.109 seconds
[2024-05-26T06:14:38.516+0000] {processor.py:161} INFO - Started process (PID=378) to work on /opt/airflow/dags/dump_load_dag.py
[2024-05-26T06:14:38.519+0000] {processor.py:830} INFO - Processing file /opt/airflow/dags/dump_load_dag.py for tasks to queue
[2024-05-26T06:14:38.527+0000] {logging_mixin.py:188} INFO - [2024-05-26T06:14:38.525+0000] {dagbag.py:545} INFO - Filling up the DagBag from /opt/airflow/dags/dump_load_dag.py
[2024-05-26T06:14:38.596+0000] {processor.py:840} INFO - DAG(s) 'mysql_table_dump' retrieved from /opt/airflow/dags/dump_load_dag.py
[2024-05-26T06:14:38.662+0000] {logging_mixin.py:188} INFO - [2024-05-26T06:14:38.662+0000] {dag.py:3096} INFO - Sync 1 DAGs
[2024-05-26T06:14:38.714+0000] {logging_mixin.py:188} INFO - [2024-05-26T06:14:38.713+0000] {dag.py:3954} INFO - Setting next_dagrun for mysql_table_dump to 2024-03-14 00:00:00+00:00, run_after=2024-03-14 00:00:00+00:00
[2024-05-26T06:14:38.777+0000] {processor.py:183} INFO - Processing /opt/airflow/dags/dump_load_dag.py took 0.281 seconds
