[2024-05-26T06:13:35.706+0000] {processor.py:161} INFO - Started process (PID=168) to work on /opt/airflow/dags/hdfs_dag.py
[2024-05-26T06:13:35.709+0000] {processor.py:830} INFO - Processing file /opt/airflow/dags/hdfs_dag.py for tasks to queue
[2024-05-26T06:13:35.713+0000] {logging_mixin.py:188} INFO - [2024-05-26T06:13:35.713+0000] {dagbag.py:545} INFO - Filling up the DagBag from /opt/airflow/dags/hdfs_dag.py
[2024-05-26T06:13:35.794+0000] {processor.py:840} INFO - DAG(s) 'hdfs_dag' retrieved from /opt/airflow/dags/hdfs_dag.py
[2024-05-26T06:13:36.160+0000] {logging_mixin.py:188} INFO - [2024-05-26T06:13:36.160+0000] {dag.py:3096} INFO - Sync 1 DAGs
[2024-05-26T06:13:36.187+0000] {logging_mixin.py:188} INFO - [2024-05-26T06:13:36.186+0000] {dag.py:3954} INFO - Setting next_dagrun for hdfs_dag to 2024-03-14 00:00:00+00:00, run_after=2024-03-14 00:00:00+00:00
[2024-05-26T06:13:36.216+0000] {processor.py:183} INFO - Processing /opt/airflow/dags/hdfs_dag.py took 0.523 seconds
[2024-05-26T06:14:06.948+0000] {processor.py:161} INFO - Started process (PID=209) to work on /opt/airflow/dags/hdfs_dag.py
[2024-05-26T06:14:06.949+0000] {processor.py:830} INFO - Processing file /opt/airflow/dags/hdfs_dag.py for tasks to queue
[2024-05-26T06:14:06.951+0000] {logging_mixin.py:188} INFO - [2024-05-26T06:14:06.951+0000] {dagbag.py:545} INFO - Filling up the DagBag from /opt/airflow/dags/hdfs_dag.py
[2024-05-26T06:14:06.980+0000] {processor.py:840} INFO - DAG(s) 'hdfs_dag' retrieved from /opt/airflow/dags/hdfs_dag.py
[2024-05-26T06:14:07.007+0000] {logging_mixin.py:188} INFO - [2024-05-26T06:14:07.006+0000] {dag.py:3096} INFO - Sync 1 DAGs
[2024-05-26T06:14:07.027+0000] {logging_mixin.py:188} INFO - [2024-05-26T06:14:07.027+0000] {dag.py:3954} INFO - Setting next_dagrun for hdfs_dag to 2024-03-14 00:00:00+00:00, run_after=2024-03-14 00:00:00+00:00
[2024-05-26T06:14:07.051+0000] {processor.py:183} INFO - Processing /opt/airflow/dags/hdfs_dag.py took 0.109 seconds
[2024-05-26T06:14:38.001+0000] {processor.py:161} INFO - Started process (PID=365) to work on /opt/airflow/dags/hdfs_dag.py
[2024-05-26T06:14:38.003+0000] {processor.py:830} INFO - Processing file /opt/airflow/dags/hdfs_dag.py for tasks to queue
[2024-05-26T06:14:38.007+0000] {logging_mixin.py:188} INFO - [2024-05-26T06:14:38.006+0000] {dagbag.py:545} INFO - Filling up the DagBag from /opt/airflow/dags/hdfs_dag.py
[2024-05-26T06:14:38.053+0000] {processor.py:840} INFO - DAG(s) 'hdfs_dag' retrieved from /opt/airflow/dags/hdfs_dag.py
[2024-05-26T06:14:38.098+0000] {logging_mixin.py:188} INFO - [2024-05-26T06:14:38.097+0000] {dag.py:3096} INFO - Sync 1 DAGs
[2024-05-26T06:14:38.155+0000] {logging_mixin.py:188} INFO - [2024-05-26T06:14:38.154+0000] {dag.py:3954} INFO - Setting next_dagrun for hdfs_dag to 2024-03-14 00:00:00+00:00, run_after=2024-03-14 00:00:00+00:00
[2024-05-26T06:14:38.196+0000] {processor.py:183} INFO - Processing /opt/airflow/dags/hdfs_dag.py took 0.207 seconds
