[2024-05-26T06:13:36.259+0000] {processor.py:161} INFO - Started process (PID=174) to work on /opt/airflow/dags/hello_world_dag.py
[2024-05-26T06:13:36.260+0000] {processor.py:830} INFO - Processing file /opt/airflow/dags/hello_world_dag.py for tasks to queue
[2024-05-26T06:13:36.262+0000] {logging_mixin.py:188} INFO - [2024-05-26T06:13:36.261+0000] {dagbag.py:545} INFO - Filling up the DagBag from /opt/airflow/dags/hello_world_dag.py
[2024-05-26T06:13:36.286+0000] {processor.py:840} INFO - DAG(s) 'hello_world_dag' retrieved from /opt/airflow/dags/hello_world_dag.py
[2024-05-26T06:13:36.416+0000] {logging_mixin.py:188} INFO - [2024-05-26T06:13:36.416+0000] {dag.py:3096} INFO - Sync 1 DAGs
[2024-05-26T06:13:36.437+0000] {logging_mixin.py:188} INFO - [2024-05-26T06:13:36.437+0000] {dag.py:3954} INFO - Setting next_dagrun for hello_world_dag to None, run_after=None
[2024-05-26T06:13:36.462+0000] {processor.py:183} INFO - Processing /opt/airflow/dags/hello_world_dag.py took 0.210 seconds
[2024-05-26T06:14:06.954+0000] {processor.py:161} INFO - Started process (PID=212) to work on /opt/airflow/dags/hello_world_dag.py
[2024-05-26T06:14:06.955+0000] {processor.py:830} INFO - Processing file /opt/airflow/dags/hello_world_dag.py for tasks to queue
[2024-05-26T06:14:06.957+0000] {logging_mixin.py:188} INFO - [2024-05-26T06:14:06.956+0000] {dagbag.py:545} INFO - Filling up the DagBag from /opt/airflow/dags/hello_world_dag.py
[2024-05-26T06:14:06.982+0000] {processor.py:840} INFO - DAG(s) 'hello_world_dag' retrieved from /opt/airflow/dags/hello_world_dag.py
[2024-05-26T06:14:07.007+0000] {logging_mixin.py:188} INFO - [2024-05-26T06:14:07.006+0000] {dag.py:3096} INFO - Sync 1 DAGs
[2024-05-26T06:14:07.027+0000] {logging_mixin.py:188} INFO - [2024-05-26T06:14:07.027+0000] {dag.py:3954} INFO - Setting next_dagrun for hello_world_dag to None, run_after=None
[2024-05-26T06:14:07.052+0000] {processor.py:183} INFO - Processing /opt/airflow/dags/hello_world_dag.py took 0.104 seconds
[2024-05-26T06:14:38.009+0000] {processor.py:161} INFO - Started process (PID=368) to work on /opt/airflow/dags/hello_world_dag.py
[2024-05-26T06:14:38.011+0000] {processor.py:830} INFO - Processing file /opt/airflow/dags/hello_world_dag.py for tasks to queue
[2024-05-26T06:14:38.015+0000] {logging_mixin.py:188} INFO - [2024-05-26T06:14:38.014+0000] {dagbag.py:545} INFO - Filling up the DagBag from /opt/airflow/dags/hello_world_dag.py
[2024-05-26T06:14:38.051+0000] {processor.py:840} INFO - DAG(s) 'hello_world_dag' retrieved from /opt/airflow/dags/hello_world_dag.py
[2024-05-26T06:14:38.102+0000] {logging_mixin.py:188} INFO - [2024-05-26T06:14:38.101+0000] {dag.py:3096} INFO - Sync 1 DAGs
[2024-05-26T06:14:38.165+0000] {logging_mixin.py:188} INFO - [2024-05-26T06:14:38.165+0000] {dag.py:3954} INFO - Setting next_dagrun for hello_world_dag to None, run_after=None
[2024-05-26T06:14:38.211+0000] {processor.py:183} INFO - Processing /opt/airflow/dags/hello_world_dag.py took 0.213 seconds
