[2024-05-08T04:24:18.240+0000] {local_task_job_runner.py:120} INFO - ::group::Pre task execution logs
[2024-05-08T04:24:18.271+0000] {taskinstance.py:2073} INFO - Dependencies all met for dep_context=non-requeueable deps ti=<TaskInstance: emaildag.send_email scheduled__2024-05-07T01:15:00+00:00 [queued]>
[2024-05-08T04:24:18.281+0000] {taskinstance.py:2073} INFO - Dependencies all met for dep_context=requeueable deps ti=<TaskInstance: emaildag.send_email scheduled__2024-05-07T01:15:00+00:00 [queued]>
[2024-05-08T04:24:18.282+0000] {taskinstance.py:2303} INFO - Starting attempt 1 of 2
[2024-05-08T04:24:18.296+0000] {taskinstance.py:2327} INFO - Executing <Task(EmailOperator): send_email> on 2024-05-07 01:15:00+00:00
[2024-05-08T04:24:18.302+0000] {standard_task_runner.py:90} INFO - Running: ['***', 'tasks', 'run', 'emaildag', 'send_email', 'scheduled__2024-05-07T01:15:00+00:00', '--job-id', '8', '--raw', '--subdir', 'DAGS_FOLDER/email_dag.py', '--cfg-path', '/tmp/tmptvefebc5']
[2024-05-08T04:24:18.304+0000] {standard_task_runner.py:91} INFO - Job 8: Subtask send_email
[2024-05-08T04:24:18.305+0000] {logging_mixin.py:188} WARNING - /home/***/.local/lib/python3.12/site-packages/***/task/task_runner/standard_task_runner.py:61 DeprecationWarning: This process (pid=451) is multi-threaded, use of fork() may lead to deadlocks in the child.
[2024-05-08T04:24:18.305+0000] {standard_task_runner.py:63} INFO - Started process 452 to run task
[2024-05-08T04:24:18.348+0000] {task_command.py:426} INFO - Running <TaskInstance: emaildag.send_email scheduled__2024-05-07T01:15:00+00:00 [running]> on host bbcb3f20ddad
[2024-05-08T04:24:18.425+0000] {taskinstance.py:2644} INFO - Exporting env vars: AIRFLOW_CTX_DAG_EMAIL='ngawanggurung@outlook.com' AIRFLOW_CTX_DAG_OWNER='***' AIRFLOW_CTX_DAG_ID='emaildag' AIRFLOW_CTX_TASK_ID='send_email' AIRFLOW_CTX_EXECUTION_DATE='2024-05-07T01:15:00+00:00' AIRFLOW_CTX_TRY_NUMBER='1' AIRFLOW_CTX_DAG_RUN_ID='scheduled__2024-05-07T01:15:00+00:00'
[2024-05-08T04:24:18.426+0000] {taskinstance.py:430} INFO - ::endgroup::
[2024-05-08T04:24:18.451+0000] {logging_mixin.py:188} WARNING - /home/***/.local/lib/python3.12/site-packages/***/utils/email.py:154 RemovedInAirflow3Warning: Fetching SMTP credentials from configuration variables will be deprecated in a future release. Please set credentials using a connection instead.
[2024-05-08T04:24:18.451+0000] {email.py:271} INFO - Email alerting: attempt 1
[2024-05-08T04:24:21.224+0000] {email.py:282} INFO - Sent an alert email to ['tseringnc707@gmail.com']
[2024-05-08T04:24:22.361+0000] {taskinstance.py:441} INFO - ::group::Post task execution logs
[2024-05-08T04:24:22.371+0000] {taskinstance.py:1205} INFO - Marking task as SUCCESS. dag_id=emaildag, task_id=send_email, execution_date=20240507T011500, start_date=20240508T042418, end_date=20240508T042422
[2024-05-08T04:24:22.423+0000] {local_task_job_runner.py:240} INFO - Task exited with return code 0
[2024-05-08T04:24:22.436+0000] {taskinstance.py:3482} INFO - 0 downstream tasks scheduled from follow-on schedule check
[2024-05-08T04:24:22.440+0000] {local_task_job_runner.py:222} INFO - ::endgroup::
