[2024-05-05T01:30:37.927+0000] {local_task_job_runner.py:120} INFO - ::group::Pre task execution logs
[2024-05-05T01:30:37.961+0000] {taskinstance.py:2073} INFO - Dependencies all met for dep_context=non-requeueable deps ti=<TaskInstance: emaildag.send_email scheduled__2024-05-03T01:30:00+00:00 [queued]>
[2024-05-05T01:30:37.975+0000] {taskinstance.py:2073} INFO - Dependencies all met for dep_context=requeueable deps ti=<TaskInstance: emaildag.send_email scheduled__2024-05-03T01:30:00+00:00 [queued]>
[2024-05-05T01:30:37.976+0000] {taskinstance.py:2303} INFO - Starting attempt 2 of 2
[2024-05-05T01:30:37.993+0000] {taskinstance.py:2327} INFO - Executing <Task(EmailOperator): send_email> on 2024-05-03 01:30:00+00:00
[2024-05-05T01:30:38.004+0000] {warnings.py:110} WARNING - /home/***/.local/lib/python3.12/site-packages/***/task/task_runner/standard_task_runner.py:61: DeprecationWarning: This process (pid=48) is multi-threaded, use of fork() may lead to deadlocks in the child.
  pid = os.fork()

[2024-05-05T01:30:38.006+0000] {standard_task_runner.py:63} INFO - Started process 58 to run task
[2024-05-05T01:30:38.007+0000] {standard_task_runner.py:90} INFO - Running: ['***', 'tasks', 'run', 'emaildag', 'send_email', 'scheduled__2024-05-03T01:30:00+00:00', '--job-id', '11', '--raw', '--subdir', 'DAGS_FOLDER/email_dag.py', '--cfg-path', '/tmp/tmputs224yd']
[2024-05-05T01:30:38.011+0000] {standard_task_runner.py:91} INFO - Job 11: Subtask send_email
[2024-05-05T01:30:38.080+0000] {task_command.py:426} INFO - Running <TaskInstance: emaildag.send_email scheduled__2024-05-03T01:30:00+00:00 [running]> on host 30c1d6ae6320
[2024-05-05T01:30:38.196+0000] {taskinstance.py:2644} INFO - Exporting env vars: AIRFLOW_CTX_DAG_EMAIL='ngawanggurung@outlook.com' AIRFLOW_CTX_DAG_OWNER='***' AIRFLOW_CTX_DAG_ID='emaildag' AIRFLOW_CTX_TASK_ID='send_email' AIRFLOW_CTX_EXECUTION_DATE='2024-05-03T01:30:00+00:00' AIRFLOW_CTX_TRY_NUMBER='2' AIRFLOW_CTX_DAG_RUN_ID='scheduled__2024-05-03T01:30:00+00:00'
[2024-05-05T01:30:38.199+0000] {taskinstance.py:430} INFO - ::endgroup::
[2024-05-05T01:30:38.214+0000] {warnings.py:110} WARNING - /home/***/.local/lib/python3.12/site-packages/***/utils/email.py:154: RemovedInAirflow3Warning: Fetching SMTP credentials from configuration variables will be deprecated in a future release. Please set credentials using a connection instead.
  send_mime_email(e_from=mail_from, e_to=recipients, mime_msg=msg, conn_id=conn_id, dryrun=dryrun)

[2024-05-05T01:30:38.215+0000] {email.py:271} INFO - Email alerting: attempt 1
[2024-05-05T01:30:41.798+0000] {email.py:282} INFO - Sent an alert email to ['tseringnc707@gmail.com']
[2024-05-05T01:30:42.974+0000] {taskinstance.py:441} INFO - ::group::Post task execution logs
[2024-05-05T01:30:42.985+0000] {taskinstance.py:1205} INFO - Marking task as SUCCESS. dag_id=emaildag, task_id=send_email, execution_date=20240503T013000, start_date=20240505T013037, end_date=20240505T013042
[2024-05-05T01:30:43.046+0000] {local_task_job_runner.py:240} INFO - Task exited with return code 0
[2024-05-05T01:30:43.065+0000] {taskinstance.py:3482} INFO - 0 downstream tasks scheduled from follow-on schedule check
[2024-05-05T01:30:43.073+0000] {local_task_job_runner.py:222} INFO - ::endgroup::
