[2024-05-05T03:25:41.398+0000] {local_task_job_runner.py:120} INFO - ::group::Pre task execution logs
[2024-05-05T03:25:41.438+0000] {taskinstance.py:2073} INFO - Dependencies all met for dep_context=non-requeueable deps ti=<TaskInstance: bash.run_after_loop manual__2024-05-05T03:25:40.276576+00:00 [queued]>
[2024-05-05T03:25:41.456+0000] {taskinstance.py:2073} INFO - Dependencies all met for dep_context=requeueable deps ti=<TaskInstance: bash.run_after_loop manual__2024-05-05T03:25:40.276576+00:00 [queued]>
[2024-05-05T03:25:41.456+0000] {taskinstance.py:2303} INFO - Starting attempt 1 of 2
[2024-05-05T03:25:41.484+0000] {taskinstance.py:2327} INFO - Executing <Task(BashOperator): run_after_loop> on 2024-05-05 03:25:40.276576+00:00
[2024-05-05T03:25:41.490+0000] {warnings.py:110} WARNING - /home/***/.local/lib/python3.12/site-packages/***/task/task_runner/standard_task_runner.py:61: DeprecationWarning: This process (pid=180) is multi-threaded, use of fork() may lead to deadlocks in the child.
  pid = os.fork()

[2024-05-05T03:25:41.492+0000] {standard_task_runner.py:63} INFO - Started process 181 to run task
[2024-05-05T03:25:41.492+0000] {standard_task_runner.py:90} INFO - Running: ['***', 'tasks', 'run', 'bash', 'run_after_loop', 'manual__2024-05-05T03:25:40.276576+00:00', '--job-id', '17', '--raw', '--subdir', 'DAGS_FOLDER/bash_dag.py', '--cfg-path', '/tmp/tmp48s70qzk']
[2024-05-05T03:25:41.496+0000] {standard_task_runner.py:91} INFO - Job 17: Subtask run_after_loop
[2024-05-05T03:25:41.562+0000] {task_command.py:426} INFO - Running <TaskInstance: bash.run_after_loop manual__2024-05-05T03:25:40.276576+00:00 [running]> on host 284b5f341ead
[2024-05-05T03:25:41.667+0000] {taskinstance.py:2644} INFO - Exporting env vars: AIRFLOW_CTX_DAG_OWNER='***' AIRFLOW_CTX_DAG_ID='bash' AIRFLOW_CTX_TASK_ID='run_after_loop' AIRFLOW_CTX_EXECUTION_DATE='2024-05-05T03:25:40.276576+00:00' AIRFLOW_CTX_TRY_NUMBER='1' AIRFLOW_CTX_DAG_RUN_ID='manual__2024-05-05T03:25:40.276576+00:00'
[2024-05-05T03:25:41.668+0000] {taskinstance.py:430} INFO - ::endgroup::
[2024-05-05T03:25:41.680+0000] {subprocess.py:63} INFO - Tmp dir root location: /tmp
[2024-05-05T03:25:41.681+0000] {subprocess.py:75} INFO - Running command: ['/usr/bin/bash', '-c', 'curl -o thatpage.html http://www.example.com/']
[2024-05-05T03:25:41.688+0000] {subprocess.py:86} INFO - Output:
[2024-05-05T03:25:41.695+0000] {subprocess.py:93} INFO -   % Total    % Received % Xferd  Average Speed   Time    Time     Time  Current
[2024-05-05T03:25:41.696+0000] {subprocess.py:93} INFO -                                  Dload  Upload   Total   Spent    Left  Speed
[2024-05-05T03:25:42.197+0000] {subprocess.py:93} INFO -   0     0    0     0    0     0      0      0 --:--:-- --:--:-- --:--:--     0100  1256  100  1256    0     0   2498      0 --:--:-- --:--:-- --:--:--  2497100  1256  100  1256    0     0   2498      0 --:--:-- --:--:-- --:--:--  2497
[2024-05-05T03:25:42.200+0000] {subprocess.py:97} INFO - Command exited with return code 0
[2024-05-05T03:25:42.201+0000] {taskinstance.py:441} INFO - ::group::Post task execution logs
[2024-05-05T03:25:42.230+0000] {taskinstance.py:1205} INFO - Marking task as SUCCESS. dag_id=bash, task_id=run_after_loop, execution_date=20240505T032540, start_date=20240505T032541, end_date=20240505T032542
[2024-05-05T03:25:42.273+0000] {local_task_job_runner.py:240} INFO - Task exited with return code 0
[2024-05-05T03:25:42.292+0000] {taskinstance.py:3482} INFO - 0 downstream tasks scheduled from follow-on schedule check
[2024-05-05T03:25:42.296+0000] {local_task_job_runner.py:222} INFO - ::endgroup::
