[2024-05-08T02:21:17.538+0000] {processor.py:161} INFO - Started process (PID=36) to work on /opt/airflow/dags/bash_dag.py
[2024-05-08T02:21:17.540+0000] {processor.py:830} INFO - Processing file /opt/airflow/dags/bash_dag.py for tasks to queue
[2024-05-08T02:21:17.545+0000] {logging_mixin.py:188} INFO - [2024-05-08T02:21:17.544+0000] {dagbag.py:540} INFO - Filling up the DagBag from /opt/airflow/dags/bash_dag.py
[2024-05-08T02:21:17.595+0000] {processor.py:840} INFO - DAG(s) 'bash' retrieved from /opt/airflow/dags/bash_dag.py
[2024-05-08T02:21:17.693+0000] {logging_mixin.py:188} INFO - [2024-05-08T02:21:17.692+0000] {dag.py:3096} INFO - Sync 1 DAGs
[2024-05-08T02:21:17.735+0000] {logging_mixin.py:188} INFO - [2024-05-08T02:21:17.735+0000] {dag.py:3954} INFO - Setting next_dagrun for bash to None, run_after=None
[2024-05-08T02:21:17.776+0000] {processor.py:183} INFO - Processing /opt/airflow/dags/bash_dag.py took 0.249 seconds
[2024-05-08T02:21:48.670+0000] {processor.py:161} INFO - Started process (PID=46) to work on /opt/airflow/dags/bash_dag.py
[2024-05-08T02:21:48.671+0000] {processor.py:830} INFO - Processing file /opt/airflow/dags/bash_dag.py for tasks to queue
[2024-05-08T02:21:48.673+0000] {logging_mixin.py:188} INFO - [2024-05-08T02:21:48.673+0000] {dagbag.py:540} INFO - Filling up the DagBag from /opt/airflow/dags/bash_dag.py
[2024-05-08T02:21:48.701+0000] {processor.py:840} INFO - DAG(s) 'bash' retrieved from /opt/airflow/dags/bash_dag.py
[2024-05-08T02:21:48.736+0000] {logging_mixin.py:188} INFO - [2024-05-08T02:21:48.736+0000] {dag.py:3096} INFO - Sync 1 DAGs
[2024-05-08T02:21:48.765+0000] {logging_mixin.py:188} INFO - [2024-05-08T02:21:48.765+0000] {dag.py:3954} INFO - Setting next_dagrun for bash to None, run_after=None
[2024-05-08T02:21:48.791+0000] {processor.py:183} INFO - Processing /opt/airflow/dags/bash_dag.py took 0.127 seconds
[2024-05-08T02:22:19.207+0000] {processor.py:161} INFO - Started process (PID=56) to work on /opt/airflow/dags/bash_dag.py
[2024-05-08T02:22:19.208+0000] {processor.py:830} INFO - Processing file /opt/airflow/dags/bash_dag.py for tasks to queue
[2024-05-08T02:22:19.210+0000] {logging_mixin.py:188} INFO - [2024-05-08T02:22:19.210+0000] {dagbag.py:540} INFO - Filling up the DagBag from /opt/airflow/dags/bash_dag.py
[2024-05-08T02:22:19.234+0000] {processor.py:840} INFO - DAG(s) 'bash' retrieved from /opt/airflow/dags/bash_dag.py
[2024-05-08T02:22:19.260+0000] {logging_mixin.py:188} INFO - [2024-05-08T02:22:19.260+0000] {dag.py:3096} INFO - Sync 1 DAGs
[2024-05-08T02:22:19.284+0000] {logging_mixin.py:188} INFO - [2024-05-08T02:22:19.284+0000] {dag.py:3954} INFO - Setting next_dagrun for bash to None, run_after=None
[2024-05-08T02:22:19.305+0000] {processor.py:183} INFO - Processing /opt/airflow/dags/bash_dag.py took 0.105 seconds
[2024-05-08T02:22:49.820+0000] {processor.py:161} INFO - Started process (PID=66) to work on /opt/airflow/dags/bash_dag.py
[2024-05-08T02:22:49.821+0000] {processor.py:830} INFO - Processing file /opt/airflow/dags/bash_dag.py for tasks to queue
[2024-05-08T02:22:49.823+0000] {logging_mixin.py:188} INFO - [2024-05-08T02:22:49.822+0000] {dagbag.py:540} INFO - Filling up the DagBag from /opt/airflow/dags/bash_dag.py
[2024-05-08T02:22:49.872+0000] {processor.py:840} INFO - DAG(s) 'bash' retrieved from /opt/airflow/dags/bash_dag.py
[2024-05-08T02:22:49.900+0000] {logging_mixin.py:188} INFO - [2024-05-08T02:22:49.899+0000] {dag.py:3096} INFO - Sync 1 DAGs
[2024-05-08T02:22:49.924+0000] {logging_mixin.py:188} INFO - [2024-05-08T02:22:49.923+0000] {dag.py:3954} INFO - Setting next_dagrun for bash to None, run_after=None
[2024-05-08T02:22:49.950+0000] {processor.py:183} INFO - Processing /opt/airflow/dags/bash_dag.py took 0.136 seconds
[2024-05-08T02:23:20.473+0000] {processor.py:161} INFO - Started process (PID=76) to work on /opt/airflow/dags/bash_dag.py
[2024-05-08T02:23:20.474+0000] {processor.py:830} INFO - Processing file /opt/airflow/dags/bash_dag.py for tasks to queue
[2024-05-08T02:23:20.475+0000] {logging_mixin.py:188} INFO - [2024-05-08T02:23:20.475+0000] {dagbag.py:540} INFO - Filling up the DagBag from /opt/airflow/dags/bash_dag.py
[2024-05-08T02:23:20.499+0000] {processor.py:840} INFO - DAG(s) 'bash' retrieved from /opt/airflow/dags/bash_dag.py
[2024-05-08T02:23:20.524+0000] {logging_mixin.py:188} INFO - [2024-05-08T02:23:20.524+0000] {dag.py:3096} INFO - Sync 1 DAGs
[2024-05-08T02:23:20.552+0000] {logging_mixin.py:188} INFO - [2024-05-08T02:23:20.552+0000] {dag.py:3954} INFO - Setting next_dagrun for bash to None, run_after=None
[2024-05-08T02:23:20.573+0000] {processor.py:183} INFO - Processing /opt/airflow/dags/bash_dag.py took 0.108 seconds
[2024-05-08T02:23:50.953+0000] {processor.py:161} INFO - Started process (PID=86) to work on /opt/airflow/dags/bash_dag.py
[2024-05-08T02:23:50.955+0000] {processor.py:830} INFO - Processing file /opt/airflow/dags/bash_dag.py for tasks to queue
[2024-05-08T02:23:50.956+0000] {logging_mixin.py:188} INFO - [2024-05-08T02:23:50.956+0000] {dagbag.py:540} INFO - Filling up the DagBag from /opt/airflow/dags/bash_dag.py
[2024-05-08T02:23:50.983+0000] {processor.py:840} INFO - DAG(s) 'bash' retrieved from /opt/airflow/dags/bash_dag.py
[2024-05-08T02:23:51.010+0000] {logging_mixin.py:188} INFO - [2024-05-08T02:23:51.010+0000] {dag.py:3096} INFO - Sync 1 DAGs
[2024-05-08T02:23:51.034+0000] {logging_mixin.py:188} INFO - [2024-05-08T02:23:51.033+0000] {dag.py:3954} INFO - Setting next_dagrun for bash to None, run_after=None
[2024-05-08T02:23:51.055+0000] {processor.py:183} INFO - Processing /opt/airflow/dags/bash_dag.py took 0.109 seconds
[2024-05-08T02:24:21.475+0000] {processor.py:161} INFO - Started process (PID=96) to work on /opt/airflow/dags/bash_dag.py
[2024-05-08T02:24:21.476+0000] {processor.py:830} INFO - Processing file /opt/airflow/dags/bash_dag.py for tasks to queue
[2024-05-08T02:24:21.477+0000] {logging_mixin.py:188} INFO - [2024-05-08T02:24:21.477+0000] {dagbag.py:540} INFO - Filling up the DagBag from /opt/airflow/dags/bash_dag.py
[2024-05-08T02:24:21.506+0000] {processor.py:840} INFO - DAG(s) 'bash' retrieved from /opt/airflow/dags/bash_dag.py
[2024-05-08T02:24:21.542+0000] {logging_mixin.py:188} INFO - [2024-05-08T02:24:21.542+0000] {dag.py:3096} INFO - Sync 1 DAGs
[2024-05-08T02:24:21.576+0000] {logging_mixin.py:188} INFO - [2024-05-08T02:24:21.575+0000] {dag.py:3954} INFO - Setting next_dagrun for bash to None, run_after=None
[2024-05-08T02:24:21.604+0000] {processor.py:183} INFO - Processing /opt/airflow/dags/bash_dag.py took 0.135 seconds
[2024-05-08T02:24:52.025+0000] {processor.py:161} INFO - Started process (PID=106) to work on /opt/airflow/dags/bash_dag.py
[2024-05-08T02:24:52.026+0000] {processor.py:830} INFO - Processing file /opt/airflow/dags/bash_dag.py for tasks to queue
[2024-05-08T02:24:52.027+0000] {logging_mixin.py:188} INFO - [2024-05-08T02:24:52.027+0000] {dagbag.py:540} INFO - Filling up the DagBag from /opt/airflow/dags/bash_dag.py
[2024-05-08T02:24:52.053+0000] {processor.py:840} INFO - DAG(s) 'bash' retrieved from /opt/airflow/dags/bash_dag.py
[2024-05-08T02:24:52.077+0000] {logging_mixin.py:188} INFO - [2024-05-08T02:24:52.077+0000] {dag.py:3096} INFO - Sync 1 DAGs
[2024-05-08T02:24:52.098+0000] {logging_mixin.py:188} INFO - [2024-05-08T02:24:52.098+0000] {dag.py:3954} INFO - Setting next_dagrun for bash to None, run_after=None
[2024-05-08T02:24:52.125+0000] {processor.py:183} INFO - Processing /opt/airflow/dags/bash_dag.py took 0.107 seconds
[2024-05-08T02:25:22.682+0000] {processor.py:161} INFO - Started process (PID=116) to work on /opt/airflow/dags/bash_dag.py
[2024-05-08T02:25:22.683+0000] {processor.py:830} INFO - Processing file /opt/airflow/dags/bash_dag.py for tasks to queue
[2024-05-08T02:25:22.684+0000] {logging_mixin.py:188} INFO - [2024-05-08T02:25:22.684+0000] {dagbag.py:540} INFO - Filling up the DagBag from /opt/airflow/dags/bash_dag.py
[2024-05-08T02:25:22.718+0000] {processor.py:840} INFO - DAG(s) 'bash' retrieved from /opt/airflow/dags/bash_dag.py
[2024-05-08T02:25:22.742+0000] {logging_mixin.py:188} INFO - [2024-05-08T02:25:22.742+0000] {dag.py:3096} INFO - Sync 1 DAGs
[2024-05-08T02:25:22.764+0000] {logging_mixin.py:188} INFO - [2024-05-08T02:25:22.764+0000] {dag.py:3954} INFO - Setting next_dagrun for bash to None, run_after=None
[2024-05-08T02:25:22.787+0000] {processor.py:183} INFO - Processing /opt/airflow/dags/bash_dag.py took 0.111 seconds
[2024-05-08T02:25:52.978+0000] {processor.py:161} INFO - Started process (PID=128) to work on /opt/airflow/dags/bash_dag.py
[2024-05-08T02:25:52.980+0000] {processor.py:830} INFO - Processing file /opt/airflow/dags/bash_dag.py for tasks to queue
[2024-05-08T02:25:52.982+0000] {logging_mixin.py:188} INFO - [2024-05-08T02:25:52.981+0000] {dagbag.py:540} INFO - Filling up the DagBag from /opt/airflow/dags/bash_dag.py
[2024-05-08T02:25:53.005+0000] {processor.py:840} INFO - DAG(s) 'bash' retrieved from /opt/airflow/dags/bash_dag.py
[2024-05-08T02:25:53.039+0000] {logging_mixin.py:188} INFO - [2024-05-08T02:25:53.038+0000] {dag.py:3096} INFO - Sync 1 DAGs
[2024-05-08T02:25:53.067+0000] {logging_mixin.py:188} INFO - [2024-05-08T02:25:53.067+0000] {dag.py:3954} INFO - Setting next_dagrun for bash to None, run_after=None
[2024-05-08T02:25:53.101+0000] {processor.py:183} INFO - Processing /opt/airflow/dags/bash_dag.py took 0.131 seconds
[2024-05-08T02:26:23.698+0000] {processor.py:161} INFO - Started process (PID=138) to work on /opt/airflow/dags/bash_dag.py
[2024-05-08T02:26:23.700+0000] {processor.py:830} INFO - Processing file /opt/airflow/dags/bash_dag.py for tasks to queue
[2024-05-08T02:26:23.702+0000] {logging_mixin.py:188} INFO - [2024-05-08T02:26:23.701+0000] {dagbag.py:540} INFO - Filling up the DagBag from /opt/airflow/dags/bash_dag.py
[2024-05-08T02:26:23.731+0000] {processor.py:840} INFO - DAG(s) 'bash' retrieved from /opt/airflow/dags/bash_dag.py
[2024-05-08T02:26:23.863+0000] {logging_mixin.py:188} INFO - [2024-05-08T02:26:23.863+0000] {dag.py:3096} INFO - Sync 1 DAGs
[2024-05-08T02:26:23.886+0000] {logging_mixin.py:188} INFO - [2024-05-08T02:26:23.886+0000] {dag.py:3954} INFO - Setting next_dagrun for bash to None, run_after=None
[2024-05-08T02:26:23.914+0000] {processor.py:183} INFO - Processing /opt/airflow/dags/bash_dag.py took 0.225 seconds
[2024-05-08T02:26:54.324+0000] {processor.py:161} INFO - Started process (PID=148) to work on /opt/airflow/dags/bash_dag.py
[2024-05-08T02:26:54.325+0000] {processor.py:830} INFO - Processing file /opt/airflow/dags/bash_dag.py for tasks to queue
[2024-05-08T02:26:54.326+0000] {logging_mixin.py:188} INFO - [2024-05-08T02:26:54.326+0000] {dagbag.py:540} INFO - Filling up the DagBag from /opt/airflow/dags/bash_dag.py
[2024-05-08T02:26:54.353+0000] {processor.py:840} INFO - DAG(s) 'bash' retrieved from /opt/airflow/dags/bash_dag.py
[2024-05-08T02:26:54.387+0000] {logging_mixin.py:188} INFO - [2024-05-08T02:26:54.386+0000] {dag.py:3096} INFO - Sync 1 DAGs
[2024-05-08T02:26:54.414+0000] {logging_mixin.py:188} INFO - [2024-05-08T02:26:54.414+0000] {dag.py:3954} INFO - Setting next_dagrun for bash to None, run_after=None
[2024-05-08T02:26:54.440+0000] {processor.py:183} INFO - Processing /opt/airflow/dags/bash_dag.py took 0.122 seconds
[2024-05-08T02:27:24.941+0000] {processor.py:161} INFO - Started process (PID=158) to work on /opt/airflow/dags/bash_dag.py
[2024-05-08T02:27:24.942+0000] {processor.py:830} INFO - Processing file /opt/airflow/dags/bash_dag.py for tasks to queue
[2024-05-08T02:27:24.944+0000] {logging_mixin.py:188} INFO - [2024-05-08T02:27:24.943+0000] {dagbag.py:540} INFO - Filling up the DagBag from /opt/airflow/dags/bash_dag.py
[2024-05-08T02:27:24.973+0000] {processor.py:840} INFO - DAG(s) 'bash' retrieved from /opt/airflow/dags/bash_dag.py
[2024-05-08T02:27:24.997+0000] {logging_mixin.py:188} INFO - [2024-05-08T02:27:24.997+0000] {dag.py:3096} INFO - Sync 1 DAGs
[2024-05-08T02:27:25.022+0000] {logging_mixin.py:188} INFO - [2024-05-08T02:27:25.022+0000] {dag.py:3954} INFO - Setting next_dagrun for bash to None, run_after=None
[2024-05-08T02:27:25.044+0000] {processor.py:183} INFO - Processing /opt/airflow/dags/bash_dag.py took 0.109 seconds
[2024-05-08T02:27:55.504+0000] {processor.py:161} INFO - Started process (PID=168) to work on /opt/airflow/dags/bash_dag.py
[2024-05-08T02:27:55.505+0000] {processor.py:830} INFO - Processing file /opt/airflow/dags/bash_dag.py for tasks to queue
[2024-05-08T02:27:55.506+0000] {logging_mixin.py:188} INFO - [2024-05-08T02:27:55.506+0000] {dagbag.py:540} INFO - Filling up the DagBag from /opt/airflow/dags/bash_dag.py
[2024-05-08T02:27:55.532+0000] {processor.py:840} INFO - DAG(s) 'bash' retrieved from /opt/airflow/dags/bash_dag.py
[2024-05-08T02:27:55.560+0000] {logging_mixin.py:188} INFO - [2024-05-08T02:27:55.560+0000] {dag.py:3096} INFO - Sync 1 DAGs
[2024-05-08T02:27:55.591+0000] {logging_mixin.py:188} INFO - [2024-05-08T02:27:55.590+0000] {dag.py:3954} INFO - Setting next_dagrun for bash to None, run_after=None
[2024-05-08T02:27:55.613+0000] {processor.py:183} INFO - Processing /opt/airflow/dags/bash_dag.py took 0.115 seconds
[2024-05-08T02:28:26.144+0000] {processor.py:161} INFO - Started process (PID=178) to work on /opt/airflow/dags/bash_dag.py
[2024-05-08T02:28:26.145+0000] {processor.py:830} INFO - Processing file /opt/airflow/dags/bash_dag.py for tasks to queue
[2024-05-08T02:28:26.147+0000] {logging_mixin.py:188} INFO - [2024-05-08T02:28:26.147+0000] {dagbag.py:540} INFO - Filling up the DagBag from /opt/airflow/dags/bash_dag.py
[2024-05-08T02:28:26.172+0000] {processor.py:840} INFO - DAG(s) 'bash' retrieved from /opt/airflow/dags/bash_dag.py
[2024-05-08T02:28:26.197+0000] {logging_mixin.py:188} INFO - [2024-05-08T02:28:26.197+0000] {dag.py:3096} INFO - Sync 1 DAGs
[2024-05-08T02:28:26.237+0000] {logging_mixin.py:188} INFO - [2024-05-08T02:28:26.237+0000] {dag.py:3954} INFO - Setting next_dagrun for bash to None, run_after=None
[2024-05-08T02:28:26.262+0000] {processor.py:183} INFO - Processing /opt/airflow/dags/bash_dag.py took 0.126 seconds
[2024-05-08T04:05:11.423+0000] {processor.py:161} INFO - Started process (PID=31) to work on /opt/airflow/dags/bash_dag.py
[2024-05-08T04:05:11.425+0000] {processor.py:830} INFO - Processing file /opt/airflow/dags/bash_dag.py for tasks to queue
[2024-05-08T04:05:11.429+0000] {logging_mixin.py:188} INFO - [2024-05-08T04:05:11.428+0000] {dagbag.py:540} INFO - Filling up the DagBag from /opt/airflow/dags/bash_dag.py
[2024-05-08T04:05:11.459+0000] {processor.py:840} INFO - DAG(s) 'bash' retrieved from /opt/airflow/dags/bash_dag.py
[2024-05-08T04:05:11.512+0000] {logging_mixin.py:188} INFO - [2024-05-08T04:05:11.512+0000] {dag.py:3096} INFO - Sync 1 DAGs
[2024-05-08T04:05:11.552+0000] {logging_mixin.py:188} INFO - [2024-05-08T04:05:11.552+0000] {dag.py:3954} INFO - Setting next_dagrun for bash to None, run_after=None
[2024-05-08T04:05:11.582+0000] {processor.py:183} INFO - Processing /opt/airflow/dags/bash_dag.py took 0.172 seconds
[2024-05-08T04:05:42.127+0000] {processor.py:161} INFO - Started process (PID=41) to work on /opt/airflow/dags/bash_dag.py
[2024-05-08T04:05:42.128+0000] {processor.py:830} INFO - Processing file /opt/airflow/dags/bash_dag.py for tasks to queue
[2024-05-08T04:05:42.130+0000] {logging_mixin.py:188} INFO - [2024-05-08T04:05:42.129+0000] {dagbag.py:540} INFO - Filling up the DagBag from /opt/airflow/dags/bash_dag.py
[2024-05-08T04:05:42.144+0000] {processor.py:840} INFO - DAG(s) 'bash' retrieved from /opt/airflow/dags/bash_dag.py
[2024-05-08T04:05:42.166+0000] {logging_mixin.py:188} INFO - [2024-05-08T04:05:42.166+0000] {dag.py:3096} INFO - Sync 1 DAGs
[2024-05-08T04:05:42.185+0000] {logging_mixin.py:188} INFO - [2024-05-08T04:05:42.185+0000] {dag.py:3954} INFO - Setting next_dagrun for bash to None, run_after=None
[2024-05-08T04:05:42.208+0000] {processor.py:183} INFO - Processing /opt/airflow/dags/bash_dag.py took 0.086 seconds
[2024-05-08T04:06:12.709+0000] {processor.py:161} INFO - Started process (PID=52) to work on /opt/airflow/dags/bash_dag.py
[2024-05-08T04:06:12.710+0000] {processor.py:830} INFO - Processing file /opt/airflow/dags/bash_dag.py for tasks to queue
[2024-05-08T04:06:12.712+0000] {logging_mixin.py:188} INFO - [2024-05-08T04:06:12.712+0000] {dagbag.py:540} INFO - Filling up the DagBag from /opt/airflow/dags/bash_dag.py
[2024-05-08T04:06:12.735+0000] {processor.py:840} INFO - DAG(s) 'bash' retrieved from /opt/airflow/dags/bash_dag.py
[2024-05-08T04:06:12.763+0000] {logging_mixin.py:188} INFO - [2024-05-08T04:06:12.763+0000] {dag.py:3096} INFO - Sync 1 DAGs
[2024-05-08T04:06:12.792+0000] {logging_mixin.py:188} INFO - [2024-05-08T04:06:12.791+0000] {dag.py:3954} INFO - Setting next_dagrun for bash to None, run_after=None
[2024-05-08T04:06:12.814+0000] {processor.py:183} INFO - Processing /opt/airflow/dags/bash_dag.py took 0.110 seconds
[2024-05-08T04:06:43.267+0000] {processor.py:161} INFO - Started process (PID=62) to work on /opt/airflow/dags/bash_dag.py
[2024-05-08T04:06:43.268+0000] {processor.py:830} INFO - Processing file /opt/airflow/dags/bash_dag.py for tasks to queue
[2024-05-08T04:06:43.270+0000] {logging_mixin.py:188} INFO - [2024-05-08T04:06:43.269+0000] {dagbag.py:540} INFO - Filling up the DagBag from /opt/airflow/dags/bash_dag.py
[2024-05-08T04:06:43.284+0000] {processor.py:840} INFO - DAG(s) 'bash' retrieved from /opt/airflow/dags/bash_dag.py
[2024-05-08T04:06:43.315+0000] {logging_mixin.py:188} INFO - [2024-05-08T04:06:43.315+0000] {dag.py:3096} INFO - Sync 1 DAGs
[2024-05-08T04:06:43.339+0000] {logging_mixin.py:188} INFO - [2024-05-08T04:06:43.339+0000] {dag.py:3954} INFO - Setting next_dagrun for bash to None, run_after=None
[2024-05-08T04:06:43.361+0000] {processor.py:183} INFO - Processing /opt/airflow/dags/bash_dag.py took 0.098 seconds
[2024-05-08T04:07:45.044+0000] {processor.py:161} INFO - Started process (PID=168) to work on /opt/airflow/dags/bash_dag.py
[2024-05-08T04:07:45.045+0000] {processor.py:830} INFO - Processing file /opt/airflow/dags/bash_dag.py for tasks to queue
[2024-05-08T04:07:45.048+0000] {logging_mixin.py:188} INFO - [2024-05-08T04:07:45.047+0000] {dagbag.py:540} INFO - Filling up the DagBag from /opt/airflow/dags/bash_dag.py
[2024-05-08T04:07:45.086+0000] {processor.py:840} INFO - DAG(s) 'bash' retrieved from /opt/airflow/dags/bash_dag.py
[2024-05-08T04:07:45.391+0000] {logging_mixin.py:188} INFO - [2024-05-08T04:07:45.390+0000] {dag.py:3096} INFO - Sync 1 DAGs
[2024-05-08T04:07:45.415+0000] {logging_mixin.py:188} INFO - [2024-05-08T04:07:45.415+0000] {dag.py:3954} INFO - Setting next_dagrun for bash to None, run_after=None
[2024-05-08T04:07:45.451+0000] {processor.py:183} INFO - Processing /opt/airflow/dags/bash_dag.py took 0.416 seconds
[2024-05-08T04:14:40.702+0000] {processor.py:161} INFO - Started process (PID=174) to work on /opt/airflow/dags/bash_dag.py
[2024-05-08T04:14:40.707+0000] {processor.py:830} INFO - Processing file /opt/airflow/dags/bash_dag.py for tasks to queue
[2024-05-08T04:14:40.711+0000] {logging_mixin.py:188} INFO - [2024-05-08T04:14:40.711+0000] {dagbag.py:540} INFO - Filling up the DagBag from /opt/airflow/dags/bash_dag.py
[2024-05-08T04:14:40.808+0000] {processor.py:840} INFO - DAG(s) 'bash' retrieved from /opt/airflow/dags/bash_dag.py
[2024-05-08T04:14:41.439+0000] {logging_mixin.py:188} INFO - [2024-05-08T04:14:41.438+0000] {override.py:1829} INFO - Created Permission View: can read on DAG:bash
[2024-05-08T04:14:41.465+0000] {logging_mixin.py:188} INFO - [2024-05-08T04:14:41.464+0000] {override.py:1829} INFO - Created Permission View: can delete on DAG:bash
[2024-05-08T04:14:41.481+0000] {logging_mixin.py:188} INFO - [2024-05-08T04:14:41.480+0000] {override.py:1829} INFO - Created Permission View: can edit on DAG:bash
[2024-05-08T04:14:41.483+0000] {logging_mixin.py:188} INFO - [2024-05-08T04:14:41.482+0000] {dag.py:3096} INFO - Sync 1 DAGs
[2024-05-08T04:14:41.507+0000] {logging_mixin.py:188} INFO - [2024-05-08T04:14:41.507+0000] {dag.py:3118} INFO - Creating ORM DAG for bash
[2024-05-08T04:14:41.528+0000] {logging_mixin.py:188} INFO - [2024-05-08T04:14:41.528+0000] {dag.py:3954} INFO - Setting next_dagrun for bash to 2024-03-14 00:00:00+00:00, run_after=2024-03-14 00:00:00+00:00
[2024-05-08T04:14:41.569+0000] {processor.py:183} INFO - Processing /opt/airflow/dags/bash_dag.py took 0.879 seconds
[2024-05-08T04:15:11.644+0000] {processor.py:161} INFO - Started process (PID=197) to work on /opt/airflow/dags/bash_dag.py
[2024-05-08T04:15:11.645+0000] {processor.py:830} INFO - Processing file /opt/airflow/dags/bash_dag.py for tasks to queue
[2024-05-08T04:15:11.648+0000] {logging_mixin.py:188} INFO - [2024-05-08T04:15:11.648+0000] {dagbag.py:540} INFO - Filling up the DagBag from /opt/airflow/dags/bash_dag.py
[2024-05-08T04:15:11.677+0000] {processor.py:840} INFO - DAG(s) 'bash' retrieved from /opt/airflow/dags/bash_dag.py
[2024-05-08T04:15:11.717+0000] {logging_mixin.py:188} INFO - [2024-05-08T04:15:11.716+0000] {dag.py:3096} INFO - Sync 1 DAGs
[2024-05-08T04:15:11.746+0000] {logging_mixin.py:188} INFO - [2024-05-08T04:15:11.746+0000] {dag.py:3954} INFO - Setting next_dagrun for bash to 2024-03-14 00:00:00+00:00, run_after=2024-03-14 00:00:00+00:00
[2024-05-08T04:15:11.772+0000] {processor.py:183} INFO - Processing /opt/airflow/dags/bash_dag.py took 0.138 seconds
[2024-05-08T04:15:42.127+0000] {processor.py:161} INFO - Started process (PID=226) to work on /opt/airflow/dags/bash_dag.py
[2024-05-08T04:15:42.128+0000] {processor.py:830} INFO - Processing file /opt/airflow/dags/bash_dag.py for tasks to queue
[2024-05-08T04:15:42.129+0000] {logging_mixin.py:188} INFO - [2024-05-08T04:15:42.129+0000] {dagbag.py:540} INFO - Filling up the DagBag from /opt/airflow/dags/bash_dag.py
[2024-05-08T04:15:42.144+0000] {processor.py:840} INFO - DAG(s) 'bash' retrieved from /opt/airflow/dags/bash_dag.py
[2024-05-08T04:15:42.168+0000] {logging_mixin.py:188} INFO - [2024-05-08T04:15:42.167+0000] {dag.py:3096} INFO - Sync 1 DAGs
[2024-05-08T04:15:42.190+0000] {logging_mixin.py:188} INFO - [2024-05-08T04:15:42.190+0000] {dag.py:3954} INFO - Setting next_dagrun for bash to 2024-03-14 00:00:00+00:00, run_after=2024-03-14 00:00:00+00:00
[2024-05-08T04:15:42.217+0000] {processor.py:183} INFO - Processing /opt/airflow/dags/bash_dag.py took 0.095 seconds
[2024-05-08T04:16:12.720+0000] {processor.py:161} INFO - Started process (PID=254) to work on /opt/airflow/dags/bash_dag.py
[2024-05-08T04:16:12.720+0000] {processor.py:830} INFO - Processing file /opt/airflow/dags/bash_dag.py for tasks to queue
[2024-05-08T04:16:12.722+0000] {logging_mixin.py:188} INFO - [2024-05-08T04:16:12.721+0000] {dagbag.py:540} INFO - Filling up the DagBag from /opt/airflow/dags/bash_dag.py
[2024-05-08T04:16:12.735+0000] {processor.py:840} INFO - DAG(s) 'bash' retrieved from /opt/airflow/dags/bash_dag.py
[2024-05-08T04:16:12.755+0000] {logging_mixin.py:188} INFO - [2024-05-08T04:16:12.755+0000] {dag.py:3096} INFO - Sync 1 DAGs
[2024-05-08T04:16:12.773+0000] {logging_mixin.py:188} INFO - [2024-05-08T04:16:12.773+0000] {dag.py:3954} INFO - Setting next_dagrun for bash to 2024-03-14 00:00:00+00:00, run_after=2024-03-14 00:00:00+00:00
[2024-05-08T04:16:12.795+0000] {processor.py:183} INFO - Processing /opt/airflow/dags/bash_dag.py took 0.080 seconds
[2024-05-08T04:16:43.200+0000] {processor.py:161} INFO - Started process (PID=280) to work on /opt/airflow/dags/bash_dag.py
[2024-05-08T04:16:43.201+0000] {processor.py:830} INFO - Processing file /opt/airflow/dags/bash_dag.py for tasks to queue
[2024-05-08T04:16:43.202+0000] {logging_mixin.py:188} INFO - [2024-05-08T04:16:43.202+0000] {dagbag.py:540} INFO - Filling up the DagBag from /opt/airflow/dags/bash_dag.py
[2024-05-08T04:16:43.214+0000] {processor.py:840} INFO - DAG(s) 'bash' retrieved from /opt/airflow/dags/bash_dag.py
[2024-05-08T04:16:43.234+0000] {logging_mixin.py:188} INFO - [2024-05-08T04:16:43.234+0000] {dag.py:3096} INFO - Sync 1 DAGs
[2024-05-08T04:16:43.251+0000] {logging_mixin.py:188} INFO - [2024-05-08T04:16:43.251+0000] {dag.py:3954} INFO - Setting next_dagrun for bash to 2024-03-14 00:00:00+00:00, run_after=2024-03-14 00:00:00+00:00
[2024-05-08T04:16:43.274+0000] {processor.py:183} INFO - Processing /opt/airflow/dags/bash_dag.py took 0.078 seconds
[2024-05-08T04:17:13.709+0000] {processor.py:161} INFO - Started process (PID=306) to work on /opt/airflow/dags/bash_dag.py
[2024-05-08T04:17:13.710+0000] {processor.py:830} INFO - Processing file /opt/airflow/dags/bash_dag.py for tasks to queue
[2024-05-08T04:17:13.712+0000] {logging_mixin.py:188} INFO - [2024-05-08T04:17:13.711+0000] {dagbag.py:540} INFO - Filling up the DagBag from /opt/airflow/dags/bash_dag.py
[2024-05-08T04:17:13.724+0000] {processor.py:840} INFO - DAG(s) 'bash' retrieved from /opt/airflow/dags/bash_dag.py
[2024-05-08T04:17:13.746+0000] {logging_mixin.py:188} INFO - [2024-05-08T04:17:13.746+0000] {dag.py:3096} INFO - Sync 1 DAGs
[2024-05-08T04:17:13.766+0000] {logging_mixin.py:188} INFO - [2024-05-08T04:17:13.766+0000] {dag.py:3954} INFO - Setting next_dagrun for bash to 2024-03-14 00:00:00+00:00, run_after=2024-03-14 00:00:00+00:00
[2024-05-08T04:17:13.786+0000] {processor.py:183} INFO - Processing /opt/airflow/dags/bash_dag.py took 0.082 seconds
[2024-05-08T04:17:44.203+0000] {processor.py:161} INFO - Started process (PID=334) to work on /opt/airflow/dags/bash_dag.py
[2024-05-08T04:17:44.204+0000] {processor.py:830} INFO - Processing file /opt/airflow/dags/bash_dag.py for tasks to queue
[2024-05-08T04:17:44.205+0000] {logging_mixin.py:188} INFO - [2024-05-08T04:17:44.205+0000] {dagbag.py:540} INFO - Filling up the DagBag from /opt/airflow/dags/bash_dag.py
[2024-05-08T04:17:44.220+0000] {processor.py:840} INFO - DAG(s) 'bash' retrieved from /opt/airflow/dags/bash_dag.py
[2024-05-08T04:17:44.239+0000] {logging_mixin.py:188} INFO - [2024-05-08T04:17:44.239+0000] {dag.py:3096} INFO - Sync 1 DAGs
[2024-05-08T04:17:44.257+0000] {logging_mixin.py:188} INFO - [2024-05-08T04:17:44.257+0000] {dag.py:3954} INFO - Setting next_dagrun for bash to 2024-03-14 00:00:00+00:00, run_after=2024-03-14 00:00:00+00:00
[2024-05-08T04:17:44.303+0000] {processor.py:183} INFO - Processing /opt/airflow/dags/bash_dag.py took 0.105 seconds
[2024-05-08T04:18:14.909+0000] {processor.py:161} INFO - Started process (PID=430) to work on /opt/airflow/dags/bash_dag.py
[2024-05-08T04:18:14.910+0000] {processor.py:830} INFO - Processing file /opt/airflow/dags/bash_dag.py for tasks to queue
[2024-05-08T04:18:14.915+0000] {logging_mixin.py:188} INFO - [2024-05-08T04:18:14.914+0000] {dagbag.py:540} INFO - Filling up the DagBag from /opt/airflow/dags/bash_dag.py
[2024-05-08T04:18:14.954+0000] {processor.py:840} INFO - DAG(s) 'bash' retrieved from /opt/airflow/dags/bash_dag.py
[2024-05-08T04:19:00.385+0000] {processor.py:161} INFO - Started process (PID=169) to work on /opt/airflow/dags/bash_dag.py
[2024-05-08T04:19:00.386+0000] {processor.py:830} INFO - Processing file /opt/airflow/dags/bash_dag.py for tasks to queue
[2024-05-08T04:19:00.388+0000] {logging_mixin.py:188} INFO - [2024-05-08T04:19:00.388+0000] {dagbag.py:540} INFO - Filling up the DagBag from /opt/airflow/dags/bash_dag.py
[2024-05-08T04:19:00.411+0000] {processor.py:840} INFO - DAG(s) 'bash' retrieved from /opt/airflow/dags/bash_dag.py
[2024-05-08T04:19:00.548+0000] {logging_mixin.py:188} INFO - [2024-05-08T04:19:00.548+0000] {dag.py:3096} INFO - Sync 1 DAGs
[2024-05-08T04:19:00.570+0000] {logging_mixin.py:188} INFO - [2024-05-08T04:19:00.569+0000] {dag.py:3954} INFO - Setting next_dagrun for bash to 2024-03-14 00:00:00+00:00, run_after=2024-03-14 00:00:00+00:00
[2024-05-08T04:19:00.597+0000] {processor.py:183} INFO - Processing /opt/airflow/dags/bash_dag.py took 0.222 seconds
[2024-05-08T04:19:31.164+0000] {processor.py:161} INFO - Started process (PID=195) to work on /opt/airflow/dags/bash_dag.py
[2024-05-08T04:19:31.165+0000] {processor.py:830} INFO - Processing file /opt/airflow/dags/bash_dag.py for tasks to queue
[2024-05-08T04:19:31.166+0000] {logging_mixin.py:188} INFO - [2024-05-08T04:19:31.166+0000] {dagbag.py:540} INFO - Filling up the DagBag from /opt/airflow/dags/bash_dag.py
[2024-05-08T04:19:31.186+0000] {processor.py:840} INFO - DAG(s) 'bash' retrieved from /opt/airflow/dags/bash_dag.py
[2024-05-08T04:19:31.212+0000] {logging_mixin.py:188} INFO - [2024-05-08T04:19:31.212+0000] {dag.py:3096} INFO - Sync 1 DAGs
[2024-05-08T04:19:31.239+0000] {logging_mixin.py:188} INFO - [2024-05-08T04:19:31.238+0000] {dag.py:3954} INFO - Setting next_dagrun for bash to 2024-03-14 00:00:00+00:00, run_after=2024-03-14 00:00:00+00:00
[2024-05-08T04:19:31.265+0000] {processor.py:183} INFO - Processing /opt/airflow/dags/bash_dag.py took 0.109 seconds
[2024-05-08T04:20:01.759+0000] {processor.py:161} INFO - Started process (PID=223) to work on /opt/airflow/dags/bash_dag.py
[2024-05-08T04:20:01.760+0000] {processor.py:830} INFO - Processing file /opt/airflow/dags/bash_dag.py for tasks to queue
[2024-05-08T04:20:01.762+0000] {logging_mixin.py:188} INFO - [2024-05-08T04:20:01.761+0000] {dagbag.py:540} INFO - Filling up the DagBag from /opt/airflow/dags/bash_dag.py
[2024-05-08T04:20:01.778+0000] {processor.py:840} INFO - DAG(s) 'bash' retrieved from /opt/airflow/dags/bash_dag.py
[2024-05-08T04:20:01.803+0000] {logging_mixin.py:188} INFO - [2024-05-08T04:20:01.803+0000] {dag.py:3096} INFO - Sync 1 DAGs
[2024-05-08T04:20:01.829+0000] {logging_mixin.py:188} INFO - [2024-05-08T04:20:01.829+0000] {dag.py:3954} INFO - Setting next_dagrun for bash to 2024-03-14 00:00:00+00:00, run_after=2024-03-14 00:00:00+00:00
[2024-05-08T04:20:01.851+0000] {processor.py:183} INFO - Processing /opt/airflow/dags/bash_dag.py took 0.097 seconds
[2024-05-08T04:20:32.464+0000] {processor.py:161} INFO - Started process (PID=254) to work on /opt/airflow/dags/bash_dag.py
[2024-05-08T04:20:32.465+0000] {processor.py:830} INFO - Processing file /opt/airflow/dags/bash_dag.py for tasks to queue
[2024-05-08T04:20:32.467+0000] {logging_mixin.py:188} INFO - [2024-05-08T04:20:32.467+0000] {dagbag.py:540} INFO - Filling up the DagBag from /opt/airflow/dags/bash_dag.py
[2024-05-08T04:20:32.483+0000] {processor.py:840} INFO - DAG(s) 'bash' retrieved from /opt/airflow/dags/bash_dag.py
[2024-05-08T04:20:32.509+0000] {logging_mixin.py:188} INFO - [2024-05-08T04:20:32.509+0000] {dag.py:3096} INFO - Sync 1 DAGs
[2024-05-08T04:20:32.532+0000] {logging_mixin.py:188} INFO - [2024-05-08T04:20:32.532+0000] {dag.py:3954} INFO - Setting next_dagrun for bash to 2024-03-14 00:00:00+00:00, run_after=2024-03-14 00:00:00+00:00
[2024-05-08T04:20:32.562+0000] {processor.py:183} INFO - Processing /opt/airflow/dags/bash_dag.py took 0.103 seconds
[2024-05-08T04:21:03.018+0000] {processor.py:161} INFO - Started process (PID=280) to work on /opt/airflow/dags/bash_dag.py
[2024-05-08T04:21:03.019+0000] {processor.py:830} INFO - Processing file /opt/airflow/dags/bash_dag.py for tasks to queue
[2024-05-08T04:21:03.020+0000] {logging_mixin.py:188} INFO - [2024-05-08T04:21:03.020+0000] {dagbag.py:540} INFO - Filling up the DagBag from /opt/airflow/dags/bash_dag.py
[2024-05-08T04:21:03.037+0000] {processor.py:840} INFO - DAG(s) 'bash' retrieved from /opt/airflow/dags/bash_dag.py
[2024-05-08T04:21:03.064+0000] {logging_mixin.py:188} INFO - [2024-05-08T04:21:03.064+0000] {dag.py:3096} INFO - Sync 1 DAGs
[2024-05-08T04:21:03.084+0000] {logging_mixin.py:188} INFO - [2024-05-08T04:21:03.084+0000] {dag.py:3954} INFO - Setting next_dagrun for bash to 2024-03-14 00:00:00+00:00, run_after=2024-03-14 00:00:00+00:00
[2024-05-08T04:21:03.108+0000] {processor.py:183} INFO - Processing /opt/airflow/dags/bash_dag.py took 0.095 seconds
[2024-05-08T04:21:33.589+0000] {processor.py:161} INFO - Started process (PID=306) to work on /opt/airflow/dags/bash_dag.py
[2024-05-08T04:21:33.590+0000] {processor.py:830} INFO - Processing file /opt/airflow/dags/bash_dag.py for tasks to queue
[2024-05-08T04:21:33.592+0000] {logging_mixin.py:188} INFO - [2024-05-08T04:21:33.591+0000] {dagbag.py:540} INFO - Filling up the DagBag from /opt/airflow/dags/bash_dag.py
[2024-05-08T04:21:33.606+0000] {processor.py:840} INFO - DAG(s) 'bash' retrieved from /opt/airflow/dags/bash_dag.py
[2024-05-08T04:21:33.628+0000] {logging_mixin.py:188} INFO - [2024-05-08T04:21:33.628+0000] {dag.py:3096} INFO - Sync 1 DAGs
[2024-05-08T04:21:33.648+0000] {logging_mixin.py:188} INFO - [2024-05-08T04:21:33.647+0000] {dag.py:3954} INFO - Setting next_dagrun for bash to 2024-03-14 00:00:00+00:00, run_after=2024-03-14 00:00:00+00:00
[2024-05-08T04:21:33.672+0000] {processor.py:183} INFO - Processing /opt/airflow/dags/bash_dag.py took 0.087 seconds
[2024-05-08T04:22:04.066+0000] {processor.py:161} INFO - Started process (PID=332) to work on /opt/airflow/dags/bash_dag.py
[2024-05-08T04:22:04.067+0000] {processor.py:830} INFO - Processing file /opt/airflow/dags/bash_dag.py for tasks to queue
[2024-05-08T04:22:04.069+0000] {logging_mixin.py:188} INFO - [2024-05-08T04:22:04.068+0000] {dagbag.py:540} INFO - Filling up the DagBag from /opt/airflow/dags/bash_dag.py
[2024-05-08T04:22:04.089+0000] {processor.py:840} INFO - DAG(s) 'bash' retrieved from /opt/airflow/dags/bash_dag.py
[2024-05-08T04:22:04.118+0000] {logging_mixin.py:188} INFO - [2024-05-08T04:22:04.117+0000] {dag.py:3096} INFO - Sync 1 DAGs
[2024-05-08T04:22:04.142+0000] {logging_mixin.py:188} INFO - [2024-05-08T04:22:04.142+0000] {dag.py:3954} INFO - Setting next_dagrun for bash to 2024-03-14 00:00:00+00:00, run_after=2024-03-14 00:00:00+00:00
[2024-05-08T04:22:04.167+0000] {processor.py:183} INFO - Processing /opt/airflow/dags/bash_dag.py took 0.107 seconds
[2024-05-08T04:22:34.730+0000] {processor.py:161} INFO - Started process (PID=358) to work on /opt/airflow/dags/bash_dag.py
[2024-05-08T04:22:34.731+0000] {processor.py:830} INFO - Processing file /opt/airflow/dags/bash_dag.py for tasks to queue
[2024-05-08T04:22:34.733+0000] {logging_mixin.py:188} INFO - [2024-05-08T04:22:34.732+0000] {dagbag.py:540} INFO - Filling up the DagBag from /opt/airflow/dags/bash_dag.py
[2024-05-08T04:22:34.751+0000] {processor.py:840} INFO - DAG(s) 'bash' retrieved from /opt/airflow/dags/bash_dag.py
[2024-05-08T04:22:34.781+0000] {logging_mixin.py:188} INFO - [2024-05-08T04:22:34.780+0000] {dag.py:3096} INFO - Sync 1 DAGs
[2024-05-08T04:22:34.804+0000] {logging_mixin.py:188} INFO - [2024-05-08T04:22:34.803+0000] {dag.py:3954} INFO - Setting next_dagrun for bash to 2024-03-14 00:00:00+00:00, run_after=2024-03-14 00:00:00+00:00
[2024-05-08T04:22:34.832+0000] {processor.py:183} INFO - Processing /opt/airflow/dags/bash_dag.py took 0.107 seconds
[2024-05-08T04:23:05.336+0000] {processor.py:161} INFO - Started process (PID=384) to work on /opt/airflow/dags/bash_dag.py
[2024-05-08T04:23:05.337+0000] {processor.py:830} INFO - Processing file /opt/airflow/dags/bash_dag.py for tasks to queue
[2024-05-08T04:23:05.339+0000] {logging_mixin.py:188} INFO - [2024-05-08T04:23:05.338+0000] {dagbag.py:540} INFO - Filling up the DagBag from /opt/airflow/dags/bash_dag.py
[2024-05-08T04:23:05.354+0000] {processor.py:840} INFO - DAG(s) 'bash' retrieved from /opt/airflow/dags/bash_dag.py
[2024-05-08T04:23:05.378+0000] {logging_mixin.py:188} INFO - [2024-05-08T04:23:05.378+0000] {dag.py:3096} INFO - Sync 1 DAGs
[2024-05-08T04:23:05.398+0000] {logging_mixin.py:188} INFO - [2024-05-08T04:23:05.397+0000] {dag.py:3954} INFO - Setting next_dagrun for bash to 2024-03-14 00:00:00+00:00, run_after=2024-03-14 00:00:00+00:00
[2024-05-08T04:23:05.423+0000] {processor.py:183} INFO - Processing /opt/airflow/dags/bash_dag.py took 0.092 seconds
[2024-05-08T04:23:35.909+0000] {processor.py:161} INFO - Started process (PID=411) to work on /opt/airflow/dags/bash_dag.py
[2024-05-08T04:23:35.910+0000] {processor.py:830} INFO - Processing file /opt/airflow/dags/bash_dag.py for tasks to queue
[2024-05-08T04:23:35.911+0000] {logging_mixin.py:188} INFO - [2024-05-08T04:23:35.911+0000] {dagbag.py:540} INFO - Filling up the DagBag from /opt/airflow/dags/bash_dag.py
[2024-05-08T04:23:35.925+0000] {processor.py:840} INFO - DAG(s) 'bash' retrieved from /opt/airflow/dags/bash_dag.py
[2024-05-08T04:23:35.951+0000] {logging_mixin.py:188} INFO - [2024-05-08T04:23:35.951+0000] {dag.py:3096} INFO - Sync 1 DAGs
[2024-05-08T04:23:35.978+0000] {logging_mixin.py:188} INFO - [2024-05-08T04:23:35.977+0000] {dag.py:3954} INFO - Setting next_dagrun for bash to 2024-03-14 00:00:00+00:00, run_after=2024-03-14 00:00:00+00:00
[2024-05-08T04:23:36.006+0000] {processor.py:183} INFO - Processing /opt/airflow/dags/bash_dag.py took 0.101 seconds
[2024-05-08T04:24:06.494+0000] {processor.py:161} INFO - Started process (PID=437) to work on /opt/airflow/dags/bash_dag.py
[2024-05-08T04:24:06.494+0000] {processor.py:830} INFO - Processing file /opt/airflow/dags/bash_dag.py for tasks to queue
[2024-05-08T04:24:06.496+0000] {logging_mixin.py:188} INFO - [2024-05-08T04:24:06.496+0000] {dagbag.py:540} INFO - Filling up the DagBag from /opt/airflow/dags/bash_dag.py
[2024-05-08T04:24:06.513+0000] {processor.py:840} INFO - DAG(s) 'bash' retrieved from /opt/airflow/dags/bash_dag.py
[2024-05-08T04:24:06.538+0000] {logging_mixin.py:188} INFO - [2024-05-08T04:24:06.537+0000] {dag.py:3096} INFO - Sync 1 DAGs
[2024-05-08T04:24:06.560+0000] {logging_mixin.py:188} INFO - [2024-05-08T04:24:06.560+0000] {dag.py:3954} INFO - Setting next_dagrun for bash to 2024-03-14 00:00:00+00:00, run_after=2024-03-14 00:00:00+00:00
[2024-05-08T04:24:06.605+0000] {processor.py:183} INFO - Processing /opt/airflow/dags/bash_dag.py took 0.117 seconds
[2024-05-08T04:24:37.067+0000] {processor.py:161} INFO - Started process (PID=467) to work on /opt/airflow/dags/bash_dag.py
[2024-05-08T04:24:37.068+0000] {processor.py:830} INFO - Processing file /opt/airflow/dags/bash_dag.py for tasks to queue
[2024-05-08T04:24:37.071+0000] {logging_mixin.py:188} INFO - [2024-05-08T04:24:37.070+0000] {dagbag.py:540} INFO - Filling up the DagBag from /opt/airflow/dags/bash_dag.py
[2024-05-08T04:24:37.097+0000] {processor.py:840} INFO - DAG(s) 'bash' retrieved from /opt/airflow/dags/bash_dag.py
[2024-05-08T04:24:37.126+0000] {logging_mixin.py:188} INFO - [2024-05-08T04:24:37.125+0000] {dag.py:3096} INFO - Sync 1 DAGs
[2024-05-08T04:24:37.155+0000] {logging_mixin.py:188} INFO - [2024-05-08T04:24:37.155+0000] {dag.py:3954} INFO - Setting next_dagrun for bash to 2024-03-14 00:00:00+00:00, run_after=2024-03-14 00:00:00+00:00
[2024-05-08T04:24:37.182+0000] {processor.py:183} INFO - Processing /opt/airflow/dags/bash_dag.py took 0.123 seconds
[2024-05-08T04:25:07.630+0000] {processor.py:161} INFO - Started process (PID=493) to work on /opt/airflow/dags/bash_dag.py
[2024-05-08T04:25:07.631+0000] {processor.py:830} INFO - Processing file /opt/airflow/dags/bash_dag.py for tasks to queue
[2024-05-08T04:25:07.633+0000] {logging_mixin.py:188} INFO - [2024-05-08T04:25:07.633+0000] {dagbag.py:540} INFO - Filling up the DagBag from /opt/airflow/dags/bash_dag.py
[2024-05-08T04:25:07.650+0000] {processor.py:840} INFO - DAG(s) 'bash' retrieved from /opt/airflow/dags/bash_dag.py
[2024-05-08T04:25:07.675+0000] {logging_mixin.py:188} INFO - [2024-05-08T04:25:07.675+0000] {dag.py:3096} INFO - Sync 1 DAGs
[2024-05-08T04:25:07.696+0000] {logging_mixin.py:188} INFO - [2024-05-08T04:25:07.696+0000] {dag.py:3954} INFO - Setting next_dagrun for bash to 2024-03-14 00:00:00+00:00, run_after=2024-03-14 00:00:00+00:00
[2024-05-08T04:25:07.723+0000] {processor.py:183} INFO - Processing /opt/airflow/dags/bash_dag.py took 0.100 seconds
[2024-05-08T04:25:38.092+0000] {processor.py:161} INFO - Started process (PID=519) to work on /opt/airflow/dags/bash_dag.py
[2024-05-08T04:25:38.093+0000] {processor.py:830} INFO - Processing file /opt/airflow/dags/bash_dag.py for tasks to queue
[2024-05-08T04:25:38.095+0000] {logging_mixin.py:188} INFO - [2024-05-08T04:25:38.094+0000] {dagbag.py:540} INFO - Filling up the DagBag from /opt/airflow/dags/bash_dag.py
[2024-05-08T04:25:38.111+0000] {processor.py:840} INFO - DAG(s) 'bash' retrieved from /opt/airflow/dags/bash_dag.py
[2024-05-08T04:25:38.137+0000] {logging_mixin.py:188} INFO - [2024-05-08T04:25:38.137+0000] {dag.py:3096} INFO - Sync 1 DAGs
[2024-05-08T04:25:38.160+0000] {logging_mixin.py:188} INFO - [2024-05-08T04:25:38.159+0000] {dag.py:3954} INFO - Setting next_dagrun for bash to 2024-03-14 00:00:00+00:00, run_after=2024-03-14 00:00:00+00:00
[2024-05-08T04:25:38.185+0000] {processor.py:183} INFO - Processing /opt/airflow/dags/bash_dag.py took 0.097 seconds
