[2024-05-08T02:21:17.523+0000] {processor.py:161} INFO - Started process (PID=35) to work on /opt/airflow/dags/dump_load_dag.py
[2024-05-08T02:21:17.525+0000] {processor.py:830} INFO - Processing file /opt/airflow/dags/dump_load_dag.py for tasks to queue
[2024-05-08T02:21:17.530+0000] {logging_mixin.py:188} INFO - [2024-05-08T02:21:17.529+0000] {dagbag.py:540} INFO - Filling up the DagBag from /opt/airflow/dags/dump_load_dag.py
[2024-05-08T02:21:17.644+0000] {processor.py:840} INFO - DAG(s) 'mysql_table_dump' retrieved from /opt/airflow/dags/dump_load_dag.py
[2024-05-08T02:21:17.725+0000] {logging_mixin.py:188} INFO - [2024-05-08T02:21:17.725+0000] {dag.py:3096} INFO - Sync 1 DAGs
[2024-05-08T02:21:17.767+0000] {logging_mixin.py:188} INFO - [2024-05-08T02:21:17.767+0000] {dag.py:3954} INFO - Setting next_dagrun for mysql_table_dump to None, run_after=None
[2024-05-08T02:21:17.823+0000] {processor.py:183} INFO - Processing /opt/airflow/dags/dump_load_dag.py took 0.312 seconds
[2024-05-08T02:21:44.591+0000] {processor.py:161} INFO - Started process (PID=45) to work on /opt/airflow/dags/dump_load_dag.py
[2024-05-08T02:21:44.592+0000] {processor.py:830} INFO - Processing file /opt/airflow/dags/dump_load_dag.py for tasks to queue
[2024-05-08T02:21:44.595+0000] {logging_mixin.py:188} INFO - [2024-05-08T02:21:44.595+0000] {dagbag.py:540} INFO - Filling up the DagBag from /opt/airflow/dags/dump_load_dag.py
[2024-05-08T02:21:44.674+0000] {logging_mixin.py:188} INFO - [2024-05-08T02:21:44.662+0000] {dagbag.py:350} ERROR - Failed to import: /opt/airflow/dags/dump_load_dag.py
Traceback (most recent call last):
  File "/home/airflow/.local/lib/python3.12/site-packages/airflow/models/dagbag.py", line 346, in parse
    loader.exec_module(new_module)
  File "<frozen importlib._bootstrap_external>", line 995, in exec_module
  File "<frozen importlib._bootstrap>", line 488, in _call_with_frames_removed
  File "/opt/airflow/dags/dump_load_dag.py", line 35, in <module>
    load_task = BashOperator(
                ^^^^^^^^^^^^^
  File "/home/airflow/.local/lib/python3.12/site-packages/airflow/models/baseoperator.py", line 484, in apply_defaults
    result = func(self, **kwargs, default_args=default_args)
             ^^^^^^^^^^^^^^^^^^^^^^^^^^^^^^^^^^^^^^^^^^^^^^^
  File "/home/airflow/.local/lib/python3.12/site-packages/airflow/operators/bash.py", line 152, in __init__
    super().__init__(**kwargs)
  File "/home/airflow/.local/lib/python3.12/site-packages/airflow/models/baseoperator.py", line 484, in apply_defaults
    result = func(self, **kwargs, default_args=default_args)
             ^^^^^^^^^^^^^^^^^^^^^^^^^^^^^^^^^^^^^^^^^^^^^^^
  File "/home/airflow/.local/lib/python3.12/site-packages/airflow/models/baseoperator.py", line 899, in __init__
    task_group.add(self)
  File "/home/airflow/.local/lib/python3.12/site-packages/airflow/utils/task_group.py", line 232, in add
    raise DuplicateTaskIdFound(f"{node_type} id '{key}' has already been added to the DAG")
airflow.exceptions.DuplicateTaskIdFound: Task id 'mysql_table_dump_task' has already been added to the DAG
[2024-05-08T02:21:44.675+0000] {processor.py:842} WARNING - No viable dags retrieved from /opt/airflow/dags/dump_load_dag.py
[2024-05-08T02:21:44.700+0000] {processor.py:183} INFO - Processing /opt/airflow/dags/dump_load_dag.py took 0.118 seconds
[2024-05-08T02:22:15.132+0000] {processor.py:161} INFO - Started process (PID=55) to work on /opt/airflow/dags/dump_load_dag.py
[2024-05-08T02:22:15.134+0000] {processor.py:830} INFO - Processing file /opt/airflow/dags/dump_load_dag.py for tasks to queue
[2024-05-08T02:22:15.138+0000] {logging_mixin.py:188} INFO - [2024-05-08T02:22:15.137+0000] {dagbag.py:540} INFO - Filling up the DagBag from /opt/airflow/dags/dump_load_dag.py
[2024-05-08T02:22:15.204+0000] {logging_mixin.py:188} INFO - [2024-05-08T02:22:15.195+0000] {dagbag.py:350} ERROR - Failed to import: /opt/airflow/dags/dump_load_dag.py
Traceback (most recent call last):
  File "/home/airflow/.local/lib/python3.12/site-packages/airflow/models/dagbag.py", line 346, in parse
    loader.exec_module(new_module)
  File "<frozen importlib._bootstrap_external>", line 995, in exec_module
  File "<frozen importlib._bootstrap>", line 488, in _call_with_frames_removed
  File "/opt/airflow/dags/dump_load_dag.py", line 35, in <module>
    load_task = BashOperator(
                ^^^^^^^^^^^^^
  File "/home/airflow/.local/lib/python3.12/site-packages/airflow/models/baseoperator.py", line 484, in apply_defaults
    result = func(self, **kwargs, default_args=default_args)
             ^^^^^^^^^^^^^^^^^^^^^^^^^^^^^^^^^^^^^^^^^^^^^^^
  File "/home/airflow/.local/lib/python3.12/site-packages/airflow/operators/bash.py", line 152, in __init__
    super().__init__(**kwargs)
  File "/home/airflow/.local/lib/python3.12/site-packages/airflow/models/baseoperator.py", line 484, in apply_defaults
    result = func(self, **kwargs, default_args=default_args)
             ^^^^^^^^^^^^^^^^^^^^^^^^^^^^^^^^^^^^^^^^^^^^^^^
  File "/home/airflow/.local/lib/python3.12/site-packages/airflow/models/baseoperator.py", line 899, in __init__
    task_group.add(self)
  File "/home/airflow/.local/lib/python3.12/site-packages/airflow/utils/task_group.py", line 232, in add
    raise DuplicateTaskIdFound(f"{node_type} id '{key}' has already been added to the DAG")
airflow.exceptions.DuplicateTaskIdFound: Task id 'mysql_table_dump_task' has already been added to the DAG
[2024-05-08T02:22:15.206+0000] {processor.py:842} WARNING - No viable dags retrieved from /opt/airflow/dags/dump_load_dag.py
[2024-05-08T02:22:15.230+0000] {processor.py:183} INFO - Processing /opt/airflow/dags/dump_load_dag.py took 0.111 seconds
[2024-05-08T02:22:45.696+0000] {processor.py:161} INFO - Started process (PID=65) to work on /opt/airflow/dags/dump_load_dag.py
[2024-05-08T02:22:45.697+0000] {processor.py:830} INFO - Processing file /opt/airflow/dags/dump_load_dag.py for tasks to queue
[2024-05-08T02:22:45.699+0000] {logging_mixin.py:188} INFO - [2024-05-08T02:22:45.698+0000] {dagbag.py:540} INFO - Filling up the DagBag from /opt/airflow/dags/dump_load_dag.py
[2024-05-08T02:22:45.756+0000] {logging_mixin.py:188} INFO - [2024-05-08T02:22:45.748+0000] {dagbag.py:350} ERROR - Failed to import: /opt/airflow/dags/dump_load_dag.py
Traceback (most recent call last):
  File "/home/airflow/.local/lib/python3.12/site-packages/airflow/models/dagbag.py", line 346, in parse
    loader.exec_module(new_module)
  File "<frozen importlib._bootstrap_external>", line 995, in exec_module
  File "<frozen importlib._bootstrap>", line 488, in _call_with_frames_removed
  File "/opt/airflow/dags/dump_load_dag.py", line 35, in <module>
    load_task = BashOperator(
                ^^^^^^^^^^^^^
  File "/home/airflow/.local/lib/python3.12/site-packages/airflow/models/baseoperator.py", line 484, in apply_defaults
    result = func(self, **kwargs, default_args=default_args)
             ^^^^^^^^^^^^^^^^^^^^^^^^^^^^^^^^^^^^^^^^^^^^^^^
  File "/home/airflow/.local/lib/python3.12/site-packages/airflow/operators/bash.py", line 152, in __init__
    super().__init__(**kwargs)
  File "/home/airflow/.local/lib/python3.12/site-packages/airflow/models/baseoperator.py", line 484, in apply_defaults
    result = func(self, **kwargs, default_args=default_args)
             ^^^^^^^^^^^^^^^^^^^^^^^^^^^^^^^^^^^^^^^^^^^^^^^
  File "/home/airflow/.local/lib/python3.12/site-packages/airflow/models/baseoperator.py", line 899, in __init__
    task_group.add(self)
  File "/home/airflow/.local/lib/python3.12/site-packages/airflow/utils/task_group.py", line 232, in add
    raise DuplicateTaskIdFound(f"{node_type} id '{key}' has already been added to the DAG")
airflow.exceptions.DuplicateTaskIdFound: Task id 'mysql_table_dump_task' has already been added to the DAG
[2024-05-08T02:22:45.757+0000] {processor.py:842} WARNING - No viable dags retrieved from /opt/airflow/dags/dump_load_dag.py
[2024-05-08T02:22:45.778+0000] {processor.py:183} INFO - Processing /opt/airflow/dags/dump_load_dag.py took 0.088 seconds
[2024-05-08T02:23:16.331+0000] {processor.py:161} INFO - Started process (PID=75) to work on /opt/airflow/dags/dump_load_dag.py
[2024-05-08T02:23:16.333+0000] {processor.py:830} INFO - Processing file /opt/airflow/dags/dump_load_dag.py for tasks to queue
[2024-05-08T02:23:16.334+0000] {logging_mixin.py:188} INFO - [2024-05-08T02:23:16.334+0000] {dagbag.py:540} INFO - Filling up the DagBag from /opt/airflow/dags/dump_load_dag.py
[2024-05-08T02:23:16.376+0000] {logging_mixin.py:188} INFO - [2024-05-08T02:23:16.369+0000] {dagbag.py:350} ERROR - Failed to import: /opt/airflow/dags/dump_load_dag.py
Traceback (most recent call last):
  File "/home/airflow/.local/lib/python3.12/site-packages/airflow/models/dagbag.py", line 346, in parse
    loader.exec_module(new_module)
  File "<frozen importlib._bootstrap_external>", line 995, in exec_module
  File "<frozen importlib._bootstrap>", line 488, in _call_with_frames_removed
  File "/opt/airflow/dags/dump_load_dag.py", line 35, in <module>
    load_task = BashOperator(
                ^^^^^^^^^^^^^
  File "/home/airflow/.local/lib/python3.12/site-packages/airflow/models/baseoperator.py", line 484, in apply_defaults
    result = func(self, **kwargs, default_args=default_args)
             ^^^^^^^^^^^^^^^^^^^^^^^^^^^^^^^^^^^^^^^^^^^^^^^
  File "/home/airflow/.local/lib/python3.12/site-packages/airflow/operators/bash.py", line 152, in __init__
    super().__init__(**kwargs)
  File "/home/airflow/.local/lib/python3.12/site-packages/airflow/models/baseoperator.py", line 484, in apply_defaults
    result = func(self, **kwargs, default_args=default_args)
             ^^^^^^^^^^^^^^^^^^^^^^^^^^^^^^^^^^^^^^^^^^^^^^^
  File "/home/airflow/.local/lib/python3.12/site-packages/airflow/models/baseoperator.py", line 899, in __init__
    task_group.add(self)
  File "/home/airflow/.local/lib/python3.12/site-packages/airflow/utils/task_group.py", line 232, in add
    raise DuplicateTaskIdFound(f"{node_type} id '{key}' has already been added to the DAG")
airflow.exceptions.DuplicateTaskIdFound: Task id 'mysql_table_dump_task' has already been added to the DAG
[2024-05-08T02:23:16.377+0000] {processor.py:842} WARNING - No viable dags retrieved from /opt/airflow/dags/dump_load_dag.py
[2024-05-08T02:23:16.395+0000] {processor.py:183} INFO - Processing /opt/airflow/dags/dump_load_dag.py took 0.069 seconds
[2024-05-08T02:23:33.766+0000] {processor.py:161} INFO - Started process (PID=79) to work on /opt/airflow/dags/dump_load_dag.py
[2024-05-08T02:23:33.767+0000] {processor.py:830} INFO - Processing file /opt/airflow/dags/dump_load_dag.py for tasks to queue
[2024-05-08T02:23:33.768+0000] {logging_mixin.py:188} INFO - [2024-05-08T02:23:33.768+0000] {dagbag.py:540} INFO - Filling up the DagBag from /opt/airflow/dags/dump_load_dag.py
[2024-05-08T02:23:33.811+0000] {logging_mixin.py:188} INFO - [2024-05-08T02:23:33.805+0000] {dagbag.py:350} ERROR - Failed to import: /opt/airflow/dags/dump_load_dag.py
Traceback (most recent call last):
  File "/home/airflow/.local/lib/python3.12/site-packages/airflow/models/dagbag.py", line 346, in parse
    loader.exec_module(new_module)
  File "<frozen importlib._bootstrap_external>", line 995, in exec_module
  File "<frozen importlib._bootstrap>", line 488, in _call_with_frames_removed
  File "/opt/airflow/dags/dump_load_dag.py", line 34, in <module>
    mysql -p -u [user] [database] < backup-file.sql
    ^^^^^
NameError: name 'mysql' is not defined
[2024-05-08T02:23:33.815+0000] {processor.py:842} WARNING - No viable dags retrieved from /opt/airflow/dags/dump_load_dag.py
[2024-05-08T02:23:33.835+0000] {processor.py:183} INFO - Processing /opt/airflow/dags/dump_load_dag.py took 0.075 seconds
[2024-05-08T02:24:04.277+0000] {processor.py:161} INFO - Started process (PID=89) to work on /opt/airflow/dags/dump_load_dag.py
[2024-05-08T02:24:04.279+0000] {processor.py:830} INFO - Processing file /opt/airflow/dags/dump_load_dag.py for tasks to queue
[2024-05-08T02:24:04.280+0000] {logging_mixin.py:188} INFO - [2024-05-08T02:24:04.280+0000] {dagbag.py:540} INFO - Filling up the DagBag from /opt/airflow/dags/dump_load_dag.py
[2024-05-08T02:24:04.331+0000] {logging_mixin.py:188} INFO - [2024-05-08T02:24:04.324+0000] {dagbag.py:350} ERROR - Failed to import: /opt/airflow/dags/dump_load_dag.py
Traceback (most recent call last):
  File "/home/airflow/.local/lib/python3.12/site-packages/airflow/models/dagbag.py", line 346, in parse
    loader.exec_module(new_module)
  File "<frozen importlib._bootstrap_external>", line 995, in exec_module
  File "<frozen importlib._bootstrap>", line 488, in _call_with_frames_removed
  File "/opt/airflow/dags/dump_load_dag.py", line 34, in <module>
    mysql -p -u [user] [database] < backup-file.sql
    ^^^^^
NameError: name 'mysql' is not defined
[2024-05-08T02:24:04.334+0000] {processor.py:842} WARNING - No viable dags retrieved from /opt/airflow/dags/dump_load_dag.py
[2024-05-08T02:24:04.355+0000] {processor.py:183} INFO - Processing /opt/airflow/dags/dump_load_dag.py took 0.085 seconds
[2024-05-08T02:24:34.827+0000] {processor.py:161} INFO - Started process (PID=99) to work on /opt/airflow/dags/dump_load_dag.py
[2024-05-08T02:24:34.829+0000] {processor.py:830} INFO - Processing file /opt/airflow/dags/dump_load_dag.py for tasks to queue
[2024-05-08T02:24:34.830+0000] {logging_mixin.py:188} INFO - [2024-05-08T02:24:34.830+0000] {dagbag.py:540} INFO - Filling up the DagBag from /opt/airflow/dags/dump_load_dag.py
[2024-05-08T02:24:34.879+0000] {logging_mixin.py:188} INFO - [2024-05-08T02:24:34.871+0000] {dagbag.py:350} ERROR - Failed to import: /opt/airflow/dags/dump_load_dag.py
Traceback (most recent call last):
  File "/home/airflow/.local/lib/python3.12/site-packages/airflow/models/dagbag.py", line 346, in parse
    loader.exec_module(new_module)
  File "<frozen importlib._bootstrap_external>", line 995, in exec_module
  File "<frozen importlib._bootstrap>", line 488, in _call_with_frames_removed
  File "/opt/airflow/dags/dump_load_dag.py", line 34, in <module>
    mysql -p -u [user] [database] < backup-file.sql
    ^^^^^
NameError: name 'mysql' is not defined
[2024-05-08T02:24:34.883+0000] {processor.py:842} WARNING - No viable dags retrieved from /opt/airflow/dags/dump_load_dag.py
[2024-05-08T02:24:34.903+0000] {processor.py:183} INFO - Processing /opt/airflow/dags/dump_load_dag.py took 0.083 seconds
[2024-05-08T02:24:57.285+0000] {processor.py:161} INFO - Started process (PID=109) to work on /opt/airflow/dags/dump_load_dag.py
[2024-05-08T02:24:57.286+0000] {processor.py:830} INFO - Processing file /opt/airflow/dags/dump_load_dag.py for tasks to queue
[2024-05-08T02:24:57.288+0000] {logging_mixin.py:188} INFO - [2024-05-08T02:24:57.287+0000] {dagbag.py:540} INFO - Filling up the DagBag from /opt/airflow/dags/dump_load_dag.py
[2024-05-08T02:24:57.356+0000] {logging_mixin.py:188} INFO - [2024-05-08T02:24:57.346+0000] {dagbag.py:350} ERROR - Failed to import: /opt/airflow/dags/dump_load_dag.py
Traceback (most recent call last):
  File "/home/airflow/.local/lib/python3.12/site-packages/airflow/models/dagbag.py", line 346, in parse
    loader.exec_module(new_module)
  File "<frozen importlib._bootstrap_external>", line 995, in exec_module
  File "<frozen importlib._bootstrap>", line 488, in _call_with_frames_removed
  File "/opt/airflow/dags/dump_load_dag.py", line 34, in <module>
    load_task = BashOperator(
                ^^^^^^^^^^^^^
  File "/home/airflow/.local/lib/python3.12/site-packages/airflow/models/baseoperator.py", line 484, in apply_defaults
    result = func(self, **kwargs, default_args=default_args)
             ^^^^^^^^^^^^^^^^^^^^^^^^^^^^^^^^^^^^^^^^^^^^^^^
  File "/home/airflow/.local/lib/python3.12/site-packages/airflow/operators/bash.py", line 152, in __init__
    super().__init__(**kwargs)
  File "/home/airflow/.local/lib/python3.12/site-packages/airflow/models/baseoperator.py", line 484, in apply_defaults
    result = func(self, **kwargs, default_args=default_args)
             ^^^^^^^^^^^^^^^^^^^^^^^^^^^^^^^^^^^^^^^^^^^^^^^
  File "/home/airflow/.local/lib/python3.12/site-packages/airflow/models/baseoperator.py", line 899, in __init__
    task_group.add(self)
  File "/home/airflow/.local/lib/python3.12/site-packages/airflow/utils/task_group.py", line 232, in add
    raise DuplicateTaskIdFound(f"{node_type} id '{key}' has already been added to the DAG")
airflow.exceptions.DuplicateTaskIdFound: Task id 'mysql_table_dump_task' has already been added to the DAG
[2024-05-08T02:24:57.359+0000] {processor.py:842} WARNING - No viable dags retrieved from /opt/airflow/dags/dump_load_dag.py
[2024-05-08T02:24:57.381+0000] {processor.py:183} INFO - Processing /opt/airflow/dags/dump_load_dag.py took 0.102 seconds
[2024-05-08T02:25:22.983+0000] {processor.py:161} INFO - Started process (PID=119) to work on /opt/airflow/dags/dump_load_dag.py
[2024-05-08T02:25:22.984+0000] {processor.py:830} INFO - Processing file /opt/airflow/dags/dump_load_dag.py for tasks to queue
[2024-05-08T02:25:22.985+0000] {logging_mixin.py:188} INFO - [2024-05-08T02:25:22.985+0000] {dagbag.py:540} INFO - Filling up the DagBag from /opt/airflow/dags/dump_load_dag.py
[2024-05-08T02:25:23.046+0000] {logging_mixin.py:188} INFO - [2024-05-08T02:25:23.038+0000] {dagbag.py:350} ERROR - Failed to import: /opt/airflow/dags/dump_load_dag.py
Traceback (most recent call last):
  File "/home/airflow/.local/lib/python3.12/site-packages/airflow/models/dagbag.py", line 346, in parse
    loader.exec_module(new_module)
  File "<frozen importlib._bootstrap_external>", line 995, in exec_module
  File "<frozen importlib._bootstrap>", line 488, in _call_with_frames_removed
  File "/opt/airflow/dags/dump_load_dag.py", line 34, in <module>
    load_task = BashOperator(
                ^^^^^^^^^^^^^
  File "/home/airflow/.local/lib/python3.12/site-packages/airflow/models/baseoperator.py", line 484, in apply_defaults
    result = func(self, **kwargs, default_args=default_args)
             ^^^^^^^^^^^^^^^^^^^^^^^^^^^^^^^^^^^^^^^^^^^^^^^
  File "/home/airflow/.local/lib/python3.12/site-packages/airflow/operators/bash.py", line 152, in __init__
    super().__init__(**kwargs)
  File "/home/airflow/.local/lib/python3.12/site-packages/airflow/models/baseoperator.py", line 484, in apply_defaults
    result = func(self, **kwargs, default_args=default_args)
             ^^^^^^^^^^^^^^^^^^^^^^^^^^^^^^^^^^^^^^^^^^^^^^^
  File "/home/airflow/.local/lib/python3.12/site-packages/airflow/models/baseoperator.py", line 899, in __init__
    task_group.add(self)
  File "/home/airflow/.local/lib/python3.12/site-packages/airflow/utils/task_group.py", line 232, in add
    raise DuplicateTaskIdFound(f"{node_type} id '{key}' has already been added to the DAG")
airflow.exceptions.DuplicateTaskIdFound: Task id 'mysql_table_dump_task' has already been added to the DAG
[2024-05-08T02:25:23.047+0000] {processor.py:842} WARNING - No viable dags retrieved from /opt/airflow/dags/dump_load_dag.py
[2024-05-08T02:25:23.066+0000] {processor.py:183} INFO - Processing /opt/airflow/dags/dump_load_dag.py took 0.088 seconds
[2024-05-08T02:25:44.224+0000] {processor.py:161} INFO - Started process (PID=126) to work on /opt/airflow/dags/dump_load_dag.py
[2024-05-08T02:25:44.225+0000] {processor.py:830} INFO - Processing file /opt/airflow/dags/dump_load_dag.py for tasks to queue
[2024-05-08T02:25:44.226+0000] {logging_mixin.py:188} INFO - [2024-05-08T02:25:44.226+0000] {dagbag.py:540} INFO - Filling up the DagBag from /opt/airflow/dags/dump_load_dag.py
[2024-05-08T02:25:44.300+0000] {processor.py:840} INFO - DAG(s) 'mysql_table_dump' retrieved from /opt/airflow/dags/dump_load_dag.py
[2024-05-08T02:25:44.488+0000] {logging_mixin.py:188} INFO - [2024-05-08T02:25:44.487+0000] {dag.py:3096} INFO - Sync 1 DAGs
[2024-05-08T02:25:44.524+0000] {logging_mixin.py:188} INFO - [2024-05-08T02:25:44.524+0000] {dag.py:3954} INFO - Setting next_dagrun for mysql_table_dump to None, run_after=None
[2024-05-08T02:25:44.574+0000] {processor.py:183} INFO - Processing /opt/airflow/dags/dump_load_dag.py took 0.358 seconds
[2024-05-08T02:25:49.720+0000] {processor.py:161} INFO - Started process (PID=127) to work on /opt/airflow/dags/dump_load_dag.py
[2024-05-08T02:25:49.722+0000] {processor.py:830} INFO - Processing file /opt/airflow/dags/dump_load_dag.py for tasks to queue
[2024-05-08T02:25:49.724+0000] {logging_mixin.py:188} INFO - [2024-05-08T02:25:49.724+0000] {dagbag.py:540} INFO - Filling up the DagBag from /opt/airflow/dags/dump_load_dag.py
[2024-05-08T02:25:49.800+0000] {processor.py:840} INFO - DAG(s) 'mysql_table_dump' retrieved from /opt/airflow/dags/dump_load_dag.py
[2024-05-08T02:25:49.817+0000] {logging_mixin.py:188} INFO - [2024-05-08T02:25:49.816+0000] {dag.py:3096} INFO - Sync 1 DAGs
[2024-05-08T02:25:49.854+0000] {logging_mixin.py:188} INFO - [2024-05-08T02:25:49.854+0000] {dag.py:3954} INFO - Setting next_dagrun for mysql_table_dump to None, run_after=None
[2024-05-08T02:25:49.887+0000] {processor.py:183} INFO - Processing /opt/airflow/dags/dump_load_dag.py took 0.186 seconds
[2024-05-08T02:26:20.643+0000] {processor.py:161} INFO - Started process (PID=137) to work on /opt/airflow/dags/dump_load_dag.py
[2024-05-08T02:26:20.644+0000] {processor.py:830} INFO - Processing file /opt/airflow/dags/dump_load_dag.py for tasks to queue
[2024-05-08T02:26:20.645+0000] {logging_mixin.py:188} INFO - [2024-05-08T02:26:20.645+0000] {dagbag.py:540} INFO - Filling up the DagBag from /opt/airflow/dags/dump_load_dag.py
[2024-05-08T02:26:20.709+0000] {processor.py:840} INFO - DAG(s) 'mysql_table_dump' retrieved from /opt/airflow/dags/dump_load_dag.py
[2024-05-08T02:26:20.888+0000] {logging_mixin.py:188} INFO - [2024-05-08T02:26:20.887+0000] {dag.py:3096} INFO - Sync 1 DAGs
[2024-05-08T02:26:20.919+0000] {logging_mixin.py:188} INFO - [2024-05-08T02:26:20.918+0000] {dag.py:3954} INFO - Setting next_dagrun for mysql_table_dump to None, run_after=None
[2024-05-08T02:26:20.952+0000] {processor.py:183} INFO - Processing /opt/airflow/dags/dump_load_dag.py took 0.319 seconds
[2024-05-08T02:26:51.293+0000] {processor.py:161} INFO - Started process (PID=147) to work on /opt/airflow/dags/dump_load_dag.py
[2024-05-08T02:26:51.294+0000] {processor.py:830} INFO - Processing file /opt/airflow/dags/dump_load_dag.py for tasks to queue
[2024-05-08T02:26:51.296+0000] {logging_mixin.py:188} INFO - [2024-05-08T02:26:51.295+0000] {dagbag.py:540} INFO - Filling up the DagBag from /opt/airflow/dags/dump_load_dag.py
[2024-05-08T02:26:51.349+0000] {processor.py:840} INFO - DAG(s) 'mysql_table_dump' retrieved from /opt/airflow/dags/dump_load_dag.py
[2024-05-08T02:26:51.375+0000] {logging_mixin.py:188} INFO - [2024-05-08T02:26:51.375+0000] {dag.py:3096} INFO - Sync 1 DAGs
[2024-05-08T02:26:51.406+0000] {logging_mixin.py:188} INFO - [2024-05-08T02:26:51.406+0000] {dag.py:3954} INFO - Setting next_dagrun for mysql_table_dump to None, run_after=None
[2024-05-08T02:26:51.429+0000] {processor.py:183} INFO - Processing /opt/airflow/dags/dump_load_dag.py took 0.142 seconds
[2024-05-08T02:27:21.812+0000] {processor.py:161} INFO - Started process (PID=157) to work on /opt/airflow/dags/dump_load_dag.py
[2024-05-08T02:27:21.813+0000] {processor.py:830} INFO - Processing file /opt/airflow/dags/dump_load_dag.py for tasks to queue
[2024-05-08T02:27:21.815+0000] {logging_mixin.py:188} INFO - [2024-05-08T02:27:21.814+0000] {dagbag.py:540} INFO - Filling up the DagBag from /opt/airflow/dags/dump_load_dag.py
[2024-05-08T02:27:21.857+0000] {processor.py:840} INFO - DAG(s) 'mysql_table_dump' retrieved from /opt/airflow/dags/dump_load_dag.py
[2024-05-08T02:27:21.882+0000] {logging_mixin.py:188} INFO - [2024-05-08T02:27:21.882+0000] {dag.py:3096} INFO - Sync 1 DAGs
[2024-05-08T02:27:21.908+0000] {logging_mixin.py:188} INFO - [2024-05-08T02:27:21.908+0000] {dag.py:3954} INFO - Setting next_dagrun for mysql_table_dump to None, run_after=None
[2024-05-08T02:27:21.929+0000] {processor.py:183} INFO - Processing /opt/airflow/dags/dump_load_dag.py took 0.123 seconds
[2024-05-08T02:27:52.387+0000] {processor.py:161} INFO - Started process (PID=167) to work on /opt/airflow/dags/dump_load_dag.py
[2024-05-08T02:27:52.389+0000] {processor.py:830} INFO - Processing file /opt/airflow/dags/dump_load_dag.py for tasks to queue
[2024-05-08T02:27:52.390+0000] {logging_mixin.py:188} INFO - [2024-05-08T02:27:52.390+0000] {dagbag.py:540} INFO - Filling up the DagBag from /opt/airflow/dags/dump_load_dag.py
[2024-05-08T02:27:52.451+0000] {processor.py:840} INFO - DAG(s) 'mysql_table_dump' retrieved from /opt/airflow/dags/dump_load_dag.py
[2024-05-08T02:27:52.515+0000] {logging_mixin.py:188} INFO - [2024-05-08T02:27:52.515+0000] {dag.py:3096} INFO - Sync 1 DAGs
[2024-05-08T02:27:52.551+0000] {logging_mixin.py:188} INFO - [2024-05-08T02:27:52.551+0000] {dag.py:3954} INFO - Setting next_dagrun for mysql_table_dump to None, run_after=None
[2024-05-08T02:27:52.575+0000] {processor.py:183} INFO - Processing /opt/airflow/dags/dump_load_dag.py took 0.196 seconds
[2024-05-08T02:28:22.965+0000] {processor.py:161} INFO - Started process (PID=177) to work on /opt/airflow/dags/dump_load_dag.py
[2024-05-08T02:28:22.966+0000] {processor.py:830} INFO - Processing file /opt/airflow/dags/dump_load_dag.py for tasks to queue
[2024-05-08T02:28:22.968+0000] {logging_mixin.py:188} INFO - [2024-05-08T02:28:22.967+0000] {dagbag.py:540} INFO - Filling up the DagBag from /opt/airflow/dags/dump_load_dag.py
[2024-05-08T02:28:23.018+0000] {processor.py:840} INFO - DAG(s) 'mysql_table_dump' retrieved from /opt/airflow/dags/dump_load_dag.py
[2024-05-08T02:28:23.039+0000] {logging_mixin.py:188} INFO - [2024-05-08T02:28:23.039+0000] {dag.py:3096} INFO - Sync 1 DAGs
[2024-05-08T02:28:23.059+0000] {logging_mixin.py:188} INFO - [2024-05-08T02:28:23.059+0000] {dag.py:3954} INFO - Setting next_dagrun for mysql_table_dump to None, run_after=None
[2024-05-08T02:28:23.081+0000] {processor.py:183} INFO - Processing /opt/airflow/dags/dump_load_dag.py took 0.121 seconds
[2024-05-08T04:05:11.412+0000] {processor.py:161} INFO - Started process (PID=30) to work on /opt/airflow/dags/dump_load_dag.py
[2024-05-08T04:05:11.415+0000] {processor.py:830} INFO - Processing file /opt/airflow/dags/dump_load_dag.py for tasks to queue
[2024-05-08T04:05:11.420+0000] {logging_mixin.py:188} INFO - [2024-05-08T04:05:11.419+0000] {dagbag.py:540} INFO - Filling up the DagBag from /opt/airflow/dags/dump_load_dag.py
[2024-05-08T04:05:11.498+0000] {processor.py:840} INFO - DAG(s) 'mysql_table_dump' retrieved from /opt/airflow/dags/dump_load_dag.py
[2024-05-08T04:05:11.550+0000] {logging_mixin.py:188} INFO - [2024-05-08T04:05:11.549+0000] {dag.py:3096} INFO - Sync 1 DAGs
[2024-05-08T04:05:11.584+0000] {logging_mixin.py:188} INFO - [2024-05-08T04:05:11.583+0000] {dag.py:3954} INFO - Setting next_dagrun for mysql_table_dump to None, run_after=None
[2024-05-08T04:05:11.615+0000] {processor.py:183} INFO - Processing /opt/airflow/dags/dump_load_dag.py took 0.212 seconds
[2024-05-08T04:05:42.123+0000] {processor.py:161} INFO - Started process (PID=40) to work on /opt/airflow/dags/dump_load_dag.py
[2024-05-08T04:05:42.124+0000] {processor.py:830} INFO - Processing file /opt/airflow/dags/dump_load_dag.py for tasks to queue
[2024-05-08T04:05:42.125+0000] {logging_mixin.py:188} INFO - [2024-05-08T04:05:42.125+0000] {dagbag.py:540} INFO - Filling up the DagBag from /opt/airflow/dags/dump_load_dag.py
[2024-05-08T04:05:42.153+0000] {processor.py:840} INFO - DAG(s) 'mysql_table_dump' retrieved from /opt/airflow/dags/dump_load_dag.py
[2024-05-08T04:05:42.174+0000] {logging_mixin.py:188} INFO - [2024-05-08T04:05:42.174+0000] {dag.py:3096} INFO - Sync 1 DAGs
[2024-05-08T04:05:42.194+0000] {logging_mixin.py:188} INFO - [2024-05-08T04:05:42.194+0000] {dag.py:3954} INFO - Setting next_dagrun for mysql_table_dump to None, run_after=None
[2024-05-08T04:05:42.216+0000] {processor.py:183} INFO - Processing /opt/airflow/dags/dump_load_dag.py took 0.098 seconds
[2024-05-08T04:06:12.703+0000] {processor.py:161} INFO - Started process (PID=51) to work on /opt/airflow/dags/dump_load_dag.py
[2024-05-08T04:06:12.704+0000] {processor.py:830} INFO - Processing file /opt/airflow/dags/dump_load_dag.py for tasks to queue
[2024-05-08T04:06:12.707+0000] {logging_mixin.py:188} INFO - [2024-05-08T04:06:12.706+0000] {dagbag.py:540} INFO - Filling up the DagBag from /opt/airflow/dags/dump_load_dag.py
[2024-05-08T04:06:12.746+0000] {processor.py:840} INFO - DAG(s) 'mysql_table_dump' retrieved from /opt/airflow/dags/dump_load_dag.py
[2024-05-08T04:06:12.772+0000] {logging_mixin.py:188} INFO - [2024-05-08T04:06:12.771+0000] {dag.py:3096} INFO - Sync 1 DAGs
[2024-05-08T04:06:12.795+0000] {logging_mixin.py:188} INFO - [2024-05-08T04:06:12.795+0000] {dag.py:3954} INFO - Setting next_dagrun for mysql_table_dump to None, run_after=None
[2024-05-08T04:06:12.816+0000] {processor.py:183} INFO - Processing /opt/airflow/dags/dump_load_dag.py took 0.121 seconds
[2024-05-08T04:06:43.261+0000] {processor.py:161} INFO - Started process (PID=61) to work on /opt/airflow/dags/dump_load_dag.py
[2024-05-08T04:06:43.262+0000] {processor.py:830} INFO - Processing file /opt/airflow/dags/dump_load_dag.py for tasks to queue
[2024-05-08T04:06:43.263+0000] {logging_mixin.py:188} INFO - [2024-05-08T04:06:43.263+0000] {dagbag.py:540} INFO - Filling up the DagBag from /opt/airflow/dags/dump_load_dag.py
[2024-05-08T04:06:43.292+0000] {processor.py:840} INFO - DAG(s) 'mysql_table_dump' retrieved from /opt/airflow/dags/dump_load_dag.py
[2024-05-08T04:06:43.326+0000] {logging_mixin.py:188} INFO - [2024-05-08T04:06:43.326+0000] {dag.py:3096} INFO - Sync 1 DAGs
[2024-05-08T04:06:43.348+0000] {logging_mixin.py:188} INFO - [2024-05-08T04:06:43.348+0000] {dag.py:3954} INFO - Setting next_dagrun for mysql_table_dump to None, run_after=None
[2024-05-08T04:06:43.370+0000] {processor.py:183} INFO - Processing /opt/airflow/dags/dump_load_dag.py took 0.113 seconds
[2024-05-08T04:07:45.038+0000] {processor.py:161} INFO - Started process (PID=165) to work on /opt/airflow/dags/dump_load_dag.py
[2024-05-08T04:07:45.039+0000] {processor.py:830} INFO - Processing file /opt/airflow/dags/dump_load_dag.py for tasks to queue
[2024-05-08T04:07:45.042+0000] {logging_mixin.py:188} INFO - [2024-05-08T04:07:45.041+0000] {dagbag.py:540} INFO - Filling up the DagBag from /opt/airflow/dags/dump_load_dag.py
[2024-05-08T04:07:45.200+0000] {processor.py:840} INFO - DAG(s) 'mysql_table_dump' retrieved from /opt/airflow/dags/dump_load_dag.py
[2024-05-08T04:07:45.397+0000] {logging_mixin.py:188} INFO - [2024-05-08T04:07:45.397+0000] {dag.py:3096} INFO - Sync 1 DAGs
[2024-05-08T04:07:45.419+0000] {logging_mixin.py:188} INFO - [2024-05-08T04:07:45.418+0000] {dag.py:3954} INFO - Setting next_dagrun for mysql_table_dump to None, run_after=None
[2024-05-08T04:07:45.455+0000] {processor.py:183} INFO - Processing /opt/airflow/dags/dump_load_dag.py took 0.426 seconds
[2024-05-08T04:14:40.708+0000] {processor.py:161} INFO - Started process (PID=171) to work on /opt/airflow/dags/dump_load_dag.py
[2024-05-08T04:14:40.710+0000] {processor.py:830} INFO - Processing file /opt/airflow/dags/dump_load_dag.py for tasks to queue
[2024-05-08T04:14:40.713+0000] {logging_mixin.py:188} INFO - [2024-05-08T04:14:40.713+0000] {dagbag.py:540} INFO - Filling up the DagBag from /opt/airflow/dags/dump_load_dag.py
[2024-05-08T04:14:40.989+0000] {processor.py:840} INFO - DAG(s) 'mysql_table_dump' retrieved from /opt/airflow/dags/dump_load_dag.py
[2024-05-08T04:14:41.450+0000] {logging_mixin.py:188} INFO - [2024-05-08T04:14:41.449+0000] {override.py:1829} INFO - Created Permission View: can read on DAG:mysql_table_dump
[2024-05-08T04:14:41.472+0000] {logging_mixin.py:188} INFO - [2024-05-08T04:14:41.471+0000] {override.py:1829} INFO - Created Permission View: can delete on DAG:mysql_table_dump
[2024-05-08T04:14:41.487+0000] {logging_mixin.py:188} INFO - [2024-05-08T04:14:41.487+0000] {override.py:1829} INFO - Created Permission View: can edit on DAG:mysql_table_dump
[2024-05-08T04:14:41.488+0000] {logging_mixin.py:188} INFO - [2024-05-08T04:14:41.488+0000] {dag.py:3096} INFO - Sync 1 DAGs
[2024-05-08T04:14:41.512+0000] {logging_mixin.py:188} INFO - [2024-05-08T04:14:41.512+0000] {dag.py:3118} INFO - Creating ORM DAG for mysql_table_dump
[2024-05-08T04:14:41.530+0000] {logging_mixin.py:188} INFO - [2024-05-08T04:14:41.529+0000] {dag.py:3954} INFO - Setting next_dagrun for mysql_table_dump to 2024-03-14 00:00:00+00:00, run_after=2024-03-14 00:00:00+00:00
[2024-05-08T04:14:41.572+0000] {processor.py:183} INFO - Processing /opt/airflow/dags/dump_load_dag.py took 0.885 seconds
[2024-05-08T04:15:11.657+0000] {processor.py:161} INFO - Started process (PID=200) to work on /opt/airflow/dags/dump_load_dag.py
[2024-05-08T04:15:11.658+0000] {processor.py:830} INFO - Processing file /opt/airflow/dags/dump_load_dag.py for tasks to queue
[2024-05-08T04:15:11.661+0000] {logging_mixin.py:188} INFO - [2024-05-08T04:15:11.661+0000] {dagbag.py:540} INFO - Filling up the DagBag from /opt/airflow/dags/dump_load_dag.py
[2024-05-08T04:15:11.713+0000] {processor.py:840} INFO - DAG(s) 'mysql_table_dump' retrieved from /opt/airflow/dags/dump_load_dag.py
[2024-05-08T04:15:11.742+0000] {logging_mixin.py:188} INFO - [2024-05-08T04:15:11.741+0000] {dag.py:3096} INFO - Sync 1 DAGs
[2024-05-08T04:15:11.765+0000] {logging_mixin.py:188} INFO - [2024-05-08T04:15:11.765+0000] {dag.py:3954} INFO - Setting next_dagrun for mysql_table_dump to 2024-03-14 00:00:00+00:00, run_after=2024-03-14 00:00:00+00:00
[2024-05-08T04:15:11.794+0000] {processor.py:183} INFO - Processing /opt/airflow/dags/dump_load_dag.py took 0.145 seconds
[2024-05-08T04:15:42.121+0000] {processor.py:161} INFO - Started process (PID=223) to work on /opt/airflow/dags/dump_load_dag.py
[2024-05-08T04:15:42.122+0000] {processor.py:830} INFO - Processing file /opt/airflow/dags/dump_load_dag.py for tasks to queue
[2024-05-08T04:15:42.124+0000] {logging_mixin.py:188} INFO - [2024-05-08T04:15:42.124+0000] {dagbag.py:540} INFO - Filling up the DagBag from /opt/airflow/dags/dump_load_dag.py
[2024-05-08T04:15:42.153+0000] {processor.py:840} INFO - DAG(s) 'mysql_table_dump' retrieved from /opt/airflow/dags/dump_load_dag.py
[2024-05-08T04:15:42.179+0000] {logging_mixin.py:188} INFO - [2024-05-08T04:15:42.179+0000] {dag.py:3096} INFO - Sync 1 DAGs
[2024-05-08T04:15:42.200+0000] {logging_mixin.py:188} INFO - [2024-05-08T04:15:42.200+0000] {dag.py:3954} INFO - Setting next_dagrun for mysql_table_dump to 2024-03-14 00:00:00+00:00, run_after=2024-03-14 00:00:00+00:00
[2024-05-08T04:15:42.229+0000] {processor.py:183} INFO - Processing /opt/airflow/dags/dump_load_dag.py took 0.113 seconds
[2024-05-08T04:15:54.413+0000] {processor.py:161} INFO - Started process (PID=243) to work on /opt/airflow/dags/dump_load_dag.py
[2024-05-08T04:15:54.414+0000] {processor.py:830} INFO - Processing file /opt/airflow/dags/dump_load_dag.py for tasks to queue
[2024-05-08T04:15:54.417+0000] {logging_mixin.py:188} INFO - [2024-05-08T04:15:54.416+0000] {dagbag.py:540} INFO - Filling up the DagBag from /opt/airflow/dags/dump_load_dag.py
[2024-05-08T04:15:54.457+0000] {processor.py:840} INFO - DAG(s) 'mysql_table_dump' retrieved from /opt/airflow/dags/dump_load_dag.py
[2024-05-08T04:15:54.568+0000] {logging_mixin.py:188} INFO - [2024-05-08T04:15:54.568+0000] {dag.py:3096} INFO - Sync 1 DAGs
[2024-05-08T04:15:54.596+0000] {logging_mixin.py:188} INFO - [2024-05-08T04:15:54.595+0000] {dag.py:3954} INFO - Setting next_dagrun for mysql_table_dump to 2024-03-14 00:00:00+00:00, run_after=2024-03-14 00:00:00+00:00
[2024-05-08T04:15:54.622+0000] {processor.py:183} INFO - Processing /opt/airflow/dags/dump_load_dag.py took 0.217 seconds
[2024-05-08T04:16:24.944+0000] {processor.py:161} INFO - Started process (PID=269) to work on /opt/airflow/dags/dump_load_dag.py
[2024-05-08T04:16:24.945+0000] {processor.py:830} INFO - Processing file /opt/airflow/dags/dump_load_dag.py for tasks to queue
[2024-05-08T04:16:24.947+0000] {logging_mixin.py:188} INFO - [2024-05-08T04:16:24.947+0000] {dagbag.py:540} INFO - Filling up the DagBag from /opt/airflow/dags/dump_load_dag.py
[2024-05-08T04:16:24.978+0000] {processor.py:840} INFO - DAG(s) 'mysql_table_dump' retrieved from /opt/airflow/dags/dump_load_dag.py
[2024-05-08T04:16:25.002+0000] {logging_mixin.py:188} INFO - [2024-05-08T04:16:25.002+0000] {dag.py:3096} INFO - Sync 1 DAGs
[2024-05-08T04:16:25.024+0000] {logging_mixin.py:188} INFO - [2024-05-08T04:16:25.023+0000] {dag.py:3954} INFO - Setting next_dagrun for mysql_table_dump to 2024-03-14 00:00:00+00:00, run_after=2024-03-14 00:00:00+00:00
[2024-05-08T04:16:25.050+0000] {processor.py:183} INFO - Processing /opt/airflow/dags/dump_load_dag.py took 0.111 seconds
[2024-05-08T04:16:55.478+0000] {processor.py:161} INFO - Started process (PID=295) to work on /opt/airflow/dags/dump_load_dag.py
[2024-05-08T04:16:55.479+0000] {processor.py:830} INFO - Processing file /opt/airflow/dags/dump_load_dag.py for tasks to queue
[2024-05-08T04:16:55.481+0000] {logging_mixin.py:188} INFO - [2024-05-08T04:16:55.480+0000] {dagbag.py:540} INFO - Filling up the DagBag from /opt/airflow/dags/dump_load_dag.py
[2024-05-08T04:16:55.511+0000] {processor.py:840} INFO - DAG(s) 'mysql_table_dump' retrieved from /opt/airflow/dags/dump_load_dag.py
[2024-05-08T04:16:55.535+0000] {logging_mixin.py:188} INFO - [2024-05-08T04:16:55.535+0000] {dag.py:3096} INFO - Sync 1 DAGs
[2024-05-08T04:16:55.555+0000] {logging_mixin.py:188} INFO - [2024-05-08T04:16:55.555+0000] {dag.py:3954} INFO - Setting next_dagrun for mysql_table_dump to 2024-03-14 00:00:00+00:00, run_after=2024-03-14 00:00:00+00:00
[2024-05-08T04:16:55.579+0000] {processor.py:183} INFO - Processing /opt/airflow/dags/dump_load_dag.py took 0.107 seconds
[2024-05-08T04:17:25.943+0000] {processor.py:161} INFO - Started process (PID=321) to work on /opt/airflow/dags/dump_load_dag.py
[2024-05-08T04:17:25.944+0000] {processor.py:830} INFO - Processing file /opt/airflow/dags/dump_load_dag.py for tasks to queue
[2024-05-08T04:17:25.945+0000] {logging_mixin.py:188} INFO - [2024-05-08T04:17:25.945+0000] {dagbag.py:540} INFO - Filling up the DagBag from /opt/airflow/dags/dump_load_dag.py
[2024-05-08T04:17:25.969+0000] {processor.py:840} INFO - DAG(s) 'mysql_table_dump' retrieved from /opt/airflow/dags/dump_load_dag.py
[2024-05-08T04:17:25.991+0000] {logging_mixin.py:188} INFO - [2024-05-08T04:17:25.990+0000] {dag.py:3096} INFO - Sync 1 DAGs
[2024-05-08T04:17:26.009+0000] {logging_mixin.py:188} INFO - [2024-05-08T04:17:26.009+0000] {dag.py:3954} INFO - Setting next_dagrun for mysql_table_dump to 2024-03-14 00:00:00+00:00, run_after=2024-03-14 00:00:00+00:00
[2024-05-08T04:17:26.030+0000] {processor.py:183} INFO - Processing /opt/airflow/dags/dump_load_dag.py took 0.092 seconds
[2024-05-08T04:17:56.582+0000] {processor.py:161} INFO - Started process (PID=349) to work on /opt/airflow/dags/dump_load_dag.py
[2024-05-08T04:17:56.583+0000] {processor.py:830} INFO - Processing file /opt/airflow/dags/dump_load_dag.py for tasks to queue
[2024-05-08T04:17:56.585+0000] {logging_mixin.py:188} INFO - [2024-05-08T04:17:56.585+0000] {dagbag.py:540} INFO - Filling up the DagBag from /opt/airflow/dags/dump_load_dag.py
[2024-05-08T04:17:56.611+0000] {processor.py:840} INFO - DAG(s) 'mysql_table_dump' retrieved from /opt/airflow/dags/dump_load_dag.py
[2024-05-08T04:17:56.632+0000] {logging_mixin.py:188} INFO - [2024-05-08T04:17:56.632+0000] {dag.py:3096} INFO - Sync 1 DAGs
[2024-05-08T04:17:56.649+0000] {logging_mixin.py:188} INFO - [2024-05-08T04:17:56.649+0000] {dag.py:3954} INFO - Setting next_dagrun for mysql_table_dump to None, run_after=None
[2024-05-08T04:17:56.673+0000] {processor.py:183} INFO - Processing /opt/airflow/dags/dump_load_dag.py took 0.095 seconds
[2024-05-08T04:18:12.768+0000] {processor.py:161} INFO - Started process (PID=360) to work on /opt/airflow/dags/dump_load_dag.py
[2024-05-08T04:18:12.769+0000] {processor.py:830} INFO - Processing file /opt/airflow/dags/dump_load_dag.py for tasks to queue
[2024-05-08T04:18:12.770+0000] {logging_mixin.py:188} INFO - [2024-05-08T04:18:12.770+0000] {dagbag.py:540} INFO - Filling up the DagBag from /opt/airflow/dags/dump_load_dag.py
[2024-05-08T04:18:12.802+0000] {processor.py:840} INFO - DAG(s) 'mysql_table_dump' retrieved from /opt/airflow/dags/dump_load_dag.py
[2024-05-08T04:18:12.823+0000] {logging_mixin.py:188} INFO - [2024-05-08T04:18:12.823+0000] {dag.py:3096} INFO - Sync 1 DAGs
[2024-05-08T04:18:12.842+0000] {logging_mixin.py:188} INFO - [2024-05-08T04:18:12.842+0000] {dag.py:3954} INFO - Setting next_dagrun for mysql_table_dump to None, run_after=None
[2024-05-08T04:18:12.865+0000] {processor.py:183} INFO - Processing /opt/airflow/dags/dump_load_dag.py took 0.102 seconds
[2024-05-08T04:19:00.378+0000] {processor.py:161} INFO - Started process (PID=166) to work on /opt/airflow/dags/dump_load_dag.py
[2024-05-08T04:19:00.380+0000] {processor.py:830} INFO - Processing file /opt/airflow/dags/dump_load_dag.py for tasks to queue
[2024-05-08T04:19:00.382+0000] {logging_mixin.py:188} INFO - [2024-05-08T04:19:00.382+0000] {dagbag.py:540} INFO - Filling up the DagBag from /opt/airflow/dags/dump_load_dag.py
[2024-05-08T04:19:00.419+0000] {processor.py:840} INFO - DAG(s) 'mysql_table_dump' retrieved from /opt/airflow/dags/dump_load_dag.py
[2024-05-08T04:19:00.554+0000] {logging_mixin.py:188} INFO - [2024-05-08T04:19:00.554+0000] {dag.py:3096} INFO - Sync 1 DAGs
[2024-05-08T04:19:00.574+0000] {logging_mixin.py:188} INFO - [2024-05-08T04:19:00.574+0000] {dag.py:3954} INFO - Setting next_dagrun for mysql_table_dump to None, run_after=None
[2024-05-08T04:19:00.599+0000] {processor.py:183} INFO - Processing /opt/airflow/dags/dump_load_dag.py took 0.232 seconds
[2024-05-08T04:19:31.159+0000] {processor.py:161} INFO - Started process (PID=192) to work on /opt/airflow/dags/dump_load_dag.py
[2024-05-08T04:19:31.161+0000] {processor.py:830} INFO - Processing file /opt/airflow/dags/dump_load_dag.py for tasks to queue
[2024-05-08T04:19:31.164+0000] {logging_mixin.py:188} INFO - [2024-05-08T04:19:31.164+0000] {dagbag.py:540} INFO - Filling up the DagBag from /opt/airflow/dags/dump_load_dag.py
[2024-05-08T04:19:31.203+0000] {processor.py:840} INFO - DAG(s) 'mysql_table_dump' retrieved from /opt/airflow/dags/dump_load_dag.py
[2024-05-08T04:19:31.232+0000] {logging_mixin.py:188} INFO - [2024-05-08T04:19:31.231+0000] {dag.py:3096} INFO - Sync 1 DAGs
[2024-05-08T04:19:31.255+0000] {logging_mixin.py:188} INFO - [2024-05-08T04:19:31.255+0000] {dag.py:3954} INFO - Setting next_dagrun for mysql_table_dump to None, run_after=None
[2024-05-08T04:19:31.282+0000] {processor.py:183} INFO - Processing /opt/airflow/dags/dump_load_dag.py took 0.131 seconds
[2024-05-08T04:20:01.755+0000] {processor.py:161} INFO - Started process (PID=220) to work on /opt/airflow/dags/dump_load_dag.py
[2024-05-08T04:20:01.756+0000] {processor.py:830} INFO - Processing file /opt/airflow/dags/dump_load_dag.py for tasks to queue
[2024-05-08T04:20:01.757+0000] {logging_mixin.py:188} INFO - [2024-05-08T04:20:01.757+0000] {dagbag.py:540} INFO - Filling up the DagBag from /opt/airflow/dags/dump_load_dag.py
[2024-05-08T04:20:01.789+0000] {processor.py:840} INFO - DAG(s) 'mysql_table_dump' retrieved from /opt/airflow/dags/dump_load_dag.py
[2024-05-08T04:20:01.815+0000] {logging_mixin.py:188} INFO - [2024-05-08T04:20:01.815+0000] {dag.py:3096} INFO - Sync 1 DAGs
[2024-05-08T04:20:01.836+0000] {logging_mixin.py:188} INFO - [2024-05-08T04:20:01.836+0000] {dag.py:3954} INFO - Setting next_dagrun for mysql_table_dump to None, run_after=None
[2024-05-08T04:20:01.857+0000] {processor.py:183} INFO - Processing /opt/airflow/dags/dump_load_dag.py took 0.108 seconds
[2024-05-08T04:20:32.460+0000] {processor.py:161} INFO - Started process (PID=251) to work on /opt/airflow/dags/dump_load_dag.py
[2024-05-08T04:20:32.461+0000] {processor.py:830} INFO - Processing file /opt/airflow/dags/dump_load_dag.py for tasks to queue
[2024-05-08T04:20:32.463+0000] {logging_mixin.py:188} INFO - [2024-05-08T04:20:32.463+0000] {dagbag.py:540} INFO - Filling up the DagBag from /opt/airflow/dags/dump_load_dag.py
[2024-05-08T04:20:32.495+0000] {processor.py:840} INFO - DAG(s) 'mysql_table_dump' retrieved from /opt/airflow/dags/dump_load_dag.py
[2024-05-08T04:20:32.519+0000] {logging_mixin.py:188} INFO - [2024-05-08T04:20:32.519+0000] {dag.py:3096} INFO - Sync 1 DAGs
[2024-05-08T04:20:32.542+0000] {logging_mixin.py:188} INFO - [2024-05-08T04:20:32.542+0000] {dag.py:3954} INFO - Setting next_dagrun for mysql_table_dump to None, run_after=None
[2024-05-08T04:20:32.566+0000] {processor.py:183} INFO - Processing /opt/airflow/dags/dump_load_dag.py took 0.112 seconds
[2024-05-08T04:21:03.013+0000] {processor.py:161} INFO - Started process (PID=277) to work on /opt/airflow/dags/dump_load_dag.py
[2024-05-08T04:21:03.014+0000] {processor.py:830} INFO - Processing file /opt/airflow/dags/dump_load_dag.py for tasks to queue
[2024-05-08T04:21:03.016+0000] {logging_mixin.py:188} INFO - [2024-05-08T04:21:03.016+0000] {dagbag.py:540} INFO - Filling up the DagBag from /opt/airflow/dags/dump_load_dag.py
[2024-05-08T04:21:03.047+0000] {processor.py:840} INFO - DAG(s) 'mysql_table_dump' retrieved from /opt/airflow/dags/dump_load_dag.py
[2024-05-08T04:21:03.071+0000] {logging_mixin.py:188} INFO - [2024-05-08T04:21:03.070+0000] {dag.py:3096} INFO - Sync 1 DAGs
[2024-05-08T04:21:03.091+0000] {logging_mixin.py:188} INFO - [2024-05-08T04:21:03.091+0000] {dag.py:3954} INFO - Setting next_dagrun for mysql_table_dump to None, run_after=None
[2024-05-08T04:21:03.115+0000] {processor.py:183} INFO - Processing /opt/airflow/dags/dump_load_dag.py took 0.107 seconds
[2024-05-08T04:21:33.584+0000] {processor.py:161} INFO - Started process (PID=303) to work on /opt/airflow/dags/dump_load_dag.py
[2024-05-08T04:21:33.585+0000] {processor.py:830} INFO - Processing file /opt/airflow/dags/dump_load_dag.py for tasks to queue
[2024-05-08T04:21:33.587+0000] {logging_mixin.py:188} INFO - [2024-05-08T04:21:33.587+0000] {dagbag.py:540} INFO - Filling up the DagBag from /opt/airflow/dags/dump_load_dag.py
[2024-05-08T04:21:33.615+0000] {processor.py:840} INFO - DAG(s) 'mysql_table_dump' retrieved from /opt/airflow/dags/dump_load_dag.py
[2024-05-08T04:21:33.637+0000] {logging_mixin.py:188} INFO - [2024-05-08T04:21:33.637+0000] {dag.py:3096} INFO - Sync 1 DAGs
[2024-05-08T04:21:33.658+0000] {logging_mixin.py:188} INFO - [2024-05-08T04:21:33.658+0000] {dag.py:3954} INFO - Setting next_dagrun for mysql_table_dump to None, run_after=None
[2024-05-08T04:21:33.681+0000] {processor.py:183} INFO - Processing /opt/airflow/dags/dump_load_dag.py took 0.102 seconds
[2024-05-08T04:22:04.059+0000] {processor.py:161} INFO - Started process (PID=329) to work on /opt/airflow/dags/dump_load_dag.py
[2024-05-08T04:22:04.060+0000] {processor.py:830} INFO - Processing file /opt/airflow/dags/dump_load_dag.py for tasks to queue
[2024-05-08T04:22:04.062+0000] {logging_mixin.py:188} INFO - [2024-05-08T04:22:04.062+0000] {dagbag.py:540} INFO - Filling up the DagBag from /opt/airflow/dags/dump_load_dag.py
[2024-05-08T04:22:04.096+0000] {processor.py:840} INFO - DAG(s) 'mysql_table_dump' retrieved from /opt/airflow/dags/dump_load_dag.py
[2024-05-08T04:22:04.123+0000] {logging_mixin.py:188} INFO - [2024-05-08T04:22:04.123+0000] {dag.py:3096} INFO - Sync 1 DAGs
[2024-05-08T04:22:04.148+0000] {logging_mixin.py:188} INFO - [2024-05-08T04:22:04.147+0000] {dag.py:3954} INFO - Setting next_dagrun for mysql_table_dump to None, run_after=None
[2024-05-08T04:22:04.171+0000] {processor.py:183} INFO - Processing /opt/airflow/dags/dump_load_dag.py took 0.118 seconds
[2024-05-08T04:22:34.723+0000] {processor.py:161} INFO - Started process (PID=355) to work on /opt/airflow/dags/dump_load_dag.py
[2024-05-08T04:22:34.724+0000] {processor.py:830} INFO - Processing file /opt/airflow/dags/dump_load_dag.py for tasks to queue
[2024-05-08T04:22:34.726+0000] {logging_mixin.py:188} INFO - [2024-05-08T04:22:34.725+0000] {dagbag.py:540} INFO - Filling up the DagBag from /opt/airflow/dags/dump_load_dag.py
[2024-05-08T04:22:34.761+0000] {processor.py:840} INFO - DAG(s) 'mysql_table_dump' retrieved from /opt/airflow/dags/dump_load_dag.py
[2024-05-08T04:22:34.791+0000] {logging_mixin.py:188} INFO - [2024-05-08T04:22:34.791+0000] {dag.py:3096} INFO - Sync 1 DAGs
[2024-05-08T04:22:34.815+0000] {logging_mixin.py:188} INFO - [2024-05-08T04:22:34.815+0000] {dag.py:3954} INFO - Setting next_dagrun for mysql_table_dump to None, run_after=None
[2024-05-08T04:22:34.839+0000] {processor.py:183} INFO - Processing /opt/airflow/dags/dump_load_dag.py took 0.123 seconds
[2024-05-08T04:23:05.331+0000] {processor.py:161} INFO - Started process (PID=381) to work on /opt/airflow/dags/dump_load_dag.py
[2024-05-08T04:23:05.332+0000] {processor.py:830} INFO - Processing file /opt/airflow/dags/dump_load_dag.py for tasks to queue
[2024-05-08T04:23:05.334+0000] {logging_mixin.py:188} INFO - [2024-05-08T04:23:05.334+0000] {dagbag.py:540} INFO - Filling up the DagBag from /opt/airflow/dags/dump_load_dag.py
[2024-05-08T04:23:05.365+0000] {processor.py:840} INFO - DAG(s) 'mysql_table_dump' retrieved from /opt/airflow/dags/dump_load_dag.py
[2024-05-08T04:23:05.387+0000] {logging_mixin.py:188} INFO - [2024-05-08T04:23:05.387+0000] {dag.py:3096} INFO - Sync 1 DAGs
[2024-05-08T04:23:05.409+0000] {logging_mixin.py:188} INFO - [2024-05-08T04:23:05.408+0000] {dag.py:3954} INFO - Setting next_dagrun for mysql_table_dump to None, run_after=None
[2024-05-08T04:23:05.439+0000] {processor.py:183} INFO - Processing /opt/airflow/dags/dump_load_dag.py took 0.113 seconds
[2024-05-08T04:23:35.905+0000] {processor.py:161} INFO - Started process (PID=408) to work on /opt/airflow/dags/dump_load_dag.py
[2024-05-08T04:23:35.906+0000] {processor.py:830} INFO - Processing file /opt/airflow/dags/dump_load_dag.py for tasks to queue
[2024-05-08T04:23:35.907+0000] {logging_mixin.py:188} INFO - [2024-05-08T04:23:35.907+0000] {dagbag.py:540} INFO - Filling up the DagBag from /opt/airflow/dags/dump_load_dag.py
[2024-05-08T04:23:35.935+0000] {processor.py:840} INFO - DAG(s) 'mysql_table_dump' retrieved from /opt/airflow/dags/dump_load_dag.py
[2024-05-08T04:23:35.960+0000] {logging_mixin.py:188} INFO - [2024-05-08T04:23:35.960+0000] {dag.py:3096} INFO - Sync 1 DAGs
[2024-05-08T04:23:35.992+0000] {logging_mixin.py:188} INFO - [2024-05-08T04:23:35.992+0000] {dag.py:3954} INFO - Setting next_dagrun for mysql_table_dump to None, run_after=None
[2024-05-08T04:23:36.018+0000] {processor.py:183} INFO - Processing /opt/airflow/dags/dump_load_dag.py took 0.119 seconds
[2024-05-08T04:24:06.489+0000] {processor.py:161} INFO - Started process (PID=434) to work on /opt/airflow/dags/dump_load_dag.py
[2024-05-08T04:24:06.490+0000] {processor.py:830} INFO - Processing file /opt/airflow/dags/dump_load_dag.py for tasks to queue
[2024-05-08T04:24:06.492+0000] {logging_mixin.py:188} INFO - [2024-05-08T04:24:06.492+0000] {dagbag.py:540} INFO - Filling up the DagBag from /opt/airflow/dags/dump_load_dag.py
[2024-05-08T04:24:06.523+0000] {processor.py:840} INFO - DAG(s) 'mysql_table_dump' retrieved from /opt/airflow/dags/dump_load_dag.py
[2024-05-08T04:24:06.549+0000] {logging_mixin.py:188} INFO - [2024-05-08T04:24:06.549+0000] {dag.py:3096} INFO - Sync 1 DAGs
[2024-05-08T04:24:06.574+0000] {logging_mixin.py:188} INFO - [2024-05-08T04:24:06.574+0000] {dag.py:3954} INFO - Setting next_dagrun for mysql_table_dump to None, run_after=None
[2024-05-08T04:24:06.627+0000] {processor.py:183} INFO - Processing /opt/airflow/dags/dump_load_dag.py took 0.143 seconds
[2024-05-08T04:24:37.058+0000] {processor.py:161} INFO - Started process (PID=464) to work on /opt/airflow/dags/dump_load_dag.py
[2024-05-08T04:24:37.059+0000] {processor.py:830} INFO - Processing file /opt/airflow/dags/dump_load_dag.py for tasks to queue
[2024-05-08T04:24:37.061+0000] {logging_mixin.py:188} INFO - [2024-05-08T04:24:37.061+0000] {dagbag.py:540} INFO - Filling up the DagBag from /opt/airflow/dags/dump_load_dag.py
[2024-05-08T04:24:37.108+0000] {processor.py:840} INFO - DAG(s) 'mysql_table_dump' retrieved from /opt/airflow/dags/dump_load_dag.py
[2024-05-08T04:24:37.139+0000] {logging_mixin.py:188} INFO - [2024-05-08T04:24:37.139+0000] {dag.py:3096} INFO - Sync 1 DAGs
[2024-05-08T04:24:37.173+0000] {logging_mixin.py:188} INFO - [2024-05-08T04:24:37.173+0000] {dag.py:3954} INFO - Setting next_dagrun for mysql_table_dump to None, run_after=None
[2024-05-08T04:24:37.201+0000] {processor.py:183} INFO - Processing /opt/airflow/dags/dump_load_dag.py took 0.153 seconds
[2024-05-08T04:25:07.625+0000] {processor.py:161} INFO - Started process (PID=490) to work on /opt/airflow/dags/dump_load_dag.py
[2024-05-08T04:25:07.626+0000] {processor.py:830} INFO - Processing file /opt/airflow/dags/dump_load_dag.py for tasks to queue
[2024-05-08T04:25:07.628+0000] {logging_mixin.py:188} INFO - [2024-05-08T04:25:07.628+0000] {dagbag.py:540} INFO - Filling up the DagBag from /opt/airflow/dags/dump_load_dag.py
[2024-05-08T04:25:07.660+0000] {processor.py:840} INFO - DAG(s) 'mysql_table_dump' retrieved from /opt/airflow/dags/dump_load_dag.py
[2024-05-08T04:25:07.684+0000] {logging_mixin.py:188} INFO - [2024-05-08T04:25:07.684+0000] {dag.py:3096} INFO - Sync 1 DAGs
[2024-05-08T04:25:07.705+0000] {logging_mixin.py:188} INFO - [2024-05-08T04:25:07.705+0000] {dag.py:3954} INFO - Setting next_dagrun for mysql_table_dump to None, run_after=None
[2024-05-08T04:25:07.733+0000] {processor.py:183} INFO - Processing /opt/airflow/dags/dump_load_dag.py took 0.114 seconds
[2024-05-08T04:25:38.089+0000] {processor.py:161} INFO - Started process (PID=516) to work on /opt/airflow/dags/dump_load_dag.py
[2024-05-08T04:25:38.090+0000] {processor.py:830} INFO - Processing file /opt/airflow/dags/dump_load_dag.py for tasks to queue
[2024-05-08T04:25:38.091+0000] {logging_mixin.py:188} INFO - [2024-05-08T04:25:38.091+0000] {dagbag.py:540} INFO - Filling up the DagBag from /opt/airflow/dags/dump_load_dag.py
[2024-05-08T04:25:38.122+0000] {processor.py:840} INFO - DAG(s) 'mysql_table_dump' retrieved from /opt/airflow/dags/dump_load_dag.py
[2024-05-08T04:25:38.146+0000] {logging_mixin.py:188} INFO - [2024-05-08T04:25:38.145+0000] {dag.py:3096} INFO - Sync 1 DAGs
[2024-05-08T04:25:38.167+0000] {logging_mixin.py:188} INFO - [2024-05-08T04:25:38.167+0000] {dag.py:3954} INFO - Setting next_dagrun for mysql_table_dump to None, run_after=None
[2024-05-08T04:25:38.190+0000] {processor.py:183} INFO - Processing /opt/airflow/dags/dump_load_dag.py took 0.106 seconds
