[2024-05-08T02:21:17.841+0000] {processor.py:161} INFO - Started process (PID=37) to work on /opt/airflow/dags/email_dag.py
[2024-05-08T02:21:17.843+0000] {processor.py:830} INFO - Processing file /opt/airflow/dags/email_dag.py for tasks to queue
[2024-05-08T02:21:17.846+0000] {logging_mixin.py:188} INFO - [2024-05-08T02:21:17.845+0000] {dagbag.py:540} INFO - Filling up the DagBag from /opt/airflow/dags/email_dag.py
[2024-05-08T02:21:17.912+0000] {processor.py:840} INFO - DAG(s) 'emaildag' retrieved from /opt/airflow/dags/email_dag.py
[2024-05-08T02:21:17.992+0000] {logging_mixin.py:188} INFO - [2024-05-08T02:21:17.991+0000] {dag.py:3096} INFO - Sync 1 DAGs
[2024-05-08T02:21:18.062+0000] {logging_mixin.py:188} INFO - [2024-05-08T02:21:18.061+0000] {dag.py:3954} INFO - Setting next_dagrun for emaildag to 2024-05-07 01:30:00+00:00, run_after=2024-05-08 01:30:00+00:00
[2024-05-08T02:21:18.120+0000] {processor.py:183} INFO - Processing /opt/airflow/dags/email_dag.py took 0.289 seconds
[2024-05-08T02:21:48.676+0000] {processor.py:161} INFO - Started process (PID=47) to work on /opt/airflow/dags/email_dag.py
[2024-05-08T02:21:48.677+0000] {processor.py:830} INFO - Processing file /opt/airflow/dags/email_dag.py for tasks to queue
[2024-05-08T02:21:48.679+0000] {logging_mixin.py:188} INFO - [2024-05-08T02:21:48.679+0000] {dagbag.py:540} INFO - Filling up the DagBag from /opt/airflow/dags/email_dag.py
[2024-05-08T02:21:48.719+0000] {processor.py:840} INFO - DAG(s) 'emaildag' retrieved from /opt/airflow/dags/email_dag.py
[2024-05-08T02:21:48.754+0000] {logging_mixin.py:188} INFO - [2024-05-08T02:21:48.753+0000] {dag.py:3096} INFO - Sync 1 DAGs
[2024-05-08T02:21:48.781+0000] {logging_mixin.py:188} INFO - [2024-05-08T02:21:48.781+0000] {dag.py:3954} INFO - Setting next_dagrun for emaildag to 2024-05-07 01:30:00+00:00, run_after=2024-05-08 01:30:00+00:00
[2024-05-08T02:21:48.808+0000] {processor.py:183} INFO - Processing /opt/airflow/dags/email_dag.py took 0.138 seconds
[2024-05-08T02:22:19.215+0000] {processor.py:161} INFO - Started process (PID=57) to work on /opt/airflow/dags/email_dag.py
[2024-05-08T02:22:19.216+0000] {processor.py:830} INFO - Processing file /opt/airflow/dags/email_dag.py for tasks to queue
[2024-05-08T02:22:19.218+0000] {logging_mixin.py:188} INFO - [2024-05-08T02:22:19.217+0000] {dagbag.py:540} INFO - Filling up the DagBag from /opt/airflow/dags/email_dag.py
[2024-05-08T02:22:19.247+0000] {processor.py:840} INFO - DAG(s) 'emaildag' retrieved from /opt/airflow/dags/email_dag.py
[2024-05-08T02:22:19.273+0000] {logging_mixin.py:188} INFO - [2024-05-08T02:22:19.273+0000] {dag.py:3096} INFO - Sync 1 DAGs
[2024-05-08T02:22:19.300+0000] {logging_mixin.py:188} INFO - [2024-05-08T02:22:19.300+0000] {dag.py:3954} INFO - Setting next_dagrun for emaildag to 2024-05-07 01:30:00+00:00, run_after=2024-05-08 01:30:00+00:00
[2024-05-08T02:22:19.322+0000] {processor.py:183} INFO - Processing /opt/airflow/dags/email_dag.py took 0.114 seconds
[2024-05-08T02:22:49.839+0000] {processor.py:161} INFO - Started process (PID=67) to work on /opt/airflow/dags/email_dag.py
[2024-05-08T02:22:49.843+0000] {processor.py:830} INFO - Processing file /opt/airflow/dags/email_dag.py for tasks to queue
[2024-05-08T02:22:49.845+0000] {logging_mixin.py:188} INFO - [2024-05-08T02:22:49.845+0000] {dagbag.py:540} INFO - Filling up the DagBag from /opt/airflow/dags/email_dag.py
[2024-05-08T02:22:49.892+0000] {processor.py:840} INFO - DAG(s) 'emaildag' retrieved from /opt/airflow/dags/email_dag.py
[2024-05-08T02:22:49.920+0000] {logging_mixin.py:188} INFO - [2024-05-08T02:22:49.919+0000] {dag.py:3096} INFO - Sync 1 DAGs
[2024-05-08T02:22:49.946+0000] {logging_mixin.py:188} INFO - [2024-05-08T02:22:49.946+0000] {dag.py:3954} INFO - Setting next_dagrun for emaildag to 2024-05-07 01:30:00+00:00, run_after=2024-05-08 01:30:00+00:00
[2024-05-08T02:22:49.971+0000] {processor.py:183} INFO - Processing /opt/airflow/dags/email_dag.py took 0.147 seconds
[2024-05-08T02:23:20.475+0000] {processor.py:161} INFO - Started process (PID=77) to work on /opt/airflow/dags/email_dag.py
[2024-05-08T02:23:20.476+0000] {processor.py:830} INFO - Processing file /opt/airflow/dags/email_dag.py for tasks to queue
[2024-05-08T02:23:20.477+0000] {logging_mixin.py:188} INFO - [2024-05-08T02:23:20.477+0000] {dagbag.py:540} INFO - Filling up the DagBag from /opt/airflow/dags/email_dag.py
[2024-05-08T02:23:20.513+0000] {processor.py:840} INFO - DAG(s) 'emaildag' retrieved from /opt/airflow/dags/email_dag.py
[2024-05-08T02:23:20.542+0000] {logging_mixin.py:188} INFO - [2024-05-08T02:23:20.541+0000] {dag.py:3096} INFO - Sync 1 DAGs
[2024-05-08T02:23:20.570+0000] {logging_mixin.py:188} INFO - [2024-05-08T02:23:20.569+0000] {dag.py:3954} INFO - Setting next_dagrun for emaildag to 2024-05-07 01:30:00+00:00, run_after=2024-05-08 01:30:00+00:00
[2024-05-08T02:23:20.590+0000] {processor.py:183} INFO - Processing /opt/airflow/dags/email_dag.py took 0.120 seconds
[2024-05-08T02:23:50.961+0000] {processor.py:161} INFO - Started process (PID=87) to work on /opt/airflow/dags/email_dag.py
[2024-05-08T02:23:50.962+0000] {processor.py:830} INFO - Processing file /opt/airflow/dags/email_dag.py for tasks to queue
[2024-05-08T02:23:50.963+0000] {logging_mixin.py:188} INFO - [2024-05-08T02:23:50.963+0000] {dagbag.py:540} INFO - Filling up the DagBag from /opt/airflow/dags/email_dag.py
[2024-05-08T02:23:51.000+0000] {processor.py:840} INFO - DAG(s) 'emaildag' retrieved from /opt/airflow/dags/email_dag.py
[2024-05-08T02:23:51.025+0000] {logging_mixin.py:188} INFO - [2024-05-08T02:23:51.025+0000] {dag.py:3096} INFO - Sync 1 DAGs
[2024-05-08T02:23:51.051+0000] {logging_mixin.py:188} INFO - [2024-05-08T02:23:51.051+0000] {dag.py:3954} INFO - Setting next_dagrun for emaildag to 2024-05-07 01:30:00+00:00, run_after=2024-05-08 01:30:00+00:00
[2024-05-08T02:23:51.077+0000] {processor.py:183} INFO - Processing /opt/airflow/dags/email_dag.py took 0.123 seconds
[2024-05-08T02:24:21.482+0000] {processor.py:161} INFO - Started process (PID=97) to work on /opt/airflow/dags/email_dag.py
[2024-05-08T02:24:21.483+0000] {processor.py:830} INFO - Processing file /opt/airflow/dags/email_dag.py for tasks to queue
[2024-05-08T02:24:21.484+0000] {logging_mixin.py:188} INFO - [2024-05-08T02:24:21.484+0000] {dagbag.py:540} INFO - Filling up the DagBag from /opt/airflow/dags/email_dag.py
[2024-05-08T02:24:21.524+0000] {processor.py:840} INFO - DAG(s) 'emaildag' retrieved from /opt/airflow/dags/email_dag.py
[2024-05-08T02:24:21.556+0000] {logging_mixin.py:188} INFO - [2024-05-08T02:24:21.556+0000] {dag.py:3096} INFO - Sync 1 DAGs
[2024-05-08T02:24:21.594+0000] {logging_mixin.py:188} INFO - [2024-05-08T02:24:21.593+0000] {dag.py:3954} INFO - Setting next_dagrun for emaildag to 2024-05-07 01:30:00+00:00, run_after=2024-05-08 01:30:00+00:00
[2024-05-08T02:24:21.626+0000] {processor.py:183} INFO - Processing /opt/airflow/dags/email_dag.py took 0.150 seconds
[2024-05-08T02:24:52.031+0000] {processor.py:161} INFO - Started process (PID=107) to work on /opt/airflow/dags/email_dag.py
[2024-05-08T02:24:52.032+0000] {processor.py:830} INFO - Processing file /opt/airflow/dags/email_dag.py for tasks to queue
[2024-05-08T02:24:52.033+0000] {logging_mixin.py:188} INFO - [2024-05-08T02:24:52.033+0000] {dagbag.py:540} INFO - Filling up the DagBag from /opt/airflow/dags/email_dag.py
[2024-05-08T02:24:52.065+0000] {processor.py:840} INFO - DAG(s) 'emaildag' retrieved from /opt/airflow/dags/email_dag.py
[2024-05-08T02:24:52.089+0000] {logging_mixin.py:188} INFO - [2024-05-08T02:24:52.089+0000] {dag.py:3096} INFO - Sync 1 DAGs
[2024-05-08T02:24:52.116+0000] {logging_mixin.py:188} INFO - [2024-05-08T02:24:52.116+0000] {dag.py:3954} INFO - Setting next_dagrun for emaildag to 2024-05-07 01:30:00+00:00, run_after=2024-05-08 01:30:00+00:00
[2024-05-08T02:24:52.138+0000] {processor.py:183} INFO - Processing /opt/airflow/dags/email_dag.py took 0.113 seconds
[2024-05-08T02:25:22.684+0000] {processor.py:161} INFO - Started process (PID=117) to work on /opt/airflow/dags/email_dag.py
[2024-05-08T02:25:22.685+0000] {processor.py:830} INFO - Processing file /opt/airflow/dags/email_dag.py for tasks to queue
[2024-05-08T02:25:22.687+0000] {logging_mixin.py:188} INFO - [2024-05-08T02:25:22.687+0000] {dagbag.py:540} INFO - Filling up the DagBag from /opt/airflow/dags/email_dag.py
[2024-05-08T02:25:22.727+0000] {processor.py:840} INFO - DAG(s) 'emaildag' retrieved from /opt/airflow/dags/email_dag.py
[2024-05-08T02:25:22.754+0000] {logging_mixin.py:188} INFO - [2024-05-08T02:25:22.753+0000] {dag.py:3096} INFO - Sync 1 DAGs
[2024-05-08T02:25:22.777+0000] {logging_mixin.py:188} INFO - [2024-05-08T02:25:22.777+0000] {dag.py:3954} INFO - Setting next_dagrun for emaildag to 2024-05-07 01:30:00+00:00, run_after=2024-05-08 01:30:00+00:00
[2024-05-08T02:25:22.800+0000] {processor.py:183} INFO - Processing /opt/airflow/dags/email_dag.py took 0.122 seconds
[2024-05-08T02:25:52.993+0000] {processor.py:161} INFO - Started process (PID=129) to work on /opt/airflow/dags/email_dag.py
[2024-05-08T02:25:52.994+0000] {processor.py:830} INFO - Processing file /opt/airflow/dags/email_dag.py for tasks to queue
[2024-05-08T02:25:52.996+0000] {logging_mixin.py:188} INFO - [2024-05-08T02:25:52.995+0000] {dagbag.py:540} INFO - Filling up the DagBag from /opt/airflow/dags/email_dag.py
[2024-05-08T02:25:53.031+0000] {processor.py:840} INFO - DAG(s) 'emaildag' retrieved from /opt/airflow/dags/email_dag.py
[2024-05-08T02:25:53.058+0000] {logging_mixin.py:188} INFO - [2024-05-08T02:25:53.058+0000] {dag.py:3096} INFO - Sync 1 DAGs
[2024-05-08T02:25:53.098+0000] {logging_mixin.py:188} INFO - [2024-05-08T02:25:53.097+0000] {dag.py:3954} INFO - Setting next_dagrun for emaildag to 2024-05-07 01:30:00+00:00, run_after=2024-05-08 01:30:00+00:00
[2024-05-08T02:25:53.127+0000] {processor.py:183} INFO - Processing /opt/airflow/dags/email_dag.py took 0.142 seconds
[2024-05-08T02:26:23.709+0000] {processor.py:161} INFO - Started process (PID=139) to work on /opt/airflow/dags/email_dag.py
[2024-05-08T02:26:23.710+0000] {processor.py:830} INFO - Processing file /opt/airflow/dags/email_dag.py for tasks to queue
[2024-05-08T02:26:23.711+0000] {logging_mixin.py:188} INFO - [2024-05-08T02:26:23.711+0000] {dagbag.py:540} INFO - Filling up the DagBag from /opt/airflow/dags/email_dag.py
[2024-05-08T02:26:23.750+0000] {processor.py:840} INFO - DAG(s) 'emaildag' retrieved from /opt/airflow/dags/email_dag.py
[2024-05-08T02:26:23.876+0000] {logging_mixin.py:188} INFO - [2024-05-08T02:26:23.875+0000] {dag.py:3096} INFO - Sync 1 DAGs
[2024-05-08T02:26:23.900+0000] {logging_mixin.py:188} INFO - [2024-05-08T02:26:23.899+0000] {dag.py:3954} INFO - Setting next_dagrun for emaildag to 2024-05-07 01:30:00+00:00, run_after=2024-05-08 01:30:00+00:00
[2024-05-08T02:26:23.929+0000] {processor.py:183} INFO - Processing /opt/airflow/dags/email_dag.py took 0.229 seconds
[2024-05-08T02:26:54.333+0000] {processor.py:161} INFO - Started process (PID=149) to work on /opt/airflow/dags/email_dag.py
[2024-05-08T02:26:54.334+0000] {processor.py:830} INFO - Processing file /opt/airflow/dags/email_dag.py for tasks to queue
[2024-05-08T02:26:54.336+0000] {logging_mixin.py:188} INFO - [2024-05-08T02:26:54.335+0000] {dagbag.py:540} INFO - Filling up the DagBag from /opt/airflow/dags/email_dag.py
[2024-05-08T02:26:54.377+0000] {processor.py:840} INFO - DAG(s) 'emaildag' retrieved from /opt/airflow/dags/email_dag.py
[2024-05-08T02:26:54.410+0000] {logging_mixin.py:188} INFO - [2024-05-08T02:26:54.409+0000] {dag.py:3096} INFO - Sync 1 DAGs
[2024-05-08T02:26:54.445+0000] {logging_mixin.py:188} INFO - [2024-05-08T02:26:54.444+0000] {dag.py:3954} INFO - Setting next_dagrun for emaildag to 2024-05-07 01:30:00+00:00, run_after=2024-05-08 01:30:00+00:00
[2024-05-08T02:26:54.471+0000] {processor.py:183} INFO - Processing /opt/airflow/dags/email_dag.py took 0.148 seconds
[2024-05-08T02:27:24.954+0000] {processor.py:161} INFO - Started process (PID=159) to work on /opt/airflow/dags/email_dag.py
[2024-05-08T02:27:24.955+0000] {processor.py:830} INFO - Processing file /opt/airflow/dags/email_dag.py for tasks to queue
[2024-05-08T02:27:24.957+0000] {logging_mixin.py:188} INFO - [2024-05-08T02:27:24.956+0000] {dagbag.py:540} INFO - Filling up the DagBag from /opt/airflow/dags/email_dag.py
[2024-05-08T02:27:24.994+0000] {processor.py:840} INFO - DAG(s) 'emaildag' retrieved from /opt/airflow/dags/email_dag.py
[2024-05-08T02:27:25.022+0000] {logging_mixin.py:188} INFO - [2024-05-08T02:27:25.022+0000] {dag.py:3096} INFO - Sync 1 DAGs
[2024-05-08T02:27:25.047+0000] {logging_mixin.py:188} INFO - [2024-05-08T02:27:25.047+0000] {dag.py:3954} INFO - Setting next_dagrun for emaildag to 2024-05-07 01:30:00+00:00, run_after=2024-05-08 01:30:00+00:00
[2024-05-08T02:27:25.080+0000] {processor.py:183} INFO - Processing /opt/airflow/dags/email_dag.py took 0.133 seconds
[2024-05-08T02:27:55.511+0000] {processor.py:161} INFO - Started process (PID=169) to work on /opt/airflow/dags/email_dag.py
[2024-05-08T02:27:55.512+0000] {processor.py:830} INFO - Processing file /opt/airflow/dags/email_dag.py for tasks to queue
[2024-05-08T02:27:55.513+0000] {logging_mixin.py:188} INFO - [2024-05-08T02:27:55.513+0000] {dagbag.py:540} INFO - Filling up the DagBag from /opt/airflow/dags/email_dag.py
[2024-05-08T02:27:55.550+0000] {processor.py:840} INFO - DAG(s) 'emaildag' retrieved from /opt/airflow/dags/email_dag.py
[2024-05-08T02:27:55.576+0000] {logging_mixin.py:188} INFO - [2024-05-08T02:27:55.576+0000] {dag.py:3096} INFO - Sync 1 DAGs
[2024-05-08T02:27:55.604+0000] {logging_mixin.py:188} INFO - [2024-05-08T02:27:55.604+0000] {dag.py:3954} INFO - Setting next_dagrun for emaildag to 2024-05-07 01:30:00+00:00, run_after=2024-05-08 01:30:00+00:00
[2024-05-08T02:27:55.628+0000] {processor.py:183} INFO - Processing /opt/airflow/dags/email_dag.py took 0.124 seconds
[2024-05-08T02:28:26.153+0000] {processor.py:161} INFO - Started process (PID=179) to work on /opt/airflow/dags/email_dag.py
[2024-05-08T02:28:26.154+0000] {processor.py:830} INFO - Processing file /opt/airflow/dags/email_dag.py for tasks to queue
[2024-05-08T02:28:26.156+0000] {logging_mixin.py:188} INFO - [2024-05-08T02:28:26.155+0000] {dagbag.py:540} INFO - Filling up the DagBag from /opt/airflow/dags/email_dag.py
[2024-05-08T02:28:26.187+0000] {processor.py:840} INFO - DAG(s) 'emaildag' retrieved from /opt/airflow/dags/email_dag.py
[2024-05-08T02:28:26.227+0000] {logging_mixin.py:188} INFO - [2024-05-08T02:28:26.227+0000] {dag.py:3096} INFO - Sync 1 DAGs
[2024-05-08T02:28:26.260+0000] {logging_mixin.py:188} INFO - [2024-05-08T02:28:26.259+0000] {dag.py:3954} INFO - Setting next_dagrun for emaildag to 2024-05-07 01:30:00+00:00, run_after=2024-05-08 01:30:00+00:00
[2024-05-08T02:28:26.289+0000] {processor.py:183} INFO - Processing /opt/airflow/dags/email_dag.py took 0.145 seconds
[2024-05-08T04:05:11.615+0000] {processor.py:161} INFO - Started process (PID=32) to work on /opt/airflow/dags/email_dag.py
[2024-05-08T04:05:11.617+0000] {processor.py:830} INFO - Processing file /opt/airflow/dags/email_dag.py for tasks to queue
[2024-05-08T04:05:11.619+0000] {logging_mixin.py:188} INFO - [2024-05-08T04:05:11.619+0000] {dagbag.py:540} INFO - Filling up the DagBag from /opt/airflow/dags/email_dag.py
[2024-05-08T04:05:11.660+0000] {processor.py:840} INFO - DAG(s) 'emaildag' retrieved from /opt/airflow/dags/email_dag.py
[2024-05-08T04:05:11.695+0000] {logging_mixin.py:188} INFO - [2024-05-08T04:05:11.694+0000] {dag.py:3096} INFO - Sync 1 DAGs
[2024-05-08T04:05:11.729+0000] {logging_mixin.py:188} INFO - [2024-05-08T04:05:11.729+0000] {dag.py:3954} INFO - Setting next_dagrun for emaildag to 2024-05-07 01:30:00+00:00, run_after=2024-05-08 01:30:00+00:00
[2024-05-08T04:05:11.754+0000] {processor.py:183} INFO - Processing /opt/airflow/dags/email_dag.py took 0.145 seconds
[2024-05-08T04:05:42.240+0000] {processor.py:161} INFO - Started process (PID=42) to work on /opt/airflow/dags/email_dag.py
[2024-05-08T04:05:42.241+0000] {processor.py:830} INFO - Processing file /opt/airflow/dags/email_dag.py for tasks to queue
[2024-05-08T04:05:42.242+0000] {logging_mixin.py:188} INFO - [2024-05-08T04:05:42.242+0000] {dagbag.py:540} INFO - Filling up the DagBag from /opt/airflow/dags/email_dag.py
[2024-05-08T04:05:42.262+0000] {processor.py:840} INFO - DAG(s) 'emaildag' retrieved from /opt/airflow/dags/email_dag.py
[2024-05-08T04:05:42.283+0000] {logging_mixin.py:188} INFO - [2024-05-08T04:05:42.282+0000] {dag.py:3096} INFO - Sync 1 DAGs
[2024-05-08T04:05:42.301+0000] {logging_mixin.py:188} INFO - [2024-05-08T04:05:42.301+0000] {dag.py:3954} INFO - Setting next_dagrun for emaildag to 2024-05-07 01:30:00+00:00, run_after=2024-05-08 01:30:00+00:00
[2024-05-08T04:05:42.320+0000] {processor.py:183} INFO - Processing /opt/airflow/dags/email_dag.py took 0.084 seconds
[2024-05-08T04:06:12.843+0000] {processor.py:161} INFO - Started process (PID=53) to work on /opt/airflow/dags/email_dag.py
[2024-05-08T04:06:12.844+0000] {processor.py:830} INFO - Processing file /opt/airflow/dags/email_dag.py for tasks to queue
[2024-05-08T04:06:12.845+0000] {logging_mixin.py:188} INFO - [2024-05-08T04:06:12.845+0000] {dagbag.py:540} INFO - Filling up the DagBag from /opt/airflow/dags/email_dag.py
[2024-05-08T04:06:12.865+0000] {processor.py:840} INFO - DAG(s) 'emaildag' retrieved from /opt/airflow/dags/email_dag.py
[2024-05-08T04:06:12.889+0000] {logging_mixin.py:188} INFO - [2024-05-08T04:06:12.889+0000] {dag.py:3096} INFO - Sync 1 DAGs
[2024-05-08T04:06:12.909+0000] {logging_mixin.py:188} INFO - [2024-05-08T04:06:12.909+0000] {dag.py:3954} INFO - Setting next_dagrun for emaildag to 2024-05-07 01:30:00+00:00, run_after=2024-05-08 01:30:00+00:00
[2024-05-08T04:06:12.933+0000] {processor.py:183} INFO - Processing /opt/airflow/dags/email_dag.py took 0.094 seconds
[2024-05-08T04:06:43.390+0000] {processor.py:161} INFO - Started process (PID=63) to work on /opt/airflow/dags/email_dag.py
[2024-05-08T04:06:43.391+0000] {processor.py:830} INFO - Processing file /opt/airflow/dags/email_dag.py for tasks to queue
[2024-05-08T04:06:43.392+0000] {logging_mixin.py:188} INFO - [2024-05-08T04:06:43.392+0000] {dagbag.py:540} INFO - Filling up the DagBag from /opt/airflow/dags/email_dag.py
[2024-05-08T04:06:43.412+0000] {processor.py:840} INFO - DAG(s) 'emaildag' retrieved from /opt/airflow/dags/email_dag.py
[2024-05-08T04:06:43.433+0000] {logging_mixin.py:188} INFO - [2024-05-08T04:06:43.433+0000] {dag.py:3096} INFO - Sync 1 DAGs
[2024-05-08T04:06:43.451+0000] {logging_mixin.py:188} INFO - [2024-05-08T04:06:43.450+0000] {dag.py:3954} INFO - Setting next_dagrun for emaildag to 2024-05-07 01:30:00+00:00, run_after=2024-05-08 01:30:00+00:00
[2024-05-08T04:06:43.470+0000] {processor.py:183} INFO - Processing /opt/airflow/dags/email_dag.py took 0.085 seconds
[2024-05-08T04:07:45.507+0000] {processor.py:161} INFO - Started process (PID=175) to work on /opt/airflow/dags/email_dag.py
[2024-05-08T04:07:45.508+0000] {processor.py:830} INFO - Processing file /opt/airflow/dags/email_dag.py for tasks to queue
[2024-05-08T04:07:45.511+0000] {logging_mixin.py:188} INFO - [2024-05-08T04:07:45.510+0000] {dagbag.py:540} INFO - Filling up the DagBag from /opt/airflow/dags/email_dag.py
[2024-05-08T04:07:45.583+0000] {processor.py:840} INFO - DAG(s) 'emaildag' retrieved from /opt/airflow/dags/email_dag.py
[2024-05-08T04:07:45.736+0000] {logging_mixin.py:188} INFO - [2024-05-08T04:07:45.735+0000] {dag.py:3096} INFO - Sync 1 DAGs
[2024-05-08T04:07:45.758+0000] {logging_mixin.py:188} INFO - [2024-05-08T04:07:45.758+0000] {dag.py:3954} INFO - Setting next_dagrun for emaildag to 2024-05-07 01:30:00+00:00, run_after=2024-05-08 01:30:00+00:00
[2024-05-08T04:07:45.783+0000] {processor.py:183} INFO - Processing /opt/airflow/dags/email_dag.py took 0.285 seconds
[2024-05-08T04:14:41.628+0000] {processor.py:161} INFO - Started process (PID=181) to work on /opt/airflow/dags/email_dag.py
[2024-05-08T04:14:41.633+0000] {processor.py:830} INFO - Processing file /opt/airflow/dags/email_dag.py for tasks to queue
[2024-05-08T04:14:41.653+0000] {logging_mixin.py:188} INFO - [2024-05-08T04:14:41.648+0000] {dagbag.py:540} INFO - Filling up the DagBag from /opt/airflow/dags/email_dag.py
[2024-05-08T04:14:41.896+0000] {processor.py:840} INFO - DAG(s) 'emaildag' retrieved from /opt/airflow/dags/email_dag.py
[2024-05-08T04:14:42.120+0000] {logging_mixin.py:188} INFO - [2024-05-08T04:14:42.119+0000] {override.py:1829} INFO - Created Permission View: can read on DAG:emaildag
[2024-05-08T04:14:42.151+0000] {logging_mixin.py:188} INFO - [2024-05-08T04:14:42.150+0000] {override.py:1829} INFO - Created Permission View: can delete on DAG:emaildag
[2024-05-08T04:14:42.170+0000] {logging_mixin.py:188} INFO - [2024-05-08T04:14:42.169+0000] {override.py:1829} INFO - Created Permission View: can edit on DAG:emaildag
[2024-05-08T04:14:42.171+0000] {logging_mixin.py:188} INFO - [2024-05-08T04:14:42.171+0000] {dag.py:3096} INFO - Sync 1 DAGs
[2024-05-08T04:14:42.192+0000] {logging_mixin.py:188} INFO - [2024-05-08T04:14:42.192+0000] {dag.py:3118} INFO - Creating ORM DAG for emaildag
[2024-05-08T04:14:42.215+0000] {logging_mixin.py:188} INFO - [2024-05-08T04:14:42.215+0000] {dag.py:3954} INFO - Setting next_dagrun for emaildag to 2024-05-07 01:30:00+00:00, run_after=2024-05-08 01:30:00+00:00
[2024-05-08T04:14:42.284+0000] {processor.py:183} INFO - Processing /opt/airflow/dags/email_dag.py took 0.665 seconds
[2024-05-08T04:15:12.823+0000] {processor.py:161} INFO - Started process (PID=207) to work on /opt/airflow/dags/email_dag.py
[2024-05-08T04:15:12.824+0000] {processor.py:830} INFO - Processing file /opt/airflow/dags/email_dag.py for tasks to queue
[2024-05-08T04:15:12.826+0000] {logging_mixin.py:188} INFO - [2024-05-08T04:15:12.825+0000] {dagbag.py:540} INFO - Filling up the DagBag from /opt/airflow/dags/email_dag.py
[2024-05-08T04:15:12.858+0000] {processor.py:840} INFO - DAG(s) 'emaildag' retrieved from /opt/airflow/dags/email_dag.py
[2024-05-08T04:15:12.885+0000] {logging_mixin.py:188} INFO - [2024-05-08T04:15:12.884+0000] {dag.py:3096} INFO - Sync 1 DAGs
[2024-05-08T04:15:12.909+0000] {logging_mixin.py:188} INFO - [2024-05-08T04:15:12.909+0000] {dag.py:3954} INFO - Setting next_dagrun for emaildag to 2024-05-07 01:30:00+00:00, run_after=2024-05-08 01:30:00+00:00
[2024-05-08T04:15:12.933+0000] {processor.py:183} INFO - Processing /opt/airflow/dags/email_dag.py took 0.117 seconds
[2024-05-08T04:15:43.282+0000] {processor.py:161} INFO - Started process (PID=233) to work on /opt/airflow/dags/email_dag.py
[2024-05-08T04:15:43.283+0000] {processor.py:830} INFO - Processing file /opt/airflow/dags/email_dag.py for tasks to queue
[2024-05-08T04:15:43.285+0000] {logging_mixin.py:188} INFO - [2024-05-08T04:15:43.284+0000] {dagbag.py:540} INFO - Filling up the DagBag from /opt/airflow/dags/email_dag.py
[2024-05-08T04:15:43.311+0000] {processor.py:840} INFO - DAG(s) 'emaildag' retrieved from /opt/airflow/dags/email_dag.py
[2024-05-08T04:15:43.335+0000] {logging_mixin.py:188} INFO - [2024-05-08T04:15:43.335+0000] {dag.py:3096} INFO - Sync 1 DAGs
[2024-05-08T04:15:43.358+0000] {logging_mixin.py:188} INFO - [2024-05-08T04:15:43.358+0000] {dag.py:3954} INFO - Setting next_dagrun for emaildag to 2024-05-07 01:30:00+00:00, run_after=2024-05-08 01:30:00+00:00
[2024-05-08T04:15:43.384+0000] {processor.py:183} INFO - Processing /opt/airflow/dags/email_dag.py took 0.108 seconds
[2024-05-08T04:16:13.746+0000] {processor.py:161} INFO - Started process (PID=259) to work on /opt/airflow/dags/email_dag.py
[2024-05-08T04:16:13.747+0000] {processor.py:830} INFO - Processing file /opt/airflow/dags/email_dag.py for tasks to queue
[2024-05-08T04:16:13.749+0000] {logging_mixin.py:188} INFO - [2024-05-08T04:16:13.749+0000] {dagbag.py:540} INFO - Filling up the DagBag from /opt/airflow/dags/email_dag.py
[2024-05-08T04:16:13.776+0000] {processor.py:840} INFO - DAG(s) 'emaildag' retrieved from /opt/airflow/dags/email_dag.py
[2024-05-08T04:16:13.799+0000] {logging_mixin.py:188} INFO - [2024-05-08T04:16:13.799+0000] {dag.py:3096} INFO - Sync 1 DAGs
[2024-05-08T04:16:13.826+0000] {logging_mixin.py:188} INFO - [2024-05-08T04:16:13.826+0000] {dag.py:3954} INFO - Setting next_dagrun for emaildag to 2024-05-07 01:30:00+00:00, run_after=2024-05-08 01:30:00+00:00
[2024-05-08T04:16:13.851+0000] {processor.py:183} INFO - Processing /opt/airflow/dags/email_dag.py took 0.111 seconds
[2024-05-08T04:16:44.229+0000] {processor.py:161} INFO - Started process (PID=285) to work on /opt/airflow/dags/email_dag.py
[2024-05-08T04:16:44.230+0000] {processor.py:830} INFO - Processing file /opt/airflow/dags/email_dag.py for tasks to queue
[2024-05-08T04:16:44.232+0000] {logging_mixin.py:188} INFO - [2024-05-08T04:16:44.231+0000] {dagbag.py:540} INFO - Filling up the DagBag from /opt/airflow/dags/email_dag.py
[2024-05-08T04:16:44.254+0000] {processor.py:840} INFO - DAG(s) 'emaildag' retrieved from /opt/airflow/dags/email_dag.py
[2024-05-08T04:16:44.275+0000] {logging_mixin.py:188} INFO - [2024-05-08T04:16:44.275+0000] {dag.py:3096} INFO - Sync 1 DAGs
[2024-05-08T04:16:44.298+0000] {logging_mixin.py:188} INFO - [2024-05-08T04:16:44.298+0000] {dag.py:3954} INFO - Setting next_dagrun for emaildag to 2024-05-07 01:30:00+00:00, run_after=2024-05-08 01:30:00+00:00
[2024-05-08T04:16:44.323+0000] {processor.py:183} INFO - Processing /opt/airflow/dags/email_dag.py took 0.098 seconds
[2024-05-08T04:17:14.738+0000] {processor.py:161} INFO - Started process (PID=311) to work on /opt/airflow/dags/email_dag.py
[2024-05-08T04:17:14.740+0000] {processor.py:830} INFO - Processing file /opt/airflow/dags/email_dag.py for tasks to queue
[2024-05-08T04:17:14.741+0000] {logging_mixin.py:188} INFO - [2024-05-08T04:17:14.741+0000] {dagbag.py:540} INFO - Filling up the DagBag from /opt/airflow/dags/email_dag.py
[2024-05-08T04:17:14.777+0000] {processor.py:840} INFO - DAG(s) 'emaildag' retrieved from /opt/airflow/dags/email_dag.py
[2024-05-08T04:17:14.815+0000] {logging_mixin.py:188} INFO - [2024-05-08T04:17:14.815+0000] {dag.py:3096} INFO - Sync 1 DAGs
[2024-05-08T04:17:14.846+0000] {logging_mixin.py:188} INFO - [2024-05-08T04:17:14.846+0000] {dag.py:3954} INFO - Setting next_dagrun for emaildag to 2024-05-07 01:30:00+00:00, run_after=2024-05-08 01:30:00+00:00
[2024-05-08T04:17:14.867+0000] {processor.py:183} INFO - Processing /opt/airflow/dags/email_dag.py took 0.134 seconds
[2024-05-08T04:17:45.248+0000] {processor.py:161} INFO - Started process (PID=339) to work on /opt/airflow/dags/email_dag.py
[2024-05-08T04:17:45.249+0000] {processor.py:830} INFO - Processing file /opt/airflow/dags/email_dag.py for tasks to queue
[2024-05-08T04:17:45.251+0000] {logging_mixin.py:188} INFO - [2024-05-08T04:17:45.250+0000] {dagbag.py:540} INFO - Filling up the DagBag from /opt/airflow/dags/email_dag.py
[2024-05-08T04:17:45.273+0000] {processor.py:840} INFO - DAG(s) 'emaildag' retrieved from /opt/airflow/dags/email_dag.py
[2024-05-08T04:17:45.297+0000] {logging_mixin.py:188} INFO - [2024-05-08T04:17:45.297+0000] {dag.py:3096} INFO - Sync 1 DAGs
[2024-05-08T04:17:45.318+0000] {logging_mixin.py:188} INFO - [2024-05-08T04:17:45.318+0000] {dag.py:3954} INFO - Setting next_dagrun for emaildag to 2024-05-07 01:30:00+00:00, run_after=2024-05-08 01:30:00+00:00
[2024-05-08T04:17:45.389+0000] {processor.py:183} INFO - Processing /opt/airflow/dags/email_dag.py took 0.146 seconds
[2024-05-08T04:19:00.634+0000] {processor.py:161} INFO - Started process (PID=176) to work on /opt/airflow/dags/email_dag.py
[2024-05-08T04:19:00.636+0000] {processor.py:830} INFO - Processing file /opt/airflow/dags/email_dag.py for tasks to queue
[2024-05-08T04:19:00.638+0000] {logging_mixin.py:188} INFO - [2024-05-08T04:19:00.637+0000] {dagbag.py:540} INFO - Filling up the DagBag from /opt/airflow/dags/email_dag.py
[2024-05-08T04:19:00.664+0000] {processor.py:840} INFO - DAG(s) 'emaildag' retrieved from /opt/airflow/dags/email_dag.py
[2024-05-08T04:19:00.766+0000] {logging_mixin.py:188} INFO - [2024-05-08T04:19:00.766+0000] {dag.py:3096} INFO - Sync 1 DAGs
[2024-05-08T04:19:00.789+0000] {logging_mixin.py:188} INFO - [2024-05-08T04:19:00.789+0000] {dag.py:3954} INFO - Setting next_dagrun for emaildag to 2024-05-07 01:30:00+00:00, run_after=2024-05-08 01:30:00+00:00
[2024-05-08T04:19:00.817+0000] {processor.py:183} INFO - Processing /opt/airflow/dags/email_dag.py took 0.187 seconds
[2024-05-08T04:19:31.306+0000] {processor.py:161} INFO - Started process (PID=202) to work on /opt/airflow/dags/email_dag.py
[2024-05-08T04:19:31.307+0000] {processor.py:830} INFO - Processing file /opt/airflow/dags/email_dag.py for tasks to queue
[2024-05-08T04:19:31.309+0000] {logging_mixin.py:188} INFO - [2024-05-08T04:19:31.309+0000] {dagbag.py:540} INFO - Filling up the DagBag from /opt/airflow/dags/email_dag.py
[2024-05-08T04:19:31.340+0000] {processor.py:840} INFO - DAG(s) 'emaildag' retrieved from /opt/airflow/dags/email_dag.py
[2024-05-08T04:19:31.371+0000] {logging_mixin.py:188} INFO - [2024-05-08T04:19:31.370+0000] {dag.py:3096} INFO - Sync 1 DAGs
[2024-05-08T04:19:31.398+0000] {logging_mixin.py:188} INFO - [2024-05-08T04:19:31.398+0000] {dag.py:3954} INFO - Setting next_dagrun for emaildag to 2024-05-07 01:30:00+00:00, run_after=2024-05-08 01:30:00+00:00
[2024-05-08T04:19:31.426+0000] {processor.py:183} INFO - Processing /opt/airflow/dags/email_dag.py took 0.126 seconds
[2024-05-08T04:20:01.880+0000] {processor.py:161} INFO - Started process (PID=230) to work on /opt/airflow/dags/email_dag.py
[2024-05-08T04:20:01.881+0000] {processor.py:830} INFO - Processing file /opt/airflow/dags/email_dag.py for tasks to queue
[2024-05-08T04:20:01.883+0000] {logging_mixin.py:188} INFO - [2024-05-08T04:20:01.882+0000] {dagbag.py:540} INFO - Filling up the DagBag from /opt/airflow/dags/email_dag.py
[2024-05-08T04:20:01.901+0000] {processor.py:840} INFO - DAG(s) 'emaildag' retrieved from /opt/airflow/dags/email_dag.py
[2024-05-08T04:20:01.927+0000] {logging_mixin.py:188} INFO - [2024-05-08T04:20:01.927+0000] {dag.py:3096} INFO - Sync 1 DAGs
[2024-05-08T04:20:01.945+0000] {logging_mixin.py:188} INFO - [2024-05-08T04:20:01.945+0000] {dag.py:3954} INFO - Setting next_dagrun for emaildag to 2024-05-07 01:30:00+00:00, run_after=2024-05-08 01:30:00+00:00
[2024-05-08T04:20:01.968+0000] {processor.py:183} INFO - Processing /opt/airflow/dags/email_dag.py took 0.092 seconds
[2024-05-08T04:20:26.235+0000] {processor.py:161} INFO - Started process (PID=246) to work on /opt/airflow/dags/email_dag.py
[2024-05-08T04:20:26.236+0000] {processor.py:830} INFO - Processing file /opt/airflow/dags/email_dag.py for tasks to queue
[2024-05-08T04:20:26.238+0000] {logging_mixin.py:188} INFO - [2024-05-08T04:20:26.238+0000] {dagbag.py:540} INFO - Filling up the DagBag from /opt/airflow/dags/email_dag.py
[2024-05-08T04:20:26.275+0000] {processor.py:840} INFO - DAG(s) 'emaildag' retrieved from /opt/airflow/dags/email_dag.py
[2024-05-08T04:20:26.380+0000] {logging_mixin.py:188} INFO - [2024-05-08T04:20:26.379+0000] {dag.py:3096} INFO - Sync 1 DAGs
[2024-05-08T04:20:26.399+0000] {logging_mixin.py:188} INFO - [2024-05-08T04:20:26.399+0000] {dag.py:3954} INFO - Setting next_dagrun for emaildag to 2024-05-07 01:15:00+00:00, run_after=2024-05-08 01:15:00+00:00
[2024-05-08T04:20:26.433+0000] {processor.py:183} INFO - Processing /opt/airflow/dags/email_dag.py took 0.203 seconds
[2024-05-08T04:20:56.857+0000] {processor.py:161} INFO - Started process (PID=272) to work on /opt/airflow/dags/email_dag.py
[2024-05-08T04:20:56.858+0000] {processor.py:830} INFO - Processing file /opt/airflow/dags/email_dag.py for tasks to queue
[2024-05-08T04:20:56.859+0000] {logging_mixin.py:188} INFO - [2024-05-08T04:20:56.859+0000] {dagbag.py:540} INFO - Filling up the DagBag from /opt/airflow/dags/email_dag.py
[2024-05-08T04:20:56.880+0000] {processor.py:840} INFO - DAG(s) 'emaildag' retrieved from /opt/airflow/dags/email_dag.py
[2024-05-08T04:20:56.901+0000] {logging_mixin.py:188} INFO - [2024-05-08T04:20:56.901+0000] {dag.py:3096} INFO - Sync 1 DAGs
[2024-05-08T04:20:56.922+0000] {logging_mixin.py:188} INFO - [2024-05-08T04:20:56.922+0000] {dag.py:3954} INFO - Setting next_dagrun for emaildag to 2024-05-07 01:15:00+00:00, run_after=2024-05-08 01:15:00+00:00
[2024-05-08T04:20:56.943+0000] {processor.py:183} INFO - Processing /opt/airflow/dags/email_dag.py took 0.092 seconds
[2024-05-08T04:21:27.404+0000] {processor.py:161} INFO - Started process (PID=298) to work on /opt/airflow/dags/email_dag.py
[2024-05-08T04:21:27.405+0000] {processor.py:830} INFO - Processing file /opt/airflow/dags/email_dag.py for tasks to queue
[2024-05-08T04:21:27.406+0000] {logging_mixin.py:188} INFO - [2024-05-08T04:21:27.406+0000] {dagbag.py:540} INFO - Filling up the DagBag from /opt/airflow/dags/email_dag.py
[2024-05-08T04:21:27.428+0000] {processor.py:840} INFO - DAG(s) 'emaildag' retrieved from /opt/airflow/dags/email_dag.py
[2024-05-08T04:21:27.450+0000] {logging_mixin.py:188} INFO - [2024-05-08T04:21:27.450+0000] {dag.py:3096} INFO - Sync 1 DAGs
[2024-05-08T04:21:27.468+0000] {logging_mixin.py:188} INFO - [2024-05-08T04:21:27.468+0000] {dag.py:3954} INFO - Setting next_dagrun for emaildag to 2024-05-07 01:15:00+00:00, run_after=2024-05-08 01:15:00+00:00
[2024-05-08T04:21:27.492+0000] {processor.py:183} INFO - Processing /opt/airflow/dags/email_dag.py took 0.093 seconds
[2024-05-08T04:21:57.984+0000] {processor.py:161} INFO - Started process (PID=324) to work on /opt/airflow/dags/email_dag.py
[2024-05-08T04:21:57.985+0000] {processor.py:830} INFO - Processing file /opt/airflow/dags/email_dag.py for tasks to queue
[2024-05-08T04:21:57.986+0000] {logging_mixin.py:188} INFO - [2024-05-08T04:21:57.986+0000] {dagbag.py:540} INFO - Filling up the DagBag from /opt/airflow/dags/email_dag.py
[2024-05-08T04:21:58.006+0000] {processor.py:840} INFO - DAG(s) 'emaildag' retrieved from /opt/airflow/dags/email_dag.py
[2024-05-08T04:21:58.028+0000] {logging_mixin.py:188} INFO - [2024-05-08T04:21:58.028+0000] {dag.py:3096} INFO - Sync 1 DAGs
[2024-05-08T04:21:58.047+0000] {logging_mixin.py:188} INFO - [2024-05-08T04:21:58.047+0000] {dag.py:3954} INFO - Setting next_dagrun for emaildag to 2024-05-07 01:15:00+00:00, run_after=2024-05-08 01:15:00+00:00
[2024-05-08T04:21:58.068+0000] {processor.py:183} INFO - Processing /opt/airflow/dags/email_dag.py took 0.089 seconds
[2024-05-08T04:22:28.555+0000] {processor.py:161} INFO - Started process (PID=350) to work on /opt/airflow/dags/email_dag.py
[2024-05-08T04:22:28.556+0000] {processor.py:830} INFO - Processing file /opt/airflow/dags/email_dag.py for tasks to queue
[2024-05-08T04:22:28.558+0000] {logging_mixin.py:188} INFO - [2024-05-08T04:22:28.558+0000] {dagbag.py:540} INFO - Filling up the DagBag from /opt/airflow/dags/email_dag.py
[2024-05-08T04:22:28.578+0000] {processor.py:840} INFO - DAG(s) 'emaildag' retrieved from /opt/airflow/dags/email_dag.py
[2024-05-08T04:22:28.600+0000] {logging_mixin.py:188} INFO - [2024-05-08T04:22:28.600+0000] {dag.py:3096} INFO - Sync 1 DAGs
[2024-05-08T04:22:28.618+0000] {logging_mixin.py:188} INFO - [2024-05-08T04:22:28.618+0000] {dag.py:3954} INFO - Setting next_dagrun for emaildag to 2024-05-07 01:15:00+00:00, run_after=2024-05-08 01:15:00+00:00
[2024-05-08T04:22:28.641+0000] {processor.py:183} INFO - Processing /opt/airflow/dags/email_dag.py took 0.090 seconds
[2024-05-08T04:22:59.200+0000] {processor.py:161} INFO - Started process (PID=376) to work on /opt/airflow/dags/email_dag.py
[2024-05-08T04:22:59.202+0000] {processor.py:830} INFO - Processing file /opt/airflow/dags/email_dag.py for tasks to queue
[2024-05-08T04:22:59.204+0000] {logging_mixin.py:188} INFO - [2024-05-08T04:22:59.203+0000] {dagbag.py:540} INFO - Filling up the DagBag from /opt/airflow/dags/email_dag.py
[2024-05-08T04:22:59.231+0000] {processor.py:840} INFO - DAG(s) 'emaildag' retrieved from /opt/airflow/dags/email_dag.py
[2024-05-08T04:22:59.254+0000] {logging_mixin.py:188} INFO - [2024-05-08T04:22:59.254+0000] {dag.py:3096} INFO - Sync 1 DAGs
[2024-05-08T04:22:59.273+0000] {logging_mixin.py:188} INFO - [2024-05-08T04:22:59.273+0000] {dag.py:3954} INFO - Setting next_dagrun for emaildag to 2024-05-07 01:15:00+00:00, run_after=2024-05-08 01:15:00+00:00
[2024-05-08T04:22:59.295+0000] {processor.py:183} INFO - Processing /opt/airflow/dags/email_dag.py took 0.099 seconds
[2024-05-08T04:23:29.736+0000] {processor.py:161} INFO - Started process (PID=403) to work on /opt/airflow/dags/email_dag.py
[2024-05-08T04:23:29.737+0000] {processor.py:830} INFO - Processing file /opt/airflow/dags/email_dag.py for tasks to queue
[2024-05-08T04:23:29.739+0000] {logging_mixin.py:188} INFO - [2024-05-08T04:23:29.739+0000] {dagbag.py:540} INFO - Filling up the DagBag from /opt/airflow/dags/email_dag.py
[2024-05-08T04:23:29.761+0000] {processor.py:840} INFO - DAG(s) 'emaildag' retrieved from /opt/airflow/dags/email_dag.py
[2024-05-08T04:23:29.784+0000] {logging_mixin.py:188} INFO - [2024-05-08T04:23:29.784+0000] {dag.py:3096} INFO - Sync 1 DAGs
[2024-05-08T04:23:29.802+0000] {logging_mixin.py:188} INFO - [2024-05-08T04:23:29.802+0000] {dag.py:3954} INFO - Setting next_dagrun for emaildag to 2024-05-07 01:15:00+00:00, run_after=2024-05-08 01:15:00+00:00
[2024-05-08T04:23:29.825+0000] {processor.py:183} INFO - Processing /opt/airflow/dags/email_dag.py took 0.094 seconds
[2024-05-08T04:24:00.394+0000] {processor.py:161} INFO - Started process (PID=429) to work on /opt/airflow/dags/email_dag.py
[2024-05-08T04:24:00.395+0000] {processor.py:830} INFO - Processing file /opt/airflow/dags/email_dag.py for tasks to queue
[2024-05-08T04:24:00.397+0000] {logging_mixin.py:188} INFO - [2024-05-08T04:24:00.397+0000] {dagbag.py:540} INFO - Filling up the DagBag from /opt/airflow/dags/email_dag.py
[2024-05-08T04:24:00.418+0000] {processor.py:840} INFO - DAG(s) 'emaildag' retrieved from /opt/airflow/dags/email_dag.py
[2024-05-08T04:24:00.439+0000] {logging_mixin.py:188} INFO - [2024-05-08T04:24:00.439+0000] {dag.py:3096} INFO - Sync 1 DAGs
[2024-05-08T04:24:00.458+0000] {logging_mixin.py:188} INFO - [2024-05-08T04:24:00.458+0000] {dag.py:3954} INFO - Setting next_dagrun for emaildag to 2024-05-07 01:15:00+00:00, run_after=2024-05-08 01:15:00+00:00
[2024-05-08T04:24:00.481+0000] {processor.py:183} INFO - Processing /opt/airflow/dags/email_dag.py took 0.091 seconds
[2024-05-08T04:24:30.919+0000] {processor.py:161} INFO - Started process (PID=459) to work on /opt/airflow/dags/email_dag.py
[2024-05-08T04:24:30.920+0000] {processor.py:830} INFO - Processing file /opt/airflow/dags/email_dag.py for tasks to queue
[2024-05-08T04:24:30.921+0000] {logging_mixin.py:188} INFO - [2024-05-08T04:24:30.921+0000] {dagbag.py:540} INFO - Filling up the DagBag from /opt/airflow/dags/email_dag.py
[2024-05-08T04:24:30.943+0000] {processor.py:840} INFO - DAG(s) 'emaildag' retrieved from /opt/airflow/dags/email_dag.py
[2024-05-08T04:24:30.966+0000] {logging_mixin.py:188} INFO - [2024-05-08T04:24:30.965+0000] {dag.py:3096} INFO - Sync 1 DAGs
[2024-05-08T04:24:30.986+0000] {logging_mixin.py:188} INFO - [2024-05-08T04:24:30.985+0000] {dag.py:3954} INFO - Setting next_dagrun for emaildag to 2024-05-08 01:15:00+00:00, run_after=2024-05-09 01:15:00+00:00
[2024-05-08T04:24:31.007+0000] {processor.py:183} INFO - Processing /opt/airflow/dags/email_dag.py took 0.093 seconds
[2024-05-08T04:25:01.487+0000] {processor.py:161} INFO - Started process (PID=485) to work on /opt/airflow/dags/email_dag.py
[2024-05-08T04:25:01.488+0000] {processor.py:830} INFO - Processing file /opt/airflow/dags/email_dag.py for tasks to queue
[2024-05-08T04:25:01.491+0000] {logging_mixin.py:188} INFO - [2024-05-08T04:25:01.490+0000] {dagbag.py:540} INFO - Filling up the DagBag from /opt/airflow/dags/email_dag.py
[2024-05-08T04:25:01.523+0000] {processor.py:840} INFO - DAG(s) 'emaildag' retrieved from /opt/airflow/dags/email_dag.py
[2024-05-08T04:25:01.548+0000] {logging_mixin.py:188} INFO - [2024-05-08T04:25:01.547+0000] {dag.py:3096} INFO - Sync 1 DAGs
[2024-05-08T04:25:01.579+0000] {logging_mixin.py:188} INFO - [2024-05-08T04:25:01.579+0000] {dag.py:3954} INFO - Setting next_dagrun for emaildag to 2024-05-08 01:15:00+00:00, run_after=2024-05-09 01:15:00+00:00
[2024-05-08T04:25:01.604+0000] {processor.py:183} INFO - Processing /opt/airflow/dags/email_dag.py took 0.124 seconds
[2024-05-08T04:25:32.005+0000] {processor.py:161} INFO - Started process (PID=511) to work on /opt/airflow/dags/email_dag.py
[2024-05-08T04:25:32.006+0000] {processor.py:830} INFO - Processing file /opt/airflow/dags/email_dag.py for tasks to queue
[2024-05-08T04:25:32.007+0000] {logging_mixin.py:188} INFO - [2024-05-08T04:25:32.007+0000] {dagbag.py:540} INFO - Filling up the DagBag from /opt/airflow/dags/email_dag.py
[2024-05-08T04:25:32.028+0000] {processor.py:840} INFO - DAG(s) 'emaildag' retrieved from /opt/airflow/dags/email_dag.py
[2024-05-08T04:25:32.051+0000] {logging_mixin.py:188} INFO - [2024-05-08T04:25:32.050+0000] {dag.py:3096} INFO - Sync 1 DAGs
[2024-05-08T04:25:32.071+0000] {logging_mixin.py:188} INFO - [2024-05-08T04:25:32.070+0000] {dag.py:3954} INFO - Setting next_dagrun for emaildag to 2024-05-08 01:15:00+00:00, run_after=2024-05-09 01:15:00+00:00
[2024-05-08T04:25:32.094+0000] {processor.py:183} INFO - Processing /opt/airflow/dags/email_dag.py took 0.094 seconds
