[2024-05-08T02:21:17.878+0000] {processor.py:161} INFO - Started process (PID=38) to work on /opt/airflow/dags/first_dag.py
[2024-05-08T02:21:17.882+0000] {processor.py:830} INFO - Processing file /opt/airflow/dags/first_dag.py for tasks to queue
[2024-05-08T02:21:17.886+0000] {logging_mixin.py:188} INFO - [2024-05-08T02:21:17.885+0000] {dagbag.py:540} INFO - Filling up the DagBag from /opt/airflow/dags/first_dag.py
[2024-05-08T02:21:17.941+0000] {processor.py:840} INFO - DAG(s) 'first_dag' retrieved from /opt/airflow/dags/first_dag.py
[2024-05-08T02:21:18.020+0000] {logging_mixin.py:188} INFO - [2024-05-08T02:21:18.019+0000] {dag.py:3096} INFO - Sync 1 DAGs
[2024-05-08T02:21:18.085+0000] {logging_mixin.py:188} INFO - [2024-05-08T02:21:18.084+0000] {dag.py:3954} INFO - Setting next_dagrun for first_dag to 2024-03-14 00:00:00+00:00, run_after=2024-03-14 00:00:00+00:00
[2024-05-08T02:21:18.143+0000] {processor.py:183} INFO - Processing /opt/airflow/dags/first_dag.py took 0.277 seconds
[2024-05-08T02:21:48.854+0000] {processor.py:161} INFO - Started process (PID=48) to work on /opt/airflow/dags/first_dag.py
[2024-05-08T02:21:48.856+0000] {processor.py:830} INFO - Processing file /opt/airflow/dags/first_dag.py for tasks to queue
[2024-05-08T02:21:48.859+0000] {logging_mixin.py:188} INFO - [2024-05-08T02:21:48.859+0000] {dagbag.py:540} INFO - Filling up the DagBag from /opt/airflow/dags/first_dag.py
[2024-05-08T02:21:48.907+0000] {processor.py:840} INFO - DAG(s) 'first_dag' retrieved from /opt/airflow/dags/first_dag.py
[2024-05-08T02:21:48.944+0000] {logging_mixin.py:188} INFO - [2024-05-08T02:21:48.944+0000] {dag.py:3096} INFO - Sync 1 DAGs
[2024-05-08T02:21:48.979+0000] {logging_mixin.py:188} INFO - [2024-05-08T02:21:48.978+0000] {dag.py:3954} INFO - Setting next_dagrun for first_dag to 2024-03-14 00:00:00+00:00, run_after=2024-03-14 00:00:00+00:00
[2024-05-08T02:21:49.012+0000] {processor.py:183} INFO - Processing /opt/airflow/dags/first_dag.py took 0.168 seconds
[2024-05-08T02:22:19.343+0000] {processor.py:161} INFO - Started process (PID=58) to work on /opt/airflow/dags/first_dag.py
[2024-05-08T02:22:19.344+0000] {processor.py:830} INFO - Processing file /opt/airflow/dags/first_dag.py for tasks to queue
[2024-05-08T02:22:19.345+0000] {logging_mixin.py:188} INFO - [2024-05-08T02:22:19.345+0000] {dagbag.py:540} INFO - Filling up the DagBag from /opt/airflow/dags/first_dag.py
[2024-05-08T02:22:19.374+0000] {processor.py:840} INFO - DAG(s) 'first_dag' retrieved from /opt/airflow/dags/first_dag.py
[2024-05-08T02:22:19.397+0000] {logging_mixin.py:188} INFO - [2024-05-08T02:22:19.397+0000] {dag.py:3096} INFO - Sync 1 DAGs
[2024-05-08T02:22:19.418+0000] {logging_mixin.py:188} INFO - [2024-05-08T02:22:19.418+0000] {dag.py:3954} INFO - Setting next_dagrun for first_dag to 2024-03-14 00:00:00+00:00, run_after=2024-03-14 00:00:00+00:00
[2024-05-08T02:22:19.441+0000] {processor.py:183} INFO - Processing /opt/airflow/dags/first_dag.py took 0.104 seconds
[2024-05-08T02:22:49.983+0000] {processor.py:161} INFO - Started process (PID=68) to work on /opt/airflow/dags/first_dag.py
[2024-05-08T02:22:49.985+0000] {processor.py:830} INFO - Processing file /opt/airflow/dags/first_dag.py for tasks to queue
[2024-05-08T02:22:49.986+0000] {logging_mixin.py:188} INFO - [2024-05-08T02:22:49.985+0000] {dagbag.py:540} INFO - Filling up the DagBag from /opt/airflow/dags/first_dag.py
[2024-05-08T02:22:50.017+0000] {processor.py:840} INFO - DAG(s) 'first_dag' retrieved from /opt/airflow/dags/first_dag.py
[2024-05-08T02:22:50.048+0000] {logging_mixin.py:188} INFO - [2024-05-08T02:22:50.048+0000] {dag.py:3096} INFO - Sync 1 DAGs
[2024-05-08T02:22:50.073+0000] {logging_mixin.py:188} INFO - [2024-05-08T02:22:50.073+0000] {dag.py:3954} INFO - Setting next_dagrun for first_dag to 2024-03-14 00:00:00+00:00, run_after=2024-03-14 00:00:00+00:00
[2024-05-08T02:22:50.098+0000] {processor.py:183} INFO - Processing /opt/airflow/dags/first_dag.py took 0.120 seconds
[2024-05-08T02:23:20.602+0000] {processor.py:161} INFO - Started process (PID=78) to work on /opt/airflow/dags/first_dag.py
[2024-05-08T02:23:20.603+0000] {processor.py:830} INFO - Processing file /opt/airflow/dags/first_dag.py for tasks to queue
[2024-05-08T02:23:20.604+0000] {logging_mixin.py:188} INFO - [2024-05-08T02:23:20.604+0000] {dagbag.py:540} INFO - Filling up the DagBag from /opt/airflow/dags/first_dag.py
[2024-05-08T02:23:20.630+0000] {processor.py:840} INFO - DAG(s) 'first_dag' retrieved from /opt/airflow/dags/first_dag.py
[2024-05-08T02:23:20.656+0000] {logging_mixin.py:188} INFO - [2024-05-08T02:23:20.656+0000] {dag.py:3096} INFO - Sync 1 DAGs
[2024-05-08T02:23:20.677+0000] {logging_mixin.py:188} INFO - [2024-05-08T02:23:20.676+0000] {dag.py:3954} INFO - Setting next_dagrun for first_dag to 2024-03-14 00:00:00+00:00, run_after=2024-03-14 00:00:00+00:00
[2024-05-08T02:23:20.698+0000] {processor.py:183} INFO - Processing /opt/airflow/dags/first_dag.py took 0.101 seconds
[2024-05-08T02:23:51.092+0000] {processor.py:161} INFO - Started process (PID=88) to work on /opt/airflow/dags/first_dag.py
[2024-05-08T02:23:51.094+0000] {processor.py:830} INFO - Processing file /opt/airflow/dags/first_dag.py for tasks to queue
[2024-05-08T02:23:51.096+0000] {logging_mixin.py:188} INFO - [2024-05-08T02:23:51.095+0000] {dagbag.py:540} INFO - Filling up the DagBag from /opt/airflow/dags/first_dag.py
[2024-05-08T02:23:51.128+0000] {processor.py:840} INFO - DAG(s) 'first_dag' retrieved from /opt/airflow/dags/first_dag.py
[2024-05-08T02:23:51.157+0000] {logging_mixin.py:188} INFO - [2024-05-08T02:23:51.157+0000] {dag.py:3096} INFO - Sync 1 DAGs
[2024-05-08T02:23:51.180+0000] {logging_mixin.py:188} INFO - [2024-05-08T02:23:51.180+0000] {dag.py:3954} INFO - Setting next_dagrun for first_dag to 2024-03-14 00:00:00+00:00, run_after=2024-03-14 00:00:00+00:00
[2024-05-08T02:23:51.200+0000] {processor.py:183} INFO - Processing /opt/airflow/dags/first_dag.py took 0.115 seconds
[2024-05-08T02:24:21.646+0000] {processor.py:161} INFO - Started process (PID=98) to work on /opt/airflow/dags/first_dag.py
[2024-05-08T02:24:21.648+0000] {processor.py:830} INFO - Processing file /opt/airflow/dags/first_dag.py for tasks to queue
[2024-05-08T02:24:21.649+0000] {logging_mixin.py:188} INFO - [2024-05-08T02:24:21.648+0000] {dagbag.py:540} INFO - Filling up the DagBag from /opt/airflow/dags/first_dag.py
[2024-05-08T02:24:21.680+0000] {processor.py:840} INFO - DAG(s) 'first_dag' retrieved from /opt/airflow/dags/first_dag.py
[2024-05-08T02:24:21.710+0000] {logging_mixin.py:188} INFO - [2024-05-08T02:24:21.709+0000] {dag.py:3096} INFO - Sync 1 DAGs
[2024-05-08T02:24:21.738+0000] {logging_mixin.py:188} INFO - [2024-05-08T02:24:21.738+0000] {dag.py:3954} INFO - Setting next_dagrun for first_dag to 2024-03-14 00:00:00+00:00, run_after=2024-03-14 00:00:00+00:00
[2024-05-08T02:24:21.766+0000] {processor.py:183} INFO - Processing /opt/airflow/dags/first_dag.py took 0.127 seconds
[2024-05-08T02:24:52.166+0000] {processor.py:161} INFO - Started process (PID=108) to work on /opt/airflow/dags/first_dag.py
[2024-05-08T02:24:52.167+0000] {processor.py:830} INFO - Processing file /opt/airflow/dags/first_dag.py for tasks to queue
[2024-05-08T02:24:52.168+0000] {logging_mixin.py:188} INFO - [2024-05-08T02:24:52.168+0000] {dagbag.py:540} INFO - Filling up the DagBag from /opt/airflow/dags/first_dag.py
[2024-05-08T02:24:52.192+0000] {processor.py:840} INFO - DAG(s) 'first_dag' retrieved from /opt/airflow/dags/first_dag.py
[2024-05-08T02:24:52.215+0000] {logging_mixin.py:188} INFO - [2024-05-08T02:24:52.214+0000] {dag.py:3096} INFO - Sync 1 DAGs
[2024-05-08T02:24:52.236+0000] {logging_mixin.py:188} INFO - [2024-05-08T02:24:52.236+0000] {dag.py:3954} INFO - Setting next_dagrun for first_dag to 2024-03-14 00:00:00+00:00, run_after=2024-03-14 00:00:00+00:00
[2024-05-08T02:24:52.257+0000] {processor.py:183} INFO - Processing /opt/airflow/dags/first_dag.py took 0.099 seconds
[2024-05-08T02:25:22.823+0000] {processor.py:161} INFO - Started process (PID=118) to work on /opt/airflow/dags/first_dag.py
[2024-05-08T02:25:22.824+0000] {processor.py:830} INFO - Processing file /opt/airflow/dags/first_dag.py for tasks to queue
[2024-05-08T02:25:22.826+0000] {logging_mixin.py:188} INFO - [2024-05-08T02:25:22.825+0000] {dagbag.py:540} INFO - Filling up the DagBag from /opt/airflow/dags/first_dag.py
[2024-05-08T02:25:22.861+0000] {processor.py:840} INFO - DAG(s) 'first_dag' retrieved from /opt/airflow/dags/first_dag.py
[2024-05-08T02:25:22.889+0000] {logging_mixin.py:188} INFO - [2024-05-08T02:25:22.889+0000] {dag.py:3096} INFO - Sync 1 DAGs
[2024-05-08T02:25:22.915+0000] {logging_mixin.py:188} INFO - [2024-05-08T02:25:22.914+0000] {dag.py:3954} INFO - Setting next_dagrun for first_dag to 2024-03-14 00:00:00+00:00, run_after=2024-03-14 00:00:00+00:00
[2024-05-08T02:25:22.937+0000] {processor.py:183} INFO - Processing /opt/airflow/dags/first_dag.py took 0.119 seconds
[2024-05-08T02:25:53.154+0000] {processor.py:161} INFO - Started process (PID=130) to work on /opt/airflow/dags/first_dag.py
[2024-05-08T02:25:53.155+0000] {processor.py:830} INFO - Processing file /opt/airflow/dags/first_dag.py for tasks to queue
[2024-05-08T02:25:53.156+0000] {logging_mixin.py:188} INFO - [2024-05-08T02:25:53.156+0000] {dagbag.py:540} INFO - Filling up the DagBag from /opt/airflow/dags/first_dag.py
[2024-05-08T02:25:53.189+0000] {processor.py:840} INFO - DAG(s) 'first_dag' retrieved from /opt/airflow/dags/first_dag.py
[2024-05-08T02:25:53.220+0000] {logging_mixin.py:188} INFO - [2024-05-08T02:25:53.220+0000] {dag.py:3096} INFO - Sync 1 DAGs
[2024-05-08T02:25:53.252+0000] {logging_mixin.py:188} INFO - [2024-05-08T02:25:53.252+0000] {dag.py:3954} INFO - Setting next_dagrun for first_dag to 2024-03-14 00:00:00+00:00, run_after=2024-03-14 00:00:00+00:00
[2024-05-08T02:25:53.274+0000] {processor.py:183} INFO - Processing /opt/airflow/dags/first_dag.py took 0.126 seconds
[2024-05-08T02:26:23.966+0000] {processor.py:161} INFO - Started process (PID=140) to work on /opt/airflow/dags/first_dag.py
[2024-05-08T02:26:23.968+0000] {processor.py:830} INFO - Processing file /opt/airflow/dags/first_dag.py for tasks to queue
[2024-05-08T02:26:23.970+0000] {logging_mixin.py:188} INFO - [2024-05-08T02:26:23.969+0000] {dagbag.py:540} INFO - Filling up the DagBag from /opt/airflow/dags/first_dag.py
[2024-05-08T02:26:24.007+0000] {processor.py:840} INFO - DAG(s) 'first_dag' retrieved from /opt/airflow/dags/first_dag.py
[2024-05-08T02:26:24.174+0000] {logging_mixin.py:188} INFO - [2024-05-08T02:26:24.174+0000] {dag.py:3096} INFO - Sync 1 DAGs
[2024-05-08T02:26:24.213+0000] {logging_mixin.py:188} INFO - [2024-05-08T02:26:24.212+0000] {dag.py:3954} INFO - Setting next_dagrun for first_dag to 2024-03-14 00:00:00+00:00, run_after=2024-03-14 00:00:00+00:00
[2024-05-08T02:26:24.251+0000] {processor.py:183} INFO - Processing /opt/airflow/dags/first_dag.py took 0.294 seconds
[2024-05-08T02:26:54.478+0000] {processor.py:161} INFO - Started process (PID=150) to work on /opt/airflow/dags/first_dag.py
[2024-05-08T02:26:54.479+0000] {processor.py:830} INFO - Processing file /opt/airflow/dags/first_dag.py for tasks to queue
[2024-05-08T02:26:54.481+0000] {logging_mixin.py:188} INFO - [2024-05-08T02:26:54.480+0000] {dagbag.py:540} INFO - Filling up the DagBag from /opt/airflow/dags/first_dag.py
[2024-05-08T02:26:54.510+0000] {processor.py:840} INFO - DAG(s) 'first_dag' retrieved from /opt/airflow/dags/first_dag.py
[2024-05-08T02:26:54.537+0000] {logging_mixin.py:188} INFO - [2024-05-08T02:26:54.536+0000] {dag.py:3096} INFO - Sync 1 DAGs
[2024-05-08T02:26:54.564+0000] {logging_mixin.py:188} INFO - [2024-05-08T02:26:54.564+0000] {dag.py:3954} INFO - Setting next_dagrun for first_dag to 2024-03-14 00:00:00+00:00, run_after=2024-03-14 00:00:00+00:00
[2024-05-08T02:26:54.585+0000] {processor.py:183} INFO - Processing /opt/airflow/dags/first_dag.py took 0.115 seconds
[2024-05-08T02:27:25.085+0000] {processor.py:161} INFO - Started process (PID=160) to work on /opt/airflow/dags/first_dag.py
[2024-05-08T02:27:25.086+0000] {processor.py:830} INFO - Processing file /opt/airflow/dags/first_dag.py for tasks to queue
[2024-05-08T02:27:25.088+0000] {logging_mixin.py:188} INFO - [2024-05-08T02:27:25.087+0000] {dagbag.py:540} INFO - Filling up the DagBag from /opt/airflow/dags/first_dag.py
[2024-05-08T02:27:25.111+0000] {processor.py:840} INFO - DAG(s) 'first_dag' retrieved from /opt/airflow/dags/first_dag.py
[2024-05-08T02:27:25.136+0000] {logging_mixin.py:188} INFO - [2024-05-08T02:27:25.136+0000] {dag.py:3096} INFO - Sync 1 DAGs
[2024-05-08T02:27:25.157+0000] {logging_mixin.py:188} INFO - [2024-05-08T02:27:25.157+0000] {dag.py:3954} INFO - Setting next_dagrun for first_dag to 2024-03-14 00:00:00+00:00, run_after=2024-03-14 00:00:00+00:00
[2024-05-08T02:27:25.179+0000] {processor.py:183} INFO - Processing /opt/airflow/dags/first_dag.py took 0.101 seconds
[2024-05-08T02:27:55.656+0000] {processor.py:161} INFO - Started process (PID=170) to work on /opt/airflow/dags/first_dag.py
[2024-05-08T02:27:55.657+0000] {processor.py:830} INFO - Processing file /opt/airflow/dags/first_dag.py for tasks to queue
[2024-05-08T02:27:55.658+0000] {logging_mixin.py:188} INFO - [2024-05-08T02:27:55.658+0000] {dagbag.py:540} INFO - Filling up the DagBag from /opt/airflow/dags/first_dag.py
[2024-05-08T02:27:55.686+0000] {processor.py:840} INFO - DAG(s) 'first_dag' retrieved from /opt/airflow/dags/first_dag.py
[2024-05-08T02:27:55.710+0000] {logging_mixin.py:188} INFO - [2024-05-08T02:27:55.710+0000] {dag.py:3096} INFO - Sync 1 DAGs
[2024-05-08T02:27:55.733+0000] {logging_mixin.py:188} INFO - [2024-05-08T02:27:55.732+0000] {dag.py:3954} INFO - Setting next_dagrun for first_dag to 2024-03-14 00:00:00+00:00, run_after=2024-03-14 00:00:00+00:00
[2024-05-08T02:27:55.753+0000] {processor.py:183} INFO - Processing /opt/airflow/dags/first_dag.py took 0.102 seconds
[2024-05-08T02:28:26.303+0000] {processor.py:161} INFO - Started process (PID=180) to work on /opt/airflow/dags/first_dag.py
[2024-05-08T02:28:26.305+0000] {processor.py:830} INFO - Processing file /opt/airflow/dags/first_dag.py for tasks to queue
[2024-05-08T02:28:26.306+0000] {logging_mixin.py:188} INFO - [2024-05-08T02:28:26.305+0000] {dagbag.py:540} INFO - Filling up the DagBag from /opt/airflow/dags/first_dag.py
[2024-05-08T02:28:26.336+0000] {processor.py:840} INFO - DAG(s) 'first_dag' retrieved from /opt/airflow/dags/first_dag.py
[2024-05-08T02:28:26.363+0000] {logging_mixin.py:188} INFO - [2024-05-08T02:28:26.363+0000] {dag.py:3096} INFO - Sync 1 DAGs
[2024-05-08T02:28:26.391+0000] {logging_mixin.py:188} INFO - [2024-05-08T02:28:26.390+0000] {dag.py:3954} INFO - Setting next_dagrun for first_dag to 2024-03-14 00:00:00+00:00, run_after=2024-03-14 00:00:00+00:00
[2024-05-08T02:28:26.419+0000] {processor.py:183} INFO - Processing /opt/airflow/dags/first_dag.py took 0.122 seconds
[2024-05-08T04:05:11.646+0000] {processor.py:161} INFO - Started process (PID=33) to work on /opt/airflow/dags/first_dag.py
[2024-05-08T04:05:11.647+0000] {processor.py:830} INFO - Processing file /opt/airflow/dags/first_dag.py for tasks to queue
[2024-05-08T04:05:11.649+0000] {logging_mixin.py:188} INFO - [2024-05-08T04:05:11.649+0000] {dagbag.py:540} INFO - Filling up the DagBag from /opt/airflow/dags/first_dag.py
[2024-05-08T04:05:11.669+0000] {processor.py:840} INFO - DAG(s) 'first_dag' retrieved from /opt/airflow/dags/first_dag.py
[2024-05-08T04:05:11.708+0000] {logging_mixin.py:188} INFO - [2024-05-08T04:05:11.708+0000] {dag.py:3096} INFO - Sync 1 DAGs
[2024-05-08T04:05:11.740+0000] {logging_mixin.py:188} INFO - [2024-05-08T04:05:11.739+0000] {dag.py:3954} INFO - Setting next_dagrun for first_dag to 2024-03-14 00:00:00+00:00, run_after=2024-03-14 00:00:00+00:00
[2024-05-08T04:05:11.768+0000] {processor.py:183} INFO - Processing /opt/airflow/dags/first_dag.py took 0.127 seconds
[2024-05-08T04:05:42.354+0000] {processor.py:161} INFO - Started process (PID=43) to work on /opt/airflow/dags/first_dag.py
[2024-05-08T04:05:42.355+0000] {processor.py:830} INFO - Processing file /opt/airflow/dags/first_dag.py for tasks to queue
[2024-05-08T04:05:42.356+0000] {logging_mixin.py:188} INFO - [2024-05-08T04:05:42.356+0000] {dagbag.py:540} INFO - Filling up the DagBag from /opt/airflow/dags/first_dag.py
[2024-05-08T04:05:42.376+0000] {processor.py:840} INFO - DAG(s) 'first_dag' retrieved from /opt/airflow/dags/first_dag.py
[2024-05-08T04:05:42.398+0000] {logging_mixin.py:188} INFO - [2024-05-08T04:05:42.397+0000] {dag.py:3096} INFO - Sync 1 DAGs
[2024-05-08T04:05:42.414+0000] {logging_mixin.py:188} INFO - [2024-05-08T04:05:42.414+0000] {dag.py:3954} INFO - Setting next_dagrun for first_dag to 2024-03-14 00:00:00+00:00, run_after=2024-03-14 00:00:00+00:00
[2024-05-08T04:05:42.432+0000] {processor.py:183} INFO - Processing /opt/airflow/dags/first_dag.py took 0.084 seconds
[2024-05-08T04:06:12.967+0000] {processor.py:161} INFO - Started process (PID=54) to work on /opt/airflow/dags/first_dag.py
[2024-05-08T04:06:12.968+0000] {processor.py:830} INFO - Processing file /opt/airflow/dags/first_dag.py for tasks to queue
[2024-05-08T04:06:12.969+0000] {logging_mixin.py:188} INFO - [2024-05-08T04:06:12.969+0000] {dagbag.py:540} INFO - Filling up the DagBag from /opt/airflow/dags/first_dag.py
[2024-05-08T04:06:12.987+0000] {processor.py:840} INFO - DAG(s) 'first_dag' retrieved from /opt/airflow/dags/first_dag.py
[2024-05-08T04:06:13.009+0000] {logging_mixin.py:188} INFO - [2024-05-08T04:06:13.009+0000] {dag.py:3096} INFO - Sync 1 DAGs
[2024-05-08T04:06:13.029+0000] {logging_mixin.py:188} INFO - [2024-05-08T04:06:13.029+0000] {dag.py:3954} INFO - Setting next_dagrun for first_dag to 2024-03-14 00:00:00+00:00, run_after=2024-03-14 00:00:00+00:00
[2024-05-08T04:06:13.055+0000] {processor.py:183} INFO - Processing /opt/airflow/dags/first_dag.py took 0.092 seconds
[2024-05-08T04:06:43.500+0000] {processor.py:161} INFO - Started process (PID=64) to work on /opt/airflow/dags/first_dag.py
[2024-05-08T04:06:43.501+0000] {processor.py:830} INFO - Processing file /opt/airflow/dags/first_dag.py for tasks to queue
[2024-05-08T04:06:43.503+0000] {logging_mixin.py:188} INFO - [2024-05-08T04:06:43.503+0000] {dagbag.py:540} INFO - Filling up the DagBag from /opt/airflow/dags/first_dag.py
[2024-05-08T04:06:43.519+0000] {processor.py:840} INFO - DAG(s) 'first_dag' retrieved from /opt/airflow/dags/first_dag.py
[2024-05-08T04:06:43.540+0000] {logging_mixin.py:188} INFO - [2024-05-08T04:06:43.540+0000] {dag.py:3096} INFO - Sync 1 DAGs
[2024-05-08T04:06:43.557+0000] {logging_mixin.py:188} INFO - [2024-05-08T04:06:43.557+0000] {dag.py:3954} INFO - Setting next_dagrun for first_dag to 2024-03-14 00:00:00+00:00, run_after=2024-03-14 00:00:00+00:00
[2024-05-08T04:06:43.577+0000] {processor.py:183} INFO - Processing /opt/airflow/dags/first_dag.py took 0.081 seconds
[2024-05-08T04:07:45.829+0000] {processor.py:161} INFO - Started process (PID=180) to work on /opt/airflow/dags/first_dag.py
[2024-05-08T04:07:45.830+0000] {processor.py:830} INFO - Processing file /opt/airflow/dags/first_dag.py for tasks to queue
[2024-05-08T04:07:45.833+0000] {logging_mixin.py:188} INFO - [2024-05-08T04:07:45.832+0000] {dagbag.py:540} INFO - Filling up the DagBag from /opt/airflow/dags/first_dag.py
[2024-05-08T04:07:45.857+0000] {processor.py:840} INFO - DAG(s) 'first_dag' retrieved from /opt/airflow/dags/first_dag.py
[2024-05-08T04:07:45.988+0000] {logging_mixin.py:188} INFO - [2024-05-08T04:07:45.988+0000] {dag.py:3096} INFO - Sync 1 DAGs
[2024-05-08T04:07:46.010+0000] {logging_mixin.py:188} INFO - [2024-05-08T04:07:46.009+0000] {dag.py:3954} INFO - Setting next_dagrun for first_dag to 2024-03-14 00:00:00+00:00, run_after=2024-03-14 00:00:00+00:00
[2024-05-08T04:07:46.034+0000] {processor.py:183} INFO - Processing /opt/airflow/dags/first_dag.py took 0.211 seconds
[2024-05-08T04:14:41.865+0000] {processor.py:161} INFO - Started process (PID=184) to work on /opt/airflow/dags/first_dag.py
[2024-05-08T04:14:41.868+0000] {processor.py:830} INFO - Processing file /opt/airflow/dags/first_dag.py for tasks to queue
[2024-05-08T04:14:41.872+0000] {logging_mixin.py:188} INFO - [2024-05-08T04:14:41.872+0000] {dagbag.py:540} INFO - Filling up the DagBag from /opt/airflow/dags/first_dag.py
[2024-05-08T04:14:41.918+0000] {processor.py:840} INFO - DAG(s) 'first_dag' retrieved from /opt/airflow/dags/first_dag.py
[2024-05-08T04:14:42.168+0000] {logging_mixin.py:188} INFO - [2024-05-08T04:14:42.167+0000] {override.py:1829} INFO - Created Permission View: can read on DAG:first_dag
[2024-05-08T04:14:42.196+0000] {logging_mixin.py:188} INFO - [2024-05-08T04:14:42.196+0000] {override.py:1829} INFO - Created Permission View: can delete on DAG:first_dag
[2024-05-08T04:14:42.214+0000] {logging_mixin.py:188} INFO - [2024-05-08T04:14:42.213+0000] {override.py:1829} INFO - Created Permission View: can edit on DAG:first_dag
[2024-05-08T04:14:42.215+0000] {logging_mixin.py:188} INFO - [2024-05-08T04:14:42.214+0000] {dag.py:3096} INFO - Sync 1 DAGs
[2024-05-08T04:14:42.241+0000] {logging_mixin.py:188} INFO - [2024-05-08T04:14:42.241+0000] {dag.py:3118} INFO - Creating ORM DAG for first_dag
[2024-05-08T04:14:42.263+0000] {logging_mixin.py:188} INFO - [2024-05-08T04:14:42.263+0000] {dag.py:3954} INFO - Setting next_dagrun for first_dag to 2024-03-14 00:00:00+00:00, run_after=2024-03-14 00:00:00+00:00
[2024-05-08T04:14:42.312+0000] {processor.py:183} INFO - Processing /opt/airflow/dags/first_dag.py took 0.454 seconds
[2024-05-08T04:15:12.827+0000] {processor.py:161} INFO - Started process (PID=210) to work on /opt/airflow/dags/first_dag.py
[2024-05-08T04:15:12.828+0000] {processor.py:830} INFO - Processing file /opt/airflow/dags/first_dag.py for tasks to queue
[2024-05-08T04:15:12.831+0000] {logging_mixin.py:188} INFO - [2024-05-08T04:15:12.830+0000] {dagbag.py:540} INFO - Filling up the DagBag from /opt/airflow/dags/first_dag.py
[2024-05-08T04:15:12.858+0000] {processor.py:840} INFO - DAG(s) 'first_dag' retrieved from /opt/airflow/dags/first_dag.py
[2024-05-08T04:15:12.885+0000] {logging_mixin.py:188} INFO - [2024-05-08T04:15:12.884+0000] {dag.py:3096} INFO - Sync 1 DAGs
[2024-05-08T04:15:12.907+0000] {logging_mixin.py:188} INFO - [2024-05-08T04:15:12.907+0000] {dag.py:3954} INFO - Setting next_dagrun for first_dag to 2024-03-14 00:00:00+00:00, run_after=2024-03-14 00:00:00+00:00
[2024-05-08T04:15:12.932+0000] {processor.py:183} INFO - Processing /opt/airflow/dags/first_dag.py took 0.111 seconds
[2024-05-08T04:15:43.285+0000] {processor.py:161} INFO - Started process (PID=236) to work on /opt/airflow/dags/first_dag.py
[2024-05-08T04:15:43.286+0000] {processor.py:830} INFO - Processing file /opt/airflow/dags/first_dag.py for tasks to queue
[2024-05-08T04:15:43.288+0000] {logging_mixin.py:188} INFO - [2024-05-08T04:15:43.288+0000] {dagbag.py:540} INFO - Filling up the DagBag from /opt/airflow/dags/first_dag.py
[2024-05-08T04:15:43.308+0000] {processor.py:840} INFO - DAG(s) 'first_dag' retrieved from /opt/airflow/dags/first_dag.py
[2024-05-08T04:15:43.334+0000] {logging_mixin.py:188} INFO - [2024-05-08T04:15:43.334+0000] {dag.py:3096} INFO - Sync 1 DAGs
[2024-05-08T04:15:43.356+0000] {logging_mixin.py:188} INFO - [2024-05-08T04:15:43.356+0000] {dag.py:3954} INFO - Setting next_dagrun for first_dag to 2024-03-14 00:00:00+00:00, run_after=2024-03-14 00:00:00+00:00
[2024-05-08T04:15:43.382+0000] {processor.py:183} INFO - Processing /opt/airflow/dags/first_dag.py took 0.101 seconds
[2024-05-08T04:16:13.752+0000] {processor.py:161} INFO - Started process (PID=262) to work on /opt/airflow/dags/first_dag.py
[2024-05-08T04:16:13.753+0000] {processor.py:830} INFO - Processing file /opt/airflow/dags/first_dag.py for tasks to queue
[2024-05-08T04:16:13.754+0000] {logging_mixin.py:188} INFO - [2024-05-08T04:16:13.754+0000] {dagbag.py:540} INFO - Filling up the DagBag from /opt/airflow/dags/first_dag.py
[2024-05-08T04:16:13.774+0000] {processor.py:840} INFO - DAG(s) 'first_dag' retrieved from /opt/airflow/dags/first_dag.py
[2024-05-08T04:16:13.799+0000] {logging_mixin.py:188} INFO - [2024-05-08T04:16:13.799+0000] {dag.py:3096} INFO - Sync 1 DAGs
[2024-05-08T04:16:13.824+0000] {logging_mixin.py:188} INFO - [2024-05-08T04:16:13.824+0000] {dag.py:3954} INFO - Setting next_dagrun for first_dag to 2024-03-14 00:00:00+00:00, run_after=2024-03-14 00:00:00+00:00
[2024-05-08T04:16:13.850+0000] {processor.py:183} INFO - Processing /opt/airflow/dags/first_dag.py took 0.104 seconds
[2024-05-08T04:16:44.233+0000] {processor.py:161} INFO - Started process (PID=288) to work on /opt/airflow/dags/first_dag.py
[2024-05-08T04:16:44.234+0000] {processor.py:830} INFO - Processing file /opt/airflow/dags/first_dag.py for tasks to queue
[2024-05-08T04:16:44.236+0000] {logging_mixin.py:188} INFO - [2024-05-08T04:16:44.235+0000] {dagbag.py:540} INFO - Filling up the DagBag from /opt/airflow/dags/first_dag.py
[2024-05-08T04:16:44.253+0000] {processor.py:840} INFO - DAG(s) 'first_dag' retrieved from /opt/airflow/dags/first_dag.py
[2024-05-08T04:16:44.275+0000] {logging_mixin.py:188} INFO - [2024-05-08T04:16:44.275+0000] {dag.py:3096} INFO - Sync 1 DAGs
[2024-05-08T04:16:44.295+0000] {logging_mixin.py:188} INFO - [2024-05-08T04:16:44.295+0000] {dag.py:3954} INFO - Setting next_dagrun for first_dag to 2024-03-14 00:00:00+00:00, run_after=2024-03-14 00:00:00+00:00
[2024-05-08T04:16:44.321+0000] {processor.py:183} INFO - Processing /opt/airflow/dags/first_dag.py took 0.093 seconds
[2024-05-08T04:17:14.746+0000] {processor.py:161} INFO - Started process (PID=314) to work on /opt/airflow/dags/first_dag.py
[2024-05-08T04:17:14.748+0000] {processor.py:830} INFO - Processing file /opt/airflow/dags/first_dag.py for tasks to queue
[2024-05-08T04:17:14.749+0000] {logging_mixin.py:188} INFO - [2024-05-08T04:17:14.749+0000] {dagbag.py:540} INFO - Filling up the DagBag from /opt/airflow/dags/first_dag.py
[2024-05-08T04:17:14.782+0000] {processor.py:840} INFO - DAG(s) 'first_dag' retrieved from /opt/airflow/dags/first_dag.py
[2024-05-08T04:17:14.819+0000] {logging_mixin.py:188} INFO - [2024-05-08T04:17:14.819+0000] {dag.py:3096} INFO - Sync 1 DAGs
[2024-05-08T04:17:14.844+0000] {logging_mixin.py:188} INFO - [2024-05-08T04:17:14.844+0000] {dag.py:3954} INFO - Setting next_dagrun for first_dag to 2024-03-14 00:00:00+00:00, run_after=2024-03-14 00:00:00+00:00
[2024-05-08T04:17:14.866+0000] {processor.py:183} INFO - Processing /opt/airflow/dags/first_dag.py took 0.127 seconds
[2024-05-08T04:17:45.253+0000] {processor.py:161} INFO - Started process (PID=342) to work on /opt/airflow/dags/first_dag.py
[2024-05-08T04:17:45.254+0000] {processor.py:830} INFO - Processing file /opt/airflow/dags/first_dag.py for tasks to queue
[2024-05-08T04:17:45.256+0000] {logging_mixin.py:188} INFO - [2024-05-08T04:17:45.255+0000] {dagbag.py:540} INFO - Filling up the DagBag from /opt/airflow/dags/first_dag.py
[2024-05-08T04:17:45.273+0000] {processor.py:840} INFO - DAG(s) 'first_dag' retrieved from /opt/airflow/dags/first_dag.py
[2024-05-08T04:17:45.297+0000] {logging_mixin.py:188} INFO - [2024-05-08T04:17:45.297+0000] {dag.py:3096} INFO - Sync 1 DAGs
[2024-05-08T04:17:45.317+0000] {logging_mixin.py:188} INFO - [2024-05-08T04:17:45.317+0000] {dag.py:3954} INFO - Setting next_dagrun for first_dag to 2024-03-14 00:00:00+00:00, run_after=2024-03-14 00:00:00+00:00
[2024-05-08T04:17:45.365+0000] {processor.py:183} INFO - Processing /opt/airflow/dags/first_dag.py took 0.117 seconds
[2024-05-08T04:19:00.853+0000] {processor.py:161} INFO - Started process (PID=181) to work on /opt/airflow/dags/first_dag.py
[2024-05-08T04:19:00.854+0000] {processor.py:830} INFO - Processing file /opt/airflow/dags/first_dag.py for tasks to queue
[2024-05-08T04:19:00.856+0000] {logging_mixin.py:188} INFO - [2024-05-08T04:19:00.856+0000] {dagbag.py:540} INFO - Filling up the DagBag from /opt/airflow/dags/first_dag.py
[2024-05-08T04:19:00.876+0000] {processor.py:840} INFO - DAG(s) 'first_dag' retrieved from /opt/airflow/dags/first_dag.py
[2024-05-08T04:19:00.995+0000] {logging_mixin.py:188} INFO - [2024-05-08T04:19:00.994+0000] {dag.py:3096} INFO - Sync 1 DAGs
[2024-05-08T04:19:01.014+0000] {logging_mixin.py:188} INFO - [2024-05-08T04:19:01.014+0000] {dag.py:3954} INFO - Setting next_dagrun for first_dag to 2024-03-14 00:00:00+00:00, run_after=2024-03-14 00:00:00+00:00
[2024-05-08T04:19:01.039+0000] {processor.py:183} INFO - Processing /opt/airflow/dags/first_dag.py took 0.191 seconds
[2024-05-08T04:19:31.324+0000] {processor.py:161} INFO - Started process (PID=205) to work on /opt/airflow/dags/first_dag.py
[2024-05-08T04:19:31.325+0000] {processor.py:830} INFO - Processing file /opt/airflow/dags/first_dag.py for tasks to queue
[2024-05-08T04:19:31.327+0000] {logging_mixin.py:188} INFO - [2024-05-08T04:19:31.326+0000] {dagbag.py:540} INFO - Filling up the DagBag from /opt/airflow/dags/first_dag.py
[2024-05-08T04:19:31.355+0000] {processor.py:840} INFO - DAG(s) 'first_dag' retrieved from /opt/airflow/dags/first_dag.py
[2024-05-08T04:19:31.384+0000] {logging_mixin.py:188} INFO - [2024-05-08T04:19:31.383+0000] {dag.py:3096} INFO - Sync 1 DAGs
[2024-05-08T04:19:31.407+0000] {logging_mixin.py:188} INFO - [2024-05-08T04:19:31.407+0000] {dag.py:3954} INFO - Setting next_dagrun for first_dag to 2024-03-14 00:00:00+00:00, run_after=2024-03-14 00:00:00+00:00
[2024-05-08T04:19:31.437+0000] {processor.py:183} INFO - Processing /opt/airflow/dags/first_dag.py took 0.118 seconds
[2024-05-08T04:20:02.006+0000] {processor.py:161} INFO - Started process (PID=235) to work on /opt/airflow/dags/first_dag.py
[2024-05-08T04:20:02.007+0000] {processor.py:830} INFO - Processing file /opt/airflow/dags/first_dag.py for tasks to queue
[2024-05-08T04:20:02.009+0000] {logging_mixin.py:188} INFO - [2024-05-08T04:20:02.009+0000] {dagbag.py:540} INFO - Filling up the DagBag from /opt/airflow/dags/first_dag.py
[2024-05-08T04:20:02.030+0000] {processor.py:840} INFO - DAG(s) 'first_dag' retrieved from /opt/airflow/dags/first_dag.py
[2024-05-08T04:20:02.054+0000] {logging_mixin.py:188} INFO - [2024-05-08T04:20:02.054+0000] {dag.py:3096} INFO - Sync 1 DAGs
[2024-05-08T04:20:02.073+0000] {logging_mixin.py:188} INFO - [2024-05-08T04:20:02.073+0000] {dag.py:3954} INFO - Setting next_dagrun for first_dag to 2024-03-14 00:00:00+00:00, run_after=2024-03-14 00:00:00+00:00
[2024-05-08T04:20:02.096+0000] {processor.py:183} INFO - Processing /opt/airflow/dags/first_dag.py took 0.096 seconds
[2024-05-08T04:20:32.595+0000] {processor.py:161} INFO - Started process (PID=261) to work on /opt/airflow/dags/first_dag.py
[2024-05-08T04:20:32.596+0000] {processor.py:830} INFO - Processing file /opt/airflow/dags/first_dag.py for tasks to queue
[2024-05-08T04:20:32.598+0000] {logging_mixin.py:188} INFO - [2024-05-08T04:20:32.598+0000] {dagbag.py:540} INFO - Filling up the DagBag from /opt/airflow/dags/first_dag.py
[2024-05-08T04:20:32.616+0000] {processor.py:840} INFO - DAG(s) 'first_dag' retrieved from /opt/airflow/dags/first_dag.py
[2024-05-08T04:20:32.637+0000] {logging_mixin.py:188} INFO - [2024-05-08T04:20:32.637+0000] {dag.py:3096} INFO - Sync 1 DAGs
[2024-05-08T04:20:32.657+0000] {logging_mixin.py:188} INFO - [2024-05-08T04:20:32.657+0000] {dag.py:3954} INFO - Setting next_dagrun for first_dag to 2024-03-14 00:00:00+00:00, run_after=2024-03-14 00:00:00+00:00
[2024-05-08T04:20:32.676+0000] {processor.py:183} INFO - Processing /opt/airflow/dags/first_dag.py took 0.086 seconds
[2024-05-08T04:21:03.141+0000] {processor.py:161} INFO - Started process (PID=287) to work on /opt/airflow/dags/first_dag.py
[2024-05-08T04:21:03.142+0000] {processor.py:830} INFO - Processing file /opt/airflow/dags/first_dag.py for tasks to queue
[2024-05-08T04:21:03.144+0000] {logging_mixin.py:188} INFO - [2024-05-08T04:21:03.143+0000] {dagbag.py:540} INFO - Filling up the DagBag from /opt/airflow/dags/first_dag.py
[2024-05-08T04:21:03.159+0000] {processor.py:840} INFO - DAG(s) 'first_dag' retrieved from /opt/airflow/dags/first_dag.py
[2024-05-08T04:21:03.180+0000] {logging_mixin.py:188} INFO - [2024-05-08T04:21:03.180+0000] {dag.py:3096} INFO - Sync 1 DAGs
[2024-05-08T04:21:03.209+0000] {logging_mixin.py:188} INFO - [2024-05-08T04:21:03.209+0000] {dag.py:3954} INFO - Setting next_dagrun for first_dag to 2024-03-14 00:00:00+00:00, run_after=2024-03-14 00:00:00+00:00
[2024-05-08T04:21:03.241+0000] {processor.py:183} INFO - Processing /opt/airflow/dags/first_dag.py took 0.104 seconds
[2024-05-08T04:21:33.709+0000] {processor.py:161} INFO - Started process (PID=313) to work on /opt/airflow/dags/first_dag.py
[2024-05-08T04:21:33.710+0000] {processor.py:830} INFO - Processing file /opt/airflow/dags/first_dag.py for tasks to queue
[2024-05-08T04:21:33.712+0000] {logging_mixin.py:188} INFO - [2024-05-08T04:21:33.711+0000] {dagbag.py:540} INFO - Filling up the DagBag from /opt/airflow/dags/first_dag.py
[2024-05-08T04:21:33.728+0000] {processor.py:840} INFO - DAG(s) 'first_dag' retrieved from /opt/airflow/dags/first_dag.py
[2024-05-08T04:21:33.750+0000] {logging_mixin.py:188} INFO - [2024-05-08T04:21:33.750+0000] {dag.py:3096} INFO - Sync 1 DAGs
[2024-05-08T04:21:33.769+0000] {logging_mixin.py:188} INFO - [2024-05-08T04:21:33.769+0000] {dag.py:3954} INFO - Setting next_dagrun for first_dag to 2024-03-14 00:00:00+00:00, run_after=2024-03-14 00:00:00+00:00
[2024-05-08T04:21:33.791+0000] {processor.py:183} INFO - Processing /opt/airflow/dags/first_dag.py took 0.086 seconds
[2024-05-08T04:22:04.205+0000] {processor.py:161} INFO - Started process (PID=339) to work on /opt/airflow/dags/first_dag.py
[2024-05-08T04:22:04.206+0000] {processor.py:830} INFO - Processing file /opt/airflow/dags/first_dag.py for tasks to queue
[2024-05-08T04:22:04.208+0000] {logging_mixin.py:188} INFO - [2024-05-08T04:22:04.207+0000] {dagbag.py:540} INFO - Filling up the DagBag from /opt/airflow/dags/first_dag.py
[2024-05-08T04:22:04.227+0000] {processor.py:840} INFO - DAG(s) 'first_dag' retrieved from /opt/airflow/dags/first_dag.py
[2024-05-08T04:22:04.252+0000] {logging_mixin.py:188} INFO - [2024-05-08T04:22:04.252+0000] {dag.py:3096} INFO - Sync 1 DAGs
[2024-05-08T04:22:04.273+0000] {logging_mixin.py:188} INFO - [2024-05-08T04:22:04.272+0000] {dag.py:3954} INFO - Setting next_dagrun for first_dag to 2024-03-14 00:00:00+00:00, run_after=2024-03-14 00:00:00+00:00
[2024-05-08T04:22:04.294+0000] {processor.py:183} INFO - Processing /opt/airflow/dags/first_dag.py took 0.095 seconds
[2024-05-08T04:22:34.866+0000] {processor.py:161} INFO - Started process (PID=365) to work on /opt/airflow/dags/first_dag.py
[2024-05-08T04:22:34.867+0000] {processor.py:830} INFO - Processing file /opt/airflow/dags/first_dag.py for tasks to queue
[2024-05-08T04:22:34.869+0000] {logging_mixin.py:188} INFO - [2024-05-08T04:22:34.869+0000] {dagbag.py:540} INFO - Filling up the DagBag from /opt/airflow/dags/first_dag.py
[2024-05-08T04:22:34.890+0000] {processor.py:840} INFO - DAG(s) 'first_dag' retrieved from /opt/airflow/dags/first_dag.py
[2024-05-08T04:22:34.915+0000] {logging_mixin.py:188} INFO - [2024-05-08T04:22:34.915+0000] {dag.py:3096} INFO - Sync 1 DAGs
[2024-05-08T04:22:34.935+0000] {logging_mixin.py:188} INFO - [2024-05-08T04:22:34.935+0000] {dag.py:3954} INFO - Setting next_dagrun for first_dag to 2024-03-14 00:00:00+00:00, run_after=2024-03-14 00:00:00+00:00
[2024-05-08T04:22:34.958+0000] {processor.py:183} INFO - Processing /opt/airflow/dags/first_dag.py took 0.098 seconds
[2024-05-08T04:23:05.468+0000] {processor.py:161} INFO - Started process (PID=391) to work on /opt/airflow/dags/first_dag.py
[2024-05-08T04:23:05.469+0000] {processor.py:830} INFO - Processing file /opt/airflow/dags/first_dag.py for tasks to queue
[2024-05-08T04:23:05.471+0000] {logging_mixin.py:188} INFO - [2024-05-08T04:23:05.471+0000] {dagbag.py:540} INFO - Filling up the DagBag from /opt/airflow/dags/first_dag.py
[2024-05-08T04:23:05.491+0000] {processor.py:840} INFO - DAG(s) 'first_dag' retrieved from /opt/airflow/dags/first_dag.py
[2024-05-08T04:23:05.513+0000] {logging_mixin.py:188} INFO - [2024-05-08T04:23:05.513+0000] {dag.py:3096} INFO - Sync 1 DAGs
[2024-05-08T04:23:05.530+0000] {logging_mixin.py:188} INFO - [2024-05-08T04:23:05.530+0000] {dag.py:3954} INFO - Setting next_dagrun for first_dag to 2024-03-14 00:00:00+00:00, run_after=2024-03-14 00:00:00+00:00
[2024-05-08T04:23:05.551+0000] {processor.py:183} INFO - Processing /opt/airflow/dags/first_dag.py took 0.089 seconds
[2024-05-08T04:23:36.054+0000] {processor.py:161} INFO - Started process (PID=418) to work on /opt/airflow/dags/first_dag.py
[2024-05-08T04:23:36.060+0000] {processor.py:830} INFO - Processing file /opt/airflow/dags/first_dag.py for tasks to queue
[2024-05-08T04:23:36.062+0000] {logging_mixin.py:188} INFO - [2024-05-08T04:23:36.061+0000] {dagbag.py:540} INFO - Filling up the DagBag from /opt/airflow/dags/first_dag.py
[2024-05-08T04:23:36.083+0000] {processor.py:840} INFO - DAG(s) 'first_dag' retrieved from /opt/airflow/dags/first_dag.py
[2024-05-08T04:23:36.104+0000] {logging_mixin.py:188} INFO - [2024-05-08T04:23:36.104+0000] {dag.py:3096} INFO - Sync 1 DAGs
[2024-05-08T04:23:36.122+0000] {logging_mixin.py:188} INFO - [2024-05-08T04:23:36.122+0000] {dag.py:3954} INFO - Setting next_dagrun for first_dag to 2024-03-14 00:00:00+00:00, run_after=2024-03-14 00:00:00+00:00
[2024-05-08T04:23:36.144+0000] {processor.py:183} INFO - Processing /opt/airflow/dags/first_dag.py took 0.098 seconds
[2024-05-08T04:24:06.639+0000] {processor.py:161} INFO - Started process (PID=442) to work on /opt/airflow/dags/first_dag.py
[2024-05-08T04:24:06.640+0000] {processor.py:830} INFO - Processing file /opt/airflow/dags/first_dag.py for tasks to queue
[2024-05-08T04:24:06.641+0000] {logging_mixin.py:188} INFO - [2024-05-08T04:24:06.641+0000] {dagbag.py:540} INFO - Filling up the DagBag from /opt/airflow/dags/first_dag.py
[2024-05-08T04:24:06.658+0000] {processor.py:840} INFO - DAG(s) 'first_dag' retrieved from /opt/airflow/dags/first_dag.py
[2024-05-08T04:24:06.679+0000] {logging_mixin.py:188} INFO - [2024-05-08T04:24:06.678+0000] {dag.py:3096} INFO - Sync 1 DAGs
[2024-05-08T04:24:06.696+0000] {logging_mixin.py:188} INFO - [2024-05-08T04:24:06.696+0000] {dag.py:3954} INFO - Setting next_dagrun for first_dag to 2024-03-14 00:00:00+00:00, run_after=2024-03-14 00:00:00+00:00
[2024-05-08T04:24:06.726+0000] {processor.py:183} INFO - Processing /opt/airflow/dags/first_dag.py took 0.093 seconds
[2024-05-08T04:24:37.224+0000] {processor.py:161} INFO - Started process (PID=474) to work on /opt/airflow/dags/first_dag.py
[2024-05-08T04:24:37.225+0000] {processor.py:830} INFO - Processing file /opt/airflow/dags/first_dag.py for tasks to queue
[2024-05-08T04:24:37.227+0000] {logging_mixin.py:188} INFO - [2024-05-08T04:24:37.226+0000] {dagbag.py:540} INFO - Filling up the DagBag from /opt/airflow/dags/first_dag.py
[2024-05-08T04:24:37.249+0000] {processor.py:840} INFO - DAG(s) 'first_dag' retrieved from /opt/airflow/dags/first_dag.py
[2024-05-08T04:24:37.275+0000] {logging_mixin.py:188} INFO - [2024-05-08T04:24:37.275+0000] {dag.py:3096} INFO - Sync 1 DAGs
[2024-05-08T04:24:37.301+0000] {logging_mixin.py:188} INFO - [2024-05-08T04:24:37.300+0000] {dag.py:3954} INFO - Setting next_dagrun for first_dag to 2024-03-14 00:00:00+00:00, run_after=2024-03-14 00:00:00+00:00
[2024-05-08T04:24:37.331+0000] {processor.py:183} INFO - Processing /opt/airflow/dags/first_dag.py took 0.114 seconds
[2024-05-08T04:25:07.762+0000] {processor.py:161} INFO - Started process (PID=500) to work on /opt/airflow/dags/first_dag.py
[2024-05-08T04:25:07.763+0000] {processor.py:830} INFO - Processing file /opt/airflow/dags/first_dag.py for tasks to queue
[2024-05-08T04:25:07.764+0000] {logging_mixin.py:188} INFO - [2024-05-08T04:25:07.764+0000] {dagbag.py:540} INFO - Filling up the DagBag from /opt/airflow/dags/first_dag.py
[2024-05-08T04:25:07.791+0000] {processor.py:840} INFO - DAG(s) 'first_dag' retrieved from /opt/airflow/dags/first_dag.py
[2024-05-08T04:25:07.831+0000] {logging_mixin.py:188} INFO - [2024-05-08T04:25:07.831+0000] {dag.py:3096} INFO - Sync 1 DAGs
[2024-05-08T04:25:07.866+0000] {logging_mixin.py:188} INFO - [2024-05-08T04:25:07.866+0000] {dag.py:3954} INFO - Setting next_dagrun for first_dag to 2024-03-14 00:00:00+00:00, run_after=2024-03-14 00:00:00+00:00
[2024-05-08T04:25:07.890+0000] {processor.py:183} INFO - Processing /opt/airflow/dags/first_dag.py took 0.134 seconds
[2024-05-08T04:25:38.219+0000] {processor.py:161} INFO - Started process (PID=526) to work on /opt/airflow/dags/first_dag.py
[2024-05-08T04:25:38.219+0000] {processor.py:830} INFO - Processing file /opt/airflow/dags/first_dag.py for tasks to queue
[2024-05-08T04:25:38.221+0000] {logging_mixin.py:188} INFO - [2024-05-08T04:25:38.221+0000] {dagbag.py:540} INFO - Filling up the DagBag from /opt/airflow/dags/first_dag.py
[2024-05-08T04:25:38.237+0000] {processor.py:840} INFO - DAG(s) 'first_dag' retrieved from /opt/airflow/dags/first_dag.py
[2024-05-08T04:25:38.260+0000] {logging_mixin.py:188} INFO - [2024-05-08T04:25:38.260+0000] {dag.py:3096} INFO - Sync 1 DAGs
[2024-05-08T04:25:38.281+0000] {logging_mixin.py:188} INFO - [2024-05-08T04:25:38.281+0000] {dag.py:3954} INFO - Setting next_dagrun for first_dag to 2024-03-14 00:00:00+00:00, run_after=2024-03-14 00:00:00+00:00
[2024-05-08T04:25:38.304+0000] {processor.py:183} INFO - Processing /opt/airflow/dags/first_dag.py took 0.090 seconds
