[2024-05-05T04:19:29.464+0000] {local_task_job_runner.py:120} INFO - ::group::Pre task execution logs
[2024-05-05T04:19:29.486+0000] {taskinstance.py:2073} INFO - Dependencies all met for dep_context=non-requeueable deps ti=<TaskInstance: bash.bash_curl manual__2024-05-05T04:19:28.391060+00:00 [queued]>
[2024-05-05T04:19:29.494+0000] {taskinstance.py:2073} INFO - Dependencies all met for dep_context=requeueable deps ti=<TaskInstance: bash.bash_curl manual__2024-05-05T04:19:28.391060+00:00 [queued]>
[2024-05-05T04:19:29.495+0000] {taskinstance.py:2303} INFO - Starting attempt 1 of 2
[2024-05-05T04:19:29.509+0000] {taskinstance.py:2327} INFO - Executing <Task(BashOperator): bash_curl> on 2024-05-05 04:19:28.391060+00:00
[2024-05-05T04:19:29.514+0000] {warnings.py:110} WARNING - /home/***/.local/lib/python3.12/site-packages/***/task/task_runner/standard_task_runner.py:61: DeprecationWarning: This process (pid=612) is multi-threaded, use of fork() may lead to deadlocks in the child.
  pid = os.fork()

[2024-05-05T04:19:29.516+0000] {standard_task_runner.py:63} INFO - Started process 613 to run task
[2024-05-05T04:19:29.516+0000] {standard_task_runner.py:90} INFO - Running: ['***', 'tasks', 'run', 'bash', 'bash_curl', 'manual__2024-05-05T04:19:28.391060+00:00', '--job-id', '42', '--raw', '--subdir', 'DAGS_FOLDER/bash_dag.py', '--cfg-path', '/tmp/tmp0dpk48hi']
[2024-05-05T04:19:29.518+0000] {standard_task_runner.py:91} INFO - Job 42: Subtask bash_curl
[2024-05-05T04:19:29.562+0000] {task_command.py:426} INFO - Running <TaskInstance: bash.bash_curl manual__2024-05-05T04:19:28.391060+00:00 [running]> on host 284b5f341ead
[2024-05-05T04:19:29.647+0000] {taskinstance.py:2644} INFO - Exporting env vars: AIRFLOW_CTX_DAG_OWNER='***' AIRFLOW_CTX_DAG_ID='bash' AIRFLOW_CTX_TASK_ID='bash_curl' AIRFLOW_CTX_EXECUTION_DATE='2024-05-05T04:19:28.391060+00:00' AIRFLOW_CTX_TRY_NUMBER='1' AIRFLOW_CTX_DAG_RUN_ID='manual__2024-05-05T04:19:28.391060+00:00'
[2024-05-05T04:19:29.648+0000] {taskinstance.py:430} INFO - ::endgroup::
[2024-05-05T04:19:29.661+0000] {subprocess.py:63} INFO - Tmp dir root location: /tmp
[2024-05-05T04:19:29.663+0000] {subprocess.py:75} INFO - Running command: ['/usr/bin/bash', '-c', 'curl -o /opt/***/dags/xrate.csv "https://data-api.ecb.europa.eu/service/data/EXR/M.USD.EUR.SP00.A?format=csvdata"']
[2024-05-05T04:19:29.670+0000] {subprocess.py:86} INFO - Output:
[2024-05-05T04:19:29.675+0000] {subprocess.py:93} INFO -   % Total    % Received % Xferd  Average Speed   Time    Time     Time  Current
[2024-05-05T04:19:29.676+0000] {subprocess.py:93} INFO -                                  Dload  Upload   Total   Spent    Left  Speed
[2024-05-05T04:19:30.850+0000] {subprocess.py:93} INFO -   0     0    0     0    0     0      0      0 --:--:-- --:--:-- --:--:--     0  0     0    0     0    0     0      0      0 --:--:-- --:--:-- --:--:--     0100 53823    0 53823    0     0  45813      0 --:--:--  0:00:01 --:--:-- 45845
[2024-05-05T04:19:30.854+0000] {subprocess.py:97} INFO - Command exited with return code 0
[2024-05-05T04:19:30.855+0000] {taskinstance.py:441} INFO - ::group::Post task execution logs
[2024-05-05T04:19:30.884+0000] {taskinstance.py:1205} INFO - Marking task as SUCCESS. dag_id=bash, task_id=bash_curl, execution_date=20240505T041928, start_date=20240505T041929, end_date=20240505T041930
[2024-05-05T04:19:30.938+0000] {local_task_job_runner.py:240} INFO - Task exited with return code 0
[2024-05-05T04:19:30.956+0000] {taskinstance.py:3482} INFO - 0 downstream tasks scheduled from follow-on schedule check
[2024-05-05T04:19:30.960+0000] {local_task_job_runner.py:222} INFO - ::endgroup::
