[2024-05-09T04:02:48.836+0000] {processor.py:161} INFO - Started process (PID=175) to work on /opt/airflow/dags/bash_dag.py
[2024-05-09T04:02:48.837+0000] {processor.py:830} INFO - Processing file /opt/airflow/dags/bash_dag.py for tasks to queue
[2024-05-09T04:02:48.839+0000] {logging_mixin.py:188} INFO - [2024-05-09T04:02:48.839+0000] {dagbag.py:540} INFO - Filling up the DagBag from /opt/airflow/dags/bash_dag.py
[2024-05-09T04:02:48.860+0000] {processor.py:840} INFO - DAG(s) 'bash' retrieved from /opt/airflow/dags/bash_dag.py
[2024-05-09T04:02:48.973+0000] {logging_mixin.py:188} INFO - [2024-05-09T04:02:48.973+0000] {dag.py:3096} INFO - Sync 1 DAGs
[2024-05-09T04:02:48.994+0000] {logging_mixin.py:188} INFO - [2024-05-09T04:02:48.994+0000] {dag.py:3954} INFO - Setting next_dagrun for bash to 2024-03-14 00:00:00+00:00, run_after=2024-03-14 00:00:00+00:00
[2024-05-09T04:02:49.017+0000] {processor.py:183} INFO - Processing /opt/airflow/dags/bash_dag.py took 0.187 seconds
[2024-05-09T04:03:19.488+0000] {processor.py:161} INFO - Started process (PID=205) to work on /opt/airflow/dags/bash_dag.py
[2024-05-09T04:03:19.489+0000] {processor.py:830} INFO - Processing file /opt/airflow/dags/bash_dag.py for tasks to queue
[2024-05-09T04:03:19.491+0000] {logging_mixin.py:188} INFO - [2024-05-09T04:03:19.490+0000] {dagbag.py:540} INFO - Filling up the DagBag from /opt/airflow/dags/bash_dag.py
[2024-05-09T04:03:19.503+0000] {processor.py:840} INFO - DAG(s) 'bash' retrieved from /opt/airflow/dags/bash_dag.py
[2024-05-09T04:03:19.524+0000] {logging_mixin.py:188} INFO - [2024-05-09T04:03:19.524+0000] {dag.py:3096} INFO - Sync 1 DAGs
[2024-05-09T04:03:19.541+0000] {logging_mixin.py:188} INFO - [2024-05-09T04:03:19.541+0000] {dag.py:3954} INFO - Setting next_dagrun for bash to 2024-03-14 00:00:00+00:00, run_after=2024-03-14 00:00:00+00:00
[2024-05-09T04:03:19.558+0000] {processor.py:183} INFO - Processing /opt/airflow/dags/bash_dag.py took 0.075 seconds
[2024-05-09T04:03:50.129+0000] {processor.py:161} INFO - Started process (PID=231) to work on /opt/airflow/dags/bash_dag.py
[2024-05-09T04:03:50.131+0000] {processor.py:830} INFO - Processing file /opt/airflow/dags/bash_dag.py for tasks to queue
[2024-05-09T04:03:50.133+0000] {logging_mixin.py:188} INFO - [2024-05-09T04:03:50.133+0000] {dagbag.py:540} INFO - Filling up the DagBag from /opt/airflow/dags/bash_dag.py
[2024-05-09T04:03:50.156+0000] {processor.py:840} INFO - DAG(s) 'bash' retrieved from /opt/airflow/dags/bash_dag.py
[2024-05-09T04:03:50.187+0000] {logging_mixin.py:188} INFO - [2024-05-09T04:03:50.187+0000] {dag.py:3096} INFO - Sync 1 DAGs
[2024-05-09T04:03:50.208+0000] {logging_mixin.py:188} INFO - [2024-05-09T04:03:50.208+0000] {dag.py:3954} INFO - Setting next_dagrun for bash to 2024-03-14 00:00:00+00:00, run_after=2024-03-14 00:00:00+00:00
[2024-05-09T04:03:50.229+0000] {processor.py:183} INFO - Processing /opt/airflow/dags/bash_dag.py took 0.111 seconds
[2024-05-09T04:04:20.707+0000] {processor.py:161} INFO - Started process (PID=259) to work on /opt/airflow/dags/bash_dag.py
[2024-05-09T04:04:20.708+0000] {processor.py:830} INFO - Processing file /opt/airflow/dags/bash_dag.py for tasks to queue
[2024-05-09T04:04:20.709+0000] {logging_mixin.py:188} INFO - [2024-05-09T04:04:20.709+0000] {dagbag.py:540} INFO - Filling up the DagBag from /opt/airflow/dags/bash_dag.py
[2024-05-09T04:04:20.723+0000] {processor.py:840} INFO - DAG(s) 'bash' retrieved from /opt/airflow/dags/bash_dag.py
[2024-05-09T04:04:20.742+0000] {logging_mixin.py:188} INFO - [2024-05-09T04:04:20.742+0000] {dag.py:3096} INFO - Sync 1 DAGs
[2024-05-09T04:04:20.759+0000] {logging_mixin.py:188} INFO - [2024-05-09T04:04:20.759+0000] {dag.py:3954} INFO - Setting next_dagrun for bash to 2024-03-14 00:00:00+00:00, run_after=2024-03-14 00:00:00+00:00
[2024-05-09T04:04:20.781+0000] {processor.py:183} INFO - Processing /opt/airflow/dags/bash_dag.py took 0.078 seconds
[2024-05-09T04:04:51.298+0000] {processor.py:161} INFO - Started process (PID=285) to work on /opt/airflow/dags/bash_dag.py
[2024-05-09T04:04:51.299+0000] {processor.py:830} INFO - Processing file /opt/airflow/dags/bash_dag.py for tasks to queue
[2024-05-09T04:04:51.301+0000] {logging_mixin.py:188} INFO - [2024-05-09T04:04:51.301+0000] {dagbag.py:540} INFO - Filling up the DagBag from /opt/airflow/dags/bash_dag.py
[2024-05-09T04:04:51.314+0000] {processor.py:840} INFO - DAG(s) 'bash' retrieved from /opt/airflow/dags/bash_dag.py
[2024-05-09T04:04:51.336+0000] {logging_mixin.py:188} INFO - [2024-05-09T04:04:51.336+0000] {dag.py:3096} INFO - Sync 1 DAGs
[2024-05-09T04:04:51.356+0000] {logging_mixin.py:188} INFO - [2024-05-09T04:04:51.356+0000] {dag.py:3954} INFO - Setting next_dagrun for bash to 2024-03-14 00:00:00+00:00, run_after=2024-03-14 00:00:00+00:00
[2024-05-09T04:04:51.378+0000] {processor.py:183} INFO - Processing /opt/airflow/dags/bash_dag.py took 0.084 seconds
[2024-05-09T04:05:21.872+0000] {processor.py:161} INFO - Started process (PID=313) to work on /opt/airflow/dags/bash_dag.py
[2024-05-09T04:05:21.874+0000] {processor.py:830} INFO - Processing file /opt/airflow/dags/bash_dag.py for tasks to queue
[2024-05-09T04:05:21.875+0000] {logging_mixin.py:188} INFO - [2024-05-09T04:05:21.875+0000] {dagbag.py:540} INFO - Filling up the DagBag from /opt/airflow/dags/bash_dag.py
[2024-05-09T04:05:21.891+0000] {processor.py:840} INFO - DAG(s) 'bash' retrieved from /opt/airflow/dags/bash_dag.py
[2024-05-09T04:05:21.911+0000] {logging_mixin.py:188} INFO - [2024-05-09T04:05:21.911+0000] {dag.py:3096} INFO - Sync 1 DAGs
[2024-05-09T04:05:21.936+0000] {logging_mixin.py:188} INFO - [2024-05-09T04:05:21.935+0000] {dag.py:3954} INFO - Setting next_dagrun for bash to 2024-03-14 00:00:00+00:00, run_after=2024-03-14 00:00:00+00:00
[2024-05-09T04:05:21.963+0000] {processor.py:183} INFO - Processing /opt/airflow/dags/bash_dag.py took 0.098 seconds
[2024-05-09T04:06:52.423+0000] {processor.py:161} INFO - Started process (PID=175) to work on /opt/airflow/dags/bash_dag.py
[2024-05-09T04:06:52.424+0000] {processor.py:830} INFO - Processing file /opt/airflow/dags/bash_dag.py for tasks to queue
[2024-05-09T04:06:52.427+0000] {logging_mixin.py:188} INFO - [2024-05-09T04:06:52.426+0000] {dagbag.py:540} INFO - Filling up the DagBag from /opt/airflow/dags/bash_dag.py
[2024-05-09T04:06:52.446+0000] {processor.py:840} INFO - DAG(s) 'bash' retrieved from /opt/airflow/dags/bash_dag.py
[2024-05-09T04:06:52.543+0000] {logging_mixin.py:188} INFO - [2024-05-09T04:06:52.543+0000] {dag.py:3096} INFO - Sync 1 DAGs
[2024-05-09T04:06:52.562+0000] {logging_mixin.py:188} INFO - [2024-05-09T04:06:52.562+0000] {dag.py:3954} INFO - Setting next_dagrun for bash to 2024-03-14 00:00:00+00:00, run_after=2024-03-14 00:00:00+00:00
[2024-05-09T04:06:52.586+0000] {processor.py:183} INFO - Processing /opt/airflow/dags/bash_dag.py took 0.172 seconds
[2024-05-09T04:07:23.107+0000] {processor.py:161} INFO - Started process (PID=201) to work on /opt/airflow/dags/bash_dag.py
[2024-05-09T04:07:23.108+0000] {processor.py:830} INFO - Processing file /opt/airflow/dags/bash_dag.py for tasks to queue
[2024-05-09T04:07:23.110+0000] {logging_mixin.py:188} INFO - [2024-05-09T04:07:23.110+0000] {dagbag.py:540} INFO - Filling up the DagBag from /opt/airflow/dags/bash_dag.py
[2024-05-09T04:07:23.129+0000] {processor.py:840} INFO - DAG(s) 'bash' retrieved from /opt/airflow/dags/bash_dag.py
[2024-05-09T04:07:23.158+0000] {logging_mixin.py:188} INFO - [2024-05-09T04:07:23.157+0000] {dag.py:3096} INFO - Sync 1 DAGs
[2024-05-09T04:07:23.192+0000] {logging_mixin.py:188} INFO - [2024-05-09T04:07:23.192+0000] {dag.py:3954} INFO - Setting next_dagrun for bash to 2024-03-14 00:00:00+00:00, run_after=2024-03-14 00:00:00+00:00
[2024-05-09T04:07:23.226+0000] {processor.py:183} INFO - Processing /opt/airflow/dags/bash_dag.py took 0.126 seconds
[2024-05-09T04:07:53.750+0000] {processor.py:161} INFO - Started process (PID=228) to work on /opt/airflow/dags/bash_dag.py
[2024-05-09T04:07:53.750+0000] {processor.py:830} INFO - Processing file /opt/airflow/dags/bash_dag.py for tasks to queue
[2024-05-09T04:07:53.752+0000] {logging_mixin.py:188} INFO - [2024-05-09T04:07:53.752+0000] {dagbag.py:540} INFO - Filling up the DagBag from /opt/airflow/dags/bash_dag.py
[2024-05-09T04:07:53.765+0000] {processor.py:840} INFO - DAG(s) 'bash' retrieved from /opt/airflow/dags/bash_dag.py
[2024-05-09T04:07:53.789+0000] {logging_mixin.py:188} INFO - [2024-05-09T04:07:53.788+0000] {dag.py:3096} INFO - Sync 1 DAGs
[2024-05-09T04:07:53.809+0000] {logging_mixin.py:188} INFO - [2024-05-09T04:07:53.809+0000] {dag.py:3954} INFO - Setting next_dagrun for bash to 2024-03-14 00:00:00+00:00, run_after=2024-03-14 00:00:00+00:00
[2024-05-09T04:07:53.828+0000] {processor.py:183} INFO - Processing /opt/airflow/dags/bash_dag.py took 0.083 seconds
[2024-05-09T04:08:24.323+0000] {processor.py:161} INFO - Started process (PID=254) to work on /opt/airflow/dags/bash_dag.py
[2024-05-09T04:08:24.324+0000] {processor.py:830} INFO - Processing file /opt/airflow/dags/bash_dag.py for tasks to queue
[2024-05-09T04:08:24.327+0000] {logging_mixin.py:188} INFO - [2024-05-09T04:08:24.326+0000] {dagbag.py:540} INFO - Filling up the DagBag from /opt/airflow/dags/bash_dag.py
[2024-05-09T04:08:24.342+0000] {processor.py:840} INFO - DAG(s) 'bash' retrieved from /opt/airflow/dags/bash_dag.py
[2024-05-09T04:08:24.365+0000] {logging_mixin.py:188} INFO - [2024-05-09T04:08:24.364+0000] {dag.py:3096} INFO - Sync 1 DAGs
[2024-05-09T04:08:24.386+0000] {logging_mixin.py:188} INFO - [2024-05-09T04:08:24.386+0000] {dag.py:3954} INFO - Setting next_dagrun for bash to 2024-03-14 00:00:00+00:00, run_after=2024-03-14 00:00:00+00:00
[2024-05-09T04:08:24.410+0000] {processor.py:183} INFO - Processing /opt/airflow/dags/bash_dag.py took 0.092 seconds
[2024-05-09T04:08:55.011+0000] {processor.py:161} INFO - Started process (PID=281) to work on /opt/airflow/dags/bash_dag.py
[2024-05-09T04:08:55.012+0000] {processor.py:830} INFO - Processing file /opt/airflow/dags/bash_dag.py for tasks to queue
[2024-05-09T04:08:55.013+0000] {logging_mixin.py:188} INFO - [2024-05-09T04:08:55.013+0000] {dagbag.py:540} INFO - Filling up the DagBag from /opt/airflow/dags/bash_dag.py
[2024-05-09T04:08:55.030+0000] {processor.py:840} INFO - DAG(s) 'bash' retrieved from /opt/airflow/dags/bash_dag.py
[2024-05-09T04:08:55.050+0000] {logging_mixin.py:188} INFO - [2024-05-09T04:08:55.050+0000] {dag.py:3096} INFO - Sync 1 DAGs
[2024-05-09T04:08:55.067+0000] {logging_mixin.py:188} INFO - [2024-05-09T04:08:55.067+0000] {dag.py:3954} INFO - Setting next_dagrun for bash to 2024-03-14 00:00:00+00:00, run_after=2024-03-14 00:00:00+00:00
[2024-05-09T04:08:55.088+0000] {processor.py:183} INFO - Processing /opt/airflow/dags/bash_dag.py took 0.081 seconds
[2024-05-09T04:09:25.672+0000] {processor.py:161} INFO - Started process (PID=307) to work on /opt/airflow/dags/bash_dag.py
[2024-05-09T04:09:25.673+0000] {processor.py:830} INFO - Processing file /opt/airflow/dags/bash_dag.py for tasks to queue
[2024-05-09T04:09:25.675+0000] {logging_mixin.py:188} INFO - [2024-05-09T04:09:25.674+0000] {dagbag.py:540} INFO - Filling up the DagBag from /opt/airflow/dags/bash_dag.py
[2024-05-09T04:09:25.688+0000] {processor.py:840} INFO - DAG(s) 'bash' retrieved from /opt/airflow/dags/bash_dag.py
[2024-05-09T04:09:25.708+0000] {logging_mixin.py:188} INFO - [2024-05-09T04:09:25.708+0000] {dag.py:3096} INFO - Sync 1 DAGs
[2024-05-09T04:09:25.725+0000] {logging_mixin.py:188} INFO - [2024-05-09T04:09:25.725+0000] {dag.py:3954} INFO - Setting next_dagrun for bash to 2024-03-14 00:00:00+00:00, run_after=2024-03-14 00:00:00+00:00
[2024-05-09T04:09:25.746+0000] {processor.py:183} INFO - Processing /opt/airflow/dags/bash_dag.py took 0.079 seconds
[2024-05-09T04:09:56.298+0000] {processor.py:161} INFO - Started process (PID=333) to work on /opt/airflow/dags/bash_dag.py
[2024-05-09T04:09:56.299+0000] {processor.py:830} INFO - Processing file /opt/airflow/dags/bash_dag.py for tasks to queue
[2024-05-09T04:09:56.300+0000] {logging_mixin.py:188} INFO - [2024-05-09T04:09:56.300+0000] {dagbag.py:540} INFO - Filling up the DagBag from /opt/airflow/dags/bash_dag.py
[2024-05-09T04:09:56.314+0000] {processor.py:840} INFO - DAG(s) 'bash' retrieved from /opt/airflow/dags/bash_dag.py
[2024-05-09T04:09:56.335+0000] {logging_mixin.py:188} INFO - [2024-05-09T04:09:56.335+0000] {dag.py:3096} INFO - Sync 1 DAGs
[2024-05-09T04:09:56.354+0000] {logging_mixin.py:188} INFO - [2024-05-09T04:09:56.353+0000] {dag.py:3954} INFO - Setting next_dagrun for bash to 2024-03-14 00:00:00+00:00, run_after=2024-03-14 00:00:00+00:00
[2024-05-09T04:09:56.377+0000] {processor.py:183} INFO - Processing /opt/airflow/dags/bash_dag.py took 0.084 seconds
[2024-05-09T04:10:26.907+0000] {processor.py:161} INFO - Started process (PID=359) to work on /opt/airflow/dags/bash_dag.py
[2024-05-09T04:10:26.908+0000] {processor.py:830} INFO - Processing file /opt/airflow/dags/bash_dag.py for tasks to queue
[2024-05-09T04:10:26.910+0000] {logging_mixin.py:188} INFO - [2024-05-09T04:10:26.909+0000] {dagbag.py:540} INFO - Filling up the DagBag from /opt/airflow/dags/bash_dag.py
[2024-05-09T04:10:26.923+0000] {processor.py:840} INFO - DAG(s) 'bash' retrieved from /opt/airflow/dags/bash_dag.py
[2024-05-09T04:10:26.943+0000] {logging_mixin.py:188} INFO - [2024-05-09T04:10:26.942+0000] {dag.py:3096} INFO - Sync 1 DAGs
[2024-05-09T04:10:26.961+0000] {logging_mixin.py:188} INFO - [2024-05-09T04:10:26.961+0000] {dag.py:3954} INFO - Setting next_dagrun for bash to 2024-03-14 00:00:00+00:00, run_after=2024-03-14 00:00:00+00:00
[2024-05-09T04:10:26.983+0000] {processor.py:183} INFO - Processing /opt/airflow/dags/bash_dag.py took 0.081 seconds
[2024-05-09T04:10:57.529+0000] {processor.py:161} INFO - Started process (PID=385) to work on /opt/airflow/dags/bash_dag.py
[2024-05-09T04:10:57.530+0000] {processor.py:830} INFO - Processing file /opt/airflow/dags/bash_dag.py for tasks to queue
[2024-05-09T04:10:57.532+0000] {logging_mixin.py:188} INFO - [2024-05-09T04:10:57.531+0000] {dagbag.py:540} INFO - Filling up the DagBag from /opt/airflow/dags/bash_dag.py
[2024-05-09T04:10:57.551+0000] {processor.py:840} INFO - DAG(s) 'bash' retrieved from /opt/airflow/dags/bash_dag.py
[2024-05-09T04:10:57.577+0000] {logging_mixin.py:188} INFO - [2024-05-09T04:10:57.577+0000] {dag.py:3096} INFO - Sync 1 DAGs
[2024-05-09T04:10:57.601+0000] {logging_mixin.py:188} INFO - [2024-05-09T04:10:57.600+0000] {dag.py:3954} INFO - Setting next_dagrun for bash to 2024-03-14 00:00:00+00:00, run_after=2024-03-14 00:00:00+00:00
[2024-05-09T04:10:57.627+0000] {processor.py:183} INFO - Processing /opt/airflow/dags/bash_dag.py took 0.104 seconds
[2024-05-09T04:11:28.116+0000] {processor.py:161} INFO - Started process (PID=411) to work on /opt/airflow/dags/bash_dag.py
[2024-05-09T04:11:28.117+0000] {processor.py:830} INFO - Processing file /opt/airflow/dags/bash_dag.py for tasks to queue
[2024-05-09T04:11:28.118+0000] {logging_mixin.py:188} INFO - [2024-05-09T04:11:28.118+0000] {dagbag.py:540} INFO - Filling up the DagBag from /opt/airflow/dags/bash_dag.py
[2024-05-09T04:11:28.131+0000] {processor.py:840} INFO - DAG(s) 'bash' retrieved from /opt/airflow/dags/bash_dag.py
[2024-05-09T04:11:28.151+0000] {logging_mixin.py:188} INFO - [2024-05-09T04:11:28.151+0000] {dag.py:3096} INFO - Sync 1 DAGs
[2024-05-09T04:11:28.167+0000] {logging_mixin.py:188} INFO - [2024-05-09T04:11:28.167+0000] {dag.py:3954} INFO - Setting next_dagrun for bash to 2024-03-14 00:00:00+00:00, run_after=2024-03-14 00:00:00+00:00
[2024-05-09T04:11:28.186+0000] {processor.py:183} INFO - Processing /opt/airflow/dags/bash_dag.py took 0.074 seconds
[2024-05-09T04:11:58.766+0000] {processor.py:161} INFO - Started process (PID=437) to work on /opt/airflow/dags/bash_dag.py
[2024-05-09T04:11:58.767+0000] {processor.py:830} INFO - Processing file /opt/airflow/dags/bash_dag.py for tasks to queue
[2024-05-09T04:11:58.769+0000] {logging_mixin.py:188} INFO - [2024-05-09T04:11:58.769+0000] {dagbag.py:540} INFO - Filling up the DagBag from /opt/airflow/dags/bash_dag.py
[2024-05-09T04:11:58.787+0000] {processor.py:840} INFO - DAG(s) 'bash' retrieved from /opt/airflow/dags/bash_dag.py
[2024-05-09T04:11:58.818+0000] {logging_mixin.py:188} INFO - [2024-05-09T04:11:58.818+0000] {dag.py:3096} INFO - Sync 1 DAGs
[2024-05-09T04:11:58.838+0000] {logging_mixin.py:188} INFO - [2024-05-09T04:11:58.837+0000] {dag.py:3954} INFO - Setting next_dagrun for bash to 2024-03-14 00:00:00+00:00, run_after=2024-03-14 00:00:00+00:00
[2024-05-09T04:11:58.865+0000] {processor.py:183} INFO - Processing /opt/airflow/dags/bash_dag.py took 0.104 seconds
[2024-05-09T04:12:29.459+0000] {processor.py:161} INFO - Started process (PID=463) to work on /opt/airflow/dags/bash_dag.py
[2024-05-09T04:12:29.461+0000] {processor.py:830} INFO - Processing file /opt/airflow/dags/bash_dag.py for tasks to queue
[2024-05-09T04:12:29.463+0000] {logging_mixin.py:188} INFO - [2024-05-09T04:12:29.462+0000] {dagbag.py:540} INFO - Filling up the DagBag from /opt/airflow/dags/bash_dag.py
[2024-05-09T04:12:29.489+0000] {processor.py:840} INFO - DAG(s) 'bash' retrieved from /opt/airflow/dags/bash_dag.py
[2024-05-09T04:12:29.522+0000] {logging_mixin.py:188} INFO - [2024-05-09T04:12:29.522+0000] {dag.py:3096} INFO - Sync 1 DAGs
[2024-05-09T04:12:29.551+0000] {logging_mixin.py:188} INFO - [2024-05-09T04:12:29.551+0000] {dag.py:3954} INFO - Setting next_dagrun for bash to 2024-03-14 00:00:00+00:00, run_after=2024-03-14 00:00:00+00:00
[2024-05-09T04:12:29.574+0000] {processor.py:183} INFO - Processing /opt/airflow/dags/bash_dag.py took 0.122 seconds
[2024-05-09T04:13:00.063+0000] {processor.py:161} INFO - Started process (PID=489) to work on /opt/airflow/dags/bash_dag.py
[2024-05-09T04:13:00.064+0000] {processor.py:830} INFO - Processing file /opt/airflow/dags/bash_dag.py for tasks to queue
[2024-05-09T04:13:00.065+0000] {logging_mixin.py:188} INFO - [2024-05-09T04:13:00.065+0000] {dagbag.py:540} INFO - Filling up the DagBag from /opt/airflow/dags/bash_dag.py
[2024-05-09T04:13:00.081+0000] {processor.py:840} INFO - DAG(s) 'bash' retrieved from /opt/airflow/dags/bash_dag.py
[2024-05-09T04:13:00.105+0000] {logging_mixin.py:188} INFO - [2024-05-09T04:13:00.104+0000] {dag.py:3096} INFO - Sync 1 DAGs
[2024-05-09T04:13:00.130+0000] {logging_mixin.py:188} INFO - [2024-05-09T04:13:00.129+0000] {dag.py:3954} INFO - Setting next_dagrun for bash to 2024-03-14 00:00:00+00:00, run_after=2024-03-14 00:00:00+00:00
[2024-05-09T04:13:00.159+0000] {processor.py:183} INFO - Processing /opt/airflow/dags/bash_dag.py took 0.102 seconds
[2024-05-09T04:13:30.622+0000] {processor.py:161} INFO - Started process (PID=516) to work on /opt/airflow/dags/bash_dag.py
[2024-05-09T04:13:30.622+0000] {processor.py:830} INFO - Processing file /opt/airflow/dags/bash_dag.py for tasks to queue
[2024-05-09T04:13:30.624+0000] {logging_mixin.py:188} INFO - [2024-05-09T04:13:30.624+0000] {dagbag.py:540} INFO - Filling up the DagBag from /opt/airflow/dags/bash_dag.py
[2024-05-09T04:13:30.637+0000] {processor.py:840} INFO - DAG(s) 'bash' retrieved from /opt/airflow/dags/bash_dag.py
[2024-05-09T04:13:30.658+0000] {logging_mixin.py:188} INFO - [2024-05-09T04:13:30.657+0000] {dag.py:3096} INFO - Sync 1 DAGs
[2024-05-09T04:13:30.675+0000] {logging_mixin.py:188} INFO - [2024-05-09T04:13:30.675+0000] {dag.py:3954} INFO - Setting next_dagrun for bash to 2024-03-14 00:00:00+00:00, run_after=2024-03-14 00:00:00+00:00
[2024-05-09T04:13:30.697+0000] {processor.py:183} INFO - Processing /opt/airflow/dags/bash_dag.py took 0.080 seconds
[2024-05-09T04:14:01.267+0000] {processor.py:161} INFO - Started process (PID=542) to work on /opt/airflow/dags/bash_dag.py
[2024-05-09T04:14:01.268+0000] {processor.py:830} INFO - Processing file /opt/airflow/dags/bash_dag.py for tasks to queue
[2024-05-09T04:14:01.269+0000] {logging_mixin.py:188} INFO - [2024-05-09T04:14:01.269+0000] {dagbag.py:540} INFO - Filling up the DagBag from /opt/airflow/dags/bash_dag.py
[2024-05-09T04:14:01.281+0000] {processor.py:840} INFO - DAG(s) 'bash' retrieved from /opt/airflow/dags/bash_dag.py
[2024-05-09T04:14:01.302+0000] {logging_mixin.py:188} INFO - [2024-05-09T04:14:01.301+0000] {dag.py:3096} INFO - Sync 1 DAGs
[2024-05-09T04:14:01.321+0000] {logging_mixin.py:188} INFO - [2024-05-09T04:14:01.321+0000] {dag.py:3954} INFO - Setting next_dagrun for bash to 2024-03-14 00:00:00+00:00, run_after=2024-03-14 00:00:00+00:00
[2024-05-09T04:14:01.342+0000] {processor.py:183} INFO - Processing /opt/airflow/dags/bash_dag.py took 0.080 seconds
[2024-05-09T04:14:31.909+0000] {processor.py:161} INFO - Started process (PID=568) to work on /opt/airflow/dags/bash_dag.py
[2024-05-09T04:14:31.910+0000] {processor.py:830} INFO - Processing file /opt/airflow/dags/bash_dag.py for tasks to queue
[2024-05-09T04:14:31.911+0000] {logging_mixin.py:188} INFO - [2024-05-09T04:14:31.911+0000] {dagbag.py:540} INFO - Filling up the DagBag from /opt/airflow/dags/bash_dag.py
[2024-05-09T04:14:31.925+0000] {processor.py:840} INFO - DAG(s) 'bash' retrieved from /opt/airflow/dags/bash_dag.py
[2024-05-09T04:14:31.947+0000] {logging_mixin.py:188} INFO - [2024-05-09T04:14:31.946+0000] {dag.py:3096} INFO - Sync 1 DAGs
[2024-05-09T04:14:31.968+0000] {logging_mixin.py:188} INFO - [2024-05-09T04:14:31.967+0000] {dag.py:3954} INFO - Setting next_dagrun for bash to 2024-03-14 00:00:00+00:00, run_after=2024-03-14 00:00:00+00:00
[2024-05-09T04:14:31.990+0000] {processor.py:183} INFO - Processing /opt/airflow/dags/bash_dag.py took 0.086 seconds
[2024-05-09T04:15:02.440+0000] {processor.py:161} INFO - Started process (PID=594) to work on /opt/airflow/dags/bash_dag.py
[2024-05-09T04:15:02.441+0000] {processor.py:830} INFO - Processing file /opt/airflow/dags/bash_dag.py for tasks to queue
[2024-05-09T04:15:02.443+0000] {logging_mixin.py:188} INFO - [2024-05-09T04:15:02.443+0000] {dagbag.py:540} INFO - Filling up the DagBag from /opt/airflow/dags/bash_dag.py
[2024-05-09T04:15:02.456+0000] {processor.py:840} INFO - DAG(s) 'bash' retrieved from /opt/airflow/dags/bash_dag.py
[2024-05-09T04:15:02.477+0000] {logging_mixin.py:188} INFO - [2024-05-09T04:15:02.477+0000] {dag.py:3096} INFO - Sync 1 DAGs
[2024-05-09T04:15:02.496+0000] {logging_mixin.py:188} INFO - [2024-05-09T04:15:02.496+0000] {dag.py:3954} INFO - Setting next_dagrun for bash to 2024-03-14 00:00:00+00:00, run_after=2024-03-14 00:00:00+00:00
[2024-05-09T04:15:02.518+0000] {processor.py:183} INFO - Processing /opt/airflow/dags/bash_dag.py took 0.084 seconds
[2024-05-09T04:15:33.048+0000] {processor.py:161} INFO - Started process (PID=619) to work on /opt/airflow/dags/bash_dag.py
[2024-05-09T04:15:33.049+0000] {processor.py:830} INFO - Processing file /opt/airflow/dags/bash_dag.py for tasks to queue
[2024-05-09T04:15:33.050+0000] {logging_mixin.py:188} INFO - [2024-05-09T04:15:33.050+0000] {dagbag.py:540} INFO - Filling up the DagBag from /opt/airflow/dags/bash_dag.py
[2024-05-09T04:15:33.065+0000] {processor.py:840} INFO - DAG(s) 'bash' retrieved from /opt/airflow/dags/bash_dag.py
[2024-05-09T04:15:33.086+0000] {logging_mixin.py:188} INFO - [2024-05-09T04:15:33.086+0000] {dag.py:3096} INFO - Sync 1 DAGs
[2024-05-09T04:15:33.105+0000] {logging_mixin.py:188} INFO - [2024-05-09T04:15:33.104+0000] {dag.py:3954} INFO - Setting next_dagrun for bash to 2024-03-14 00:00:00+00:00, run_after=2024-03-14 00:00:00+00:00
[2024-05-09T04:15:33.128+0000] {processor.py:183} INFO - Processing /opt/airflow/dags/bash_dag.py took 0.085 seconds
