[2024-05-09T04:02:48.320+0000] {processor.py:161} INFO - Started process (PID=168) to work on /opt/airflow/dags/dump_load_dag.py
[2024-05-09T04:02:48.321+0000] {processor.py:830} INFO - Processing file /opt/airflow/dags/dump_load_dag.py for tasks to queue
[2024-05-09T04:02:48.324+0000] {logging_mixin.py:188} INFO - [2024-05-09T04:02:48.323+0000] {dagbag.py:540} INFO - Filling up the DagBag from /opt/airflow/dags/dump_load_dag.py
[2024-05-09T04:02:48.484+0000] {processor.py:840} INFO - DAG(s) 'mysql_table_dump' retrieved from /opt/airflow/dags/dump_load_dag.py
[2024-05-09T04:02:48.706+0000] {logging_mixin.py:188} INFO - [2024-05-09T04:02:48.706+0000] {dag.py:3096} INFO - Sync 1 DAGs
[2024-05-09T04:02:48.773+0000] {logging_mixin.py:188} INFO - [2024-05-09T04:02:48.773+0000] {dag.py:3954} INFO - Setting next_dagrun for mysql_table_dump to None, run_after=None
[2024-05-09T04:02:48.800+0000] {processor.py:183} INFO - Processing /opt/airflow/dags/dump_load_dag.py took 0.487 seconds
[2024-05-09T04:03:19.362+0000] {processor.py:161} INFO - Started process (PID=198) to work on /opt/airflow/dags/dump_load_dag.py
[2024-05-09T04:03:19.363+0000] {processor.py:830} INFO - Processing file /opt/airflow/dags/dump_load_dag.py for tasks to queue
[2024-05-09T04:03:19.365+0000] {logging_mixin.py:188} INFO - [2024-05-09T04:03:19.365+0000] {dagbag.py:540} INFO - Filling up the DagBag from /opt/airflow/dags/dump_load_dag.py
[2024-05-09T04:03:19.396+0000] {processor.py:840} INFO - DAG(s) 'mysql_table_dump' retrieved from /opt/airflow/dags/dump_load_dag.py
[2024-05-09T04:03:19.420+0000] {logging_mixin.py:188} INFO - [2024-05-09T04:03:19.419+0000] {dag.py:3096} INFO - Sync 1 DAGs
[2024-05-09T04:03:19.440+0000] {logging_mixin.py:188} INFO - [2024-05-09T04:03:19.439+0000] {dag.py:3954} INFO - Setting next_dagrun for mysql_table_dump to None, run_after=None
[2024-05-09T04:03:19.465+0000] {processor.py:183} INFO - Processing /opt/airflow/dags/dump_load_dag.py took 0.108 seconds
[2024-05-09T04:03:49.965+0000] {processor.py:161} INFO - Started process (PID=224) to work on /opt/airflow/dags/dump_load_dag.py
[2024-05-09T04:03:49.966+0000] {processor.py:830} INFO - Processing file /opt/airflow/dags/dump_load_dag.py for tasks to queue
[2024-05-09T04:03:49.967+0000] {logging_mixin.py:188} INFO - [2024-05-09T04:03:49.967+0000] {dagbag.py:540} INFO - Filling up the DagBag from /opt/airflow/dags/dump_load_dag.py
[2024-05-09T04:03:49.998+0000] {processor.py:840} INFO - DAG(s) 'mysql_table_dump' retrieved from /opt/airflow/dags/dump_load_dag.py
[2024-05-09T04:03:50.028+0000] {logging_mixin.py:188} INFO - [2024-05-09T04:03:50.028+0000] {dag.py:3096} INFO - Sync 1 DAGs
[2024-05-09T04:03:50.060+0000] {logging_mixin.py:188} INFO - [2024-05-09T04:03:50.060+0000] {dag.py:3954} INFO - Setting next_dagrun for mysql_table_dump to None, run_after=None
[2024-05-09T04:03:50.089+0000] {processor.py:183} INFO - Processing /opt/airflow/dags/dump_load_dag.py took 0.133 seconds
[2024-05-09T04:04:20.586+0000] {processor.py:161} INFO - Started process (PID=252) to work on /opt/airflow/dags/dump_load_dag.py
[2024-05-09T04:04:20.587+0000] {processor.py:830} INFO - Processing file /opt/airflow/dags/dump_load_dag.py for tasks to queue
[2024-05-09T04:04:20.589+0000] {logging_mixin.py:188} INFO - [2024-05-09T04:04:20.588+0000] {dagbag.py:540} INFO - Filling up the DagBag from /opt/airflow/dags/dump_load_dag.py
[2024-05-09T04:04:20.617+0000] {processor.py:840} INFO - DAG(s) 'mysql_table_dump' retrieved from /opt/airflow/dags/dump_load_dag.py
[2024-05-09T04:04:20.640+0000] {logging_mixin.py:188} INFO - [2024-05-09T04:04:20.640+0000] {dag.py:3096} INFO - Sync 1 DAGs
[2024-05-09T04:04:20.661+0000] {logging_mixin.py:188} INFO - [2024-05-09T04:04:20.661+0000] {dag.py:3954} INFO - Setting next_dagrun for mysql_table_dump to None, run_after=None
[2024-05-09T04:04:20.683+0000] {processor.py:183} INFO - Processing /opt/airflow/dags/dump_load_dag.py took 0.105 seconds
[2024-05-09T04:04:51.143+0000] {processor.py:161} INFO - Started process (PID=278) to work on /opt/airflow/dags/dump_load_dag.py
[2024-05-09T04:04:51.145+0000] {processor.py:830} INFO - Processing file /opt/airflow/dags/dump_load_dag.py for tasks to queue
[2024-05-09T04:04:51.147+0000] {logging_mixin.py:188} INFO - [2024-05-09T04:04:51.146+0000] {dagbag.py:540} INFO - Filling up the DagBag from /opt/airflow/dags/dump_load_dag.py
[2024-05-09T04:04:51.191+0000] {processor.py:840} INFO - DAG(s) 'mysql_table_dump' retrieved from /opt/airflow/dags/dump_load_dag.py
[2024-05-09T04:04:51.219+0000] {logging_mixin.py:188} INFO - [2024-05-09T04:04:51.219+0000] {dag.py:3096} INFO - Sync 1 DAGs
[2024-05-09T04:04:51.249+0000] {logging_mixin.py:188} INFO - [2024-05-09T04:04:51.249+0000] {dag.py:3954} INFO - Setting next_dagrun for mysql_table_dump to None, run_after=None
[2024-05-09T04:04:51.273+0000] {processor.py:183} INFO - Processing /opt/airflow/dags/dump_load_dag.py took 0.136 seconds
[2024-05-09T04:05:21.714+0000] {processor.py:161} INFO - Started process (PID=306) to work on /opt/airflow/dags/dump_load_dag.py
[2024-05-09T04:05:21.715+0000] {processor.py:830} INFO - Processing file /opt/airflow/dags/dump_load_dag.py for tasks to queue
[2024-05-09T04:05:21.716+0000] {logging_mixin.py:188} INFO - [2024-05-09T04:05:21.716+0000] {dagbag.py:540} INFO - Filling up the DagBag from /opt/airflow/dags/dump_load_dag.py
[2024-05-09T04:05:21.745+0000] {processor.py:840} INFO - DAG(s) 'mysql_table_dump' retrieved from /opt/airflow/dags/dump_load_dag.py
[2024-05-09T04:05:21.773+0000] {logging_mixin.py:188} INFO - [2024-05-09T04:05:21.772+0000] {dag.py:3096} INFO - Sync 1 DAGs
[2024-05-09T04:05:21.797+0000] {logging_mixin.py:188} INFO - [2024-05-09T04:05:21.797+0000] {dag.py:3954} INFO - Setting next_dagrun for mysql_table_dump to None, run_after=None
[2024-05-09T04:05:21.828+0000] {processor.py:183} INFO - Processing /opt/airflow/dags/dump_load_dag.py took 0.119 seconds
[2024-05-09T04:06:52.108+0000] {processor.py:161} INFO - Started process (PID=168) to work on /opt/airflow/dags/dump_load_dag.py
[2024-05-09T04:06:52.109+0000] {processor.py:830} INFO - Processing file /opt/airflow/dags/dump_load_dag.py for tasks to queue
[2024-05-09T04:06:52.112+0000] {logging_mixin.py:188} INFO - [2024-05-09T04:06:52.111+0000] {dagbag.py:540} INFO - Filling up the DagBag from /opt/airflow/dags/dump_load_dag.py
[2024-05-09T04:06:52.147+0000] {processor.py:840} INFO - DAG(s) 'mysql_table_dump' retrieved from /opt/airflow/dags/dump_load_dag.py
[2024-05-09T04:06:52.293+0000] {logging_mixin.py:188} INFO - [2024-05-09T04:06:52.293+0000] {dag.py:3096} INFO - Sync 1 DAGs
[2024-05-09T04:06:52.326+0000] {logging_mixin.py:188} INFO - [2024-05-09T04:06:52.326+0000] {dag.py:3954} INFO - Setting next_dagrun for mysql_table_dump to None, run_after=None
[2024-05-09T04:06:52.360+0000] {processor.py:183} INFO - Processing /opt/airflow/dags/dump_load_dag.py took 0.263 seconds
[2024-05-09T04:07:22.961+0000] {processor.py:161} INFO - Started process (PID=194) to work on /opt/airflow/dags/dump_load_dag.py
[2024-05-09T04:07:22.962+0000] {processor.py:830} INFO - Processing file /opt/airflow/dags/dump_load_dag.py for tasks to queue
[2024-05-09T04:07:22.964+0000] {logging_mixin.py:188} INFO - [2024-05-09T04:07:22.963+0000] {dagbag.py:540} INFO - Filling up the DagBag from /opt/airflow/dags/dump_load_dag.py
[2024-05-09T04:07:22.995+0000] {processor.py:840} INFO - DAG(s) 'mysql_table_dump' retrieved from /opt/airflow/dags/dump_load_dag.py
[2024-05-09T04:07:23.025+0000] {logging_mixin.py:188} INFO - [2024-05-09T04:07:23.025+0000] {dag.py:3096} INFO - Sync 1 DAGs
[2024-05-09T04:07:23.047+0000] {logging_mixin.py:188} INFO - [2024-05-09T04:07:23.047+0000] {dag.py:3954} INFO - Setting next_dagrun for mysql_table_dump to None, run_after=None
[2024-05-09T04:07:23.072+0000] {processor.py:183} INFO - Processing /opt/airflow/dags/dump_load_dag.py took 0.116 seconds
[2024-05-09T04:07:53.624+0000] {processor.py:161} INFO - Started process (PID=221) to work on /opt/airflow/dags/dump_load_dag.py
[2024-05-09T04:07:53.625+0000] {processor.py:830} INFO - Processing file /opt/airflow/dags/dump_load_dag.py for tasks to queue
[2024-05-09T04:07:53.627+0000] {logging_mixin.py:188} INFO - [2024-05-09T04:07:53.626+0000] {dagbag.py:540} INFO - Filling up the DagBag from /opt/airflow/dags/dump_load_dag.py
[2024-05-09T04:07:53.660+0000] {processor.py:840} INFO - DAG(s) 'mysql_table_dump' retrieved from /opt/airflow/dags/dump_load_dag.py
[2024-05-09T04:07:53.680+0000] {logging_mixin.py:188} INFO - [2024-05-09T04:07:53.680+0000] {dag.py:3096} INFO - Sync 1 DAGs
[2024-05-09T04:07:53.699+0000] {logging_mixin.py:188} INFO - [2024-05-09T04:07:53.699+0000] {dag.py:3954} INFO - Setting next_dagrun for mysql_table_dump to None, run_after=None
[2024-05-09T04:07:53.722+0000] {processor.py:183} INFO - Processing /opt/airflow/dags/dump_load_dag.py took 0.103 seconds
[2024-05-09T04:08:24.188+0000] {processor.py:161} INFO - Started process (PID=247) to work on /opt/airflow/dags/dump_load_dag.py
[2024-05-09T04:08:24.189+0000] {processor.py:830} INFO - Processing file /opt/airflow/dags/dump_load_dag.py for tasks to queue
[2024-05-09T04:08:24.192+0000] {logging_mixin.py:188} INFO - [2024-05-09T04:08:24.191+0000] {dagbag.py:540} INFO - Filling up the DagBag from /opt/airflow/dags/dump_load_dag.py
[2024-05-09T04:08:24.226+0000] {processor.py:840} INFO - DAG(s) 'mysql_table_dump' retrieved from /opt/airflow/dags/dump_load_dag.py
[2024-05-09T04:08:24.256+0000] {logging_mixin.py:188} INFO - [2024-05-09T04:08:24.256+0000] {dag.py:3096} INFO - Sync 1 DAGs
[2024-05-09T04:08:24.276+0000] {logging_mixin.py:188} INFO - [2024-05-09T04:08:24.276+0000] {dag.py:3954} INFO - Setting next_dagrun for mysql_table_dump to None, run_after=None
[2024-05-09T04:08:24.299+0000] {processor.py:183} INFO - Processing /opt/airflow/dags/dump_load_dag.py took 0.116 seconds
[2024-05-09T04:08:54.888+0000] {processor.py:161} INFO - Started process (PID=274) to work on /opt/airflow/dags/dump_load_dag.py
[2024-05-09T04:08:54.889+0000] {processor.py:830} INFO - Processing file /opt/airflow/dags/dump_load_dag.py for tasks to queue
[2024-05-09T04:08:54.891+0000] {logging_mixin.py:188} INFO - [2024-05-09T04:08:54.890+0000] {dagbag.py:540} INFO - Filling up the DagBag from /opt/airflow/dags/dump_load_dag.py
[2024-05-09T04:08:54.917+0000] {processor.py:840} INFO - DAG(s) 'mysql_table_dump' retrieved from /opt/airflow/dags/dump_load_dag.py
[2024-05-09T04:08:54.940+0000] {logging_mixin.py:188} INFO - [2024-05-09T04:08:54.940+0000] {dag.py:3096} INFO - Sync 1 DAGs
[2024-05-09T04:08:54.959+0000] {logging_mixin.py:188} INFO - [2024-05-09T04:08:54.959+0000] {dag.py:3954} INFO - Setting next_dagrun for mysql_table_dump to None, run_after=None
[2024-05-09T04:08:54.982+0000] {processor.py:183} INFO - Processing /opt/airflow/dags/dump_load_dag.py took 0.098 seconds
[2024-05-09T04:09:25.549+0000] {processor.py:161} INFO - Started process (PID=300) to work on /opt/airflow/dags/dump_load_dag.py
[2024-05-09T04:09:25.550+0000] {processor.py:830} INFO - Processing file /opt/airflow/dags/dump_load_dag.py for tasks to queue
[2024-05-09T04:09:25.551+0000] {logging_mixin.py:188} INFO - [2024-05-09T04:09:25.551+0000] {dagbag.py:540} INFO - Filling up the DagBag from /opt/airflow/dags/dump_load_dag.py
[2024-05-09T04:09:25.578+0000] {processor.py:840} INFO - DAG(s) 'mysql_table_dump' retrieved from /opt/airflow/dags/dump_load_dag.py
[2024-05-09T04:09:25.603+0000] {logging_mixin.py:188} INFO - [2024-05-09T04:09:25.603+0000] {dag.py:3096} INFO - Sync 1 DAGs
[2024-05-09T04:09:25.624+0000] {logging_mixin.py:188} INFO - [2024-05-09T04:09:25.623+0000] {dag.py:3954} INFO - Setting next_dagrun for mysql_table_dump to None, run_after=None
[2024-05-09T04:09:25.646+0000] {processor.py:183} INFO - Processing /opt/airflow/dags/dump_load_dag.py took 0.101 seconds
[2024-05-09T04:09:56.148+0000] {processor.py:161} INFO - Started process (PID=326) to work on /opt/airflow/dags/dump_load_dag.py
[2024-05-09T04:09:56.150+0000] {processor.py:830} INFO - Processing file /opt/airflow/dags/dump_load_dag.py for tasks to queue
[2024-05-09T04:09:56.153+0000] {logging_mixin.py:188} INFO - [2024-05-09T04:09:56.152+0000] {dagbag.py:540} INFO - Filling up the DagBag from /opt/airflow/dags/dump_load_dag.py
[2024-05-09T04:09:56.193+0000] {processor.py:840} INFO - DAG(s) 'mysql_table_dump' retrieved from /opt/airflow/dags/dump_load_dag.py
[2024-05-09T04:09:56.220+0000] {logging_mixin.py:188} INFO - [2024-05-09T04:09:56.220+0000] {dag.py:3096} INFO - Sync 1 DAGs
[2024-05-09T04:09:56.243+0000] {logging_mixin.py:188} INFO - [2024-05-09T04:09:56.243+0000] {dag.py:3954} INFO - Setting next_dagrun for mysql_table_dump to None, run_after=None
[2024-05-09T04:09:56.269+0000] {processor.py:183} INFO - Processing /opt/airflow/dags/dump_load_dag.py took 0.128 seconds
[2024-05-09T04:10:26.782+0000] {processor.py:161} INFO - Started process (PID=352) to work on /opt/airflow/dags/dump_load_dag.py
[2024-05-09T04:10:26.783+0000] {processor.py:830} INFO - Processing file /opt/airflow/dags/dump_load_dag.py for tasks to queue
[2024-05-09T04:10:26.785+0000] {logging_mixin.py:188} INFO - [2024-05-09T04:10:26.784+0000] {dagbag.py:540} INFO - Filling up the DagBag from /opt/airflow/dags/dump_load_dag.py
[2024-05-09T04:10:26.814+0000] {processor.py:840} INFO - DAG(s) 'mysql_table_dump' retrieved from /opt/airflow/dags/dump_load_dag.py
[2024-05-09T04:10:26.838+0000] {logging_mixin.py:188} INFO - [2024-05-09T04:10:26.837+0000] {dag.py:3096} INFO - Sync 1 DAGs
[2024-05-09T04:10:26.860+0000] {logging_mixin.py:188} INFO - [2024-05-09T04:10:26.860+0000] {dag.py:3954} INFO - Setting next_dagrun for mysql_table_dump to None, run_after=None
[2024-05-09T04:10:26.883+0000] {processor.py:183} INFO - Processing /opt/airflow/dags/dump_load_dag.py took 0.105 seconds
[2024-05-09T04:10:57.377+0000] {processor.py:161} INFO - Started process (PID=378) to work on /opt/airflow/dags/dump_load_dag.py
[2024-05-09T04:10:57.378+0000] {processor.py:830} INFO - Processing file /opt/airflow/dags/dump_load_dag.py for tasks to queue
[2024-05-09T04:10:57.380+0000] {logging_mixin.py:188} INFO - [2024-05-09T04:10:57.379+0000] {dagbag.py:540} INFO - Filling up the DagBag from /opt/airflow/dags/dump_load_dag.py
[2024-05-09T04:10:57.416+0000] {processor.py:840} INFO - DAG(s) 'mysql_table_dump' retrieved from /opt/airflow/dags/dump_load_dag.py
[2024-05-09T04:10:57.441+0000] {logging_mixin.py:188} INFO - [2024-05-09T04:10:57.441+0000] {dag.py:3096} INFO - Sync 1 DAGs
[2024-05-09T04:10:57.465+0000] {logging_mixin.py:188} INFO - [2024-05-09T04:10:57.465+0000] {dag.py:3954} INFO - Setting next_dagrun for mysql_table_dump to None, run_after=None
[2024-05-09T04:10:57.489+0000] {processor.py:183} INFO - Processing /opt/airflow/dags/dump_load_dag.py took 0.117 seconds
[2024-05-09T04:11:27.977+0000] {processor.py:161} INFO - Started process (PID=404) to work on /opt/airflow/dags/dump_load_dag.py
[2024-05-09T04:11:27.978+0000] {processor.py:830} INFO - Processing file /opt/airflow/dags/dump_load_dag.py for tasks to queue
[2024-05-09T04:11:27.980+0000] {logging_mixin.py:188} INFO - [2024-05-09T04:11:27.980+0000] {dagbag.py:540} INFO - Filling up the DagBag from /opt/airflow/dags/dump_load_dag.py
[2024-05-09T04:11:28.017+0000] {processor.py:840} INFO - DAG(s) 'mysql_table_dump' retrieved from /opt/airflow/dags/dump_load_dag.py
[2024-05-09T04:11:28.047+0000] {logging_mixin.py:188} INFO - [2024-05-09T04:11:28.047+0000] {dag.py:3096} INFO - Sync 1 DAGs
[2024-05-09T04:11:28.067+0000] {logging_mixin.py:188} INFO - [2024-05-09T04:11:28.066+0000] {dag.py:3954} INFO - Setting next_dagrun for mysql_table_dump to None, run_after=None
[2024-05-09T04:11:28.090+0000] {processor.py:183} INFO - Processing /opt/airflow/dags/dump_load_dag.py took 0.119 seconds
[2024-05-09T04:11:58.624+0000] {processor.py:161} INFO - Started process (PID=430) to work on /opt/airflow/dags/dump_load_dag.py
[2024-05-09T04:11:58.625+0000] {processor.py:830} INFO - Processing file /opt/airflow/dags/dump_load_dag.py for tasks to queue
[2024-05-09T04:11:58.628+0000] {logging_mixin.py:188} INFO - [2024-05-09T04:11:58.628+0000] {dagbag.py:540} INFO - Filling up the DagBag from /opt/airflow/dags/dump_load_dag.py
[2024-05-09T04:11:58.671+0000] {processor.py:840} INFO - DAG(s) 'mysql_table_dump' retrieved from /opt/airflow/dags/dump_load_dag.py
[2024-05-09T04:11:58.694+0000] {logging_mixin.py:188} INFO - [2024-05-09T04:11:58.693+0000] {dag.py:3096} INFO - Sync 1 DAGs
[2024-05-09T04:11:58.714+0000] {logging_mixin.py:188} INFO - [2024-05-09T04:11:58.713+0000] {dag.py:3954} INFO - Setting next_dagrun for mysql_table_dump to None, run_after=None
[2024-05-09T04:11:58.736+0000] {processor.py:183} INFO - Processing /opt/airflow/dags/dump_load_dag.py took 0.120 seconds
[2024-05-09T04:12:29.267+0000] {processor.py:161} INFO - Started process (PID=456) to work on /opt/airflow/dags/dump_load_dag.py
[2024-05-09T04:12:29.268+0000] {processor.py:830} INFO - Processing file /opt/airflow/dags/dump_load_dag.py for tasks to queue
[2024-05-09T04:12:29.272+0000] {logging_mixin.py:188} INFO - [2024-05-09T04:12:29.271+0000] {dagbag.py:540} INFO - Filling up the DagBag from /opt/airflow/dags/dump_load_dag.py
[2024-05-09T04:12:29.314+0000] {processor.py:840} INFO - DAG(s) 'mysql_table_dump' retrieved from /opt/airflow/dags/dump_load_dag.py
[2024-05-09T04:12:29.353+0000] {logging_mixin.py:188} INFO - [2024-05-09T04:12:29.352+0000] {dag.py:3096} INFO - Sync 1 DAGs
[2024-05-09T04:12:29.394+0000] {logging_mixin.py:188} INFO - [2024-05-09T04:12:29.394+0000] {dag.py:3954} INFO - Setting next_dagrun for mysql_table_dump to None, run_after=None
[2024-05-09T04:12:29.433+0000] {processor.py:183} INFO - Processing /opt/airflow/dags/dump_load_dag.py took 0.175 seconds
[2024-05-09T04:12:59.919+0000] {processor.py:161} INFO - Started process (PID=482) to work on /opt/airflow/dags/dump_load_dag.py
[2024-05-09T04:12:59.920+0000] {processor.py:830} INFO - Processing file /opt/airflow/dags/dump_load_dag.py for tasks to queue
[2024-05-09T04:12:59.921+0000] {logging_mixin.py:188} INFO - [2024-05-09T04:12:59.921+0000] {dagbag.py:540} INFO - Filling up the DagBag from /opt/airflow/dags/dump_load_dag.py
[2024-05-09T04:12:59.950+0000] {processor.py:840} INFO - DAG(s) 'mysql_table_dump' retrieved from /opt/airflow/dags/dump_load_dag.py
[2024-05-09T04:12:59.975+0000] {logging_mixin.py:188} INFO - [2024-05-09T04:12:59.975+0000] {dag.py:3096} INFO - Sync 1 DAGs
[2024-05-09T04:12:59.995+0000] {logging_mixin.py:188} INFO - [2024-05-09T04:12:59.994+0000] {dag.py:3954} INFO - Setting next_dagrun for mysql_table_dump to None, run_after=None
[2024-05-09T04:13:00.028+0000] {processor.py:183} INFO - Processing /opt/airflow/dags/dump_load_dag.py took 0.115 seconds
[2024-05-09T04:13:30.496+0000] {processor.py:161} INFO - Started process (PID=509) to work on /opt/airflow/dags/dump_load_dag.py
[2024-05-09T04:13:30.497+0000] {processor.py:830} INFO - Processing file /opt/airflow/dags/dump_load_dag.py for tasks to queue
[2024-05-09T04:13:30.499+0000] {logging_mixin.py:188} INFO - [2024-05-09T04:13:30.498+0000] {dagbag.py:540} INFO - Filling up the DagBag from /opt/airflow/dags/dump_load_dag.py
[2024-05-09T04:13:30.525+0000] {processor.py:840} INFO - DAG(s) 'mysql_table_dump' retrieved from /opt/airflow/dags/dump_load_dag.py
[2024-05-09T04:13:30.550+0000] {logging_mixin.py:188} INFO - [2024-05-09T04:13:30.550+0000] {dag.py:3096} INFO - Sync 1 DAGs
[2024-05-09T04:13:30.571+0000] {logging_mixin.py:188} INFO - [2024-05-09T04:13:30.571+0000] {dag.py:3954} INFO - Setting next_dagrun for mysql_table_dump to None, run_after=None
[2024-05-09T04:13:30.593+0000] {processor.py:183} INFO - Processing /opt/airflow/dags/dump_load_dag.py took 0.102 seconds
[2024-05-09T04:14:01.136+0000] {processor.py:161} INFO - Started process (PID=535) to work on /opt/airflow/dags/dump_load_dag.py
[2024-05-09T04:14:01.137+0000] {processor.py:830} INFO - Processing file /opt/airflow/dags/dump_load_dag.py for tasks to queue
[2024-05-09T04:14:01.139+0000] {logging_mixin.py:188} INFO - [2024-05-09T04:14:01.138+0000] {dagbag.py:540} INFO - Filling up the DagBag from /opt/airflow/dags/dump_load_dag.py
[2024-05-09T04:14:01.174+0000] {processor.py:840} INFO - DAG(s) 'mysql_table_dump' retrieved from /opt/airflow/dags/dump_load_dag.py
[2024-05-09T04:14:01.200+0000] {logging_mixin.py:188} INFO - [2024-05-09T04:14:01.199+0000] {dag.py:3096} INFO - Sync 1 DAGs
[2024-05-09T04:14:01.219+0000] {logging_mixin.py:188} INFO - [2024-05-09T04:14:01.219+0000] {dag.py:3954} INFO - Setting next_dagrun for mysql_table_dump to None, run_after=None
[2024-05-09T04:14:01.239+0000] {processor.py:183} INFO - Processing /opt/airflow/dags/dump_load_dag.py took 0.109 seconds
[2024-05-09T04:14:31.778+0000] {processor.py:161} INFO - Started process (PID=561) to work on /opt/airflow/dags/dump_load_dag.py
[2024-05-09T04:14:31.779+0000] {processor.py:830} INFO - Processing file /opt/airflow/dags/dump_load_dag.py for tasks to queue
[2024-05-09T04:14:31.781+0000] {logging_mixin.py:188} INFO - [2024-05-09T04:14:31.780+0000] {dagbag.py:540} INFO - Filling up the DagBag from /opt/airflow/dags/dump_load_dag.py
[2024-05-09T04:14:31.811+0000] {processor.py:840} INFO - DAG(s) 'mysql_table_dump' retrieved from /opt/airflow/dags/dump_load_dag.py
[2024-05-09T04:14:31.836+0000] {logging_mixin.py:188} INFO - [2024-05-09T04:14:31.836+0000] {dag.py:3096} INFO - Sync 1 DAGs
[2024-05-09T04:14:31.859+0000] {logging_mixin.py:188} INFO - [2024-05-09T04:14:31.859+0000] {dag.py:3954} INFO - Setting next_dagrun for mysql_table_dump to None, run_after=None
[2024-05-09T04:14:31.882+0000] {processor.py:183} INFO - Processing /opt/airflow/dags/dump_load_dag.py took 0.110 seconds
[2024-05-09T04:15:02.309+0000] {processor.py:161} INFO - Started process (PID=587) to work on /opt/airflow/dags/dump_load_dag.py
[2024-05-09T04:15:02.310+0000] {processor.py:830} INFO - Processing file /opt/airflow/dags/dump_load_dag.py for tasks to queue
[2024-05-09T04:15:02.313+0000] {logging_mixin.py:188} INFO - [2024-05-09T04:15:02.312+0000] {dagbag.py:540} INFO - Filling up the DagBag from /opt/airflow/dags/dump_load_dag.py
[2024-05-09T04:15:02.346+0000] {processor.py:840} INFO - DAG(s) 'mysql_table_dump' retrieved from /opt/airflow/dags/dump_load_dag.py
[2024-05-09T04:15:02.369+0000] {logging_mixin.py:188} INFO - [2024-05-09T04:15:02.369+0000] {dag.py:3096} INFO - Sync 1 DAGs
[2024-05-09T04:15:02.391+0000] {logging_mixin.py:188} INFO - [2024-05-09T04:15:02.391+0000] {dag.py:3954} INFO - Setting next_dagrun for mysql_table_dump to None, run_after=None
[2024-05-09T04:15:02.414+0000] {processor.py:183} INFO - Processing /opt/airflow/dags/dump_load_dag.py took 0.112 seconds
[2024-05-09T04:15:32.910+0000] {processor.py:161} INFO - Started process (PID=612) to work on /opt/airflow/dags/dump_load_dag.py
[2024-05-09T04:15:32.911+0000] {processor.py:830} INFO - Processing file /opt/airflow/dags/dump_load_dag.py for tasks to queue
[2024-05-09T04:15:32.913+0000] {logging_mixin.py:188} INFO - [2024-05-09T04:15:32.913+0000] {dagbag.py:540} INFO - Filling up the DagBag from /opt/airflow/dags/dump_load_dag.py
[2024-05-09T04:15:32.943+0000] {processor.py:840} INFO - DAG(s) 'mysql_table_dump' retrieved from /opt/airflow/dags/dump_load_dag.py
[2024-05-09T04:15:32.969+0000] {logging_mixin.py:188} INFO - [2024-05-09T04:15:32.968+0000] {dag.py:3096} INFO - Sync 1 DAGs
[2024-05-09T04:15:32.990+0000] {logging_mixin.py:188} INFO - [2024-05-09T04:15:32.990+0000] {dag.py:3954} INFO - Setting next_dagrun for mysql_table_dump to None, run_after=None
[2024-05-09T04:15:33.015+0000] {processor.py:183} INFO - Processing /opt/airflow/dags/dump_load_dag.py took 0.112 seconds
