[2024-05-05T03:26:26.379+0000] {local_task_job_runner.py:120} INFO - ::group::Pre task execution logs
[2024-05-05T03:26:26.400+0000] {taskinstance.py:2073} INFO - Dependencies all met for dep_context=non-requeueable deps ti=<TaskInstance: bash.run_after_loop manual__2024-05-05T03:26:24.783294+00:00 [queued]>
[2024-05-05T03:26:26.410+0000] {taskinstance.py:2073} INFO - Dependencies all met for dep_context=requeueable deps ti=<TaskInstance: bash.run_after_loop manual__2024-05-05T03:26:24.783294+00:00 [queued]>
[2024-05-05T03:26:26.411+0000] {taskinstance.py:2303} INFO - Starting attempt 1 of 2
[2024-05-05T03:26:26.428+0000] {taskinstance.py:2327} INFO - Executing <Task(BashOperator): run_after_loop> on 2024-05-05 03:26:24.783294+00:00
[2024-05-05T03:26:26.435+0000] {warnings.py:110} WARNING - /home/***/.local/lib/python3.12/site-packages/***/task/task_runner/standard_task_runner.py:61: DeprecationWarning: This process (pid=198) is multi-threaded, use of fork() may lead to deadlocks in the child.
  pid = os.fork()

[2024-05-05T03:26:26.436+0000] {standard_task_runner.py:63} INFO - Started process 199 to run task
[2024-05-05T03:26:26.436+0000] {standard_task_runner.py:90} INFO - Running: ['***', 'tasks', 'run', 'bash', 'run_after_loop', 'manual__2024-05-05T03:26:24.783294+00:00', '--job-id', '18', '--raw', '--subdir', 'DAGS_FOLDER/bash_dag.py', '--cfg-path', '/tmp/tmpcq750pom']
[2024-05-05T03:26:26.438+0000] {standard_task_runner.py:91} INFO - Job 18: Subtask run_after_loop
[2024-05-05T03:26:26.488+0000] {task_command.py:426} INFO - Running <TaskInstance: bash.run_after_loop manual__2024-05-05T03:26:24.783294+00:00 [running]> on host 284b5f341ead
[2024-05-05T03:26:26.581+0000] {taskinstance.py:2644} INFO - Exporting env vars: AIRFLOW_CTX_DAG_OWNER='***' AIRFLOW_CTX_DAG_ID='bash' AIRFLOW_CTX_TASK_ID='run_after_loop' AIRFLOW_CTX_EXECUTION_DATE='2024-05-05T03:26:24.783294+00:00' AIRFLOW_CTX_TRY_NUMBER='1' AIRFLOW_CTX_DAG_RUN_ID='manual__2024-05-05T03:26:24.783294+00:00'
[2024-05-05T03:26:26.582+0000] {taskinstance.py:430} INFO - ::endgroup::
[2024-05-05T03:26:26.597+0000] {subprocess.py:63} INFO - Tmp dir root location: /tmp
[2024-05-05T03:26:26.598+0000] {subprocess.py:75} INFO - Running command: ['/usr/bin/bash', '-c', 'curl -o thatpage.html http://www.example.com/']
[2024-05-05T03:26:26.605+0000] {subprocess.py:86} INFO - Output:
[2024-05-05T03:26:26.612+0000] {subprocess.py:93} INFO -   % Total    % Received % Xferd  Average Speed   Time    Time     Time  Current
[2024-05-05T03:26:26.613+0000] {subprocess.py:93} INFO -                                  Dload  Upload   Total   Spent    Left  Speed
[2024-05-05T03:26:27.097+0000] {subprocess.py:93} INFO -   0     0    0     0    0     0      0      0 --:--:-- --:--:-- --:--:--     0100  1256  100  1256    0     0   2593      0 --:--:-- --:--:-- --:--:--  2595
[2024-05-05T03:26:27.098+0000] {subprocess.py:97} INFO - Command exited with return code 0
[2024-05-05T03:26:27.099+0000] {taskinstance.py:441} INFO - ::group::Post task execution logs
[2024-05-05T03:26:27.122+0000] {taskinstance.py:1205} INFO - Marking task as SUCCESS. dag_id=bash, task_id=run_after_loop, execution_date=20240505T032624, start_date=20240505T032626, end_date=20240505T032627
[2024-05-05T03:26:27.173+0000] {local_task_job_runner.py:240} INFO - Task exited with return code 0
[2024-05-05T03:26:27.191+0000] {taskinstance.py:3482} INFO - 0 downstream tasks scheduled from follow-on schedule check
[2024-05-05T03:26:27.195+0000] {local_task_job_runner.py:222} INFO - ::endgroup::
