[2024-05-07T10:59:06.958+0000] {local_task_job_runner.py:120} INFO - ::group::Pre task execution logs
[2024-05-07T10:59:06.995+0000] {taskinstance.py:2073} INFO - Dependencies all met for dep_context=non-requeueable deps ti=<TaskInstance: mysql_table_dump.mysql_task manual__2024-05-07T10:59:05.630793+00:00 [queued]>
[2024-05-07T10:59:07.009+0000] {taskinstance.py:2073} INFO - Dependencies all met for dep_context=requeueable deps ti=<TaskInstance: mysql_table_dump.mysql_task manual__2024-05-07T10:59:05.630793+00:00 [queued]>
[2024-05-07T10:59:07.010+0000] {taskinstance.py:2303} INFO - Starting attempt 1 of 1
[2024-05-07T10:59:07.032+0000] {taskinstance.py:2327} INFO - Executing <Task(MySqlOperator): mysql_task> on 2024-05-07 10:59:05.630793+00:00
[2024-05-07T10:59:07.038+0000] {warnings.py:110} WARNING - /home/***/.local/lib/python3.12/site-packages/***/task/task_runner/standard_task_runner.py:61: DeprecationWarning: This process (pid=158) is multi-threaded, use of fork() may lead to deadlocks in the child.
  pid = os.fork()

[2024-05-07T10:59:07.042+0000] {standard_task_runner.py:63} INFO - Started process 159 to run task
[2024-05-07T10:59:07.042+0000] {standard_task_runner.py:90} INFO - Running: ['***', 'tasks', 'run', 'mysql_table_dump', 'mysql_task', 'manual__2024-05-07T10:59:05.630793+00:00', '--job-id', '101', '--raw', '--subdir', 'DAGS_FOLDER/dump_load_dag.py', '--cfg-path', '/tmp/tmpmgzwuyje']
[2024-05-07T10:59:07.048+0000] {standard_task_runner.py:91} INFO - Job 101: Subtask mysql_task
[2024-05-07T10:59:07.115+0000] {task_command.py:426} INFO - Running <TaskInstance: mysql_table_dump.mysql_task manual__2024-05-07T10:59:05.630793+00:00 [running]> on host 19bc3fa20215
[2024-05-07T10:59:07.238+0000] {taskinstance.py:2644} INFO - Exporting env vars: AIRFLOW_CTX_DAG_OWNER='***' AIRFLOW_CTX_DAG_ID='mysql_table_dump' AIRFLOW_CTX_TASK_ID='mysql_task' AIRFLOW_CTX_EXECUTION_DATE='2024-05-07T10:59:05.630793+00:00' AIRFLOW_CTX_TRY_NUMBER='1' AIRFLOW_CTX_DAG_RUN_ID='manual__2024-05-07T10:59:05.630793+00:00'
[2024-05-07T10:59:07.240+0000] {taskinstance.py:430} INFO - ::endgroup::
[2024-05-07T10:59:07.255+0000] {sql.py:276} INFO - Executing: 
    CREATE TABLE hello(
        name varchar(255)
    );
[2024-05-07T10:59:07.265+0000] {base.py:84} INFO - Using connection ID 'MysqlID' for task execution.
[2024-05-07T10:59:07.272+0000] {base.py:84} INFO - Using connection ID 'MysqlID' for task execution.
[2024-05-07T10:59:07.289+0000] {sql.py:457} INFO - Running statement: 
    CREATE TABLE hello(
        name varchar(255)
    );, parameters: None
[2024-05-07T10:59:07.347+0000] {sql.py:466} INFO - Rows affected: 0
[2024-05-07T10:59:07.349+0000] {warnings.py:110} WARNING - /home/***/.local/lib/python3.12/site-packages/***/providers/common/sql/hooks/sql.py:407: AirflowProviderDeprecationWarning: Call to deprecated method _make_common_data_structure. (The `_make_serializable` method is deprecated and support will be removed in a future version of the common.sql provider. Please update the DbApiHook's provider to a version based on common.sql >= 1.9.1.)
  result = self._make_common_data_structure(handler(cur))

[2024-05-07T10:59:07.351+0000] {taskinstance.py:441} INFO - ::group::Post task execution logs
[2024-05-07T10:59:07.363+0000] {taskinstance.py:1205} INFO - Marking task as SUCCESS. dag_id=mysql_table_dump, task_id=mysql_task, execution_date=20240507T105905, start_date=20240507T105906, end_date=20240507T105907
[2024-05-07T10:59:07.419+0000] {local_task_job_runner.py:240} INFO - Task exited with return code 0
[2024-05-07T10:59:07.435+0000] {taskinstance.py:3482} INFO - 0 downstream tasks scheduled from follow-on schedule check
[2024-05-07T10:59:07.438+0000] {local_task_job_runner.py:222} INFO - ::endgroup::
