[2024-05-05T04:32:28.582+0000] {local_task_job_runner.py:120} INFO - ::group::Pre task execution logs
[2024-05-05T04:32:28.611+0000] {taskinstance.py:2073} INFO - Dependencies all met for dep_context=non-requeueable deps ti=<TaskInstance: bash.bash_curl scheduled__2024-03-14T00:00:00+00:00 [queued]>
[2024-05-05T04:32:28.624+0000] {taskinstance.py:2073} INFO - Dependencies all met for dep_context=requeueable deps ti=<TaskInstance: bash.bash_curl scheduled__2024-03-14T00:00:00+00:00 [queued]>
[2024-05-05T04:32:28.625+0000] {taskinstance.py:2303} INFO - Starting attempt 1 of 2
[2024-05-05T04:32:28.641+0000] {taskinstance.py:2327} INFO - Executing <Task(BashOperator): bash_curl> on 2024-03-14 00:00:00+00:00
[2024-05-05T04:32:28.647+0000] {warnings.py:110} WARNING - /home/***/.local/lib/python3.12/site-packages/***/task/task_runner/standard_task_runner.py:61: DeprecationWarning: This process (pid=800) is multi-threaded, use of fork() may lead to deadlocks in the child.
  pid = os.fork()

[2024-05-05T04:32:28.649+0000] {standard_task_runner.py:63} INFO - Started process 801 to run task
[2024-05-05T04:32:28.649+0000] {standard_task_runner.py:90} INFO - Running: ['***', 'tasks', 'run', 'bash', 'bash_curl', 'scheduled__2024-03-14T00:00:00+00:00', '--job-id', '45', '--raw', '--subdir', 'DAGS_FOLDER/bash_dag.py', '--cfg-path', '/tmp/tmp5xhk8zo3']
[2024-05-05T04:32:28.652+0000] {standard_task_runner.py:91} INFO - Job 45: Subtask bash_curl
[2024-05-05T04:32:28.712+0000] {task_command.py:426} INFO - Running <TaskInstance: bash.bash_curl scheduled__2024-03-14T00:00:00+00:00 [running]> on host 284b5f341ead
[2024-05-05T04:32:28.809+0000] {taskinstance.py:2644} INFO - Exporting env vars: AIRFLOW_CTX_DAG_OWNER='***' AIRFLOW_CTX_DAG_ID='bash' AIRFLOW_CTX_TASK_ID='bash_curl' AIRFLOW_CTX_EXECUTION_DATE='2024-03-14T00:00:00+00:00' AIRFLOW_CTX_TRY_NUMBER='1' AIRFLOW_CTX_DAG_RUN_ID='scheduled__2024-03-14T00:00:00+00:00'
[2024-05-05T04:32:28.811+0000] {taskinstance.py:430} INFO - ::endgroup::
[2024-05-05T04:32:28.824+0000] {subprocess.py:63} INFO - Tmp dir root location: /tmp
[2024-05-05T04:32:28.825+0000] {subprocess.py:75} INFO - Running command: ['/usr/bin/bash', '-c', 'curl -o /opt/***/dags/xrate.csv "https://data-api.ecb.europa.eu/service/data/EXR/M.USD.EUR.SP00.A?format=csvdata"']
[2024-05-05T04:32:28.833+0000] {subprocess.py:86} INFO - Output:
[2024-05-05T04:32:28.839+0000] {subprocess.py:93} INFO -   % Total    % Received % Xferd  Average Speed   Time    Time     Time  Current
[2024-05-05T04:32:28.840+0000] {subprocess.py:93} INFO -                                  Dload  Upload   Total   Spent    Left  Speed
[2024-05-05T04:32:30.000+0000] {subprocess.py:93} INFO -   0     0    0     0    0     0      0      0 --:--:-- --:--:-- --:--:--     0  0     0    0     0    0     0      0      0 --:--:-- --:--:-- --:--:--     0100 53823    0 53823    0     0  46378      0 --:--:--  0:00:01 --:--:-- 46359100 53823    0 53823    0     0  46367      0 --:--:--  0:00:01 --:--:-- 46359
[2024-05-05T04:32:30.008+0000] {subprocess.py:97} INFO - Command exited with return code 0
[2024-05-05T04:32:30.009+0000] {taskinstance.py:441} INFO - ::group::Post task execution logs
[2024-05-05T04:32:30.041+0000] {taskinstance.py:1205} INFO - Marking task as SUCCESS. dag_id=bash, task_id=bash_curl, execution_date=20240314T000000, start_date=20240505T043228, end_date=20240505T043230
[2024-05-05T04:32:30.071+0000] {local_task_job_runner.py:240} INFO - Task exited with return code 0
[2024-05-05T04:32:30.086+0000] {taskinstance.py:3482} INFO - 0 downstream tasks scheduled from follow-on schedule check
[2024-05-05T04:32:30.090+0000] {local_task_job_runner.py:222} INFO - ::endgroup::
