[2024-05-26T06:13:35.534+0000] {manager.py:470} INFO - Processing files using up to 2 processes at a time 
[2024-05-26T06:13:35.535+0000] {manager.py:471} INFO - Process each file at most once every 30 seconds
[2024-05-26T06:13:35.536+0000] {manager.py:472} INFO - Checking for new files in /opt/airflow/dags every 300 seconds
[2024-05-26T06:13:35.537+0000] {manager.py:737} INFO - Searching for files in /opt/airflow/dags
[2024-05-26T06:13:35.599+0000] {manager.py:740} INFO - There are 6 files in /opt/airflow/dags
[2024-05-26T06:13:35.750+0000] {manager.py:878} INFO - 
================================================================================
DAG File Processing Stats

File Path                                PID  Runtime      # DAGs    # Errors  Last Runtime    Last Run
-------------------------------------  -----  ---------  --------  ----------  --------------  ----------
/opt/airflow/dags/bash_dag.py                                   0           0
/opt/airflow/dags/dump_load_dag.py                              0           0
/opt/airflow/dags/email_dag.py                                  0           0
/opt/airflow/dags/entity_match_dag.py    165  0.09s             0           0
/opt/airflow/dags/hdfs_dag.py            168  0.08s             0           0
/opt/airflow/dags/hello_world_dag.py                            0           0
================================================================================
[2024-05-26T06:14:05.911+0000] {manager.py:878} INFO - 
================================================================================
DAG File Processing Stats

File Path                              PID    Runtime      # DAGs    # Errors  Last Runtime    Last Run
-------------------------------------  -----  ---------  --------  ----------  --------------  -------------------
/opt/airflow/dags/entity_match_dag.py                           1           0  2.04s           2024-05-26T06:13:37
/opt/airflow/dags/hdfs_dag.py                                   1           0  0.56s           2024-05-26T06:13:36
/opt/airflow/dags/dump_load_dag.py                              1           0  0.35s           2024-05-26T06:13:37
/opt/airflow/dags/email_dag.py                                  1           0  0.32s           2024-05-26T06:13:37
/opt/airflow/dags/bash_dag.py                                   1           0  0.31s           2024-05-26T06:13:36
/opt/airflow/dags/hello_world_dag.py                            1           0  0.24s           2024-05-26T06:13:36
================================================================================
[2024-05-26T06:14:35.923+0000] {manager.py:878} INFO - 
================================================================================
DAG File Processing Stats

File Path                              PID    Runtime      # DAGs    # Errors  Last Runtime    Last Run
-------------------------------------  -----  ---------  --------  ----------  --------------  -------------------
/opt/airflow/dags/entity_match_dag.py                           1           0  1.13s           2024-05-26T06:14:09
/opt/airflow/dags/hello_world_dag.py                            1           0  0.14s           2024-05-26T06:14:07
/opt/airflow/dags/dump_load_dag.py                              1           0  0.14s           2024-05-26T06:14:07
/opt/airflow/dags/hdfs_dag.py                                   1           0  0.13s           2024-05-26T06:14:07
/opt/airflow/dags/email_dag.py                                  1           0  0.13s           2024-05-26T06:14:08
/opt/airflow/dags/bash_dag.py                                   1           0  0.12s           2024-05-26T06:14:07
================================================================================
[2024-05-26T06:14:38.809+0000] {manager.py:452} INFO - Exiting gracefully upon receiving signal 15
