[2024-05-05T01:30:31.203+0000] {processor.py:161} INFO - Started process (PID=43) to work on /home/airflow/.local/lib/python3.12/site-packages/airflow/example_dags/example_sla_dag.py
[2024-05-05T01:30:31.205+0000] {processor.py:830} INFO - Processing file /home/airflow/.local/lib/python3.12/site-packages/airflow/example_dags/example_sla_dag.py for tasks to queue
[2024-05-05T01:30:31.209+0000] {logging_mixin.py:188} INFO - [2024-05-05T01:30:31.208+0000] {dagbag.py:540} INFO - Filling up the DagBag from /home/airflow/.local/lib/python3.12/site-packages/airflow/example_dags/example_sla_dag.py
[2024-05-05T01:30:31.229+0000] {processor.py:840} INFO - DAG(s) 'example_sla_dag' retrieved from /home/airflow/.local/lib/python3.12/site-packages/airflow/example_dags/example_sla_dag.py
[2024-05-05T01:30:31.382+0000] {logging_mixin.py:188} INFO - [2024-05-05T01:30:31.382+0000] {dag.py:3096} INFO - Sync 1 DAGs
[2024-05-05T01:30:31.418+0000] {logging_mixin.py:188} INFO - [2024-05-05T01:30:31.418+0000] {dag.py:3954} INFO - Setting next_dagrun for example_sla_dag to 2024-05-05 01:28:00+00:00, run_after=2024-05-05 01:30:00+00:00
[2024-05-05T01:30:31.448+0000] {processor.py:183} INFO - Processing /home/airflow/.local/lib/python3.12/site-packages/airflow/example_dags/example_sla_dag.py took 0.253 seconds
[2024-05-05T01:31:02.376+0000] {processor.py:161} INFO - Started process (PID=103) to work on /home/airflow/.local/lib/python3.12/site-packages/airflow/example_dags/example_sla_dag.py
[2024-05-05T01:31:02.378+0000] {processor.py:830} INFO - Processing file /home/airflow/.local/lib/python3.12/site-packages/airflow/example_dags/example_sla_dag.py for tasks to queue
[2024-05-05T01:31:02.380+0000] {logging_mixin.py:188} INFO - [2024-05-05T01:31:02.380+0000] {dagbag.py:540} INFO - Filling up the DagBag from /home/airflow/.local/lib/python3.12/site-packages/airflow/example_dags/example_sla_dag.py
[2024-05-05T01:31:02.392+0000] {processor.py:840} INFO - DAG(s) 'example_sla_dag' retrieved from /home/airflow/.local/lib/python3.12/site-packages/airflow/example_dags/example_sla_dag.py
[2024-05-05T01:31:02.413+0000] {logging_mixin.py:188} INFO - [2024-05-05T01:31:02.413+0000] {dag.py:3096} INFO - Sync 1 DAGs
[2024-05-05T01:31:02.442+0000] {logging_mixin.py:188} INFO - [2024-05-05T01:31:02.441+0000] {dag.py:3954} INFO - Setting next_dagrun for example_sla_dag to 2024-05-05 01:28:00+00:00, run_after=2024-05-05 01:30:00+00:00
[2024-05-05T01:31:02.464+0000] {processor.py:183} INFO - Processing /home/airflow/.local/lib/python3.12/site-packages/airflow/example_dags/example_sla_dag.py took 0.096 seconds
[2024-05-05T01:31:32.566+0000] {processor.py:161} INFO - Started process (PID=163) to work on /home/airflow/.local/lib/python3.12/site-packages/airflow/example_dags/example_sla_dag.py
[2024-05-05T01:31:32.568+0000] {processor.py:830} INFO - Processing file /home/airflow/.local/lib/python3.12/site-packages/airflow/example_dags/example_sla_dag.py for tasks to queue
[2024-05-05T01:31:32.570+0000] {logging_mixin.py:188} INFO - [2024-05-05T01:31:32.570+0000] {dagbag.py:540} INFO - Filling up the DagBag from /home/airflow/.local/lib/python3.12/site-packages/airflow/example_dags/example_sla_dag.py
[2024-05-05T01:31:32.580+0000] {processor.py:840} INFO - DAG(s) 'example_sla_dag' retrieved from /home/airflow/.local/lib/python3.12/site-packages/airflow/example_dags/example_sla_dag.py
[2024-05-05T01:31:32.601+0000] {logging_mixin.py:188} INFO - [2024-05-05T01:31:32.601+0000] {dag.py:3096} INFO - Sync 1 DAGs
[2024-05-05T01:31:32.625+0000] {logging_mixin.py:188} INFO - [2024-05-05T01:31:32.625+0000] {dag.py:3954} INFO - Setting next_dagrun for example_sla_dag to 2024-05-05 01:28:00+00:00, run_after=2024-05-05 01:30:00+00:00
[2024-05-05T01:31:32.647+0000] {processor.py:183} INFO - Processing /home/airflow/.local/lib/python3.12/site-packages/airflow/example_dags/example_sla_dag.py took 0.088 seconds
[2024-05-05T01:32:02.922+0000] {processor.py:161} INFO - Started process (PID=223) to work on /home/airflow/.local/lib/python3.12/site-packages/airflow/example_dags/example_sla_dag.py
[2024-05-05T01:32:02.923+0000] {processor.py:830} INFO - Processing file /home/airflow/.local/lib/python3.12/site-packages/airflow/example_dags/example_sla_dag.py for tasks to queue
[2024-05-05T01:32:02.926+0000] {logging_mixin.py:188} INFO - [2024-05-05T01:32:02.926+0000] {dagbag.py:540} INFO - Filling up the DagBag from /home/airflow/.local/lib/python3.12/site-packages/airflow/example_dags/example_sla_dag.py
[2024-05-05T01:32:02.937+0000] {processor.py:840} INFO - DAG(s) 'example_sla_dag' retrieved from /home/airflow/.local/lib/python3.12/site-packages/airflow/example_dags/example_sla_dag.py
[2024-05-05T01:32:02.964+0000] {logging_mixin.py:188} INFO - [2024-05-05T01:32:02.964+0000] {dag.py:3096} INFO - Sync 1 DAGs
[2024-05-05T01:32:02.993+0000] {logging_mixin.py:188} INFO - [2024-05-05T01:32:02.993+0000] {dag.py:3954} INFO - Setting next_dagrun for example_sla_dag to 2024-05-05 01:30:00+00:00, run_after=2024-05-05 01:32:00+00:00
[2024-05-05T01:32:03.019+0000] {processor.py:183} INFO - Processing /home/airflow/.local/lib/python3.12/site-packages/airflow/example_dags/example_sla_dag.py took 0.104 seconds
[2024-05-05T01:32:33.266+0000] {processor.py:161} INFO - Started process (PID=284) to work on /home/airflow/.local/lib/python3.12/site-packages/airflow/example_dags/example_sla_dag.py
[2024-05-05T01:32:33.268+0000] {processor.py:830} INFO - Processing file /home/airflow/.local/lib/python3.12/site-packages/airflow/example_dags/example_sla_dag.py for tasks to queue
[2024-05-05T01:32:33.271+0000] {logging_mixin.py:188} INFO - [2024-05-05T01:32:33.271+0000] {dagbag.py:540} INFO - Filling up the DagBag from /home/airflow/.local/lib/python3.12/site-packages/airflow/example_dags/example_sla_dag.py
[2024-05-05T01:32:33.284+0000] {processor.py:840} INFO - DAG(s) 'example_sla_dag' retrieved from /home/airflow/.local/lib/python3.12/site-packages/airflow/example_dags/example_sla_dag.py
[2024-05-05T01:32:33.309+0000] {logging_mixin.py:188} INFO - [2024-05-05T01:32:33.309+0000] {dag.py:3096} INFO - Sync 1 DAGs
[2024-05-05T01:32:33.343+0000] {logging_mixin.py:188} INFO - [2024-05-05T01:32:33.342+0000] {dag.py:3954} INFO - Setting next_dagrun for example_sla_dag to 2024-05-05 01:30:00+00:00, run_after=2024-05-05 01:32:00+00:00
[2024-05-05T01:32:33.374+0000] {processor.py:183} INFO - Processing /home/airflow/.local/lib/python3.12/site-packages/airflow/example_dags/example_sla_dag.py took 0.117 seconds
[2024-05-05T01:33:03.902+0000] {processor.py:161} INFO - Started process (PID=344) to work on /home/airflow/.local/lib/python3.12/site-packages/airflow/example_dags/example_sla_dag.py
[2024-05-05T01:33:03.904+0000] {processor.py:830} INFO - Processing file /home/airflow/.local/lib/python3.12/site-packages/airflow/example_dags/example_sla_dag.py for tasks to queue
[2024-05-05T01:33:03.906+0000] {logging_mixin.py:188} INFO - [2024-05-05T01:33:03.906+0000] {dagbag.py:540} INFO - Filling up the DagBag from /home/airflow/.local/lib/python3.12/site-packages/airflow/example_dags/example_sla_dag.py
[2024-05-05T01:33:03.915+0000] {processor.py:840} INFO - DAG(s) 'example_sla_dag' retrieved from /home/airflow/.local/lib/python3.12/site-packages/airflow/example_dags/example_sla_dag.py
[2024-05-05T01:33:03.939+0000] {logging_mixin.py:188} INFO - [2024-05-05T01:33:03.939+0000] {dag.py:3096} INFO - Sync 1 DAGs
[2024-05-05T01:33:03.971+0000] {logging_mixin.py:188} INFO - [2024-05-05T01:33:03.971+0000] {dag.py:3954} INFO - Setting next_dagrun for example_sla_dag to 2024-05-05 01:30:00+00:00, run_after=2024-05-05 01:32:00+00:00
[2024-05-05T01:33:03.996+0000] {processor.py:183} INFO - Processing /home/airflow/.local/lib/python3.12/site-packages/airflow/example_dags/example_sla_dag.py took 0.102 seconds
[2024-05-05T01:33:34.152+0000] {processor.py:161} INFO - Started process (PID=404) to work on /home/airflow/.local/lib/python3.12/site-packages/airflow/example_dags/example_sla_dag.py
[2024-05-05T01:33:34.154+0000] {processor.py:830} INFO - Processing file /home/airflow/.local/lib/python3.12/site-packages/airflow/example_dags/example_sla_dag.py for tasks to queue
[2024-05-05T01:33:34.156+0000] {logging_mixin.py:188} INFO - [2024-05-05T01:33:34.156+0000] {dagbag.py:540} INFO - Filling up the DagBag from /home/airflow/.local/lib/python3.12/site-packages/airflow/example_dags/example_sla_dag.py
[2024-05-05T01:33:34.167+0000] {processor.py:840} INFO - DAG(s) 'example_sla_dag' retrieved from /home/airflow/.local/lib/python3.12/site-packages/airflow/example_dags/example_sla_dag.py
[2024-05-05T01:33:34.187+0000] {logging_mixin.py:188} INFO - [2024-05-05T01:33:34.187+0000] {dag.py:3096} INFO - Sync 1 DAGs
[2024-05-05T01:33:34.218+0000] {logging_mixin.py:188} INFO - [2024-05-05T01:33:34.217+0000] {dag.py:3954} INFO - Setting next_dagrun for example_sla_dag to 2024-05-05 01:30:00+00:00, run_after=2024-05-05 01:32:00+00:00
[2024-05-05T01:33:34.240+0000] {processor.py:183} INFO - Processing /home/airflow/.local/lib/python3.12/site-packages/airflow/example_dags/example_sla_dag.py took 0.095 seconds
[2024-05-05T01:34:04.479+0000] {processor.py:161} INFO - Started process (PID=464) to work on /home/airflow/.local/lib/python3.12/site-packages/airflow/example_dags/example_sla_dag.py
[2024-05-05T01:34:04.480+0000] {processor.py:830} INFO - Processing file /home/airflow/.local/lib/python3.12/site-packages/airflow/example_dags/example_sla_dag.py for tasks to queue
[2024-05-05T01:34:04.482+0000] {logging_mixin.py:188} INFO - [2024-05-05T01:34:04.482+0000] {dagbag.py:540} INFO - Filling up the DagBag from /home/airflow/.local/lib/python3.12/site-packages/airflow/example_dags/example_sla_dag.py
[2024-05-05T01:34:04.490+0000] {processor.py:840} INFO - DAG(s) 'example_sla_dag' retrieved from /home/airflow/.local/lib/python3.12/site-packages/airflow/example_dags/example_sla_dag.py
[2024-05-05T01:34:04.511+0000] {logging_mixin.py:188} INFO - [2024-05-05T01:34:04.511+0000] {dag.py:3096} INFO - Sync 1 DAGs
[2024-05-05T01:34:04.538+0000] {logging_mixin.py:188} INFO - [2024-05-05T01:34:04.538+0000] {dag.py:3954} INFO - Setting next_dagrun for example_sla_dag to 2024-05-05 01:32:00+00:00, run_after=2024-05-05 01:34:00+00:00
[2024-05-05T01:34:04.561+0000] {processor.py:183} INFO - Processing /home/airflow/.local/lib/python3.12/site-packages/airflow/example_dags/example_sla_dag.py took 0.089 seconds
[2024-05-05T01:34:34.933+0000] {processor.py:161} INFO - Started process (PID=524) to work on /home/airflow/.local/lib/python3.12/site-packages/airflow/example_dags/example_sla_dag.py
[2024-05-05T01:34:34.935+0000] {processor.py:830} INFO - Processing file /home/airflow/.local/lib/python3.12/site-packages/airflow/example_dags/example_sla_dag.py for tasks to queue
[2024-05-05T01:34:34.937+0000] {logging_mixin.py:188} INFO - [2024-05-05T01:34:34.936+0000] {dagbag.py:540} INFO - Filling up the DagBag from /home/airflow/.local/lib/python3.12/site-packages/airflow/example_dags/example_sla_dag.py
[2024-05-05T01:34:34.946+0000] {processor.py:840} INFO - DAG(s) 'example_sla_dag' retrieved from /home/airflow/.local/lib/python3.12/site-packages/airflow/example_dags/example_sla_dag.py
[2024-05-05T01:34:34.968+0000] {logging_mixin.py:188} INFO - [2024-05-05T01:34:34.968+0000] {dag.py:3096} INFO - Sync 1 DAGs
[2024-05-05T01:34:34.999+0000] {logging_mixin.py:188} INFO - [2024-05-05T01:34:34.998+0000] {dag.py:3954} INFO - Setting next_dagrun for example_sla_dag to 2024-05-05 01:32:00+00:00, run_after=2024-05-05 01:34:00+00:00
[2024-05-05T01:34:35.025+0000] {processor.py:183} INFO - Processing /home/airflow/.local/lib/python3.12/site-packages/airflow/example_dags/example_sla_dag.py took 0.101 seconds
[2024-05-05T01:35:05.404+0000] {processor.py:161} INFO - Started process (PID=584) to work on /home/airflow/.local/lib/python3.12/site-packages/airflow/example_dags/example_sla_dag.py
[2024-05-05T01:35:05.405+0000] {processor.py:830} INFO - Processing file /home/airflow/.local/lib/python3.12/site-packages/airflow/example_dags/example_sla_dag.py for tasks to queue
[2024-05-05T01:35:05.407+0000] {logging_mixin.py:188} INFO - [2024-05-05T01:35:05.407+0000] {dagbag.py:540} INFO - Filling up the DagBag from /home/airflow/.local/lib/python3.12/site-packages/airflow/example_dags/example_sla_dag.py
[2024-05-05T01:35:05.418+0000] {processor.py:840} INFO - DAG(s) 'example_sla_dag' retrieved from /home/airflow/.local/lib/python3.12/site-packages/airflow/example_dags/example_sla_dag.py
[2024-05-05T01:35:05.446+0000] {logging_mixin.py:188} INFO - [2024-05-05T01:35:05.445+0000] {dag.py:3096} INFO - Sync 1 DAGs
[2024-05-05T01:35:05.479+0000] {logging_mixin.py:188} INFO - [2024-05-05T01:35:05.479+0000] {dag.py:3954} INFO - Setting next_dagrun for example_sla_dag to 2024-05-05 01:32:00+00:00, run_after=2024-05-05 01:34:00+00:00
[2024-05-05T01:35:05.502+0000] {processor.py:183} INFO - Processing /home/airflow/.local/lib/python3.12/site-packages/airflow/example_dags/example_sla_dag.py took 0.106 seconds
[2024-05-05T01:35:35.998+0000] {processor.py:161} INFO - Started process (PID=644) to work on /home/airflow/.local/lib/python3.12/site-packages/airflow/example_dags/example_sla_dag.py
[2024-05-05T01:35:35.999+0000] {processor.py:830} INFO - Processing file /home/airflow/.local/lib/python3.12/site-packages/airflow/example_dags/example_sla_dag.py for tasks to queue
[2024-05-05T01:35:36.001+0000] {logging_mixin.py:188} INFO - [2024-05-05T01:35:36.001+0000] {dagbag.py:540} INFO - Filling up the DagBag from /home/airflow/.local/lib/python3.12/site-packages/airflow/example_dags/example_sla_dag.py
[2024-05-05T01:35:36.012+0000] {processor.py:840} INFO - DAG(s) 'example_sla_dag' retrieved from /home/airflow/.local/lib/python3.12/site-packages/airflow/example_dags/example_sla_dag.py
[2024-05-05T01:35:36.034+0000] {logging_mixin.py:188} INFO - [2024-05-05T01:35:36.034+0000] {dag.py:3096} INFO - Sync 1 DAGs
[2024-05-05T01:35:36.067+0000] {logging_mixin.py:188} INFO - [2024-05-05T01:35:36.066+0000] {dag.py:3954} INFO - Setting next_dagrun for example_sla_dag to 2024-05-05 01:32:00+00:00, run_after=2024-05-05 01:34:00+00:00
[2024-05-05T01:35:36.092+0000] {processor.py:183} INFO - Processing /home/airflow/.local/lib/python3.12/site-packages/airflow/example_dags/example_sla_dag.py took 0.100 seconds
[2024-05-05T02:04:14.061+0000] {processor.py:161} INFO - Started process (PID=41) to work on /home/airflow/.local/lib/python3.12/site-packages/airflow/example_dags/example_sla_dag.py
[2024-05-05T02:04:14.063+0000] {processor.py:830} INFO - Processing file /home/airflow/.local/lib/python3.12/site-packages/airflow/example_dags/example_sla_dag.py for tasks to queue
[2024-05-05T02:04:14.065+0000] {logging_mixin.py:188} INFO - [2024-05-05T02:04:14.065+0000] {dagbag.py:540} INFO - Filling up the DagBag from /home/airflow/.local/lib/python3.12/site-packages/airflow/example_dags/example_sla_dag.py
[2024-05-05T02:04:14.078+0000] {processor.py:840} INFO - DAG(s) 'example_sla_dag' retrieved from /home/airflow/.local/lib/python3.12/site-packages/airflow/example_dags/example_sla_dag.py
[2024-05-05T02:04:14.227+0000] {logging_mixin.py:188} INFO - [2024-05-05T02:04:14.226+0000] {dag.py:3096} INFO - Sync 1 DAGs
[2024-05-05T02:04:14.257+0000] {logging_mixin.py:188} INFO - [2024-05-05T02:04:14.257+0000] {dag.py:3954} INFO - Setting next_dagrun for example_sla_dag to 2024-05-05 02:02:00+00:00, run_after=2024-05-05 02:04:00+00:00
[2024-05-05T02:04:14.288+0000] {processor.py:183} INFO - Processing /home/airflow/.local/lib/python3.12/site-packages/airflow/example_dags/example_sla_dag.py took 0.235 seconds
[2024-05-05T02:04:44.668+0000] {processor.py:161} INFO - Started process (PID=101) to work on /home/airflow/.local/lib/python3.12/site-packages/airflow/example_dags/example_sla_dag.py
[2024-05-05T02:04:44.669+0000] {processor.py:830} INFO - Processing file /home/airflow/.local/lib/python3.12/site-packages/airflow/example_dags/example_sla_dag.py for tasks to queue
[2024-05-05T02:04:44.671+0000] {logging_mixin.py:188} INFO - [2024-05-05T02:04:44.670+0000] {dagbag.py:540} INFO - Filling up the DagBag from /home/airflow/.local/lib/python3.12/site-packages/airflow/example_dags/example_sla_dag.py
[2024-05-05T02:04:44.680+0000] {processor.py:840} INFO - DAG(s) 'example_sla_dag' retrieved from /home/airflow/.local/lib/python3.12/site-packages/airflow/example_dags/example_sla_dag.py
[2024-05-05T02:04:44.701+0000] {logging_mixin.py:188} INFO - [2024-05-05T02:04:44.701+0000] {dag.py:3096} INFO - Sync 1 DAGs
[2024-05-05T02:04:44.732+0000] {logging_mixin.py:188} INFO - [2024-05-05T02:04:44.731+0000] {dag.py:3954} INFO - Setting next_dagrun for example_sla_dag to 2024-05-05 02:02:00+00:00, run_after=2024-05-05 02:04:00+00:00
[2024-05-05T02:04:44.753+0000] {processor.py:183} INFO - Processing /home/airflow/.local/lib/python3.12/site-packages/airflow/example_dags/example_sla_dag.py took 0.091 seconds
[2024-05-05T02:05:14.900+0000] {processor.py:161} INFO - Started process (PID=161) to work on /home/airflow/.local/lib/python3.12/site-packages/airflow/example_dags/example_sla_dag.py
[2024-05-05T02:05:14.901+0000] {processor.py:830} INFO - Processing file /home/airflow/.local/lib/python3.12/site-packages/airflow/example_dags/example_sla_dag.py for tasks to queue
[2024-05-05T02:05:14.904+0000] {logging_mixin.py:188} INFO - [2024-05-05T02:05:14.903+0000] {dagbag.py:540} INFO - Filling up the DagBag from /home/airflow/.local/lib/python3.12/site-packages/airflow/example_dags/example_sla_dag.py
[2024-05-05T02:05:14.912+0000] {processor.py:840} INFO - DAG(s) 'example_sla_dag' retrieved from /home/airflow/.local/lib/python3.12/site-packages/airflow/example_dags/example_sla_dag.py
[2024-05-05T02:05:14.942+0000] {logging_mixin.py:188} INFO - [2024-05-05T02:05:14.941+0000] {dag.py:3096} INFO - Sync 1 DAGs
[2024-05-05T02:05:15.002+0000] {logging_mixin.py:188} INFO - [2024-05-05T02:05:15.002+0000] {dag.py:3954} INFO - Setting next_dagrun for example_sla_dag to 2024-05-05 02:02:00+00:00, run_after=2024-05-05 02:04:00+00:00
[2024-05-05T02:05:15.032+0000] {processor.py:183} INFO - Processing /home/airflow/.local/lib/python3.12/site-packages/airflow/example_dags/example_sla_dag.py took 0.138 seconds
[2024-05-05T02:05:45.479+0000] {processor.py:161} INFO - Started process (PID=221) to work on /home/airflow/.local/lib/python3.12/site-packages/airflow/example_dags/example_sla_dag.py
[2024-05-05T02:05:45.481+0000] {processor.py:830} INFO - Processing file /home/airflow/.local/lib/python3.12/site-packages/airflow/example_dags/example_sla_dag.py for tasks to queue
[2024-05-05T02:05:45.483+0000] {logging_mixin.py:188} INFO - [2024-05-05T02:05:45.483+0000] {dagbag.py:540} INFO - Filling up the DagBag from /home/airflow/.local/lib/python3.12/site-packages/airflow/example_dags/example_sla_dag.py
[2024-05-05T02:05:45.492+0000] {processor.py:840} INFO - DAG(s) 'example_sla_dag' retrieved from /home/airflow/.local/lib/python3.12/site-packages/airflow/example_dags/example_sla_dag.py
[2024-05-05T02:05:45.513+0000] {logging_mixin.py:188} INFO - [2024-05-05T02:05:45.513+0000] {dag.py:3096} INFO - Sync 1 DAGs
[2024-05-05T02:05:45.544+0000] {logging_mixin.py:188} INFO - [2024-05-05T02:05:45.544+0000] {dag.py:3954} INFO - Setting next_dagrun for example_sla_dag to 2024-05-05 02:02:00+00:00, run_after=2024-05-05 02:04:00+00:00
[2024-05-05T02:05:45.568+0000] {processor.py:183} INFO - Processing /home/airflow/.local/lib/python3.12/site-packages/airflow/example_dags/example_sla_dag.py took 0.097 seconds
[2024-05-05T02:06:16.037+0000] {processor.py:161} INFO - Started process (PID=281) to work on /home/airflow/.local/lib/python3.12/site-packages/airflow/example_dags/example_sla_dag.py
[2024-05-05T02:06:16.039+0000] {processor.py:830} INFO - Processing file /home/airflow/.local/lib/python3.12/site-packages/airflow/example_dags/example_sla_dag.py for tasks to queue
[2024-05-05T02:06:16.041+0000] {logging_mixin.py:188} INFO - [2024-05-05T02:06:16.041+0000] {dagbag.py:540} INFO - Filling up the DagBag from /home/airflow/.local/lib/python3.12/site-packages/airflow/example_dags/example_sla_dag.py
[2024-05-05T02:06:16.050+0000] {processor.py:840} INFO - DAG(s) 'example_sla_dag' retrieved from /home/airflow/.local/lib/python3.12/site-packages/airflow/example_dags/example_sla_dag.py
[2024-05-05T02:06:16.071+0000] {logging_mixin.py:188} INFO - [2024-05-05T02:06:16.070+0000] {dag.py:3096} INFO - Sync 1 DAGs
[2024-05-05T02:06:16.098+0000] {logging_mixin.py:188} INFO - [2024-05-05T02:06:16.098+0000] {dag.py:3954} INFO - Setting next_dagrun for example_sla_dag to 2024-05-05 02:04:00+00:00, run_after=2024-05-05 02:06:00+00:00
[2024-05-05T02:06:16.120+0000] {processor.py:183} INFO - Processing /home/airflow/.local/lib/python3.12/site-packages/airflow/example_dags/example_sla_dag.py took 0.089 seconds
[2024-05-05T02:06:46.313+0000] {processor.py:161} INFO - Started process (PID=341) to work on /home/airflow/.local/lib/python3.12/site-packages/airflow/example_dags/example_sla_dag.py
[2024-05-05T02:06:46.314+0000] {processor.py:830} INFO - Processing file /home/airflow/.local/lib/python3.12/site-packages/airflow/example_dags/example_sla_dag.py for tasks to queue
[2024-05-05T02:06:46.317+0000] {logging_mixin.py:188} INFO - [2024-05-05T02:06:46.317+0000] {dagbag.py:540} INFO - Filling up the DagBag from /home/airflow/.local/lib/python3.12/site-packages/airflow/example_dags/example_sla_dag.py
[2024-05-05T02:06:46.327+0000] {processor.py:840} INFO - DAG(s) 'example_sla_dag' retrieved from /home/airflow/.local/lib/python3.12/site-packages/airflow/example_dags/example_sla_dag.py
[2024-05-05T02:06:46.349+0000] {logging_mixin.py:188} INFO - [2024-05-05T02:06:46.349+0000] {dag.py:3096} INFO - Sync 1 DAGs
[2024-05-05T02:06:46.378+0000] {logging_mixin.py:188} INFO - [2024-05-05T02:06:46.378+0000] {dag.py:3954} INFO - Setting next_dagrun for example_sla_dag to 2024-05-05 02:04:00+00:00, run_after=2024-05-05 02:06:00+00:00
[2024-05-05T02:06:46.404+0000] {processor.py:183} INFO - Processing /home/airflow/.local/lib/python3.12/site-packages/airflow/example_dags/example_sla_dag.py took 0.098 seconds
