[2024-05-05T01:30:35.177+0000] {processor.py:161} INFO - Started process (PID=69) to work on /home/airflow/.local/lib/python3.12/site-packages/airflow/example_dags/example_dag_decorator.py
[2024-05-05T01:30:35.178+0000] {processor.py:830} INFO - Processing file /home/airflow/.local/lib/python3.12/site-packages/airflow/example_dags/example_dag_decorator.py for tasks to queue
[2024-05-05T01:30:35.181+0000] {logging_mixin.py:188} INFO - [2024-05-05T01:30:35.180+0000] {dagbag.py:540} INFO - Filling up the DagBag from /home/airflow/.local/lib/python3.12/site-packages/airflow/example_dags/example_dag_decorator.py
[2024-05-05T01:30:35.557+0000] {processor.py:840} INFO - DAG(s) 'example_dag_decorator' retrieved from /home/airflow/.local/lib/python3.12/site-packages/airflow/example_dags/example_dag_decorator.py
[2024-05-05T01:30:35.725+0000] {logging_mixin.py:188} INFO - [2024-05-05T01:30:35.725+0000] {dag.py:3096} INFO - Sync 1 DAGs
[2024-05-05T01:30:35.747+0000] {logging_mixin.py:188} INFO - [2024-05-05T01:30:35.747+0000] {dag.py:3954} INFO - Setting next_dagrun for example_dag_decorator to None, run_after=None
[2024-05-05T01:30:35.777+0000] {processor.py:183} INFO - Processing /home/airflow/.local/lib/python3.12/site-packages/airflow/example_dags/example_dag_decorator.py took 0.609 seconds
[2024-05-05T01:31:06.203+0000] {processor.py:161} INFO - Started process (PID=129) to work on /home/airflow/.local/lib/python3.12/site-packages/airflow/example_dags/example_dag_decorator.py
[2024-05-05T01:31:06.204+0000] {processor.py:830} INFO - Processing file /home/airflow/.local/lib/python3.12/site-packages/airflow/example_dags/example_dag_decorator.py for tasks to queue
[2024-05-05T01:31:06.206+0000] {logging_mixin.py:188} INFO - [2024-05-05T01:31:06.206+0000] {dagbag.py:540} INFO - Filling up the DagBag from /home/airflow/.local/lib/python3.12/site-packages/airflow/example_dags/example_dag_decorator.py
[2024-05-05T01:31:06.310+0000] {processor.py:840} INFO - DAG(s) 'example_dag_decorator' retrieved from /home/airflow/.local/lib/python3.12/site-packages/airflow/example_dags/example_dag_decorator.py
[2024-05-05T01:31:06.424+0000] {logging_mixin.py:188} INFO - [2024-05-05T01:31:06.423+0000] {dag.py:3096} INFO - Sync 1 DAGs
[2024-05-05T01:31:06.435+0000] {logging_mixin.py:188} INFO - [2024-05-05T01:31:06.434+0000] {dag.py:3954} INFO - Setting next_dagrun for example_dag_decorator to None, run_after=None
[2024-05-05T01:31:06.460+0000] {processor.py:183} INFO - Processing /home/airflow/.local/lib/python3.12/site-packages/airflow/example_dags/example_dag_decorator.py took 0.263 seconds
[2024-05-05T01:31:36.685+0000] {processor.py:161} INFO - Started process (PID=189) to work on /home/airflow/.local/lib/python3.12/site-packages/airflow/example_dags/example_dag_decorator.py
[2024-05-05T01:31:36.686+0000] {processor.py:830} INFO - Processing file /home/airflow/.local/lib/python3.12/site-packages/airflow/example_dags/example_dag_decorator.py for tasks to queue
[2024-05-05T01:31:36.688+0000] {logging_mixin.py:188} INFO - [2024-05-05T01:31:36.688+0000] {dagbag.py:540} INFO - Filling up the DagBag from /home/airflow/.local/lib/python3.12/site-packages/airflow/example_dags/example_dag_decorator.py
[2024-05-05T01:31:36.797+0000] {processor.py:840} INFO - DAG(s) 'example_dag_decorator' retrieved from /home/airflow/.local/lib/python3.12/site-packages/airflow/example_dags/example_dag_decorator.py
[2024-05-05T01:31:36.934+0000] {logging_mixin.py:188} INFO - [2024-05-05T01:31:36.934+0000] {dag.py:3096} INFO - Sync 1 DAGs
[2024-05-05T01:31:36.945+0000] {logging_mixin.py:188} INFO - [2024-05-05T01:31:36.944+0000] {dag.py:3954} INFO - Setting next_dagrun for example_dag_decorator to None, run_after=None
[2024-05-05T01:31:36.968+0000] {processor.py:183} INFO - Processing /home/airflow/.local/lib/python3.12/site-packages/airflow/example_dags/example_dag_decorator.py took 0.289 seconds
[2024-05-05T01:32:07.040+0000] {processor.py:161} INFO - Started process (PID=249) to work on /home/airflow/.local/lib/python3.12/site-packages/airflow/example_dags/example_dag_decorator.py
[2024-05-05T01:32:07.042+0000] {processor.py:830} INFO - Processing file /home/airflow/.local/lib/python3.12/site-packages/airflow/example_dags/example_dag_decorator.py for tasks to queue
[2024-05-05T01:32:07.045+0000] {logging_mixin.py:188} INFO - [2024-05-05T01:32:07.045+0000] {dagbag.py:540} INFO - Filling up the DagBag from /home/airflow/.local/lib/python3.12/site-packages/airflow/example_dags/example_dag_decorator.py
[2024-05-05T01:32:07.146+0000] {processor.py:840} INFO - DAG(s) 'example_dag_decorator' retrieved from /home/airflow/.local/lib/python3.12/site-packages/airflow/example_dags/example_dag_decorator.py
[2024-05-05T01:32:07.275+0000] {logging_mixin.py:188} INFO - [2024-05-05T01:32:07.274+0000] {dag.py:3096} INFO - Sync 1 DAGs
[2024-05-05T01:32:07.288+0000] {logging_mixin.py:188} INFO - [2024-05-05T01:32:07.287+0000] {dag.py:3954} INFO - Setting next_dagrun for example_dag_decorator to None, run_after=None
[2024-05-05T01:32:07.317+0000] {processor.py:183} INFO - Processing /home/airflow/.local/lib/python3.12/site-packages/airflow/example_dags/example_dag_decorator.py took 0.284 seconds
[2024-05-05T01:32:37.493+0000] {processor.py:161} INFO - Started process (PID=316) to work on /home/airflow/.local/lib/python3.12/site-packages/airflow/example_dags/example_dag_decorator.py
[2024-05-05T01:32:37.494+0000] {processor.py:830} INFO - Processing file /home/airflow/.local/lib/python3.12/site-packages/airflow/example_dags/example_dag_decorator.py for tasks to queue
[2024-05-05T01:32:37.498+0000] {logging_mixin.py:188} INFO - [2024-05-05T01:32:37.498+0000] {dagbag.py:540} INFO - Filling up the DagBag from /home/airflow/.local/lib/python3.12/site-packages/airflow/example_dags/example_dag_decorator.py
[2024-05-05T01:32:37.635+0000] {processor.py:840} INFO - DAG(s) 'example_dag_decorator' retrieved from /home/airflow/.local/lib/python3.12/site-packages/airflow/example_dags/example_dag_decorator.py
[2024-05-05T01:32:38.081+0000] {logging_mixin.py:188} INFO - [2024-05-05T01:32:38.080+0000] {dag.py:3096} INFO - Sync 1 DAGs
[2024-05-05T01:32:38.092+0000] {logging_mixin.py:188} INFO - [2024-05-05T01:32:38.092+0000] {dag.py:3954} INFO - Setting next_dagrun for example_dag_decorator to None, run_after=None
[2024-05-05T01:32:38.119+0000] {processor.py:183} INFO - Processing /home/airflow/.local/lib/python3.12/site-packages/airflow/example_dags/example_dag_decorator.py took 0.634 seconds
[2024-05-05T01:33:08.179+0000] {processor.py:161} INFO - Started process (PID=378) to work on /home/airflow/.local/lib/python3.12/site-packages/airflow/example_dags/example_dag_decorator.py
[2024-05-05T01:33:08.180+0000] {processor.py:830} INFO - Processing file /home/airflow/.local/lib/python3.12/site-packages/airflow/example_dags/example_dag_decorator.py for tasks to queue
[2024-05-05T01:33:08.182+0000] {logging_mixin.py:188} INFO - [2024-05-05T01:33:08.181+0000] {dagbag.py:540} INFO - Filling up the DagBag from /home/airflow/.local/lib/python3.12/site-packages/airflow/example_dags/example_dag_decorator.py
[2024-05-05T01:33:08.296+0000] {processor.py:840} INFO - DAG(s) 'example_dag_decorator' retrieved from /home/airflow/.local/lib/python3.12/site-packages/airflow/example_dags/example_dag_decorator.py
[2024-05-05T01:33:08.626+0000] {logging_mixin.py:188} INFO - [2024-05-05T01:33:08.626+0000] {dag.py:3096} INFO - Sync 1 DAGs
[2024-05-05T01:33:08.641+0000] {logging_mixin.py:188} INFO - [2024-05-05T01:33:08.641+0000] {dag.py:3954} INFO - Setting next_dagrun for example_dag_decorator to None, run_after=None
[2024-05-05T01:33:08.669+0000] {processor.py:183} INFO - Processing /home/airflow/.local/lib/python3.12/site-packages/airflow/example_dags/example_dag_decorator.py took 0.496 seconds
[2024-05-05T01:33:39.126+0000] {processor.py:161} INFO - Started process (PID=437) to work on /home/airflow/.local/lib/python3.12/site-packages/airflow/example_dags/example_dag_decorator.py
[2024-05-05T01:33:39.127+0000] {processor.py:830} INFO - Processing file /home/airflow/.local/lib/python3.12/site-packages/airflow/example_dags/example_dag_decorator.py for tasks to queue
[2024-05-05T01:33:39.131+0000] {logging_mixin.py:188} INFO - [2024-05-05T01:33:39.131+0000] {dagbag.py:540} INFO - Filling up the DagBag from /home/airflow/.local/lib/python3.12/site-packages/airflow/example_dags/example_dag_decorator.py
[2024-05-05T01:33:39.234+0000] {processor.py:840} INFO - DAG(s) 'example_dag_decorator' retrieved from /home/airflow/.local/lib/python3.12/site-packages/airflow/example_dags/example_dag_decorator.py
[2024-05-05T01:33:39.349+0000] {logging_mixin.py:188} INFO - [2024-05-05T01:33:39.349+0000] {dag.py:3096} INFO - Sync 1 DAGs
[2024-05-05T01:33:39.515+0000] {logging_mixin.py:188} INFO - [2024-05-05T01:33:39.515+0000] {dag.py:3954} INFO - Setting next_dagrun for example_dag_decorator to None, run_after=None
[2024-05-05T01:33:39.535+0000] {processor.py:183} INFO - Processing /home/airflow/.local/lib/python3.12/site-packages/airflow/example_dags/example_dag_decorator.py took 0.416 seconds
[2024-05-05T01:34:09.741+0000] {processor.py:161} INFO - Started process (PID=500) to work on /home/airflow/.local/lib/python3.12/site-packages/airflow/example_dags/example_dag_decorator.py
[2024-05-05T01:34:09.742+0000] {processor.py:830} INFO - Processing file /home/airflow/.local/lib/python3.12/site-packages/airflow/example_dags/example_dag_decorator.py for tasks to queue
[2024-05-05T01:34:09.744+0000] {logging_mixin.py:188} INFO - [2024-05-05T01:34:09.744+0000] {dagbag.py:540} INFO - Filling up the DagBag from /home/airflow/.local/lib/python3.12/site-packages/airflow/example_dags/example_dag_decorator.py
[2024-05-05T01:34:09.855+0000] {processor.py:840} INFO - DAG(s) 'example_dag_decorator' retrieved from /home/airflow/.local/lib/python3.12/site-packages/airflow/example_dags/example_dag_decorator.py
[2024-05-05T01:34:09.973+0000] {logging_mixin.py:188} INFO - [2024-05-05T01:34:09.973+0000] {dag.py:3096} INFO - Sync 1 DAGs
[2024-05-05T01:34:09.986+0000] {logging_mixin.py:188} INFO - [2024-05-05T01:34:09.985+0000] {dag.py:3954} INFO - Setting next_dagrun for example_dag_decorator to None, run_after=None
[2024-05-05T01:34:10.154+0000] {processor.py:183} INFO - Processing /home/airflow/.local/lib/python3.12/site-packages/airflow/example_dags/example_dag_decorator.py took 0.420 seconds
[2024-05-05T01:34:40.218+0000] {processor.py:161} INFO - Started process (PID=562) to work on /home/airflow/.local/lib/python3.12/site-packages/airflow/example_dags/example_dag_decorator.py
[2024-05-05T01:34:40.219+0000] {processor.py:830} INFO - Processing file /home/airflow/.local/lib/python3.12/site-packages/airflow/example_dags/example_dag_decorator.py for tasks to queue
[2024-05-05T01:34:40.222+0000] {logging_mixin.py:188} INFO - [2024-05-05T01:34:40.221+0000] {dagbag.py:540} INFO - Filling up the DagBag from /home/airflow/.local/lib/python3.12/site-packages/airflow/example_dags/example_dag_decorator.py
[2024-05-05T01:34:40.332+0000] {processor.py:840} INFO - DAG(s) 'example_dag_decorator' retrieved from /home/airflow/.local/lib/python3.12/site-packages/airflow/example_dags/example_dag_decorator.py
[2024-05-05T01:34:40.591+0000] {logging_mixin.py:188} INFO - [2024-05-05T01:34:40.590+0000] {dag.py:3096} INFO - Sync 1 DAGs
[2024-05-05T01:34:40.602+0000] {logging_mixin.py:188} INFO - [2024-05-05T01:34:40.601+0000] {dag.py:3954} INFO - Setting next_dagrun for example_dag_decorator to None, run_after=None
[2024-05-05T01:34:40.625+0000] {processor.py:183} INFO - Processing /home/airflow/.local/lib/python3.12/site-packages/airflow/example_dags/example_dag_decorator.py took 0.414 seconds
[2024-05-05T01:35:10.882+0000] {processor.py:161} INFO - Started process (PID=623) to work on /home/airflow/.local/lib/python3.12/site-packages/airflow/example_dags/example_dag_decorator.py
[2024-05-05T01:35:10.883+0000] {processor.py:830} INFO - Processing file /home/airflow/.local/lib/python3.12/site-packages/airflow/example_dags/example_dag_decorator.py for tasks to queue
[2024-05-05T01:35:10.885+0000] {logging_mixin.py:188} INFO - [2024-05-05T01:35:10.885+0000] {dagbag.py:540} INFO - Filling up the DagBag from /home/airflow/.local/lib/python3.12/site-packages/airflow/example_dags/example_dag_decorator.py
[2024-05-05T01:35:10.992+0000] {processor.py:840} INFO - DAG(s) 'example_dag_decorator' retrieved from /home/airflow/.local/lib/python3.12/site-packages/airflow/example_dags/example_dag_decorator.py
[2024-05-05T01:35:11.259+0000] {logging_mixin.py:188} INFO - [2024-05-05T01:35:11.259+0000] {dag.py:3096} INFO - Sync 1 DAGs
[2024-05-05T01:35:11.269+0000] {logging_mixin.py:188} INFO - [2024-05-05T01:35:11.268+0000] {dag.py:3954} INFO - Setting next_dagrun for example_dag_decorator to None, run_after=None
[2024-05-05T01:35:11.289+0000] {processor.py:183} INFO - Processing /home/airflow/.local/lib/python3.12/site-packages/airflow/example_dags/example_dag_decorator.py took 0.414 seconds
[2024-05-05T01:35:41.516+0000] {processor.py:161} INFO - Started process (PID=683) to work on /home/airflow/.local/lib/python3.12/site-packages/airflow/example_dags/example_dag_decorator.py
[2024-05-05T01:35:41.517+0000] {processor.py:830} INFO - Processing file /home/airflow/.local/lib/python3.12/site-packages/airflow/example_dags/example_dag_decorator.py for tasks to queue
[2024-05-05T01:35:41.519+0000] {logging_mixin.py:188} INFO - [2024-05-05T01:35:41.519+0000] {dagbag.py:540} INFO - Filling up the DagBag from /home/airflow/.local/lib/python3.12/site-packages/airflow/example_dags/example_dag_decorator.py
[2024-05-05T01:35:41.651+0000] {processor.py:840} INFO - DAG(s) 'example_dag_decorator' retrieved from /home/airflow/.local/lib/python3.12/site-packages/airflow/example_dags/example_dag_decorator.py
[2024-05-05T01:35:41.966+0000] {logging_mixin.py:188} INFO - [2024-05-05T01:35:41.966+0000] {dag.py:3096} INFO - Sync 1 DAGs
[2024-05-05T01:35:41.982+0000] {logging_mixin.py:188} INFO - [2024-05-05T01:35:41.982+0000] {dag.py:3954} INFO - Setting next_dagrun for example_dag_decorator to None, run_after=None
[2024-05-05T01:35:42.011+0000] {processor.py:183} INFO - Processing /home/airflow/.local/lib/python3.12/site-packages/airflow/example_dags/example_dag_decorator.py took 0.502 seconds
[2024-05-05T02:04:18.319+0000] {processor.py:161} INFO - Started process (PID=73) to work on /home/airflow/.local/lib/python3.12/site-packages/airflow/example_dags/example_dag_decorator.py
[2024-05-05T02:04:18.321+0000] {processor.py:830} INFO - Processing file /home/airflow/.local/lib/python3.12/site-packages/airflow/example_dags/example_dag_decorator.py for tasks to queue
[2024-05-05T02:04:18.323+0000] {logging_mixin.py:188} INFO - [2024-05-05T02:04:18.323+0000] {dagbag.py:540} INFO - Filling up the DagBag from /home/airflow/.local/lib/python3.12/site-packages/airflow/example_dags/example_dag_decorator.py
[2024-05-05T02:04:18.712+0000] {processor.py:840} INFO - DAG(s) 'example_dag_decorator' retrieved from /home/airflow/.local/lib/python3.12/site-packages/airflow/example_dags/example_dag_decorator.py
[2024-05-05T02:04:18.899+0000] {logging_mixin.py:188} INFO - [2024-05-05T02:04:18.899+0000] {dag.py:3096} INFO - Sync 1 DAGs
[2024-05-05T02:04:18.920+0000] {logging_mixin.py:188} INFO - [2024-05-05T02:04:18.919+0000] {dag.py:3954} INFO - Setting next_dagrun for example_dag_decorator to None, run_after=None
[2024-05-05T02:04:18.954+0000] {processor.py:183} INFO - Processing /home/airflow/.local/lib/python3.12/site-packages/airflow/example_dags/example_dag_decorator.py took 0.643 seconds
[2024-05-05T02:04:49.624+0000] {processor.py:161} INFO - Started process (PID=133) to work on /home/airflow/.local/lib/python3.12/site-packages/airflow/example_dags/example_dag_decorator.py
[2024-05-05T02:04:49.626+0000] {processor.py:830} INFO - Processing file /home/airflow/.local/lib/python3.12/site-packages/airflow/example_dags/example_dag_decorator.py for tasks to queue
[2024-05-05T02:04:49.629+0000] {logging_mixin.py:188} INFO - [2024-05-05T02:04:49.628+0000] {dagbag.py:540} INFO - Filling up the DagBag from /home/airflow/.local/lib/python3.12/site-packages/airflow/example_dags/example_dag_decorator.py
[2024-05-05T02:04:49.757+0000] {processor.py:840} INFO - DAG(s) 'example_dag_decorator' retrieved from /home/airflow/.local/lib/python3.12/site-packages/airflow/example_dags/example_dag_decorator.py
[2024-05-05T02:04:49.894+0000] {logging_mixin.py:188} INFO - [2024-05-05T02:04:49.894+0000] {dag.py:3096} INFO - Sync 1 DAGs
[2024-05-05T02:04:49.906+0000] {logging_mixin.py:188} INFO - [2024-05-05T02:04:49.906+0000] {dag.py:3954} INFO - Setting next_dagrun for example_dag_decorator to None, run_after=None
[2024-05-05T02:04:49.931+0000] {processor.py:183} INFO - Processing /home/airflow/.local/lib/python3.12/site-packages/airflow/example_dags/example_dag_decorator.py took 0.318 seconds
[2024-05-05T02:05:20.084+0000] {processor.py:161} INFO - Started process (PID=195) to work on /home/airflow/.local/lib/python3.12/site-packages/airflow/example_dags/example_dag_decorator.py
[2024-05-05T02:05:20.085+0000] {processor.py:830} INFO - Processing file /home/airflow/.local/lib/python3.12/site-packages/airflow/example_dags/example_dag_decorator.py for tasks to queue
[2024-05-05T02:05:20.088+0000] {logging_mixin.py:188} INFO - [2024-05-05T02:05:20.087+0000] {dagbag.py:540} INFO - Filling up the DagBag from /home/airflow/.local/lib/python3.12/site-packages/airflow/example_dags/example_dag_decorator.py
[2024-05-05T02:05:20.213+0000] {processor.py:840} INFO - DAG(s) 'example_dag_decorator' retrieved from /home/airflow/.local/lib/python3.12/site-packages/airflow/example_dags/example_dag_decorator.py
[2024-05-05T02:05:20.344+0000] {logging_mixin.py:188} INFO - [2024-05-05T02:05:20.343+0000] {dag.py:3096} INFO - Sync 1 DAGs
[2024-05-05T02:05:20.357+0000] {logging_mixin.py:188} INFO - [2024-05-05T02:05:20.356+0000] {dag.py:3954} INFO - Setting next_dagrun for example_dag_decorator to None, run_after=None
[2024-05-05T02:05:20.385+0000] {processor.py:183} INFO - Processing /home/airflow/.local/lib/python3.12/site-packages/airflow/example_dags/example_dag_decorator.py took 0.307 seconds
[2024-05-05T02:05:50.508+0000] {processor.py:161} INFO - Started process (PID=256) to work on /home/airflow/.local/lib/python3.12/site-packages/airflow/example_dags/example_dag_decorator.py
[2024-05-05T02:05:50.509+0000] {processor.py:830} INFO - Processing file /home/airflow/.local/lib/python3.12/site-packages/airflow/example_dags/example_dag_decorator.py for tasks to queue
[2024-05-05T02:05:50.511+0000] {logging_mixin.py:188} INFO - [2024-05-05T02:05:50.511+0000] {dagbag.py:540} INFO - Filling up the DagBag from /home/airflow/.local/lib/python3.12/site-packages/airflow/example_dags/example_dag_decorator.py
[2024-05-05T02:05:50.623+0000] {processor.py:840} INFO - DAG(s) 'example_dag_decorator' retrieved from /home/airflow/.local/lib/python3.12/site-packages/airflow/example_dags/example_dag_decorator.py
[2024-05-05T02:05:50.646+0000] {logging_mixin.py:188} INFO - [2024-05-05T02:05:50.646+0000] {dag.py:3096} INFO - Sync 1 DAGs
[2024-05-05T02:05:50.661+0000] {logging_mixin.py:188} INFO - [2024-05-05T02:05:50.661+0000] {dag.py:3954} INFO - Setting next_dagrun for example_dag_decorator to None, run_after=None
[2024-05-05T02:05:50.682+0000] {processor.py:183} INFO - Processing /home/airflow/.local/lib/python3.12/site-packages/airflow/example_dags/example_dag_decorator.py took 0.181 seconds
[2024-05-05T02:06:21.430+0000] {processor.py:161} INFO - Started process (PID=313) to work on /home/airflow/.local/lib/python3.12/site-packages/airflow/example_dags/example_dag_decorator.py
[2024-05-05T02:06:21.432+0000] {processor.py:830} INFO - Processing file /home/airflow/.local/lib/python3.12/site-packages/airflow/example_dags/example_dag_decorator.py for tasks to queue
[2024-05-05T02:06:21.435+0000] {logging_mixin.py:188} INFO - [2024-05-05T02:06:21.434+0000] {dagbag.py:540} INFO - Filling up the DagBag from /home/airflow/.local/lib/python3.12/site-packages/airflow/example_dags/example_dag_decorator.py
[2024-05-05T02:06:21.545+0000] {processor.py:840} INFO - DAG(s) 'example_dag_decorator' retrieved from /home/airflow/.local/lib/python3.12/site-packages/airflow/example_dags/example_dag_decorator.py
[2024-05-05T02:06:21.818+0000] {logging_mixin.py:188} INFO - [2024-05-05T02:06:21.818+0000] {dag.py:3096} INFO - Sync 1 DAGs
[2024-05-05T02:06:21.830+0000] {logging_mixin.py:188} INFO - [2024-05-05T02:06:21.830+0000] {dag.py:3954} INFO - Setting next_dagrun for example_dag_decorator to None, run_after=None
[2024-05-05T02:06:21.856+0000] {processor.py:183} INFO - Processing /home/airflow/.local/lib/python3.12/site-packages/airflow/example_dags/example_dag_decorator.py took 0.433 seconds
[2024-05-05T02:06:52.210+0000] {processor.py:161} INFO - Started process (PID=373) to work on /home/airflow/.local/lib/python3.12/site-packages/airflow/example_dags/example_dag_decorator.py
[2024-05-05T02:06:52.211+0000] {processor.py:830} INFO - Processing file /home/airflow/.local/lib/python3.12/site-packages/airflow/example_dags/example_dag_decorator.py for tasks to queue
[2024-05-05T02:06:52.213+0000] {logging_mixin.py:188} INFO - [2024-05-05T02:06:52.213+0000] {dagbag.py:540} INFO - Filling up the DagBag from /home/airflow/.local/lib/python3.12/site-packages/airflow/example_dags/example_dag_decorator.py
[2024-05-05T02:06:52.324+0000] {processor.py:840} INFO - DAG(s) 'example_dag_decorator' retrieved from /home/airflow/.local/lib/python3.12/site-packages/airflow/example_dags/example_dag_decorator.py
[2024-05-05T02:06:52.622+0000] {logging_mixin.py:188} INFO - [2024-05-05T02:06:52.621+0000] {dag.py:3096} INFO - Sync 1 DAGs
[2024-05-05T02:06:52.635+0000] {logging_mixin.py:188} INFO - [2024-05-05T02:06:52.635+0000] {dag.py:3954} INFO - Setting next_dagrun for example_dag_decorator to None, run_after=None
[2024-05-05T02:06:52.659+0000] {processor.py:183} INFO - Processing /home/airflow/.local/lib/python3.12/site-packages/airflow/example_dags/example_dag_decorator.py took 0.455 seconds
