[2024-05-05T01:30:36.741+0000] {processor.py:161} INFO - Started process (PID=79) to work on /home/airflow/.local/lib/python3.12/site-packages/airflow/example_dags/example_latest_only_with_trigger.py
[2024-05-05T01:30:36.743+0000] {processor.py:830} INFO - Processing file /home/airflow/.local/lib/python3.12/site-packages/airflow/example_dags/example_latest_only_with_trigger.py for tasks to queue
[2024-05-05T01:30:36.752+0000] {logging_mixin.py:188} INFO - [2024-05-05T01:30:36.752+0000] {dagbag.py:540} INFO - Filling up the DagBag from /home/airflow/.local/lib/python3.12/site-packages/airflow/example_dags/example_latest_only_with_trigger.py
[2024-05-05T01:30:36.762+0000] {processor.py:840} INFO - DAG(s) 'latest_only_with_trigger' retrieved from /home/airflow/.local/lib/python3.12/site-packages/airflow/example_dags/example_latest_only_with_trigger.py
[2024-05-05T01:30:36.921+0000] {logging_mixin.py:188} INFO - [2024-05-05T01:30:36.921+0000] {dag.py:3096} INFO - Sync 1 DAGs
[2024-05-05T01:30:36.948+0000] {logging_mixin.py:188} INFO - [2024-05-05T01:30:36.948+0000] {dag.py:3954} INFO - Setting next_dagrun for latest_only_with_trigger to 2024-05-04 20:00:00+00:00, run_after=2024-05-05 00:00:00+00:00
[2024-05-05T01:30:36.976+0000] {processor.py:183} INFO - Processing /home/airflow/.local/lib/python3.12/site-packages/airflow/example_dags/example_latest_only_with_trigger.py took 0.245 seconds
[2024-05-05T01:31:07.067+0000] {processor.py:161} INFO - Started process (PID=139) to work on /home/airflow/.local/lib/python3.12/site-packages/airflow/example_dags/example_latest_only_with_trigger.py
[2024-05-05T01:31:07.068+0000] {processor.py:830} INFO - Processing file /home/airflow/.local/lib/python3.12/site-packages/airflow/example_dags/example_latest_only_with_trigger.py for tasks to queue
[2024-05-05T01:31:07.071+0000] {logging_mixin.py:188} INFO - [2024-05-05T01:31:07.070+0000] {dagbag.py:540} INFO - Filling up the DagBag from /home/airflow/.local/lib/python3.12/site-packages/airflow/example_dags/example_latest_only_with_trigger.py
[2024-05-05T01:31:07.076+0000] {processor.py:840} INFO - DAG(s) 'latest_only_with_trigger' retrieved from /home/airflow/.local/lib/python3.12/site-packages/airflow/example_dags/example_latest_only_with_trigger.py
[2024-05-05T01:31:07.096+0000] {logging_mixin.py:188} INFO - [2024-05-05T01:31:07.095+0000] {dag.py:3096} INFO - Sync 1 DAGs
[2024-05-05T01:31:07.119+0000] {logging_mixin.py:188} INFO - [2024-05-05T01:31:07.118+0000] {dag.py:3954} INFO - Setting next_dagrun for latest_only_with_trigger to 2024-05-04 20:00:00+00:00, run_after=2024-05-05 00:00:00+00:00
[2024-05-05T01:31:07.138+0000] {processor.py:183} INFO - Processing /home/airflow/.local/lib/python3.12/site-packages/airflow/example_dags/example_latest_only_with_trigger.py took 0.077 seconds
[2024-05-05T01:31:37.609+0000] {processor.py:161} INFO - Started process (PID=205) to work on /home/airflow/.local/lib/python3.12/site-packages/airflow/example_dags/example_latest_only_with_trigger.py
[2024-05-05T01:31:37.610+0000] {processor.py:830} INFO - Processing file /home/airflow/.local/lib/python3.12/site-packages/airflow/example_dags/example_latest_only_with_trigger.py for tasks to queue
[2024-05-05T01:31:37.612+0000] {logging_mixin.py:188} INFO - [2024-05-05T01:31:37.612+0000] {dagbag.py:540} INFO - Filling up the DagBag from /home/airflow/.local/lib/python3.12/site-packages/airflow/example_dags/example_latest_only_with_trigger.py
[2024-05-05T01:31:37.622+0000] {processor.py:840} INFO - DAG(s) 'latest_only_with_trigger' retrieved from /home/airflow/.local/lib/python3.12/site-packages/airflow/example_dags/example_latest_only_with_trigger.py
[2024-05-05T01:31:37.646+0000] {logging_mixin.py:188} INFO - [2024-05-05T01:31:37.646+0000] {dag.py:3096} INFO - Sync 1 DAGs
[2024-05-05T01:31:37.680+0000] {logging_mixin.py:188} INFO - [2024-05-05T01:31:37.679+0000] {dag.py:3954} INFO - Setting next_dagrun for latest_only_with_trigger to 2024-05-04 20:00:00+00:00, run_after=2024-05-05 00:00:00+00:00
[2024-05-05T01:31:37.706+0000] {processor.py:183} INFO - Processing /home/airflow/.local/lib/python3.12/site-packages/airflow/example_dags/example_latest_only_with_trigger.py took 0.103 seconds
[2024-05-05T01:32:08.010+0000] {processor.py:161} INFO - Started process (PID=266) to work on /home/airflow/.local/lib/python3.12/site-packages/airflow/example_dags/example_latest_only_with_trigger.py
[2024-05-05T01:32:08.011+0000] {processor.py:830} INFO - Processing file /home/airflow/.local/lib/python3.12/site-packages/airflow/example_dags/example_latest_only_with_trigger.py for tasks to queue
[2024-05-05T01:32:08.014+0000] {logging_mixin.py:188} INFO - [2024-05-05T01:32:08.013+0000] {dagbag.py:540} INFO - Filling up the DagBag from /home/airflow/.local/lib/python3.12/site-packages/airflow/example_dags/example_latest_only_with_trigger.py
[2024-05-05T01:32:08.022+0000] {processor.py:840} INFO - DAG(s) 'latest_only_with_trigger' retrieved from /home/airflow/.local/lib/python3.12/site-packages/airflow/example_dags/example_latest_only_with_trigger.py
[2024-05-05T01:32:08.045+0000] {logging_mixin.py:188} INFO - [2024-05-05T01:32:08.045+0000] {dag.py:3096} INFO - Sync 1 DAGs
[2024-05-05T01:32:08.081+0000] {logging_mixin.py:188} INFO - [2024-05-05T01:32:08.081+0000] {dag.py:3954} INFO - Setting next_dagrun for latest_only_with_trigger to 2024-05-04 20:00:00+00:00, run_after=2024-05-05 00:00:00+00:00
[2024-05-05T01:32:08.109+0000] {processor.py:183} INFO - Processing /home/airflow/.local/lib/python3.12/site-packages/airflow/example_dags/example_latest_only_with_trigger.py took 0.105 seconds
[2024-05-05T01:32:38.488+0000] {processor.py:161} INFO - Started process (PID=326) to work on /home/airflow/.local/lib/python3.12/site-packages/airflow/example_dags/example_latest_only_with_trigger.py
[2024-05-05T01:32:38.489+0000] {processor.py:830} INFO - Processing file /home/airflow/.local/lib/python3.12/site-packages/airflow/example_dags/example_latest_only_with_trigger.py for tasks to queue
[2024-05-05T01:32:38.492+0000] {logging_mixin.py:188} INFO - [2024-05-05T01:32:38.491+0000] {dagbag.py:540} INFO - Filling up the DagBag from /home/airflow/.local/lib/python3.12/site-packages/airflow/example_dags/example_latest_only_with_trigger.py
[2024-05-05T01:32:38.498+0000] {processor.py:840} INFO - DAG(s) 'latest_only_with_trigger' retrieved from /home/airflow/.local/lib/python3.12/site-packages/airflow/example_dags/example_latest_only_with_trigger.py
[2024-05-05T01:32:38.524+0000] {logging_mixin.py:188} INFO - [2024-05-05T01:32:38.523+0000] {dag.py:3096} INFO - Sync 1 DAGs
[2024-05-05T01:32:38.556+0000] {logging_mixin.py:188} INFO - [2024-05-05T01:32:38.556+0000] {dag.py:3954} INFO - Setting next_dagrun for latest_only_with_trigger to 2024-05-04 20:00:00+00:00, run_after=2024-05-05 00:00:00+00:00
[2024-05-05T01:32:38.582+0000] {processor.py:183} INFO - Processing /home/airflow/.local/lib/python3.12/site-packages/airflow/example_dags/example_latest_only_with_trigger.py took 0.103 seconds
[2024-05-05T01:33:08.859+0000] {processor.py:161} INFO - Started process (PID=386) to work on /home/airflow/.local/lib/python3.12/site-packages/airflow/example_dags/example_latest_only_with_trigger.py
[2024-05-05T01:33:08.860+0000] {processor.py:830} INFO - Processing file /home/airflow/.local/lib/python3.12/site-packages/airflow/example_dags/example_latest_only_with_trigger.py for tasks to queue
[2024-05-05T01:33:08.863+0000] {logging_mixin.py:188} INFO - [2024-05-05T01:33:08.862+0000] {dagbag.py:540} INFO - Filling up the DagBag from /home/airflow/.local/lib/python3.12/site-packages/airflow/example_dags/example_latest_only_with_trigger.py
[2024-05-05T01:33:08.870+0000] {processor.py:840} INFO - DAG(s) 'latest_only_with_trigger' retrieved from /home/airflow/.local/lib/python3.12/site-packages/airflow/example_dags/example_latest_only_with_trigger.py
[2024-05-05T01:33:08.896+0000] {logging_mixin.py:188} INFO - [2024-05-05T01:33:08.896+0000] {dag.py:3096} INFO - Sync 1 DAGs
[2024-05-05T01:33:08.926+0000] {logging_mixin.py:188} INFO - [2024-05-05T01:33:08.925+0000] {dag.py:3954} INFO - Setting next_dagrun for latest_only_with_trigger to 2024-05-04 20:00:00+00:00, run_after=2024-05-05 00:00:00+00:00
[2024-05-05T01:33:08.953+0000] {processor.py:183} INFO - Processing /home/airflow/.local/lib/python3.12/site-packages/airflow/example_dags/example_latest_only_with_trigger.py took 0.102 seconds
[2024-05-05T01:33:39.825+0000] {processor.py:161} INFO - Started process (PID=446) to work on /home/airflow/.local/lib/python3.12/site-packages/airflow/example_dags/example_latest_only_with_trigger.py
[2024-05-05T01:33:39.826+0000] {processor.py:830} INFO - Processing file /home/airflow/.local/lib/python3.12/site-packages/airflow/example_dags/example_latest_only_with_trigger.py for tasks to queue
[2024-05-05T01:33:39.829+0000] {logging_mixin.py:188} INFO - [2024-05-05T01:33:39.828+0000] {dagbag.py:540} INFO - Filling up the DagBag from /home/airflow/.local/lib/python3.12/site-packages/airflow/example_dags/example_latest_only_with_trigger.py
[2024-05-05T01:33:39.834+0000] {processor.py:840} INFO - DAG(s) 'latest_only_with_trigger' retrieved from /home/airflow/.local/lib/python3.12/site-packages/airflow/example_dags/example_latest_only_with_trigger.py
[2024-05-05T01:33:39.854+0000] {logging_mixin.py:188} INFO - [2024-05-05T01:33:39.854+0000] {dag.py:3096} INFO - Sync 1 DAGs
[2024-05-05T01:33:39.875+0000] {logging_mixin.py:188} INFO - [2024-05-05T01:33:39.875+0000] {dag.py:3954} INFO - Setting next_dagrun for latest_only_with_trigger to 2024-05-04 20:00:00+00:00, run_after=2024-05-05 00:00:00+00:00
[2024-05-05T01:33:39.896+0000] {processor.py:183} INFO - Processing /home/airflow/.local/lib/python3.12/site-packages/airflow/example_dags/example_latest_only_with_trigger.py took 0.077 seconds
[2024-05-05T01:34:10.286+0000] {processor.py:161} INFO - Started process (PID=506) to work on /home/airflow/.local/lib/python3.12/site-packages/airflow/example_dags/example_latest_only_with_trigger.py
[2024-05-05T01:34:10.287+0000] {processor.py:830} INFO - Processing file /home/airflow/.local/lib/python3.12/site-packages/airflow/example_dags/example_latest_only_with_trigger.py for tasks to queue
[2024-05-05T01:34:10.289+0000] {logging_mixin.py:188} INFO - [2024-05-05T01:34:10.289+0000] {dagbag.py:540} INFO - Filling up the DagBag from /home/airflow/.local/lib/python3.12/site-packages/airflow/example_dags/example_latest_only_with_trigger.py
[2024-05-05T01:34:10.295+0000] {processor.py:840} INFO - DAG(s) 'latest_only_with_trigger' retrieved from /home/airflow/.local/lib/python3.12/site-packages/airflow/example_dags/example_latest_only_with_trigger.py
[2024-05-05T01:34:10.321+0000] {logging_mixin.py:188} INFO - [2024-05-05T01:34:10.320+0000] {dag.py:3096} INFO - Sync 1 DAGs
[2024-05-05T01:34:10.350+0000] {logging_mixin.py:188} INFO - [2024-05-05T01:34:10.349+0000] {dag.py:3954} INFO - Setting next_dagrun for latest_only_with_trigger to 2024-05-04 20:00:00+00:00, run_after=2024-05-05 00:00:00+00:00
[2024-05-05T01:34:10.370+0000] {processor.py:183} INFO - Processing /home/airflow/.local/lib/python3.12/site-packages/airflow/example_dags/example_latest_only_with_trigger.py took 0.090 seconds
[2024-05-05T01:34:40.583+0000] {processor.py:161} INFO - Started process (PID=566) to work on /home/airflow/.local/lib/python3.12/site-packages/airflow/example_dags/example_latest_only_with_trigger.py
[2024-05-05T01:34:40.584+0000] {processor.py:830} INFO - Processing file /home/airflow/.local/lib/python3.12/site-packages/airflow/example_dags/example_latest_only_with_trigger.py for tasks to queue
[2024-05-05T01:34:40.586+0000] {logging_mixin.py:188} INFO - [2024-05-05T01:34:40.586+0000] {dagbag.py:540} INFO - Filling up the DagBag from /home/airflow/.local/lib/python3.12/site-packages/airflow/example_dags/example_latest_only_with_trigger.py
[2024-05-05T01:34:40.592+0000] {processor.py:840} INFO - DAG(s) 'latest_only_with_trigger' retrieved from /home/airflow/.local/lib/python3.12/site-packages/airflow/example_dags/example_latest_only_with_trigger.py
[2024-05-05T01:34:40.616+0000] {logging_mixin.py:188} INFO - [2024-05-05T01:34:40.615+0000] {dag.py:3096} INFO - Sync 1 DAGs
[2024-05-05T01:34:40.643+0000] {logging_mixin.py:188} INFO - [2024-05-05T01:34:40.643+0000] {dag.py:3954} INFO - Setting next_dagrun for latest_only_with_trigger to 2024-05-04 20:00:00+00:00, run_after=2024-05-05 00:00:00+00:00
[2024-05-05T01:34:40.670+0000] {processor.py:183} INFO - Processing /home/airflow/.local/lib/python3.12/site-packages/airflow/example_dags/example_latest_only_with_trigger.py took 0.093 seconds
[2024-05-05T01:35:11.110+0000] {processor.py:161} INFO - Started process (PID=626) to work on /home/airflow/.local/lib/python3.12/site-packages/airflow/example_dags/example_latest_only_with_trigger.py
[2024-05-05T01:35:11.112+0000] {processor.py:830} INFO - Processing file /home/airflow/.local/lib/python3.12/site-packages/airflow/example_dags/example_latest_only_with_trigger.py for tasks to queue
[2024-05-05T01:35:11.114+0000] {logging_mixin.py:188} INFO - [2024-05-05T01:35:11.114+0000] {dagbag.py:540} INFO - Filling up the DagBag from /home/airflow/.local/lib/python3.12/site-packages/airflow/example_dags/example_latest_only_with_trigger.py
[2024-05-05T01:35:11.120+0000] {processor.py:840} INFO - DAG(s) 'latest_only_with_trigger' retrieved from /home/airflow/.local/lib/python3.12/site-packages/airflow/example_dags/example_latest_only_with_trigger.py
[2024-05-05T01:35:11.141+0000] {logging_mixin.py:188} INFO - [2024-05-05T01:35:11.141+0000] {dag.py:3096} INFO - Sync 1 DAGs
[2024-05-05T01:35:11.165+0000] {logging_mixin.py:188} INFO - [2024-05-05T01:35:11.165+0000] {dag.py:3954} INFO - Setting next_dagrun for latest_only_with_trigger to 2024-05-04 20:00:00+00:00, run_after=2024-05-05 00:00:00+00:00
[2024-05-05T01:35:11.196+0000] {processor.py:183} INFO - Processing /home/airflow/.local/lib/python3.12/site-packages/airflow/example_dags/example_latest_only_with_trigger.py took 0.094 seconds
[2024-05-05T01:35:41.808+0000] {processor.py:161} INFO - Started process (PID=686) to work on /home/airflow/.local/lib/python3.12/site-packages/airflow/example_dags/example_latest_only_with_trigger.py
[2024-05-05T01:35:41.810+0000] {processor.py:830} INFO - Processing file /home/airflow/.local/lib/python3.12/site-packages/airflow/example_dags/example_latest_only_with_trigger.py for tasks to queue
[2024-05-05T01:35:41.812+0000] {logging_mixin.py:188} INFO - [2024-05-05T01:35:41.812+0000] {dagbag.py:540} INFO - Filling up the DagBag from /home/airflow/.local/lib/python3.12/site-packages/airflow/example_dags/example_latest_only_with_trigger.py
[2024-05-05T01:35:41.820+0000] {processor.py:840} INFO - DAG(s) 'latest_only_with_trigger' retrieved from /home/airflow/.local/lib/python3.12/site-packages/airflow/example_dags/example_latest_only_with_trigger.py
[2024-05-05T01:35:41.853+0000] {logging_mixin.py:188} INFO - [2024-05-05T01:35:41.852+0000] {dag.py:3096} INFO - Sync 1 DAGs
[2024-05-05T01:35:41.882+0000] {logging_mixin.py:188} INFO - [2024-05-05T01:35:41.882+0000] {dag.py:3954} INFO - Setting next_dagrun for latest_only_with_trigger to 2024-05-04 20:00:00+00:00, run_after=2024-05-05 00:00:00+00:00
[2024-05-05T01:35:41.912+0000] {processor.py:183} INFO - Processing /home/airflow/.local/lib/python3.12/site-packages/airflow/example_dags/example_latest_only_with_trigger.py took 0.110 seconds
[2024-05-05T02:04:20.047+0000] {processor.py:161} INFO - Started process (PID=83) to work on /home/airflow/.local/lib/python3.12/site-packages/airflow/example_dags/example_latest_only_with_trigger.py
[2024-05-05T02:04:20.049+0000] {processor.py:830} INFO - Processing file /home/airflow/.local/lib/python3.12/site-packages/airflow/example_dags/example_latest_only_with_trigger.py for tasks to queue
[2024-05-05T02:04:20.051+0000] {logging_mixin.py:188} INFO - [2024-05-05T02:04:20.050+0000] {dagbag.py:540} INFO - Filling up the DagBag from /home/airflow/.local/lib/python3.12/site-packages/airflow/example_dags/example_latest_only_with_trigger.py
[2024-05-05T02:04:20.058+0000] {processor.py:840} INFO - DAG(s) 'latest_only_with_trigger' retrieved from /home/airflow/.local/lib/python3.12/site-packages/airflow/example_dags/example_latest_only_with_trigger.py
[2024-05-05T02:04:20.260+0000] {logging_mixin.py:188} INFO - [2024-05-05T02:04:20.259+0000] {dag.py:3096} INFO - Sync 1 DAGs
[2024-05-05T02:04:20.289+0000] {logging_mixin.py:188} INFO - [2024-05-05T02:04:20.289+0000] {dag.py:3954} INFO - Setting next_dagrun for latest_only_with_trigger to 2024-05-04 20:00:00+00:00, run_after=2024-05-05 00:00:00+00:00
[2024-05-05T02:04:20.322+0000] {processor.py:183} INFO - Processing /home/airflow/.local/lib/python3.12/site-packages/airflow/example_dags/example_latest_only_with_trigger.py took 0.284 seconds
[2024-05-05T02:04:50.500+0000] {processor.py:161} INFO - Started process (PID=143) to work on /home/airflow/.local/lib/python3.12/site-packages/airflow/example_dags/example_latest_only_with_trigger.py
[2024-05-05T02:04:50.503+0000] {processor.py:830} INFO - Processing file /home/airflow/.local/lib/python3.12/site-packages/airflow/example_dags/example_latest_only_with_trigger.py for tasks to queue
[2024-05-05T02:04:50.507+0000] {logging_mixin.py:188} INFO - [2024-05-05T02:04:50.506+0000] {dagbag.py:540} INFO - Filling up the DagBag from /home/airflow/.local/lib/python3.12/site-packages/airflow/example_dags/example_latest_only_with_trigger.py
[2024-05-05T02:04:50.516+0000] {processor.py:840} INFO - DAG(s) 'latest_only_with_trigger' retrieved from /home/airflow/.local/lib/python3.12/site-packages/airflow/example_dags/example_latest_only_with_trigger.py
[2024-05-05T02:04:50.540+0000] {logging_mixin.py:188} INFO - [2024-05-05T02:04:50.540+0000] {dag.py:3096} INFO - Sync 1 DAGs
[2024-05-05T02:04:50.571+0000] {logging_mixin.py:188} INFO - [2024-05-05T02:04:50.571+0000] {dag.py:3954} INFO - Setting next_dagrun for latest_only_with_trigger to 2024-05-04 20:00:00+00:00, run_after=2024-05-05 00:00:00+00:00
[2024-05-05T02:04:50.601+0000] {processor.py:183} INFO - Processing /home/airflow/.local/lib/python3.12/site-packages/airflow/example_dags/example_latest_only_with_trigger.py took 0.112 seconds
[2024-05-05T02:05:20.678+0000] {processor.py:161} INFO - Started process (PID=203) to work on /home/airflow/.local/lib/python3.12/site-packages/airflow/example_dags/example_latest_only_with_trigger.py
[2024-05-05T02:05:20.679+0000] {processor.py:830} INFO - Processing file /home/airflow/.local/lib/python3.12/site-packages/airflow/example_dags/example_latest_only_with_trigger.py for tasks to queue
[2024-05-05T02:05:20.681+0000] {logging_mixin.py:188} INFO - [2024-05-05T02:05:20.680+0000] {dagbag.py:540} INFO - Filling up the DagBag from /home/airflow/.local/lib/python3.12/site-packages/airflow/example_dags/example_latest_only_with_trigger.py
[2024-05-05T02:05:20.688+0000] {processor.py:840} INFO - DAG(s) 'latest_only_with_trigger' retrieved from /home/airflow/.local/lib/python3.12/site-packages/airflow/example_dags/example_latest_only_with_trigger.py
[2024-05-05T02:05:20.709+0000] {logging_mixin.py:188} INFO - [2024-05-05T02:05:20.709+0000] {dag.py:3096} INFO - Sync 1 DAGs
[2024-05-05T02:05:20.735+0000] {logging_mixin.py:188} INFO - [2024-05-05T02:05:20.734+0000] {dag.py:3954} INFO - Setting next_dagrun for latest_only_with_trigger to 2024-05-04 20:00:00+00:00, run_after=2024-05-05 00:00:00+00:00
[2024-05-05T02:05:20.756+0000] {processor.py:183} INFO - Processing /home/airflow/.local/lib/python3.12/site-packages/airflow/example_dags/example_latest_only_with_trigger.py took 0.085 seconds
[2024-05-05T02:05:51.094+0000] {processor.py:161} INFO - Started process (PID=263) to work on /home/airflow/.local/lib/python3.12/site-packages/airflow/example_dags/example_latest_only_with_trigger.py
[2024-05-05T02:05:51.096+0000] {processor.py:830} INFO - Processing file /home/airflow/.local/lib/python3.12/site-packages/airflow/example_dags/example_latest_only_with_trigger.py for tasks to queue
[2024-05-05T02:05:51.098+0000] {logging_mixin.py:188} INFO - [2024-05-05T02:05:51.097+0000] {dagbag.py:540} INFO - Filling up the DagBag from /home/airflow/.local/lib/python3.12/site-packages/airflow/example_dags/example_latest_only_with_trigger.py
[2024-05-05T02:05:51.104+0000] {processor.py:840} INFO - DAG(s) 'latest_only_with_trigger' retrieved from /home/airflow/.local/lib/python3.12/site-packages/airflow/example_dags/example_latest_only_with_trigger.py
[2024-05-05T02:05:51.127+0000] {logging_mixin.py:188} INFO - [2024-05-05T02:05:51.127+0000] {dag.py:3096} INFO - Sync 1 DAGs
[2024-05-05T02:05:51.153+0000] {logging_mixin.py:188} INFO - [2024-05-05T02:05:51.152+0000] {dag.py:3954} INFO - Setting next_dagrun for latest_only_with_trigger to 2024-05-04 20:00:00+00:00, run_after=2024-05-05 00:00:00+00:00
[2024-05-05T02:05:51.177+0000] {processor.py:183} INFO - Processing /home/airflow/.local/lib/python3.12/site-packages/airflow/example_dags/example_latest_only_with_trigger.py took 0.090 seconds
[2024-05-05T02:06:22.272+0000] {processor.py:161} INFO - Started process (PID=323) to work on /home/airflow/.local/lib/python3.12/site-packages/airflow/example_dags/example_latest_only_with_trigger.py
[2024-05-05T02:06:22.273+0000] {processor.py:830} INFO - Processing file /home/airflow/.local/lib/python3.12/site-packages/airflow/example_dags/example_latest_only_with_trigger.py for tasks to queue
[2024-05-05T02:06:22.275+0000] {logging_mixin.py:188} INFO - [2024-05-05T02:06:22.275+0000] {dagbag.py:540} INFO - Filling up the DagBag from /home/airflow/.local/lib/python3.12/site-packages/airflow/example_dags/example_latest_only_with_trigger.py
[2024-05-05T02:06:22.282+0000] {processor.py:840} INFO - DAG(s) 'latest_only_with_trigger' retrieved from /home/airflow/.local/lib/python3.12/site-packages/airflow/example_dags/example_latest_only_with_trigger.py
[2024-05-05T02:06:22.309+0000] {logging_mixin.py:188} INFO - [2024-05-05T02:06:22.309+0000] {dag.py:3096} INFO - Sync 1 DAGs
[2024-05-05T02:06:22.336+0000] {logging_mixin.py:188} INFO - [2024-05-05T02:06:22.336+0000] {dag.py:3954} INFO - Setting next_dagrun for latest_only_with_trigger to 2024-05-04 20:00:00+00:00, run_after=2024-05-05 00:00:00+00:00
[2024-05-05T02:06:22.361+0000] {processor.py:183} INFO - Processing /home/airflow/.local/lib/python3.12/site-packages/airflow/example_dags/example_latest_only_with_trigger.py took 0.097 seconds
[2024-05-05T02:06:53.000+0000] {processor.py:161} INFO - Started process (PID=383) to work on /home/airflow/.local/lib/python3.12/site-packages/airflow/example_dags/example_latest_only_with_trigger.py
[2024-05-05T02:06:53.001+0000] {processor.py:830} INFO - Processing file /home/airflow/.local/lib/python3.12/site-packages/airflow/example_dags/example_latest_only_with_trigger.py for tasks to queue
[2024-05-05T02:06:53.003+0000] {logging_mixin.py:188} INFO - [2024-05-05T02:06:53.003+0000] {dagbag.py:540} INFO - Filling up the DagBag from /home/airflow/.local/lib/python3.12/site-packages/airflow/example_dags/example_latest_only_with_trigger.py
[2024-05-05T02:06:53.010+0000] {processor.py:840} INFO - DAG(s) 'latest_only_with_trigger' retrieved from /home/airflow/.local/lib/python3.12/site-packages/airflow/example_dags/example_latest_only_with_trigger.py
[2024-05-05T02:06:53.032+0000] {logging_mixin.py:188} INFO - [2024-05-05T02:06:53.031+0000] {dag.py:3096} INFO - Sync 1 DAGs
[2024-05-05T02:06:53.059+0000] {logging_mixin.py:188} INFO - [2024-05-05T02:06:53.058+0000] {dag.py:3954} INFO - Setting next_dagrun for latest_only_with_trigger to 2024-05-04 20:00:00+00:00, run_after=2024-05-05 00:00:00+00:00
[2024-05-05T02:06:53.080+0000] {processor.py:183} INFO - Processing /home/airflow/.local/lib/python3.12/site-packages/airflow/example_dags/example_latest_only_with_trigger.py took 0.086 seconds
