[2024-05-05T01:30:34.920+0000] {processor.py:161} INFO - Started process (PID=67) to work on /home/airflow/.local/lib/python3.12/site-packages/airflow/example_dags/example_branch_python_dop_operator_3.py
[2024-05-05T01:30:34.922+0000] {processor.py:830} INFO - Processing file /home/airflow/.local/lib/python3.12/site-packages/airflow/example_dags/example_branch_python_dop_operator_3.py for tasks to queue
[2024-05-05T01:30:34.925+0000] {logging_mixin.py:188} INFO - [2024-05-05T01:30:34.924+0000] {dagbag.py:540} INFO - Filling up the DagBag from /home/airflow/.local/lib/python3.12/site-packages/airflow/example_dags/example_branch_python_dop_operator_3.py
[2024-05-05T01:30:34.937+0000] {processor.py:840} INFO - DAG(s) 'example_branch_dop_operator_v3' retrieved from /home/airflow/.local/lib/python3.12/site-packages/airflow/example_dags/example_branch_python_dop_operator_3.py
[2024-05-05T01:30:35.079+0000] {logging_mixin.py:188} INFO - [2024-05-05T01:30:35.078+0000] {dag.py:3096} INFO - Sync 1 DAGs
[2024-05-05T01:30:35.112+0000] {logging_mixin.py:188} INFO - [2024-05-05T01:30:35.111+0000] {dag.py:3954} INFO - Setting next_dagrun for example_branch_dop_operator_v3 to 2024-05-05 01:29:00+00:00, run_after=2024-05-05 01:30:00+00:00
[2024-05-05T01:30:35.139+0000] {processor.py:183} INFO - Processing /home/airflow/.local/lib/python3.12/site-packages/airflow/example_dags/example_branch_python_dop_operator_3.py took 0.224 seconds
[2024-05-05T01:31:06.072+0000] {processor.py:161} INFO - Started process (PID=127) to work on /home/airflow/.local/lib/python3.12/site-packages/airflow/example_dags/example_branch_python_dop_operator_3.py
[2024-05-05T01:31:06.073+0000] {processor.py:830} INFO - Processing file /home/airflow/.local/lib/python3.12/site-packages/airflow/example_dags/example_branch_python_dop_operator_3.py for tasks to queue
[2024-05-05T01:31:06.076+0000] {logging_mixin.py:188} INFO - [2024-05-05T01:31:06.075+0000] {dagbag.py:540} INFO - Filling up the DagBag from /home/airflow/.local/lib/python3.12/site-packages/airflow/example_dags/example_branch_python_dop_operator_3.py
[2024-05-05T01:31:06.087+0000] {processor.py:840} INFO - DAG(s) 'example_branch_dop_operator_v3' retrieved from /home/airflow/.local/lib/python3.12/site-packages/airflow/example_dags/example_branch_python_dop_operator_3.py
[2024-05-05T01:31:06.110+0000] {logging_mixin.py:188} INFO - [2024-05-05T01:31:06.109+0000] {dag.py:3096} INFO - Sync 1 DAGs
[2024-05-05T01:31:06.139+0000] {logging_mixin.py:188} INFO - [2024-05-05T01:31:06.139+0000] {dag.py:3954} INFO - Setting next_dagrun for example_branch_dop_operator_v3 to 2024-05-05 01:30:00+00:00, run_after=2024-05-05 01:31:00+00:00
[2024-05-05T01:31:06.164+0000] {processor.py:183} INFO - Processing /home/airflow/.local/lib/python3.12/site-packages/airflow/example_dags/example_branch_python_dop_operator_3.py took 0.100 seconds
[2024-05-05T01:31:36.537+0000] {processor.py:161} INFO - Started process (PID=187) to work on /home/airflow/.local/lib/python3.12/site-packages/airflow/example_dags/example_branch_python_dop_operator_3.py
[2024-05-05T01:31:36.540+0000] {processor.py:830} INFO - Processing file /home/airflow/.local/lib/python3.12/site-packages/airflow/example_dags/example_branch_python_dop_operator_3.py for tasks to queue
[2024-05-05T01:31:36.542+0000] {logging_mixin.py:188} INFO - [2024-05-05T01:31:36.542+0000] {dagbag.py:540} INFO - Filling up the DagBag from /home/airflow/.local/lib/python3.12/site-packages/airflow/example_dags/example_branch_python_dop_operator_3.py
[2024-05-05T01:31:36.553+0000] {processor.py:840} INFO - DAG(s) 'example_branch_dop_operator_v3' retrieved from /home/airflow/.local/lib/python3.12/site-packages/airflow/example_dags/example_branch_python_dop_operator_3.py
[2024-05-05T01:31:36.577+0000] {logging_mixin.py:188} INFO - [2024-05-05T01:31:36.577+0000] {dag.py:3096} INFO - Sync 1 DAGs
[2024-05-05T01:31:36.609+0000] {logging_mixin.py:188} INFO - [2024-05-05T01:31:36.609+0000] {dag.py:3954} INFO - Setting next_dagrun for example_branch_dop_operator_v3 to 2024-05-05 01:30:00+00:00, run_after=2024-05-05 01:31:00+00:00
[2024-05-05T01:31:36.640+0000] {processor.py:183} INFO - Processing /home/airflow/.local/lib/python3.12/site-packages/airflow/example_dags/example_branch_python_dop_operator_3.py took 0.112 seconds
[2024-05-05T01:32:06.886+0000] {processor.py:161} INFO - Started process (PID=247) to work on /home/airflow/.local/lib/python3.12/site-packages/airflow/example_dags/example_branch_python_dop_operator_3.py
[2024-05-05T01:32:06.888+0000] {processor.py:830} INFO - Processing file /home/airflow/.local/lib/python3.12/site-packages/airflow/example_dags/example_branch_python_dop_operator_3.py for tasks to queue
[2024-05-05T01:32:06.890+0000] {logging_mixin.py:188} INFO - [2024-05-05T01:32:06.889+0000] {dagbag.py:540} INFO - Filling up the DagBag from /home/airflow/.local/lib/python3.12/site-packages/airflow/example_dags/example_branch_python_dop_operator_3.py
[2024-05-05T01:32:06.900+0000] {processor.py:840} INFO - DAG(s) 'example_branch_dop_operator_v3' retrieved from /home/airflow/.local/lib/python3.12/site-packages/airflow/example_dags/example_branch_python_dop_operator_3.py
[2024-05-05T01:32:06.927+0000] {logging_mixin.py:188} INFO - [2024-05-05T01:32:06.926+0000] {dag.py:3096} INFO - Sync 1 DAGs
[2024-05-05T01:32:06.956+0000] {logging_mixin.py:188} INFO - [2024-05-05T01:32:06.956+0000] {dag.py:3954} INFO - Setting next_dagrun for example_branch_dop_operator_v3 to 2024-05-05 01:31:00+00:00, run_after=2024-05-05 01:32:00+00:00
[2024-05-05T01:32:06.982+0000] {processor.py:183} INFO - Processing /home/airflow/.local/lib/python3.12/site-packages/airflow/example_dags/example_branch_python_dop_operator_3.py took 0.104 seconds
[2024-05-05T01:32:37.265+0000] {processor.py:161} INFO - Started process (PID=308) to work on /home/airflow/.local/lib/python3.12/site-packages/airflow/example_dags/example_branch_python_dop_operator_3.py
[2024-05-05T01:32:37.267+0000] {processor.py:830} INFO - Processing file /home/airflow/.local/lib/python3.12/site-packages/airflow/example_dags/example_branch_python_dop_operator_3.py for tasks to queue
[2024-05-05T01:32:37.270+0000] {logging_mixin.py:188} INFO - [2024-05-05T01:32:37.269+0000] {dagbag.py:540} INFO - Filling up the DagBag from /home/airflow/.local/lib/python3.12/site-packages/airflow/example_dags/example_branch_python_dop_operator_3.py
[2024-05-05T01:32:37.307+0000] {processor.py:840} INFO - DAG(s) 'example_branch_dop_operator_v3' retrieved from /home/airflow/.local/lib/python3.12/site-packages/airflow/example_dags/example_branch_python_dop_operator_3.py
[2024-05-05T01:32:37.371+0000] {logging_mixin.py:188} INFO - [2024-05-05T01:32:37.370+0000] {dag.py:3096} INFO - Sync 1 DAGs
[2024-05-05T01:32:37.433+0000] {logging_mixin.py:188} INFO - [2024-05-05T01:32:37.433+0000] {dag.py:3954} INFO - Setting next_dagrun for example_branch_dop_operator_v3 to 2024-05-05 01:31:00+00:00, run_after=2024-05-05 01:32:00+00:00
[2024-05-05T01:32:37.459+0000] {processor.py:183} INFO - Processing /home/airflow/.local/lib/python3.12/site-packages/airflow/example_dags/example_branch_python_dop_operator_3.py took 0.211 seconds
[2024-05-05T01:33:07.743+0000] {processor.py:161} INFO - Started process (PID=374) to work on /home/airflow/.local/lib/python3.12/site-packages/airflow/example_dags/example_branch_python_dop_operator_3.py
[2024-05-05T01:33:07.745+0000] {processor.py:830} INFO - Processing file /home/airflow/.local/lib/python3.12/site-packages/airflow/example_dags/example_branch_python_dop_operator_3.py for tasks to queue
[2024-05-05T01:33:07.748+0000] {logging_mixin.py:188} INFO - [2024-05-05T01:33:07.747+0000] {dagbag.py:540} INFO - Filling up the DagBag from /home/airflow/.local/lib/python3.12/site-packages/airflow/example_dags/example_branch_python_dop_operator_3.py
[2024-05-05T01:33:07.757+0000] {processor.py:840} INFO - DAG(s) 'example_branch_dop_operator_v3' retrieved from /home/airflow/.local/lib/python3.12/site-packages/airflow/example_dags/example_branch_python_dop_operator_3.py
[2024-05-05T01:33:07.786+0000] {logging_mixin.py:188} INFO - [2024-05-05T01:33:07.786+0000] {dag.py:3096} INFO - Sync 1 DAGs
[2024-05-05T01:33:07.820+0000] {logging_mixin.py:188} INFO - [2024-05-05T01:33:07.819+0000] {dag.py:3954} INFO - Setting next_dagrun for example_branch_dop_operator_v3 to 2024-05-05 01:32:00+00:00, run_after=2024-05-05 01:33:00+00:00
[2024-05-05T01:33:07.845+0000] {processor.py:183} INFO - Processing /home/airflow/.local/lib/python3.12/site-packages/airflow/example_dags/example_branch_python_dop_operator_3.py took 0.110 seconds
[2024-05-05T01:33:37.880+0000] {processor.py:161} INFO - Started process (PID=434) to work on /home/airflow/.local/lib/python3.12/site-packages/airflow/example_dags/example_branch_python_dop_operator_3.py
[2024-05-05T01:33:37.881+0000] {processor.py:830} INFO - Processing file /home/airflow/.local/lib/python3.12/site-packages/airflow/example_dags/example_branch_python_dop_operator_3.py for tasks to queue
[2024-05-05T01:33:37.884+0000] {logging_mixin.py:188} INFO - [2024-05-05T01:33:37.883+0000] {dagbag.py:540} INFO - Filling up the DagBag from /home/airflow/.local/lib/python3.12/site-packages/airflow/example_dags/example_branch_python_dop_operator_3.py
[2024-05-05T01:33:37.895+0000] {processor.py:840} INFO - DAG(s) 'example_branch_dop_operator_v3' retrieved from /home/airflow/.local/lib/python3.12/site-packages/airflow/example_dags/example_branch_python_dop_operator_3.py
[2024-05-05T01:33:37.917+0000] {logging_mixin.py:188} INFO - [2024-05-05T01:33:37.916+0000] {dag.py:3096} INFO - Sync 1 DAGs
[2024-05-05T01:33:37.952+0000] {logging_mixin.py:188} INFO - [2024-05-05T01:33:37.952+0000] {dag.py:3954} INFO - Setting next_dagrun for example_branch_dop_operator_v3 to 2024-05-05 01:32:00+00:00, run_after=2024-05-05 01:33:00+00:00
[2024-05-05T01:33:37.980+0000] {processor.py:183} INFO - Processing /home/airflow/.local/lib/python3.12/site-packages/airflow/example_dags/example_branch_python_dop_operator_3.py took 0.107 seconds
[2024-05-05T01:34:08.307+0000] {processor.py:161} INFO - Started process (PID=494) to work on /home/airflow/.local/lib/python3.12/site-packages/airflow/example_dags/example_branch_python_dop_operator_3.py
[2024-05-05T01:34:08.309+0000] {processor.py:830} INFO - Processing file /home/airflow/.local/lib/python3.12/site-packages/airflow/example_dags/example_branch_python_dop_operator_3.py for tasks to queue
[2024-05-05T01:34:08.311+0000] {logging_mixin.py:188} INFO - [2024-05-05T01:34:08.311+0000] {dagbag.py:540} INFO - Filling up the DagBag from /home/airflow/.local/lib/python3.12/site-packages/airflow/example_dags/example_branch_python_dop_operator_3.py
[2024-05-05T01:34:08.321+0000] {processor.py:840} INFO - DAG(s) 'example_branch_dop_operator_v3' retrieved from /home/airflow/.local/lib/python3.12/site-packages/airflow/example_dags/example_branch_python_dop_operator_3.py
[2024-05-05T01:34:08.345+0000] {logging_mixin.py:188} INFO - [2024-05-05T01:34:08.345+0000] {dag.py:3096} INFO - Sync 1 DAGs
[2024-05-05T01:34:08.377+0000] {logging_mixin.py:188} INFO - [2024-05-05T01:34:08.376+0000] {dag.py:3954} INFO - Setting next_dagrun for example_branch_dop_operator_v3 to 2024-05-05 01:33:00+00:00, run_after=2024-05-05 01:34:00+00:00
[2024-05-05T01:34:08.406+0000] {processor.py:183} INFO - Processing /home/airflow/.local/lib/python3.12/site-packages/airflow/example_dags/example_branch_python_dop_operator_3.py took 0.106 seconds
[2024-05-05T01:34:38.498+0000] {processor.py:161} INFO - Started process (PID=554) to work on /home/airflow/.local/lib/python3.12/site-packages/airflow/example_dags/example_branch_python_dop_operator_3.py
[2024-05-05T01:34:38.499+0000] {processor.py:830} INFO - Processing file /home/airflow/.local/lib/python3.12/site-packages/airflow/example_dags/example_branch_python_dop_operator_3.py for tasks to queue
[2024-05-05T01:34:38.502+0000] {logging_mixin.py:188} INFO - [2024-05-05T01:34:38.502+0000] {dagbag.py:540} INFO - Filling up the DagBag from /home/airflow/.local/lib/python3.12/site-packages/airflow/example_dags/example_branch_python_dop_operator_3.py
[2024-05-05T01:34:38.513+0000] {processor.py:840} INFO - DAG(s) 'example_branch_dop_operator_v3' retrieved from /home/airflow/.local/lib/python3.12/site-packages/airflow/example_dags/example_branch_python_dop_operator_3.py
[2024-05-05T01:34:38.538+0000] {logging_mixin.py:188} INFO - [2024-05-05T01:34:38.537+0000] {dag.py:3096} INFO - Sync 1 DAGs
[2024-05-05T01:34:38.571+0000] {logging_mixin.py:188} INFO - [2024-05-05T01:34:38.570+0000] {dag.py:3954} INFO - Setting next_dagrun for example_branch_dop_operator_v3 to 2024-05-05 01:33:00+00:00, run_after=2024-05-05 01:34:00+00:00
[2024-05-05T01:34:38.593+0000] {processor.py:183} INFO - Processing /home/airflow/.local/lib/python3.12/site-packages/airflow/example_dags/example_branch_python_dop_operator_3.py took 0.101 seconds
[2024-05-05T01:35:09.194+0000] {processor.py:161} INFO - Started process (PID=614) to work on /home/airflow/.local/lib/python3.12/site-packages/airflow/example_dags/example_branch_python_dop_operator_3.py
[2024-05-05T01:35:09.195+0000] {processor.py:830} INFO - Processing file /home/airflow/.local/lib/python3.12/site-packages/airflow/example_dags/example_branch_python_dop_operator_3.py for tasks to queue
[2024-05-05T01:35:09.198+0000] {logging_mixin.py:188} INFO - [2024-05-05T01:35:09.198+0000] {dagbag.py:540} INFO - Filling up the DagBag from /home/airflow/.local/lib/python3.12/site-packages/airflow/example_dags/example_branch_python_dop_operator_3.py
[2024-05-05T01:35:09.208+0000] {processor.py:840} INFO - DAG(s) 'example_branch_dop_operator_v3' retrieved from /home/airflow/.local/lib/python3.12/site-packages/airflow/example_dags/example_branch_python_dop_operator_3.py
[2024-05-05T01:35:09.236+0000] {logging_mixin.py:188} INFO - [2024-05-05T01:35:09.235+0000] {dag.py:3096} INFO - Sync 1 DAGs
[2024-05-05T01:35:09.266+0000] {logging_mixin.py:188} INFO - [2024-05-05T01:35:09.265+0000] {dag.py:3954} INFO - Setting next_dagrun for example_branch_dop_operator_v3 to 2024-05-05 01:34:00+00:00, run_after=2024-05-05 01:35:00+00:00
[2024-05-05T01:35:09.297+0000] {processor.py:183} INFO - Processing /home/airflow/.local/lib/python3.12/site-packages/airflow/example_dags/example_branch_python_dop_operator_3.py took 0.110 seconds
[2024-05-05T01:35:39.708+0000] {processor.py:161} INFO - Started process (PID=674) to work on /home/airflow/.local/lib/python3.12/site-packages/airflow/example_dags/example_branch_python_dop_operator_3.py
[2024-05-05T01:35:39.710+0000] {processor.py:830} INFO - Processing file /home/airflow/.local/lib/python3.12/site-packages/airflow/example_dags/example_branch_python_dop_operator_3.py for tasks to queue
[2024-05-05T01:35:39.713+0000] {logging_mixin.py:188} INFO - [2024-05-05T01:35:39.712+0000] {dagbag.py:540} INFO - Filling up the DagBag from /home/airflow/.local/lib/python3.12/site-packages/airflow/example_dags/example_branch_python_dop_operator_3.py
[2024-05-05T01:35:39.721+0000] {processor.py:840} INFO - DAG(s) 'example_branch_dop_operator_v3' retrieved from /home/airflow/.local/lib/python3.12/site-packages/airflow/example_dags/example_branch_python_dop_operator_3.py
[2024-05-05T01:35:39.746+0000] {logging_mixin.py:188} INFO - [2024-05-05T01:35:39.746+0000] {dag.py:3096} INFO - Sync 1 DAGs
[2024-05-05T01:35:39.779+0000] {logging_mixin.py:188} INFO - [2024-05-05T01:35:39.779+0000] {dag.py:3954} INFO - Setting next_dagrun for example_branch_dop_operator_v3 to 2024-05-05 01:34:00+00:00, run_after=2024-05-05 01:35:00+00:00
[2024-05-05T01:35:39.803+0000] {processor.py:183} INFO - Processing /home/airflow/.local/lib/python3.12/site-packages/airflow/example_dags/example_branch_python_dop_operator_3.py took 0.102 seconds
[2024-05-05T02:04:17.901+0000] {processor.py:161} INFO - Started process (PID=65) to work on /home/airflow/.local/lib/python3.12/site-packages/airflow/example_dags/example_branch_python_dop_operator_3.py
[2024-05-05T02:04:17.902+0000] {processor.py:830} INFO - Processing file /home/airflow/.local/lib/python3.12/site-packages/airflow/example_dags/example_branch_python_dop_operator_3.py for tasks to queue
[2024-05-05T02:04:17.904+0000] {logging_mixin.py:188} INFO - [2024-05-05T02:04:17.904+0000] {dagbag.py:540} INFO - Filling up the DagBag from /home/airflow/.local/lib/python3.12/site-packages/airflow/example_dags/example_branch_python_dop_operator_3.py
[2024-05-05T02:04:17.914+0000] {processor.py:840} INFO - DAG(s) 'example_branch_dop_operator_v3' retrieved from /home/airflow/.local/lib/python3.12/site-packages/airflow/example_dags/example_branch_python_dop_operator_3.py
[2024-05-05T02:04:18.198+0000] {logging_mixin.py:188} INFO - [2024-05-05T02:04:18.198+0000] {dag.py:3096} INFO - Sync 1 DAGs
[2024-05-05T02:04:18.253+0000] {logging_mixin.py:188} INFO - [2024-05-05T02:04:18.253+0000] {dag.py:3954} INFO - Setting next_dagrun for example_branch_dop_operator_v3 to 2024-05-05 02:03:00+00:00, run_after=2024-05-05 02:04:00+00:00
[2024-05-05T02:04:18.283+0000] {processor.py:183} INFO - Processing /home/airflow/.local/lib/python3.12/site-packages/airflow/example_dags/example_branch_python_dop_operator_3.py took 0.388 seconds
[2024-05-05T02:04:48.594+0000] {processor.py:161} INFO - Started process (PID=131) to work on /home/airflow/.local/lib/python3.12/site-packages/airflow/example_dags/example_branch_python_dop_operator_3.py
[2024-05-05T02:04:48.596+0000] {processor.py:830} INFO - Processing file /home/airflow/.local/lib/python3.12/site-packages/airflow/example_dags/example_branch_python_dop_operator_3.py for tasks to queue
[2024-05-05T02:04:48.599+0000] {logging_mixin.py:188} INFO - [2024-05-05T02:04:48.598+0000] {dagbag.py:540} INFO - Filling up the DagBag from /home/airflow/.local/lib/python3.12/site-packages/airflow/example_dags/example_branch_python_dop_operator_3.py
[2024-05-05T02:04:48.609+0000] {processor.py:840} INFO - DAG(s) 'example_branch_dop_operator_v3' retrieved from /home/airflow/.local/lib/python3.12/site-packages/airflow/example_dags/example_branch_python_dop_operator_3.py
[2024-05-05T02:04:48.631+0000] {logging_mixin.py:188} INFO - [2024-05-05T02:04:48.631+0000] {dag.py:3096} INFO - Sync 1 DAGs
[2024-05-05T02:04:48.659+0000] {logging_mixin.py:188} INFO - [2024-05-05T02:04:48.659+0000] {dag.py:3954} INFO - Setting next_dagrun for example_branch_dop_operator_v3 to 2024-05-05 02:03:00+00:00, run_after=2024-05-05 02:04:00+00:00
[2024-05-05T02:04:48.682+0000] {processor.py:183} INFO - Processing /home/airflow/.local/lib/python3.12/site-packages/airflow/example_dags/example_branch_python_dop_operator_3.py took 0.094 seconds
[2024-05-05T02:05:18.921+0000] {processor.py:161} INFO - Started process (PID=191) to work on /home/airflow/.local/lib/python3.12/site-packages/airflow/example_dags/example_branch_python_dop_operator_3.py
[2024-05-05T02:05:18.922+0000] {processor.py:830} INFO - Processing file /home/airflow/.local/lib/python3.12/site-packages/airflow/example_dags/example_branch_python_dop_operator_3.py for tasks to queue
[2024-05-05T02:05:18.924+0000] {logging_mixin.py:188} INFO - [2024-05-05T02:05:18.924+0000] {dagbag.py:540} INFO - Filling up the DagBag from /home/airflow/.local/lib/python3.12/site-packages/airflow/example_dags/example_branch_python_dop_operator_3.py
[2024-05-05T02:05:18.933+0000] {processor.py:840} INFO - DAG(s) 'example_branch_dop_operator_v3' retrieved from /home/airflow/.local/lib/python3.12/site-packages/airflow/example_dags/example_branch_python_dop_operator_3.py
[2024-05-05T02:05:18.954+0000] {logging_mixin.py:188} INFO - [2024-05-05T02:05:18.954+0000] {dag.py:3096} INFO - Sync 1 DAGs
[2024-05-05T02:05:18.988+0000] {logging_mixin.py:188} INFO - [2024-05-05T02:05:18.987+0000] {dag.py:3954} INFO - Setting next_dagrun for example_branch_dop_operator_v3 to 2024-05-05 02:04:00+00:00, run_after=2024-05-05 02:05:00+00:00
[2024-05-05T02:05:19.014+0000] {processor.py:183} INFO - Processing /home/airflow/.local/lib/python3.12/site-packages/airflow/example_dags/example_branch_python_dop_operator_3.py took 0.100 seconds
[2024-05-05T02:05:49.327+0000] {processor.py:161} INFO - Started process (PID=251) to work on /home/airflow/.local/lib/python3.12/site-packages/airflow/example_dags/example_branch_python_dop_operator_3.py
[2024-05-05T02:05:49.328+0000] {processor.py:830} INFO - Processing file /home/airflow/.local/lib/python3.12/site-packages/airflow/example_dags/example_branch_python_dop_operator_3.py for tasks to queue
[2024-05-05T02:05:49.331+0000] {logging_mixin.py:188} INFO - [2024-05-05T02:05:49.331+0000] {dagbag.py:540} INFO - Filling up the DagBag from /home/airflow/.local/lib/python3.12/site-packages/airflow/example_dags/example_branch_python_dop_operator_3.py
[2024-05-05T02:05:49.342+0000] {processor.py:840} INFO - DAG(s) 'example_branch_dop_operator_v3' retrieved from /home/airflow/.local/lib/python3.12/site-packages/airflow/example_dags/example_branch_python_dop_operator_3.py
[2024-05-05T02:05:49.368+0000] {logging_mixin.py:188} INFO - [2024-05-05T02:05:49.368+0000] {dag.py:3096} INFO - Sync 1 DAGs
[2024-05-05T02:05:49.399+0000] {logging_mixin.py:188} INFO - [2024-05-05T02:05:49.399+0000] {dag.py:3954} INFO - Setting next_dagrun for example_branch_dop_operator_v3 to 2024-05-05 02:04:00+00:00, run_after=2024-05-05 02:05:00+00:00
[2024-05-05T02:05:49.425+0000] {processor.py:183} INFO - Processing /home/airflow/.local/lib/python3.12/site-packages/airflow/example_dags/example_branch_python_dop_operator_3.py took 0.105 seconds
[2024-05-05T02:06:20.252+0000] {processor.py:161} INFO - Started process (PID=311) to work on /home/airflow/.local/lib/python3.12/site-packages/airflow/example_dags/example_branch_python_dop_operator_3.py
[2024-05-05T02:06:20.253+0000] {processor.py:830} INFO - Processing file /home/airflow/.local/lib/python3.12/site-packages/airflow/example_dags/example_branch_python_dop_operator_3.py for tasks to queue
[2024-05-05T02:06:20.256+0000] {logging_mixin.py:188} INFO - [2024-05-05T02:06:20.255+0000] {dagbag.py:540} INFO - Filling up the DagBag from /home/airflow/.local/lib/python3.12/site-packages/airflow/example_dags/example_branch_python_dop_operator_3.py
[2024-05-05T02:06:20.266+0000] {processor.py:840} INFO - DAG(s) 'example_branch_dop_operator_v3' retrieved from /home/airflow/.local/lib/python3.12/site-packages/airflow/example_dags/example_branch_python_dop_operator_3.py
[2024-05-05T02:06:20.294+0000] {logging_mixin.py:188} INFO - [2024-05-05T02:06:20.294+0000] {dag.py:3096} INFO - Sync 1 DAGs
[2024-05-05T02:06:20.338+0000] {logging_mixin.py:188} INFO - [2024-05-05T02:06:20.338+0000] {dag.py:3954} INFO - Setting next_dagrun for example_branch_dop_operator_v3 to 2024-05-05 02:05:00+00:00, run_after=2024-05-05 02:06:00+00:00
[2024-05-05T02:06:20.369+0000] {processor.py:183} INFO - Processing /home/airflow/.local/lib/python3.12/site-packages/airflow/example_dags/example_branch_python_dop_operator_3.py took 0.123 seconds
[2024-05-05T02:06:51.194+0000] {processor.py:161} INFO - Started process (PID=371) to work on /home/airflow/.local/lib/python3.12/site-packages/airflow/example_dags/example_branch_python_dop_operator_3.py
[2024-05-05T02:06:51.196+0000] {processor.py:830} INFO - Processing file /home/airflow/.local/lib/python3.12/site-packages/airflow/example_dags/example_branch_python_dop_operator_3.py for tasks to queue
[2024-05-05T02:06:51.199+0000] {logging_mixin.py:188} INFO - [2024-05-05T02:06:51.199+0000] {dagbag.py:540} INFO - Filling up the DagBag from /home/airflow/.local/lib/python3.12/site-packages/airflow/example_dags/example_branch_python_dop_operator_3.py
[2024-05-05T02:06:51.209+0000] {processor.py:840} INFO - DAG(s) 'example_branch_dop_operator_v3' retrieved from /home/airflow/.local/lib/python3.12/site-packages/airflow/example_dags/example_branch_python_dop_operator_3.py
[2024-05-05T02:06:51.231+0000] {logging_mixin.py:188} INFO - [2024-05-05T02:06:51.230+0000] {dag.py:3096} INFO - Sync 1 DAGs
[2024-05-05T02:06:51.269+0000] {logging_mixin.py:188} INFO - [2024-05-05T02:06:51.269+0000] {dag.py:3954} INFO - Setting next_dagrun for example_branch_dop_operator_v3 to 2024-05-05 02:05:00+00:00, run_after=2024-05-05 02:06:00+00:00
[2024-05-05T02:06:51.295+0000] {processor.py:183} INFO - Processing /home/airflow/.local/lib/python3.12/site-packages/airflow/example_dags/example_branch_python_dop_operator_3.py took 0.109 seconds
