[2024-05-05T01:30:32.466+0000] {processor.py:161} INFO - Started process (PID=52) to work on /home/airflow/.local/lib/python3.12/site-packages/airflow/example_dags/example_datasets.py
[2024-05-05T01:30:32.468+0000] {processor.py:830} INFO - Processing file /home/airflow/.local/lib/python3.12/site-packages/airflow/example_dags/example_datasets.py for tasks to queue
[2024-05-05T01:30:32.470+0000] {logging_mixin.py:188} INFO - [2024-05-05T01:30:32.469+0000] {dagbag.py:540} INFO - Filling up the DagBag from /home/airflow/.local/lib/python3.12/site-packages/airflow/example_dags/example_datasets.py
[2024-05-05T01:30:32.491+0000] {processor.py:840} INFO - DAG(s) 'conditional_dataset_and_time_based_timetable', 'dataset_consumes_1_never_scheduled', 'dataset_produces_2', 'dataset_consumes_1', 'consume_1_or_both_2_and_3_with_dataset_expressions', 'dataset_produces_1', 'consume_1_and_2_with_dataset_expressions', 'consume_1_or_2_with_dataset_expressions', 'dataset_consumes_1_and_2', 'dataset_consumes_unknown_never_scheduled' retrieved from /home/airflow/.local/lib/python3.12/site-packages/airflow/example_dags/example_datasets.py
[2024-05-05T01:30:32.840+0000] {logging_mixin.py:188} INFO - [2024-05-05T01:30:32.839+0000] {dag.py:3096} INFO - Sync 10 DAGs
[2024-05-05T01:30:32.874+0000] {logging_mixin.py:188} INFO - [2024-05-05T01:30:32.874+0000] {dag.py:3954} INFO - Setting next_dagrun for conditional_dataset_and_time_based_timetable to 2024-05-01 01:00:00+00:00, run_after=2024-05-01 01:00:00+00:00
[2024-05-05T01:30:32.881+0000] {logging_mixin.py:188} INFO - [2024-05-05T01:30:32.880+0000] {dag.py:3954} INFO - Setting next_dagrun for consume_1_and_2_with_dataset_expressions to None, run_after=None
[2024-05-05T01:30:32.884+0000] {logging_mixin.py:188} INFO - [2024-05-05T01:30:32.883+0000] {dag.py:3954} INFO - Setting next_dagrun for consume_1_or_2_with_dataset_expressions to None, run_after=None
[2024-05-05T01:30:32.888+0000] {logging_mixin.py:188} INFO - [2024-05-05T01:30:32.887+0000] {dag.py:3954} INFO - Setting next_dagrun for consume_1_or_both_2_and_3_with_dataset_expressions to None, run_after=None
[2024-05-05T01:30:32.891+0000] {logging_mixin.py:188} INFO - [2024-05-05T01:30:32.891+0000] {dag.py:3954} INFO - Setting next_dagrun for dataset_consumes_1 to None, run_after=None
[2024-05-05T01:30:32.895+0000] {logging_mixin.py:188} INFO - [2024-05-05T01:30:32.895+0000] {dag.py:3954} INFO - Setting next_dagrun for dataset_consumes_1_and_2 to None, run_after=None
[2024-05-05T01:30:32.898+0000] {logging_mixin.py:188} INFO - [2024-05-05T01:30:32.897+0000] {dag.py:3954} INFO - Setting next_dagrun for dataset_consumes_1_never_scheduled to None, run_after=None
[2024-05-05T01:30:32.901+0000] {logging_mixin.py:188} INFO - [2024-05-05T01:30:32.900+0000] {dag.py:3954} INFO - Setting next_dagrun for dataset_consumes_unknown_never_scheduled to None, run_after=None
[2024-05-05T01:30:32.907+0000] {logging_mixin.py:188} INFO - [2024-05-05T01:30:32.906+0000] {dag.py:3954} INFO - Setting next_dagrun for dataset_produces_1 to 2024-05-04 00:00:00+00:00, run_after=2024-05-05 00:00:00+00:00
[2024-05-05T01:30:32.910+0000] {logging_mixin.py:188} INFO - [2024-05-05T01:30:32.910+0000] {dag.py:3954} INFO - Setting next_dagrun for dataset_produces_2 to None, run_after=None
[2024-05-05T01:30:32.963+0000] {processor.py:183} INFO - Processing /home/airflow/.local/lib/python3.12/site-packages/airflow/example_dags/example_datasets.py took 0.503 seconds
[2024-05-05T01:31:03.076+0000] {processor.py:161} INFO - Started process (PID=112) to work on /home/airflow/.local/lib/python3.12/site-packages/airflow/example_dags/example_datasets.py
[2024-05-05T01:31:03.077+0000] {processor.py:830} INFO - Processing file /home/airflow/.local/lib/python3.12/site-packages/airflow/example_dags/example_datasets.py for tasks to queue
[2024-05-05T01:31:03.079+0000] {logging_mixin.py:188} INFO - [2024-05-05T01:31:03.079+0000] {dagbag.py:540} INFO - Filling up the DagBag from /home/airflow/.local/lib/python3.12/site-packages/airflow/example_dags/example_datasets.py
[2024-05-05T01:31:03.092+0000] {processor.py:840} INFO - DAG(s) 'consume_1_and_2_with_dataset_expressions', 'dataset_produces_1', 'consume_1_or_both_2_and_3_with_dataset_expressions', 'dataset_consumes_1', 'dataset_produces_2', 'consume_1_or_2_with_dataset_expressions', 'dataset_consumes_1_and_2', 'dataset_consumes_1_never_scheduled', 'dataset_consumes_unknown_never_scheduled', 'conditional_dataset_and_time_based_timetable' retrieved from /home/airflow/.local/lib/python3.12/site-packages/airflow/example_dags/example_datasets.py
[2024-05-05T01:31:03.141+0000] {logging_mixin.py:188} INFO - [2024-05-05T01:31:03.141+0000] {dag.py:3096} INFO - Sync 10 DAGs
[2024-05-05T01:31:03.171+0000] {logging_mixin.py:188} INFO - [2024-05-05T01:31:03.171+0000] {dag.py:3954} INFO - Setting next_dagrun for conditional_dataset_and_time_based_timetable to 2024-05-01 01:00:00+00:00, run_after=2024-05-01 01:00:00+00:00
[2024-05-05T01:31:03.177+0000] {logging_mixin.py:188} INFO - [2024-05-05T01:31:03.177+0000] {dag.py:3954} INFO - Setting next_dagrun for consume_1_and_2_with_dataset_expressions to None, run_after=None
[2024-05-05T01:31:03.179+0000] {logging_mixin.py:188} INFO - [2024-05-05T01:31:03.179+0000] {dag.py:3954} INFO - Setting next_dagrun for consume_1_or_2_with_dataset_expressions to None, run_after=None
[2024-05-05T01:31:03.181+0000] {logging_mixin.py:188} INFO - [2024-05-05T01:31:03.181+0000] {dag.py:3954} INFO - Setting next_dagrun for consume_1_or_both_2_and_3_with_dataset_expressions to None, run_after=None
[2024-05-05T01:31:03.183+0000] {logging_mixin.py:188} INFO - [2024-05-05T01:31:03.182+0000] {dag.py:3954} INFO - Setting next_dagrun for dataset_consumes_1 to None, run_after=None
[2024-05-05T01:31:03.184+0000] {logging_mixin.py:188} INFO - [2024-05-05T01:31:03.184+0000] {dag.py:3954} INFO - Setting next_dagrun for dataset_consumes_1_and_2 to None, run_after=None
[2024-05-05T01:31:03.186+0000] {logging_mixin.py:188} INFO - [2024-05-05T01:31:03.186+0000] {dag.py:3954} INFO - Setting next_dagrun for dataset_consumes_1_never_scheduled to None, run_after=None
[2024-05-05T01:31:03.188+0000] {logging_mixin.py:188} INFO - [2024-05-05T01:31:03.188+0000] {dag.py:3954} INFO - Setting next_dagrun for dataset_consumes_unknown_never_scheduled to None, run_after=None
[2024-05-05T01:31:03.191+0000] {logging_mixin.py:188} INFO - [2024-05-05T01:31:03.191+0000] {dag.py:3954} INFO - Setting next_dagrun for dataset_produces_1 to 2024-05-04 00:00:00+00:00, run_after=2024-05-05 00:00:00+00:00
[2024-05-05T01:31:03.193+0000] {logging_mixin.py:188} INFO - [2024-05-05T01:31:03.193+0000] {dag.py:3954} INFO - Setting next_dagrun for dataset_produces_2 to None, run_after=None
[2024-05-05T01:31:03.235+0000] {processor.py:183} INFO - Processing /home/airflow/.local/lib/python3.12/site-packages/airflow/example_dags/example_datasets.py took 0.166 seconds
[2024-05-05T01:31:33.351+0000] {processor.py:161} INFO - Started process (PID=172) to work on /home/airflow/.local/lib/python3.12/site-packages/airflow/example_dags/example_datasets.py
[2024-05-05T01:31:33.353+0000] {processor.py:830} INFO - Processing file /home/airflow/.local/lib/python3.12/site-packages/airflow/example_dags/example_datasets.py for tasks to queue
[2024-05-05T01:31:33.355+0000] {logging_mixin.py:188} INFO - [2024-05-05T01:31:33.355+0000] {dagbag.py:540} INFO - Filling up the DagBag from /home/airflow/.local/lib/python3.12/site-packages/airflow/example_dags/example_datasets.py
[2024-05-05T01:31:33.375+0000] {processor.py:840} INFO - DAG(s) 'dataset_consumes_unknown_never_scheduled', 'consume_1_or_both_2_and_3_with_dataset_expressions', 'dataset_produces_2', 'dataset_produces_1', 'dataset_consumes_1_and_2', 'dataset_consumes_1_never_scheduled', 'consume_1_or_2_with_dataset_expressions', 'consume_1_and_2_with_dataset_expressions', 'dataset_consumes_1', 'conditional_dataset_and_time_based_timetable' retrieved from /home/airflow/.local/lib/python3.12/site-packages/airflow/example_dags/example_datasets.py
[2024-05-05T01:31:33.433+0000] {logging_mixin.py:188} INFO - [2024-05-05T01:31:33.433+0000] {dag.py:3096} INFO - Sync 10 DAGs
[2024-05-05T01:31:33.465+0000] {logging_mixin.py:188} INFO - [2024-05-05T01:31:33.464+0000] {dag.py:3954} INFO - Setting next_dagrun for conditional_dataset_and_time_based_timetable to 2024-05-01 01:00:00+00:00, run_after=2024-05-01 01:00:00+00:00
[2024-05-05T01:31:33.470+0000] {logging_mixin.py:188} INFO - [2024-05-05T01:31:33.470+0000] {dag.py:3954} INFO - Setting next_dagrun for consume_1_and_2_with_dataset_expressions to None, run_after=None
[2024-05-05T01:31:33.473+0000] {logging_mixin.py:188} INFO - [2024-05-05T01:31:33.472+0000] {dag.py:3954} INFO - Setting next_dagrun for consume_1_or_2_with_dataset_expressions to None, run_after=None
[2024-05-05T01:31:33.475+0000] {logging_mixin.py:188} INFO - [2024-05-05T01:31:33.475+0000] {dag.py:3954} INFO - Setting next_dagrun for consume_1_or_both_2_and_3_with_dataset_expressions to None, run_after=None
[2024-05-05T01:31:33.477+0000] {logging_mixin.py:188} INFO - [2024-05-05T01:31:33.476+0000] {dag.py:3954} INFO - Setting next_dagrun for dataset_consumes_1 to None, run_after=None
[2024-05-05T01:31:33.479+0000] {logging_mixin.py:188} INFO - [2024-05-05T01:31:33.479+0000] {dag.py:3954} INFO - Setting next_dagrun for dataset_consumes_1_and_2 to None, run_after=None
[2024-05-05T01:31:33.481+0000] {logging_mixin.py:188} INFO - [2024-05-05T01:31:33.481+0000] {dag.py:3954} INFO - Setting next_dagrun for dataset_consumes_1_never_scheduled to None, run_after=None
[2024-05-05T01:31:33.483+0000] {logging_mixin.py:188} INFO - [2024-05-05T01:31:33.483+0000] {dag.py:3954} INFO - Setting next_dagrun for dataset_consumes_unknown_never_scheduled to None, run_after=None
[2024-05-05T01:31:33.486+0000] {logging_mixin.py:188} INFO - [2024-05-05T01:31:33.486+0000] {dag.py:3954} INFO - Setting next_dagrun for dataset_produces_1 to 2024-05-04 00:00:00+00:00, run_after=2024-05-05 00:00:00+00:00
[2024-05-05T01:31:33.488+0000] {logging_mixin.py:188} INFO - [2024-05-05T01:31:33.488+0000] {dag.py:3954} INFO - Setting next_dagrun for dataset_produces_2 to None, run_after=None
[2024-05-05T01:31:33.532+0000] {processor.py:183} INFO - Processing /home/airflow/.local/lib/python3.12/site-packages/airflow/example_dags/example_datasets.py took 0.188 seconds
[2024-05-05T01:32:03.768+0000] {processor.py:161} INFO - Started process (PID=232) to work on /home/airflow/.local/lib/python3.12/site-packages/airflow/example_dags/example_datasets.py
[2024-05-05T01:32:03.769+0000] {processor.py:830} INFO - Processing file /home/airflow/.local/lib/python3.12/site-packages/airflow/example_dags/example_datasets.py for tasks to queue
[2024-05-05T01:32:03.771+0000] {logging_mixin.py:188} INFO - [2024-05-05T01:32:03.771+0000] {dagbag.py:540} INFO - Filling up the DagBag from /home/airflow/.local/lib/python3.12/site-packages/airflow/example_dags/example_datasets.py
[2024-05-05T01:32:03.786+0000] {processor.py:840} INFO - DAG(s) 'consume_1_or_both_2_and_3_with_dataset_expressions', 'consume_1_or_2_with_dataset_expressions', 'dataset_consumes_unknown_never_scheduled', 'dataset_consumes_1', 'dataset_consumes_1_never_scheduled', 'conditional_dataset_and_time_based_timetable', 'consume_1_and_2_with_dataset_expressions', 'dataset_produces_2', 'dataset_consumes_1_and_2', 'dataset_produces_1' retrieved from /home/airflow/.local/lib/python3.12/site-packages/airflow/example_dags/example_datasets.py
[2024-05-05T01:32:03.838+0000] {logging_mixin.py:188} INFO - [2024-05-05T01:32:03.838+0000] {dag.py:3096} INFO - Sync 10 DAGs
[2024-05-05T01:32:03.868+0000] {logging_mixin.py:188} INFO - [2024-05-05T01:32:03.868+0000] {dag.py:3954} INFO - Setting next_dagrun for conditional_dataset_and_time_based_timetable to 2024-05-01 01:00:00+00:00, run_after=2024-05-01 01:00:00+00:00
[2024-05-05T01:32:03.874+0000] {logging_mixin.py:188} INFO - [2024-05-05T01:32:03.873+0000] {dag.py:3954} INFO - Setting next_dagrun for consume_1_and_2_with_dataset_expressions to None, run_after=None
[2024-05-05T01:32:03.876+0000] {logging_mixin.py:188} INFO - [2024-05-05T01:32:03.875+0000] {dag.py:3954} INFO - Setting next_dagrun for consume_1_or_2_with_dataset_expressions to None, run_after=None
[2024-05-05T01:32:03.878+0000] {logging_mixin.py:188} INFO - [2024-05-05T01:32:03.877+0000] {dag.py:3954} INFO - Setting next_dagrun for consume_1_or_both_2_and_3_with_dataset_expressions to None, run_after=None
[2024-05-05T01:32:03.879+0000] {logging_mixin.py:188} INFO - [2024-05-05T01:32:03.879+0000] {dag.py:3954} INFO - Setting next_dagrun for dataset_consumes_1 to None, run_after=None
[2024-05-05T01:32:03.881+0000] {logging_mixin.py:188} INFO - [2024-05-05T01:32:03.881+0000] {dag.py:3954} INFO - Setting next_dagrun for dataset_consumes_1_and_2 to None, run_after=None
[2024-05-05T01:32:03.883+0000] {logging_mixin.py:188} INFO - [2024-05-05T01:32:03.883+0000] {dag.py:3954} INFO - Setting next_dagrun for dataset_consumes_1_never_scheduled to None, run_after=None
[2024-05-05T01:32:03.884+0000] {logging_mixin.py:188} INFO - [2024-05-05T01:32:03.884+0000] {dag.py:3954} INFO - Setting next_dagrun for dataset_consumes_unknown_never_scheduled to None, run_after=None
[2024-05-05T01:32:03.887+0000] {logging_mixin.py:188} INFO - [2024-05-05T01:32:03.887+0000] {dag.py:3954} INFO - Setting next_dagrun for dataset_produces_1 to 2024-05-04 00:00:00+00:00, run_after=2024-05-05 00:00:00+00:00
[2024-05-05T01:32:03.889+0000] {logging_mixin.py:188} INFO - [2024-05-05T01:32:03.889+0000] {dag.py:3954} INFO - Setting next_dagrun for dataset_produces_2 to None, run_after=None
[2024-05-05T01:32:03.934+0000] {processor.py:183} INFO - Processing /home/airflow/.local/lib/python3.12/site-packages/airflow/example_dags/example_datasets.py took 0.173 seconds
[2024-05-05T01:32:34.138+0000] {processor.py:161} INFO - Started process (PID=294) to work on /home/airflow/.local/lib/python3.12/site-packages/airflow/example_dags/example_datasets.py
[2024-05-05T01:32:34.140+0000] {processor.py:830} INFO - Processing file /home/airflow/.local/lib/python3.12/site-packages/airflow/example_dags/example_datasets.py for tasks to queue
[2024-05-05T01:32:34.142+0000] {logging_mixin.py:188} INFO - [2024-05-05T01:32:34.142+0000] {dagbag.py:540} INFO - Filling up the DagBag from /home/airflow/.local/lib/python3.12/site-packages/airflow/example_dags/example_datasets.py
[2024-05-05T01:32:34.157+0000] {processor.py:840} INFO - DAG(s) 'dataset_consumes_1', 'consume_1_and_2_with_dataset_expressions', 'dataset_consumes_1_and_2', 'consume_1_or_both_2_and_3_with_dataset_expressions', 'consume_1_or_2_with_dataset_expressions', 'conditional_dataset_and_time_based_timetable', 'dataset_produces_1', 'dataset_consumes_1_never_scheduled', 'dataset_consumes_unknown_never_scheduled', 'dataset_produces_2' retrieved from /home/airflow/.local/lib/python3.12/site-packages/airflow/example_dags/example_datasets.py
[2024-05-05T01:32:34.217+0000] {logging_mixin.py:188} INFO - [2024-05-05T01:32:34.217+0000] {dag.py:3096} INFO - Sync 10 DAGs
[2024-05-05T01:32:34.253+0000] {logging_mixin.py:188} INFO - [2024-05-05T01:32:34.252+0000] {dag.py:3954} INFO - Setting next_dagrun for conditional_dataset_and_time_based_timetable to 2024-05-01 01:00:00+00:00, run_after=2024-05-01 01:00:00+00:00
[2024-05-05T01:32:34.258+0000] {logging_mixin.py:188} INFO - [2024-05-05T01:32:34.258+0000] {dag.py:3954} INFO - Setting next_dagrun for consume_1_and_2_with_dataset_expressions to None, run_after=None
[2024-05-05T01:32:34.260+0000] {logging_mixin.py:188} INFO - [2024-05-05T01:32:34.260+0000] {dag.py:3954} INFO - Setting next_dagrun for consume_1_or_2_with_dataset_expressions to None, run_after=None
[2024-05-05T01:32:34.261+0000] {logging_mixin.py:188} INFO - [2024-05-05T01:32:34.261+0000] {dag.py:3954} INFO - Setting next_dagrun for consume_1_or_both_2_and_3_with_dataset_expressions to None, run_after=None
[2024-05-05T01:32:34.263+0000] {logging_mixin.py:188} INFO - [2024-05-05T01:32:34.263+0000] {dag.py:3954} INFO - Setting next_dagrun for dataset_consumes_1 to None, run_after=None
[2024-05-05T01:32:34.264+0000] {logging_mixin.py:188} INFO - [2024-05-05T01:32:34.264+0000] {dag.py:3954} INFO - Setting next_dagrun for dataset_consumes_1_and_2 to None, run_after=None
[2024-05-05T01:32:34.266+0000] {logging_mixin.py:188} INFO - [2024-05-05T01:32:34.266+0000] {dag.py:3954} INFO - Setting next_dagrun for dataset_consumes_1_never_scheduled to None, run_after=None
[2024-05-05T01:32:34.268+0000] {logging_mixin.py:188} INFO - [2024-05-05T01:32:34.268+0000] {dag.py:3954} INFO - Setting next_dagrun for dataset_consumes_unknown_never_scheduled to None, run_after=None
[2024-05-05T01:32:34.272+0000] {logging_mixin.py:188} INFO - [2024-05-05T01:32:34.272+0000] {dag.py:3954} INFO - Setting next_dagrun for dataset_produces_1 to 2024-05-04 00:00:00+00:00, run_after=2024-05-05 00:00:00+00:00
[2024-05-05T01:32:34.273+0000] {logging_mixin.py:188} INFO - [2024-05-05T01:32:34.273+0000] {dag.py:3954} INFO - Setting next_dagrun for dataset_produces_2 to None, run_after=None
[2024-05-05T01:32:34.315+0000] {processor.py:183} INFO - Processing /home/airflow/.local/lib/python3.12/site-packages/airflow/example_dags/example_datasets.py took 0.185 seconds
[2024-05-05T01:33:04.530+0000] {processor.py:161} INFO - Started process (PID=353) to work on /home/airflow/.local/lib/python3.12/site-packages/airflow/example_dags/example_datasets.py
[2024-05-05T01:33:04.531+0000] {processor.py:830} INFO - Processing file /home/airflow/.local/lib/python3.12/site-packages/airflow/example_dags/example_datasets.py for tasks to queue
[2024-05-05T01:33:04.533+0000] {logging_mixin.py:188} INFO - [2024-05-05T01:33:04.532+0000] {dagbag.py:540} INFO - Filling up the DagBag from /home/airflow/.local/lib/python3.12/site-packages/airflow/example_dags/example_datasets.py
[2024-05-05T01:33:04.551+0000] {processor.py:840} INFO - DAG(s) 'conditional_dataset_and_time_based_timetable', 'consume_1_and_2_with_dataset_expressions', 'dataset_consumes_1_and_2', 'dataset_produces_1', 'dataset_consumes_1', 'dataset_produces_2', 'dataset_consumes_unknown_never_scheduled', 'dataset_consumes_1_never_scheduled', 'consume_1_or_both_2_and_3_with_dataset_expressions', 'consume_1_or_2_with_dataset_expressions' retrieved from /home/airflow/.local/lib/python3.12/site-packages/airflow/example_dags/example_datasets.py
[2024-05-05T01:33:04.600+0000] {logging_mixin.py:188} INFO - [2024-05-05T01:33:04.600+0000] {dag.py:3096} INFO - Sync 10 DAGs
[2024-05-05T01:33:04.632+0000] {logging_mixin.py:188} INFO - [2024-05-05T01:33:04.631+0000] {dag.py:3954} INFO - Setting next_dagrun for conditional_dataset_and_time_based_timetable to 2024-05-01 01:00:00+00:00, run_after=2024-05-01 01:00:00+00:00
[2024-05-05T01:33:04.636+0000] {logging_mixin.py:188} INFO - [2024-05-05T01:33:04.636+0000] {dag.py:3954} INFO - Setting next_dagrun for consume_1_and_2_with_dataset_expressions to None, run_after=None
[2024-05-05T01:33:04.638+0000] {logging_mixin.py:188} INFO - [2024-05-05T01:33:04.638+0000] {dag.py:3954} INFO - Setting next_dagrun for consume_1_or_2_with_dataset_expressions to None, run_after=None
[2024-05-05T01:33:04.640+0000] {logging_mixin.py:188} INFO - [2024-05-05T01:33:04.639+0000] {dag.py:3954} INFO - Setting next_dagrun for consume_1_or_both_2_and_3_with_dataset_expressions to None, run_after=None
[2024-05-05T01:33:04.641+0000] {logging_mixin.py:188} INFO - [2024-05-05T01:33:04.641+0000] {dag.py:3954} INFO - Setting next_dagrun for dataset_consumes_1 to None, run_after=None
[2024-05-05T01:33:04.643+0000] {logging_mixin.py:188} INFO - [2024-05-05T01:33:04.642+0000] {dag.py:3954} INFO - Setting next_dagrun for dataset_consumes_1_and_2 to None, run_after=None
[2024-05-05T01:33:04.644+0000] {logging_mixin.py:188} INFO - [2024-05-05T01:33:04.644+0000] {dag.py:3954} INFO - Setting next_dagrun for dataset_consumes_1_never_scheduled to None, run_after=None
[2024-05-05T01:33:04.645+0000] {logging_mixin.py:188} INFO - [2024-05-05T01:33:04.645+0000] {dag.py:3954} INFO - Setting next_dagrun for dataset_consumes_unknown_never_scheduled to None, run_after=None
[2024-05-05T01:33:04.648+0000] {logging_mixin.py:188} INFO - [2024-05-05T01:33:04.647+0000] {dag.py:3954} INFO - Setting next_dagrun for dataset_produces_1 to 2024-05-04 00:00:00+00:00, run_after=2024-05-05 00:00:00+00:00
[2024-05-05T01:33:04.649+0000] {logging_mixin.py:188} INFO - [2024-05-05T01:33:04.649+0000] {dag.py:3954} INFO - Setting next_dagrun for dataset_produces_2 to None, run_after=None
[2024-05-05T01:33:04.688+0000] {processor.py:183} INFO - Processing /home/airflow/.local/lib/python3.12/site-packages/airflow/example_dags/example_datasets.py took 0.164 seconds
[2024-05-05T01:33:34.882+0000] {processor.py:161} INFO - Started process (PID=413) to work on /home/airflow/.local/lib/python3.12/site-packages/airflow/example_dags/example_datasets.py
[2024-05-05T01:33:34.883+0000] {processor.py:830} INFO - Processing file /home/airflow/.local/lib/python3.12/site-packages/airflow/example_dags/example_datasets.py for tasks to queue
[2024-05-05T01:33:34.885+0000] {logging_mixin.py:188} INFO - [2024-05-05T01:33:34.884+0000] {dagbag.py:540} INFO - Filling up the DagBag from /home/airflow/.local/lib/python3.12/site-packages/airflow/example_dags/example_datasets.py
[2024-05-05T01:33:34.901+0000] {processor.py:840} INFO - DAG(s) 'consume_1_or_both_2_and_3_with_dataset_expressions', 'conditional_dataset_and_time_based_timetable', 'consume_1_or_2_with_dataset_expressions', 'dataset_consumes_unknown_never_scheduled', 'dataset_consumes_1', 'dataset_produces_2', 'consume_1_and_2_with_dataset_expressions', 'dataset_produces_1', 'dataset_consumes_1_and_2', 'dataset_consumes_1_never_scheduled' retrieved from /home/airflow/.local/lib/python3.12/site-packages/airflow/example_dags/example_datasets.py
[2024-05-05T01:33:34.957+0000] {logging_mixin.py:188} INFO - [2024-05-05T01:33:34.957+0000] {dag.py:3096} INFO - Sync 10 DAGs
[2024-05-05T01:33:34.987+0000] {logging_mixin.py:188} INFO - [2024-05-05T01:33:34.986+0000] {dag.py:3954} INFO - Setting next_dagrun for conditional_dataset_and_time_based_timetable to 2024-05-01 01:00:00+00:00, run_after=2024-05-01 01:00:00+00:00
[2024-05-05T01:33:34.995+0000] {logging_mixin.py:188} INFO - [2024-05-05T01:33:34.995+0000] {dag.py:3954} INFO - Setting next_dagrun for consume_1_and_2_with_dataset_expressions to None, run_after=None
[2024-05-05T01:33:35.000+0000] {logging_mixin.py:188} INFO - [2024-05-05T01:33:35.000+0000] {dag.py:3954} INFO - Setting next_dagrun for consume_1_or_2_with_dataset_expressions to None, run_after=None
[2024-05-05T01:33:35.004+0000] {logging_mixin.py:188} INFO - [2024-05-05T01:33:35.004+0000] {dag.py:3954} INFO - Setting next_dagrun for consume_1_or_both_2_and_3_with_dataset_expressions to None, run_after=None
[2024-05-05T01:33:35.006+0000] {logging_mixin.py:188} INFO - [2024-05-05T01:33:35.006+0000] {dag.py:3954} INFO - Setting next_dagrun for dataset_consumes_1 to None, run_after=None
[2024-05-05T01:33:35.008+0000] {logging_mixin.py:188} INFO - [2024-05-05T01:33:35.008+0000] {dag.py:3954} INFO - Setting next_dagrun for dataset_consumes_1_and_2 to None, run_after=None
[2024-05-05T01:33:35.011+0000] {logging_mixin.py:188} INFO - [2024-05-05T01:33:35.010+0000] {dag.py:3954} INFO - Setting next_dagrun for dataset_consumes_1_never_scheduled to None, run_after=None
[2024-05-05T01:33:35.013+0000] {logging_mixin.py:188} INFO - [2024-05-05T01:33:35.012+0000] {dag.py:3954} INFO - Setting next_dagrun for dataset_consumes_unknown_never_scheduled to None, run_after=None
[2024-05-05T01:33:35.017+0000] {logging_mixin.py:188} INFO - [2024-05-05T01:33:35.016+0000] {dag.py:3954} INFO - Setting next_dagrun for dataset_produces_1 to 2024-05-04 00:00:00+00:00, run_after=2024-05-05 00:00:00+00:00
[2024-05-05T01:33:35.019+0000] {logging_mixin.py:188} INFO - [2024-05-05T01:33:35.019+0000] {dag.py:3954} INFO - Setting next_dagrun for dataset_produces_2 to None, run_after=None
[2024-05-05T01:33:35.061+0000] {processor.py:183} INFO - Processing /home/airflow/.local/lib/python3.12/site-packages/airflow/example_dags/example_datasets.py took 0.190 seconds
[2024-05-05T01:34:05.244+0000] {processor.py:161} INFO - Started process (PID=473) to work on /home/airflow/.local/lib/python3.12/site-packages/airflow/example_dags/example_datasets.py
[2024-05-05T01:34:05.246+0000] {processor.py:830} INFO - Processing file /home/airflow/.local/lib/python3.12/site-packages/airflow/example_dags/example_datasets.py for tasks to queue
[2024-05-05T01:34:05.249+0000] {logging_mixin.py:188} INFO - [2024-05-05T01:34:05.248+0000] {dagbag.py:540} INFO - Filling up the DagBag from /home/airflow/.local/lib/python3.12/site-packages/airflow/example_dags/example_datasets.py
[2024-05-05T01:34:05.264+0000] {processor.py:840} INFO - DAG(s) 'consume_1_or_2_with_dataset_expressions', 'consume_1_or_both_2_and_3_with_dataset_expressions', 'dataset_consumes_1_never_scheduled', 'conditional_dataset_and_time_based_timetable', 'dataset_consumes_1', 'dataset_consumes_1_and_2', 'dataset_produces_1', 'consume_1_and_2_with_dataset_expressions', 'dataset_consumes_unknown_never_scheduled', 'dataset_produces_2' retrieved from /home/airflow/.local/lib/python3.12/site-packages/airflow/example_dags/example_datasets.py
[2024-05-05T01:34:05.314+0000] {logging_mixin.py:188} INFO - [2024-05-05T01:34:05.313+0000] {dag.py:3096} INFO - Sync 10 DAGs
[2024-05-05T01:34:05.342+0000] {logging_mixin.py:188} INFO - [2024-05-05T01:34:05.342+0000] {dag.py:3954} INFO - Setting next_dagrun for conditional_dataset_and_time_based_timetable to 2024-05-01 01:00:00+00:00, run_after=2024-05-01 01:00:00+00:00
[2024-05-05T01:34:05.348+0000] {logging_mixin.py:188} INFO - [2024-05-05T01:34:05.348+0000] {dag.py:3954} INFO - Setting next_dagrun for consume_1_and_2_with_dataset_expressions to None, run_after=None
[2024-05-05T01:34:05.350+0000] {logging_mixin.py:188} INFO - [2024-05-05T01:34:05.350+0000] {dag.py:3954} INFO - Setting next_dagrun for consume_1_or_2_with_dataset_expressions to None, run_after=None
[2024-05-05T01:34:05.352+0000] {logging_mixin.py:188} INFO - [2024-05-05T01:34:05.352+0000] {dag.py:3954} INFO - Setting next_dagrun for consume_1_or_both_2_and_3_with_dataset_expressions to None, run_after=None
[2024-05-05T01:34:05.354+0000] {logging_mixin.py:188} INFO - [2024-05-05T01:34:05.354+0000] {dag.py:3954} INFO - Setting next_dagrun for dataset_consumes_1 to None, run_after=None
[2024-05-05T01:34:05.356+0000] {logging_mixin.py:188} INFO - [2024-05-05T01:34:05.355+0000] {dag.py:3954} INFO - Setting next_dagrun for dataset_consumes_1_and_2 to None, run_after=None
[2024-05-05T01:34:05.357+0000] {logging_mixin.py:188} INFO - [2024-05-05T01:34:05.357+0000] {dag.py:3954} INFO - Setting next_dagrun for dataset_consumes_1_never_scheduled to None, run_after=None
[2024-05-05T01:34:05.359+0000] {logging_mixin.py:188} INFO - [2024-05-05T01:34:05.359+0000] {dag.py:3954} INFO - Setting next_dagrun for dataset_consumes_unknown_never_scheduled to None, run_after=None
[2024-05-05T01:34:05.362+0000] {logging_mixin.py:188} INFO - [2024-05-05T01:34:05.362+0000] {dag.py:3954} INFO - Setting next_dagrun for dataset_produces_1 to 2024-05-04 00:00:00+00:00, run_after=2024-05-05 00:00:00+00:00
[2024-05-05T01:34:05.364+0000] {logging_mixin.py:188} INFO - [2024-05-05T01:34:05.363+0000] {dag.py:3954} INFO - Setting next_dagrun for dataset_produces_2 to None, run_after=None
[2024-05-05T01:34:05.406+0000] {processor.py:183} INFO - Processing /home/airflow/.local/lib/python3.12/site-packages/airflow/example_dags/example_datasets.py took 0.169 seconds
[2024-05-05T01:34:35.542+0000] {processor.py:161} INFO - Started process (PID=533) to work on /home/airflow/.local/lib/python3.12/site-packages/airflow/example_dags/example_datasets.py
[2024-05-05T01:34:35.544+0000] {processor.py:830} INFO - Processing file /home/airflow/.local/lib/python3.12/site-packages/airflow/example_dags/example_datasets.py for tasks to queue
[2024-05-05T01:34:35.546+0000] {logging_mixin.py:188} INFO - [2024-05-05T01:34:35.546+0000] {dagbag.py:540} INFO - Filling up the DagBag from /home/airflow/.local/lib/python3.12/site-packages/airflow/example_dags/example_datasets.py
[2024-05-05T01:34:35.563+0000] {processor.py:840} INFO - DAG(s) 'conditional_dataset_and_time_based_timetable', 'dataset_produces_2', 'consume_1_or_2_with_dataset_expressions', 'dataset_produces_1', 'consume_1_or_both_2_and_3_with_dataset_expressions', 'dataset_consumes_1', 'dataset_consumes_1_and_2', 'consume_1_and_2_with_dataset_expressions', 'dataset_consumes_unknown_never_scheduled', 'dataset_consumes_1_never_scheduled' retrieved from /home/airflow/.local/lib/python3.12/site-packages/airflow/example_dags/example_datasets.py
[2024-05-05T01:34:35.613+0000] {logging_mixin.py:188} INFO - [2024-05-05T01:34:35.613+0000] {dag.py:3096} INFO - Sync 10 DAGs
[2024-05-05T01:34:35.639+0000] {logging_mixin.py:188} INFO - [2024-05-05T01:34:35.639+0000] {dag.py:3954} INFO - Setting next_dagrun for conditional_dataset_and_time_based_timetable to 2024-05-01 01:00:00+00:00, run_after=2024-05-01 01:00:00+00:00
[2024-05-05T01:34:35.645+0000] {logging_mixin.py:188} INFO - [2024-05-05T01:34:35.645+0000] {dag.py:3954} INFO - Setting next_dagrun for consume_1_and_2_with_dataset_expressions to None, run_after=None
[2024-05-05T01:34:35.648+0000] {logging_mixin.py:188} INFO - [2024-05-05T01:34:35.647+0000] {dag.py:3954} INFO - Setting next_dagrun for consume_1_or_2_with_dataset_expressions to None, run_after=None
[2024-05-05T01:34:35.650+0000] {logging_mixin.py:188} INFO - [2024-05-05T01:34:35.650+0000] {dag.py:3954} INFO - Setting next_dagrun for consume_1_or_both_2_and_3_with_dataset_expressions to None, run_after=None
[2024-05-05T01:34:35.652+0000] {logging_mixin.py:188} INFO - [2024-05-05T01:34:35.652+0000] {dag.py:3954} INFO - Setting next_dagrun for dataset_consumes_1 to None, run_after=None
[2024-05-05T01:34:35.654+0000] {logging_mixin.py:188} INFO - [2024-05-05T01:34:35.654+0000] {dag.py:3954} INFO - Setting next_dagrun for dataset_consumes_1_and_2 to None, run_after=None
[2024-05-05T01:34:35.656+0000] {logging_mixin.py:188} INFO - [2024-05-05T01:34:35.656+0000] {dag.py:3954} INFO - Setting next_dagrun for dataset_consumes_1_never_scheduled to None, run_after=None
[2024-05-05T01:34:35.658+0000] {logging_mixin.py:188} INFO - [2024-05-05T01:34:35.658+0000] {dag.py:3954} INFO - Setting next_dagrun for dataset_consumes_unknown_never_scheduled to None, run_after=None
[2024-05-05T01:34:35.662+0000] {logging_mixin.py:188} INFO - [2024-05-05T01:34:35.662+0000] {dag.py:3954} INFO - Setting next_dagrun for dataset_produces_1 to 2024-05-04 00:00:00+00:00, run_after=2024-05-05 00:00:00+00:00
[2024-05-05T01:34:35.664+0000] {logging_mixin.py:188} INFO - [2024-05-05T01:34:35.664+0000] {dag.py:3954} INFO - Setting next_dagrun for dataset_produces_2 to None, run_after=None
[2024-05-05T01:34:35.702+0000] {processor.py:183} INFO - Processing /home/airflow/.local/lib/python3.12/site-packages/airflow/example_dags/example_datasets.py took 0.166 seconds
[2024-05-05T01:35:06.058+0000] {processor.py:161} INFO - Started process (PID=593) to work on /home/airflow/.local/lib/python3.12/site-packages/airflow/example_dags/example_datasets.py
[2024-05-05T01:35:06.060+0000] {processor.py:830} INFO - Processing file /home/airflow/.local/lib/python3.12/site-packages/airflow/example_dags/example_datasets.py for tasks to queue
[2024-05-05T01:35:06.062+0000] {logging_mixin.py:188} INFO - [2024-05-05T01:35:06.061+0000] {dagbag.py:540} INFO - Filling up the DagBag from /home/airflow/.local/lib/python3.12/site-packages/airflow/example_dags/example_datasets.py
[2024-05-05T01:35:06.082+0000] {processor.py:840} INFO - DAG(s) 'conditional_dataset_and_time_based_timetable', 'dataset_produces_2', 'dataset_produces_1', 'consume_1_and_2_with_dataset_expressions', 'consume_1_or_both_2_and_3_with_dataset_expressions', 'dataset_consumes_unknown_never_scheduled', 'dataset_consumes_1_never_scheduled', 'dataset_consumes_1', 'dataset_consumes_1_and_2', 'consume_1_or_2_with_dataset_expressions' retrieved from /home/airflow/.local/lib/python3.12/site-packages/airflow/example_dags/example_datasets.py
[2024-05-05T01:35:06.172+0000] {logging_mixin.py:188} INFO - [2024-05-05T01:35:06.172+0000] {dag.py:3096} INFO - Sync 10 DAGs
[2024-05-05T01:35:06.206+0000] {logging_mixin.py:188} INFO - [2024-05-05T01:35:06.206+0000] {dag.py:3954} INFO - Setting next_dagrun for conditional_dataset_and_time_based_timetable to 2024-05-01 01:00:00+00:00, run_after=2024-05-01 01:00:00+00:00
[2024-05-05T01:35:06.211+0000] {logging_mixin.py:188} INFO - [2024-05-05T01:35:06.211+0000] {dag.py:3954} INFO - Setting next_dagrun for consume_1_and_2_with_dataset_expressions to None, run_after=None
[2024-05-05T01:35:06.214+0000] {logging_mixin.py:188} INFO - [2024-05-05T01:35:06.213+0000] {dag.py:3954} INFO - Setting next_dagrun for consume_1_or_2_with_dataset_expressions to None, run_after=None
[2024-05-05T01:35:06.215+0000] {logging_mixin.py:188} INFO - [2024-05-05T01:35:06.215+0000] {dag.py:3954} INFO - Setting next_dagrun for consume_1_or_both_2_and_3_with_dataset_expressions to None, run_after=None
[2024-05-05T01:35:06.218+0000] {logging_mixin.py:188} INFO - [2024-05-05T01:35:06.217+0000] {dag.py:3954} INFO - Setting next_dagrun for dataset_consumes_1 to None, run_after=None
[2024-05-05T01:35:06.220+0000] {logging_mixin.py:188} INFO - [2024-05-05T01:35:06.220+0000] {dag.py:3954} INFO - Setting next_dagrun for dataset_consumes_1_and_2 to None, run_after=None
[2024-05-05T01:35:06.222+0000] {logging_mixin.py:188} INFO - [2024-05-05T01:35:06.222+0000] {dag.py:3954} INFO - Setting next_dagrun for dataset_consumes_1_never_scheduled to None, run_after=None
[2024-05-05T01:35:06.224+0000] {logging_mixin.py:188} INFO - [2024-05-05T01:35:06.224+0000] {dag.py:3954} INFO - Setting next_dagrun for dataset_consumes_unknown_never_scheduled to None, run_after=None
[2024-05-05T01:35:06.227+0000] {logging_mixin.py:188} INFO - [2024-05-05T01:35:06.227+0000] {dag.py:3954} INFO - Setting next_dagrun for dataset_produces_1 to 2024-05-04 00:00:00+00:00, run_after=2024-05-05 00:00:00+00:00
[2024-05-05T01:35:06.229+0000] {logging_mixin.py:188} INFO - [2024-05-05T01:35:06.228+0000] {dag.py:3954} INFO - Setting next_dagrun for dataset_produces_2 to None, run_after=None
[2024-05-05T01:35:06.277+0000] {processor.py:183} INFO - Processing /home/airflow/.local/lib/python3.12/site-packages/airflow/example_dags/example_datasets.py took 0.227 seconds
[2024-05-05T01:35:36.814+0000] {processor.py:161} INFO - Started process (PID=653) to work on /home/airflow/.local/lib/python3.12/site-packages/airflow/example_dags/example_datasets.py
[2024-05-05T01:35:36.816+0000] {processor.py:830} INFO - Processing file /home/airflow/.local/lib/python3.12/site-packages/airflow/example_dags/example_datasets.py for tasks to queue
[2024-05-05T01:35:36.818+0000] {logging_mixin.py:188} INFO - [2024-05-05T01:35:36.818+0000] {dagbag.py:540} INFO - Filling up the DagBag from /home/airflow/.local/lib/python3.12/site-packages/airflow/example_dags/example_datasets.py
[2024-05-05T01:35:36.835+0000] {processor.py:840} INFO - DAG(s) 'consume_1_or_both_2_and_3_with_dataset_expressions', 'dataset_consumes_1_and_2', 'consume_1_and_2_with_dataset_expressions', 'dataset_consumes_1_never_scheduled', 'dataset_produces_2', 'dataset_consumes_unknown_never_scheduled', 'dataset_produces_1', 'consume_1_or_2_with_dataset_expressions', 'conditional_dataset_and_time_based_timetable', 'dataset_consumes_1' retrieved from /home/airflow/.local/lib/python3.12/site-packages/airflow/example_dags/example_datasets.py
[2024-05-05T01:35:36.891+0000] {logging_mixin.py:188} INFO - [2024-05-05T01:35:36.890+0000] {dag.py:3096} INFO - Sync 10 DAGs
[2024-05-05T01:35:36.925+0000] {logging_mixin.py:188} INFO - [2024-05-05T01:35:36.925+0000] {dag.py:3954} INFO - Setting next_dagrun for conditional_dataset_and_time_based_timetable to 2024-05-01 01:00:00+00:00, run_after=2024-05-01 01:00:00+00:00
[2024-05-05T01:35:36.932+0000] {logging_mixin.py:188} INFO - [2024-05-05T01:35:36.931+0000] {dag.py:3954} INFO - Setting next_dagrun for consume_1_and_2_with_dataset_expressions to None, run_after=None
[2024-05-05T01:35:36.934+0000] {logging_mixin.py:188} INFO - [2024-05-05T01:35:36.934+0000] {dag.py:3954} INFO - Setting next_dagrun for consume_1_or_2_with_dataset_expressions to None, run_after=None
[2024-05-05T01:35:36.936+0000] {logging_mixin.py:188} INFO - [2024-05-05T01:35:36.936+0000] {dag.py:3954} INFO - Setting next_dagrun for consume_1_or_both_2_and_3_with_dataset_expressions to None, run_after=None
[2024-05-05T01:35:36.938+0000] {logging_mixin.py:188} INFO - [2024-05-05T01:35:36.938+0000] {dag.py:3954} INFO - Setting next_dagrun for dataset_consumes_1 to None, run_after=None
[2024-05-05T01:35:36.940+0000] {logging_mixin.py:188} INFO - [2024-05-05T01:35:36.939+0000] {dag.py:3954} INFO - Setting next_dagrun for dataset_consumes_1_and_2 to None, run_after=None
[2024-05-05T01:35:36.941+0000] {logging_mixin.py:188} INFO - [2024-05-05T01:35:36.941+0000] {dag.py:3954} INFO - Setting next_dagrun for dataset_consumes_1_never_scheduled to None, run_after=None
[2024-05-05T01:35:36.943+0000] {logging_mixin.py:188} INFO - [2024-05-05T01:35:36.943+0000] {dag.py:3954} INFO - Setting next_dagrun for dataset_consumes_unknown_never_scheduled to None, run_after=None
[2024-05-05T01:35:36.947+0000] {logging_mixin.py:188} INFO - [2024-05-05T01:35:36.947+0000] {dag.py:3954} INFO - Setting next_dagrun for dataset_produces_1 to 2024-05-04 00:00:00+00:00, run_after=2024-05-05 00:00:00+00:00
[2024-05-05T01:35:36.949+0000] {logging_mixin.py:188} INFO - [2024-05-05T01:35:36.949+0000] {dag.py:3954} INFO - Setting next_dagrun for dataset_produces_2 to None, run_after=None
[2024-05-05T01:35:37.000+0000] {processor.py:183} INFO - Processing /home/airflow/.local/lib/python3.12/site-packages/airflow/example_dags/example_datasets.py took 0.192 seconds
[2024-05-05T02:04:15.389+0000] {processor.py:161} INFO - Started process (PID=50) to work on /home/airflow/.local/lib/python3.12/site-packages/airflow/example_dags/example_datasets.py
[2024-05-05T02:04:15.391+0000] {processor.py:830} INFO - Processing file /home/airflow/.local/lib/python3.12/site-packages/airflow/example_dags/example_datasets.py for tasks to queue
[2024-05-05T02:04:15.394+0000] {logging_mixin.py:188} INFO - [2024-05-05T02:04:15.393+0000] {dagbag.py:540} INFO - Filling up the DagBag from /home/airflow/.local/lib/python3.12/site-packages/airflow/example_dags/example_datasets.py
[2024-05-05T02:04:15.428+0000] {processor.py:840} INFO - DAG(s) 'dataset_consumes_1_and_2', 'dataset_produces_2', 'consume_1_or_both_2_and_3_with_dataset_expressions', 'consume_1_or_2_with_dataset_expressions', 'consume_1_and_2_with_dataset_expressions', 'dataset_consumes_unknown_never_scheduled', 'dataset_consumes_1', 'dataset_consumes_1_never_scheduled', 'conditional_dataset_and_time_based_timetable', 'dataset_produces_1' retrieved from /home/airflow/.local/lib/python3.12/site-packages/airflow/example_dags/example_datasets.py
[2024-05-05T02:04:15.719+0000] {logging_mixin.py:188} INFO - [2024-05-05T02:04:15.719+0000] {dag.py:3096} INFO - Sync 10 DAGs
[2024-05-05T02:04:15.747+0000] {logging_mixin.py:188} INFO - [2024-05-05T02:04:15.746+0000] {dag.py:3954} INFO - Setting next_dagrun for conditional_dataset_and_time_based_timetable to 2024-05-01 01:00:00+00:00, run_after=2024-05-01 01:00:00+00:00
[2024-05-05T02:04:15.752+0000] {logging_mixin.py:188} INFO - [2024-05-05T02:04:15.751+0000] {dag.py:3954} INFO - Setting next_dagrun for consume_1_and_2_with_dataset_expressions to None, run_after=None
[2024-05-05T02:04:15.755+0000] {logging_mixin.py:188} INFO - [2024-05-05T02:04:15.754+0000] {dag.py:3954} INFO - Setting next_dagrun for consume_1_or_2_with_dataset_expressions to None, run_after=None
[2024-05-05T02:04:15.757+0000] {logging_mixin.py:188} INFO - [2024-05-05T02:04:15.757+0000] {dag.py:3954} INFO - Setting next_dagrun for consume_1_or_both_2_and_3_with_dataset_expressions to None, run_after=None
[2024-05-05T02:04:15.760+0000] {logging_mixin.py:188} INFO - [2024-05-05T02:04:15.760+0000] {dag.py:3954} INFO - Setting next_dagrun for dataset_consumes_1 to None, run_after=None
[2024-05-05T02:04:15.764+0000] {logging_mixin.py:188} INFO - [2024-05-05T02:04:15.764+0000] {dag.py:3954} INFO - Setting next_dagrun for dataset_consumes_1_and_2 to None, run_after=None
[2024-05-05T02:04:15.767+0000] {logging_mixin.py:188} INFO - [2024-05-05T02:04:15.766+0000] {dag.py:3954} INFO - Setting next_dagrun for dataset_consumes_1_never_scheduled to None, run_after=None
[2024-05-05T02:04:15.771+0000] {logging_mixin.py:188} INFO - [2024-05-05T02:04:15.770+0000] {dag.py:3954} INFO - Setting next_dagrun for dataset_consumes_unknown_never_scheduled to None, run_after=None
[2024-05-05T02:04:15.775+0000] {logging_mixin.py:188} INFO - [2024-05-05T02:04:15.775+0000] {dag.py:3954} INFO - Setting next_dagrun for dataset_produces_1 to 2024-05-04 00:00:00+00:00, run_after=2024-05-05 00:00:00+00:00
[2024-05-05T02:04:15.779+0000] {logging_mixin.py:188} INFO - [2024-05-05T02:04:15.779+0000] {dag.py:3954} INFO - Setting next_dagrun for dataset_produces_2 to None, run_after=None
[2024-05-05T02:04:15.887+0000] {processor.py:183} INFO - Processing /home/airflow/.local/lib/python3.12/site-packages/airflow/example_dags/example_datasets.py took 0.509 seconds
[2024-05-05T02:04:46.321+0000] {processor.py:161} INFO - Started process (PID=110) to work on /home/airflow/.local/lib/python3.12/site-packages/airflow/example_dags/example_datasets.py
[2024-05-05T02:04:46.322+0000] {processor.py:830} INFO - Processing file /home/airflow/.local/lib/python3.12/site-packages/airflow/example_dags/example_datasets.py for tasks to queue
[2024-05-05T02:04:46.325+0000] {logging_mixin.py:188} INFO - [2024-05-05T02:04:46.325+0000] {dagbag.py:540} INFO - Filling up the DagBag from /home/airflow/.local/lib/python3.12/site-packages/airflow/example_dags/example_datasets.py
[2024-05-05T02:04:46.347+0000] {processor.py:840} INFO - DAG(s) 'dataset_consumes_unknown_never_scheduled', 'dataset_consumes_1_and_2', 'dataset_produces_1', 'consume_1_and_2_with_dataset_expressions', 'dataset_produces_2', 'consume_1_or_2_with_dataset_expressions', 'conditional_dataset_and_time_based_timetable', 'dataset_consumes_1', 'consume_1_or_both_2_and_3_with_dataset_expressions', 'dataset_consumes_1_never_scheduled' retrieved from /home/airflow/.local/lib/python3.12/site-packages/airflow/example_dags/example_datasets.py
[2024-05-05T02:04:46.411+0000] {logging_mixin.py:188} INFO - [2024-05-05T02:04:46.411+0000] {dag.py:3096} INFO - Sync 10 DAGs
[2024-05-05T02:04:46.439+0000] {logging_mixin.py:188} INFO - [2024-05-05T02:04:46.439+0000] {dag.py:3954} INFO - Setting next_dagrun for conditional_dataset_and_time_based_timetable to 2024-05-01 01:00:00+00:00, run_after=2024-05-01 01:00:00+00:00
[2024-05-05T02:04:46.444+0000] {logging_mixin.py:188} INFO - [2024-05-05T02:04:46.444+0000] {dag.py:3954} INFO - Setting next_dagrun for consume_1_and_2_with_dataset_expressions to None, run_after=None
[2024-05-05T02:04:46.446+0000] {logging_mixin.py:188} INFO - [2024-05-05T02:04:46.446+0000] {dag.py:3954} INFO - Setting next_dagrun for consume_1_or_2_with_dataset_expressions to None, run_after=None
[2024-05-05T02:04:46.448+0000] {logging_mixin.py:188} INFO - [2024-05-05T02:04:46.448+0000] {dag.py:3954} INFO - Setting next_dagrun for consume_1_or_both_2_and_3_with_dataset_expressions to None, run_after=None
[2024-05-05T02:04:46.450+0000] {logging_mixin.py:188} INFO - [2024-05-05T02:04:46.450+0000] {dag.py:3954} INFO - Setting next_dagrun for dataset_consumes_1 to None, run_after=None
[2024-05-05T02:04:46.453+0000] {logging_mixin.py:188} INFO - [2024-05-05T02:04:46.452+0000] {dag.py:3954} INFO - Setting next_dagrun for dataset_consumes_1_and_2 to None, run_after=None
[2024-05-05T02:04:46.455+0000] {logging_mixin.py:188} INFO - [2024-05-05T02:04:46.455+0000] {dag.py:3954} INFO - Setting next_dagrun for dataset_consumes_1_never_scheduled to None, run_after=None
[2024-05-05T02:04:46.457+0000] {logging_mixin.py:188} INFO - [2024-05-05T02:04:46.457+0000] {dag.py:3954} INFO - Setting next_dagrun for dataset_consumes_unknown_never_scheduled to None, run_after=None
[2024-05-05T02:04:46.461+0000] {logging_mixin.py:188} INFO - [2024-05-05T02:04:46.460+0000] {dag.py:3954} INFO - Setting next_dagrun for dataset_produces_1 to 2024-05-04 00:00:00+00:00, run_after=2024-05-05 00:00:00+00:00
[2024-05-05T02:04:46.463+0000] {logging_mixin.py:188} INFO - [2024-05-05T02:04:46.463+0000] {dag.py:3954} INFO - Setting next_dagrun for dataset_produces_2 to None, run_after=None
[2024-05-05T02:04:46.515+0000] {processor.py:183} INFO - Processing /home/airflow/.local/lib/python3.12/site-packages/airflow/example_dags/example_datasets.py took 0.203 seconds
[2024-05-05T02:05:16.556+0000] {processor.py:161} INFO - Started process (PID=170) to work on /home/airflow/.local/lib/python3.12/site-packages/airflow/example_dags/example_datasets.py
[2024-05-05T02:05:16.558+0000] {processor.py:830} INFO - Processing file /home/airflow/.local/lib/python3.12/site-packages/airflow/example_dags/example_datasets.py for tasks to queue
[2024-05-05T02:05:16.560+0000] {logging_mixin.py:188} INFO - [2024-05-05T02:05:16.560+0000] {dagbag.py:540} INFO - Filling up the DagBag from /home/airflow/.local/lib/python3.12/site-packages/airflow/example_dags/example_datasets.py
[2024-05-05T02:05:16.575+0000] {processor.py:840} INFO - DAG(s) 'dataset_produces_2', 'consume_1_or_both_2_and_3_with_dataset_expressions', 'consume_1_or_2_with_dataset_expressions', 'conditional_dataset_and_time_based_timetable', 'dataset_consumes_1_never_scheduled', 'dataset_consumes_1', 'consume_1_and_2_with_dataset_expressions', 'dataset_consumes_unknown_never_scheduled', 'dataset_consumes_1_and_2', 'dataset_produces_1' retrieved from /home/airflow/.local/lib/python3.12/site-packages/airflow/example_dags/example_datasets.py
[2024-05-05T02:05:16.638+0000] {logging_mixin.py:188} INFO - [2024-05-05T02:05:16.638+0000] {dag.py:3096} INFO - Sync 10 DAGs
[2024-05-05T02:05:16.664+0000] {logging_mixin.py:188} INFO - [2024-05-05T02:05:16.664+0000] {dag.py:3954} INFO - Setting next_dagrun for conditional_dataset_and_time_based_timetable to 2024-05-01 01:00:00+00:00, run_after=2024-05-01 01:00:00+00:00
[2024-05-05T02:05:16.670+0000] {logging_mixin.py:188} INFO - [2024-05-05T02:05:16.669+0000] {dag.py:3954} INFO - Setting next_dagrun for consume_1_and_2_with_dataset_expressions to None, run_after=None
[2024-05-05T02:05:16.672+0000] {logging_mixin.py:188} INFO - [2024-05-05T02:05:16.672+0000] {dag.py:3954} INFO - Setting next_dagrun for consume_1_or_2_with_dataset_expressions to None, run_after=None
[2024-05-05T02:05:16.674+0000] {logging_mixin.py:188} INFO - [2024-05-05T02:05:16.673+0000] {dag.py:3954} INFO - Setting next_dagrun for consume_1_or_both_2_and_3_with_dataset_expressions to None, run_after=None
[2024-05-05T02:05:16.675+0000] {logging_mixin.py:188} INFO - [2024-05-05T02:05:16.675+0000] {dag.py:3954} INFO - Setting next_dagrun for dataset_consumes_1 to None, run_after=None
[2024-05-05T02:05:16.677+0000] {logging_mixin.py:188} INFO - [2024-05-05T02:05:16.677+0000] {dag.py:3954} INFO - Setting next_dagrun for dataset_consumes_1_and_2 to None, run_after=None
[2024-05-05T02:05:16.678+0000] {logging_mixin.py:188} INFO - [2024-05-05T02:05:16.678+0000] {dag.py:3954} INFO - Setting next_dagrun for dataset_consumes_1_never_scheduled to None, run_after=None
[2024-05-05T02:05:16.680+0000] {logging_mixin.py:188} INFO - [2024-05-05T02:05:16.680+0000] {dag.py:3954} INFO - Setting next_dagrun for dataset_consumes_unknown_never_scheduled to None, run_after=None
[2024-05-05T02:05:16.683+0000] {logging_mixin.py:188} INFO - [2024-05-05T02:05:16.683+0000] {dag.py:3954} INFO - Setting next_dagrun for dataset_produces_1 to 2024-05-04 00:00:00+00:00, run_after=2024-05-05 00:00:00+00:00
[2024-05-05T02:05:16.685+0000] {logging_mixin.py:188} INFO - [2024-05-05T02:05:16.685+0000] {dag.py:3954} INFO - Setting next_dagrun for dataset_produces_2 to None, run_after=None
[2024-05-05T02:05:16.730+0000] {processor.py:183} INFO - Processing /home/airflow/.local/lib/python3.12/site-packages/airflow/example_dags/example_datasets.py took 0.180 seconds
[2024-05-05T02:05:47.133+0000] {processor.py:161} INFO - Started process (PID=230) to work on /home/airflow/.local/lib/python3.12/site-packages/airflow/example_dags/example_datasets.py
[2024-05-05T02:05:47.135+0000] {processor.py:830} INFO - Processing file /home/airflow/.local/lib/python3.12/site-packages/airflow/example_dags/example_datasets.py for tasks to queue
[2024-05-05T02:05:47.138+0000] {logging_mixin.py:188} INFO - [2024-05-05T02:05:47.137+0000] {dagbag.py:540} INFO - Filling up the DagBag from /home/airflow/.local/lib/python3.12/site-packages/airflow/example_dags/example_datasets.py
[2024-05-05T02:05:47.159+0000] {processor.py:840} INFO - DAG(s) 'dataset_consumes_1_and_2', 'consume_1_or_2_with_dataset_expressions', 'conditional_dataset_and_time_based_timetable', 'dataset_consumes_1', 'consume_1_and_2_with_dataset_expressions', 'consume_1_or_both_2_and_3_with_dataset_expressions', 'dataset_consumes_unknown_never_scheduled', 'dataset_consumes_1_never_scheduled', 'dataset_produces_2', 'dataset_produces_1' retrieved from /home/airflow/.local/lib/python3.12/site-packages/airflow/example_dags/example_datasets.py
[2024-05-05T02:05:47.218+0000] {logging_mixin.py:188} INFO - [2024-05-05T02:05:47.218+0000] {dag.py:3096} INFO - Sync 10 DAGs
[2024-05-05T02:05:47.249+0000] {logging_mixin.py:188} INFO - [2024-05-05T02:05:47.249+0000] {dag.py:3954} INFO - Setting next_dagrun for conditional_dataset_and_time_based_timetable to 2024-05-01 01:00:00+00:00, run_after=2024-05-01 01:00:00+00:00
[2024-05-05T02:05:47.254+0000] {logging_mixin.py:188} INFO - [2024-05-05T02:05:47.253+0000] {dag.py:3954} INFO - Setting next_dagrun for consume_1_and_2_with_dataset_expressions to None, run_after=None
[2024-05-05T02:05:47.255+0000] {logging_mixin.py:188} INFO - [2024-05-05T02:05:47.255+0000] {dag.py:3954} INFO - Setting next_dagrun for consume_1_or_2_with_dataset_expressions to None, run_after=None
[2024-05-05T02:05:47.257+0000] {logging_mixin.py:188} INFO - [2024-05-05T02:05:47.257+0000] {dag.py:3954} INFO - Setting next_dagrun for consume_1_or_both_2_and_3_with_dataset_expressions to None, run_after=None
[2024-05-05T02:05:47.258+0000] {logging_mixin.py:188} INFO - [2024-05-05T02:05:47.258+0000] {dag.py:3954} INFO - Setting next_dagrun for dataset_consumes_1 to None, run_after=None
[2024-05-05T02:05:47.260+0000] {logging_mixin.py:188} INFO - [2024-05-05T02:05:47.260+0000] {dag.py:3954} INFO - Setting next_dagrun for dataset_consumes_1_and_2 to None, run_after=None
[2024-05-05T02:05:47.262+0000] {logging_mixin.py:188} INFO - [2024-05-05T02:05:47.261+0000] {dag.py:3954} INFO - Setting next_dagrun for dataset_consumes_1_never_scheduled to None, run_after=None
[2024-05-05T02:05:47.264+0000] {logging_mixin.py:188} INFO - [2024-05-05T02:05:47.263+0000] {dag.py:3954} INFO - Setting next_dagrun for dataset_consumes_unknown_never_scheduled to None, run_after=None
[2024-05-05T02:05:47.266+0000] {logging_mixin.py:188} INFO - [2024-05-05T02:05:47.266+0000] {dag.py:3954} INFO - Setting next_dagrun for dataset_produces_1 to 2024-05-04 00:00:00+00:00, run_after=2024-05-05 00:00:00+00:00
[2024-05-05T02:05:47.268+0000] {logging_mixin.py:188} INFO - [2024-05-05T02:05:47.267+0000] {dag.py:3954} INFO - Setting next_dagrun for dataset_produces_2 to None, run_after=None
[2024-05-05T02:05:47.310+0000] {processor.py:183} INFO - Processing /home/airflow/.local/lib/python3.12/site-packages/airflow/example_dags/example_datasets.py took 0.187 seconds
[2024-05-05T02:06:17.735+0000] {processor.py:161} INFO - Started process (PID=290) to work on /home/airflow/.local/lib/python3.12/site-packages/airflow/example_dags/example_datasets.py
[2024-05-05T02:06:17.736+0000] {processor.py:830} INFO - Processing file /home/airflow/.local/lib/python3.12/site-packages/airflow/example_dags/example_datasets.py for tasks to queue
[2024-05-05T02:06:17.738+0000] {logging_mixin.py:188} INFO - [2024-05-05T02:06:17.738+0000] {dagbag.py:540} INFO - Filling up the DagBag from /home/airflow/.local/lib/python3.12/site-packages/airflow/example_dags/example_datasets.py
[2024-05-05T02:06:17.754+0000] {processor.py:840} INFO - DAG(s) 'conditional_dataset_and_time_based_timetable', 'dataset_produces_1', 'dataset_consumes_unknown_never_scheduled', 'consume_1_or_2_with_dataset_expressions', 'dataset_consumes_1_never_scheduled', 'consume_1_or_both_2_and_3_with_dataset_expressions', 'dataset_consumes_1', 'dataset_consumes_1_and_2', 'consume_1_and_2_with_dataset_expressions', 'dataset_produces_2' retrieved from /home/airflow/.local/lib/python3.12/site-packages/airflow/example_dags/example_datasets.py
[2024-05-05T02:06:17.808+0000] {logging_mixin.py:188} INFO - [2024-05-05T02:06:17.808+0000] {dag.py:3096} INFO - Sync 10 DAGs
[2024-05-05T02:06:17.838+0000] {logging_mixin.py:188} INFO - [2024-05-05T02:06:17.838+0000] {dag.py:3954} INFO - Setting next_dagrun for conditional_dataset_and_time_based_timetable to 2024-05-01 01:00:00+00:00, run_after=2024-05-01 01:00:00+00:00
[2024-05-05T02:06:17.844+0000] {logging_mixin.py:188} INFO - [2024-05-05T02:06:17.843+0000] {dag.py:3954} INFO - Setting next_dagrun for consume_1_and_2_with_dataset_expressions to None, run_after=None
[2024-05-05T02:06:17.846+0000] {logging_mixin.py:188} INFO - [2024-05-05T02:06:17.846+0000] {dag.py:3954} INFO - Setting next_dagrun for consume_1_or_2_with_dataset_expressions to None, run_after=None
[2024-05-05T02:06:17.848+0000] {logging_mixin.py:188} INFO - [2024-05-05T02:06:17.848+0000] {dag.py:3954} INFO - Setting next_dagrun for consume_1_or_both_2_and_3_with_dataset_expressions to None, run_after=None
[2024-05-05T02:06:17.850+0000] {logging_mixin.py:188} INFO - [2024-05-05T02:06:17.850+0000] {dag.py:3954} INFO - Setting next_dagrun for dataset_consumes_1 to None, run_after=None
[2024-05-05T02:06:17.852+0000] {logging_mixin.py:188} INFO - [2024-05-05T02:06:17.852+0000] {dag.py:3954} INFO - Setting next_dagrun for dataset_consumes_1_and_2 to None, run_after=None
[2024-05-05T02:06:17.854+0000] {logging_mixin.py:188} INFO - [2024-05-05T02:06:17.854+0000] {dag.py:3954} INFO - Setting next_dagrun for dataset_consumes_1_never_scheduled to None, run_after=None
[2024-05-05T02:06:17.855+0000] {logging_mixin.py:188} INFO - [2024-05-05T02:06:17.855+0000] {dag.py:3954} INFO - Setting next_dagrun for dataset_consumes_unknown_never_scheduled to None, run_after=None
[2024-05-05T02:06:17.858+0000] {logging_mixin.py:188} INFO - [2024-05-05T02:06:17.858+0000] {dag.py:3954} INFO - Setting next_dagrun for dataset_produces_1 to 2024-05-04 00:00:00+00:00, run_after=2024-05-05 00:00:00+00:00
[2024-05-05T02:06:17.860+0000] {logging_mixin.py:188} INFO - [2024-05-05T02:06:17.860+0000] {dag.py:3954} INFO - Setting next_dagrun for dataset_produces_2 to None, run_after=None
[2024-05-05T02:06:17.947+0000] {processor.py:183} INFO - Processing /home/airflow/.local/lib/python3.12/site-packages/airflow/example_dags/example_datasets.py took 0.218 seconds
[2024-05-05T02:06:48.972+0000] {processor.py:161} INFO - Started process (PID=356) to work on /home/airflow/.local/lib/python3.12/site-packages/airflow/example_dags/example_datasets.py
[2024-05-05T02:06:48.974+0000] {processor.py:830} INFO - Processing file /home/airflow/.local/lib/python3.12/site-packages/airflow/example_dags/example_datasets.py for tasks to queue
[2024-05-05T02:06:48.976+0000] {logging_mixin.py:188} INFO - [2024-05-05T02:06:48.976+0000] {dagbag.py:540} INFO - Filling up the DagBag from /home/airflow/.local/lib/python3.12/site-packages/airflow/example_dags/example_datasets.py
[2024-05-05T02:06:48.993+0000] {processor.py:840} INFO - DAG(s) 'conditional_dataset_and_time_based_timetable', 'dataset_consumes_1_never_scheduled', 'dataset_produces_1', 'dataset_consumes_1', 'consume_1_and_2_with_dataset_expressions', 'dataset_consumes_1_and_2', 'consume_1_or_both_2_and_3_with_dataset_expressions', 'consume_1_or_2_with_dataset_expressions', 'dataset_consumes_unknown_never_scheduled', 'dataset_produces_2' retrieved from /home/airflow/.local/lib/python3.12/site-packages/airflow/example_dags/example_datasets.py
[2024-05-05T02:06:49.045+0000] {logging_mixin.py:188} INFO - [2024-05-05T02:06:49.045+0000] {dag.py:3096} INFO - Sync 10 DAGs
[2024-05-05T02:06:49.072+0000] {logging_mixin.py:188} INFO - [2024-05-05T02:06:49.071+0000] {dag.py:3954} INFO - Setting next_dagrun for conditional_dataset_and_time_based_timetable to 2024-05-01 01:00:00+00:00, run_after=2024-05-01 01:00:00+00:00
[2024-05-05T02:06:49.077+0000] {logging_mixin.py:188} INFO - [2024-05-05T02:06:49.077+0000] {dag.py:3954} INFO - Setting next_dagrun for consume_1_and_2_with_dataset_expressions to None, run_after=None
[2024-05-05T02:06:49.079+0000] {logging_mixin.py:188} INFO - [2024-05-05T02:06:49.079+0000] {dag.py:3954} INFO - Setting next_dagrun for consume_1_or_2_with_dataset_expressions to None, run_after=None
[2024-05-05T02:06:49.082+0000] {logging_mixin.py:188} INFO - [2024-05-05T02:06:49.082+0000] {dag.py:3954} INFO - Setting next_dagrun for consume_1_or_both_2_and_3_with_dataset_expressions to None, run_after=None
[2024-05-05T02:06:49.084+0000] {logging_mixin.py:188} INFO - [2024-05-05T02:06:49.084+0000] {dag.py:3954} INFO - Setting next_dagrun for dataset_consumes_1 to None, run_after=None
[2024-05-05T02:06:49.086+0000] {logging_mixin.py:188} INFO - [2024-05-05T02:06:49.086+0000] {dag.py:3954} INFO - Setting next_dagrun for dataset_consumes_1_and_2 to None, run_after=None
[2024-05-05T02:06:49.088+0000] {logging_mixin.py:188} INFO - [2024-05-05T02:06:49.088+0000] {dag.py:3954} INFO - Setting next_dagrun for dataset_consumes_1_never_scheduled to None, run_after=None
[2024-05-05T02:06:49.090+0000] {logging_mixin.py:188} INFO - [2024-05-05T02:06:49.090+0000] {dag.py:3954} INFO - Setting next_dagrun for dataset_consumes_unknown_never_scheduled to None, run_after=None
[2024-05-05T02:06:49.093+0000] {logging_mixin.py:188} INFO - [2024-05-05T02:06:49.093+0000] {dag.py:3954} INFO - Setting next_dagrun for dataset_produces_1 to 2024-05-04 00:00:00+00:00, run_after=2024-05-05 00:00:00+00:00
[2024-05-05T02:06:49.095+0000] {logging_mixin.py:188} INFO - [2024-05-05T02:06:49.095+0000] {dag.py:3954} INFO - Setting next_dagrun for dataset_produces_2 to None, run_after=None
[2024-05-05T02:06:49.137+0000] {processor.py:183} INFO - Processing /home/airflow/.local/lib/python3.12/site-packages/airflow/example_dags/example_datasets.py took 0.172 seconds
