[2024-05-05T01:30:35.820+0000] {processor.py:161} INFO - Started process (PID=73) to work on /home/airflow/.local/lib/python3.12/site-packages/airflow/example_dags/example_nested_branch_dag.py
[2024-05-05T01:30:35.822+0000] {processor.py:830} INFO - Processing file /home/airflow/.local/lib/python3.12/site-packages/airflow/example_dags/example_nested_branch_dag.py for tasks to queue
[2024-05-05T01:30:35.825+0000] {logging_mixin.py:188} INFO - [2024-05-05T01:30:35.825+0000] {dagbag.py:540} INFO - Filling up the DagBag from /home/airflow/.local/lib/python3.12/site-packages/airflow/example_dags/example_nested_branch_dag.py
[2024-05-05T01:30:35.842+0000] {processor.py:840} INFO - DAG(s) 'example_nested_branch_dag' retrieved from /home/airflow/.local/lib/python3.12/site-packages/airflow/example_dags/example_nested_branch_dag.py
[2024-05-05T01:30:36.005+0000] {logging_mixin.py:188} INFO - [2024-05-05T01:30:36.004+0000] {dag.py:3096} INFO - Sync 1 DAGs
[2024-05-05T01:30:36.033+0000] {logging_mixin.py:188} INFO - [2024-05-05T01:30:36.033+0000] {dag.py:3954} INFO - Setting next_dagrun for example_nested_branch_dag to 2024-05-04 00:00:00+00:00, run_after=2024-05-05 00:00:00+00:00
[2024-05-05T01:30:36.059+0000] {processor.py:183} INFO - Processing /home/airflow/.local/lib/python3.12/site-packages/airflow/example_dags/example_nested_branch_dag.py took 0.247 seconds
[2024-05-05T01:31:06.666+0000] {processor.py:161} INFO - Started process (PID=133) to work on /home/airflow/.local/lib/python3.12/site-packages/airflow/example_dags/example_nested_branch_dag.py
[2024-05-05T01:31:06.668+0000] {processor.py:830} INFO - Processing file /home/airflow/.local/lib/python3.12/site-packages/airflow/example_dags/example_nested_branch_dag.py for tasks to queue
[2024-05-05T01:31:06.670+0000] {logging_mixin.py:188} INFO - [2024-05-05T01:31:06.670+0000] {dagbag.py:540} INFO - Filling up the DagBag from /home/airflow/.local/lib/python3.12/site-packages/airflow/example_dags/example_nested_branch_dag.py
[2024-05-05T01:31:06.680+0000] {processor.py:840} INFO - DAG(s) 'example_nested_branch_dag' retrieved from /home/airflow/.local/lib/python3.12/site-packages/airflow/example_dags/example_nested_branch_dag.py
[2024-05-05T01:31:06.703+0000] {logging_mixin.py:188} INFO - [2024-05-05T01:31:06.703+0000] {dag.py:3096} INFO - Sync 1 DAGs
[2024-05-05T01:31:06.734+0000] {logging_mixin.py:188} INFO - [2024-05-05T01:31:06.734+0000] {dag.py:3954} INFO - Setting next_dagrun for example_nested_branch_dag to 2024-05-04 00:00:00+00:00, run_after=2024-05-05 00:00:00+00:00
[2024-05-05T01:31:06.769+0000] {processor.py:183} INFO - Processing /home/airflow/.local/lib/python3.12/site-packages/airflow/example_dags/example_nested_branch_dag.py took 0.108 seconds
[2024-05-05T01:31:37.185+0000] {processor.py:161} INFO - Started process (PID=193) to work on /home/airflow/.local/lib/python3.12/site-packages/airflow/example_dags/example_nested_branch_dag.py
[2024-05-05T01:31:37.188+0000] {processor.py:830} INFO - Processing file /home/airflow/.local/lib/python3.12/site-packages/airflow/example_dags/example_nested_branch_dag.py for tasks to queue
[2024-05-05T01:31:37.191+0000] {logging_mixin.py:188} INFO - [2024-05-05T01:31:37.191+0000] {dagbag.py:540} INFO - Filling up the DagBag from /home/airflow/.local/lib/python3.12/site-packages/airflow/example_dags/example_nested_branch_dag.py
[2024-05-05T01:31:37.204+0000] {processor.py:840} INFO - DAG(s) 'example_nested_branch_dag' retrieved from /home/airflow/.local/lib/python3.12/site-packages/airflow/example_dags/example_nested_branch_dag.py
[2024-05-05T01:31:37.237+0000] {logging_mixin.py:188} INFO - [2024-05-05T01:31:37.237+0000] {dag.py:3096} INFO - Sync 1 DAGs
[2024-05-05T01:31:37.267+0000] {logging_mixin.py:188} INFO - [2024-05-05T01:31:37.266+0000] {dag.py:3954} INFO - Setting next_dagrun for example_nested_branch_dag to 2024-05-04 00:00:00+00:00, run_after=2024-05-05 00:00:00+00:00
[2024-05-05T01:31:37.294+0000] {processor.py:183} INFO - Processing /home/airflow/.local/lib/python3.12/site-packages/airflow/example_dags/example_nested_branch_dag.py took 0.119 seconds
[2024-05-05T01:32:07.537+0000] {processor.py:161} INFO - Started process (PID=260) to work on /home/airflow/.local/lib/python3.12/site-packages/airflow/example_dags/example_nested_branch_dag.py
[2024-05-05T01:32:07.538+0000] {processor.py:830} INFO - Processing file /home/airflow/.local/lib/python3.12/site-packages/airflow/example_dags/example_nested_branch_dag.py for tasks to queue
[2024-05-05T01:32:07.540+0000] {logging_mixin.py:188} INFO - [2024-05-05T01:32:07.540+0000] {dagbag.py:540} INFO - Filling up the DagBag from /home/airflow/.local/lib/python3.12/site-packages/airflow/example_dags/example_nested_branch_dag.py
[2024-05-05T01:32:07.551+0000] {processor.py:840} INFO - DAG(s) 'example_nested_branch_dag' retrieved from /home/airflow/.local/lib/python3.12/site-packages/airflow/example_dags/example_nested_branch_dag.py
[2024-05-05T01:32:07.574+0000] {logging_mixin.py:188} INFO - [2024-05-05T01:32:07.574+0000] {dag.py:3096} INFO - Sync 1 DAGs
[2024-05-05T01:32:07.602+0000] {logging_mixin.py:188} INFO - [2024-05-05T01:32:07.602+0000] {dag.py:3954} INFO - Setting next_dagrun for example_nested_branch_dag to 2024-05-04 00:00:00+00:00, run_after=2024-05-05 00:00:00+00:00
[2024-05-05T01:32:07.627+0000] {processor.py:183} INFO - Processing /home/airflow/.local/lib/python3.12/site-packages/airflow/example_dags/example_nested_branch_dag.py took 0.097 seconds
[2024-05-05T01:32:38.078+0000] {processor.py:161} INFO - Started process (PID=320) to work on /home/airflow/.local/lib/python3.12/site-packages/airflow/example_dags/example_nested_branch_dag.py
[2024-05-05T01:32:38.079+0000] {processor.py:830} INFO - Processing file /home/airflow/.local/lib/python3.12/site-packages/airflow/example_dags/example_nested_branch_dag.py for tasks to queue
[2024-05-05T01:32:38.083+0000] {logging_mixin.py:188} INFO - [2024-05-05T01:32:38.082+0000] {dagbag.py:540} INFO - Filling up the DagBag from /home/airflow/.local/lib/python3.12/site-packages/airflow/example_dags/example_nested_branch_dag.py
[2024-05-05T01:32:38.098+0000] {processor.py:840} INFO - DAG(s) 'example_nested_branch_dag' retrieved from /home/airflow/.local/lib/python3.12/site-packages/airflow/example_dags/example_nested_branch_dag.py
[2024-05-05T01:32:38.127+0000] {logging_mixin.py:188} INFO - [2024-05-05T01:32:38.127+0000] {dag.py:3096} INFO - Sync 1 DAGs
[2024-05-05T01:32:38.160+0000] {logging_mixin.py:188} INFO - [2024-05-05T01:32:38.159+0000] {dag.py:3954} INFO - Setting next_dagrun for example_nested_branch_dag to 2024-05-04 00:00:00+00:00, run_after=2024-05-05 00:00:00+00:00
[2024-05-05T01:32:38.187+0000] {processor.py:183} INFO - Processing /home/airflow/.local/lib/python3.12/site-packages/airflow/example_dags/example_nested_branch_dag.py took 0.116 seconds
[2024-05-05T01:33:08.305+0000] {processor.py:161} INFO - Started process (PID=380) to work on /home/airflow/.local/lib/python3.12/site-packages/airflow/example_dags/example_nested_branch_dag.py
[2024-05-05T01:33:08.306+0000] {processor.py:830} INFO - Processing file /home/airflow/.local/lib/python3.12/site-packages/airflow/example_dags/example_nested_branch_dag.py for tasks to queue
[2024-05-05T01:33:08.308+0000] {logging_mixin.py:188} INFO - [2024-05-05T01:33:08.308+0000] {dagbag.py:540} INFO - Filling up the DagBag from /home/airflow/.local/lib/python3.12/site-packages/airflow/example_dags/example_nested_branch_dag.py
[2024-05-05T01:33:08.319+0000] {processor.py:840} INFO - DAG(s) 'example_nested_branch_dag' retrieved from /home/airflow/.local/lib/python3.12/site-packages/airflow/example_dags/example_nested_branch_dag.py
[2024-05-05T01:33:08.343+0000] {logging_mixin.py:188} INFO - [2024-05-05T01:33:08.343+0000] {dag.py:3096} INFO - Sync 1 DAGs
[2024-05-05T01:33:08.367+0000] {logging_mixin.py:188} INFO - [2024-05-05T01:33:08.367+0000] {dag.py:3954} INFO - Setting next_dagrun for example_nested_branch_dag to 2024-05-04 00:00:00+00:00, run_after=2024-05-05 00:00:00+00:00
[2024-05-05T01:33:08.394+0000] {processor.py:183} INFO - Processing /home/airflow/.local/lib/python3.12/site-packages/airflow/example_dags/example_nested_branch_dag.py took 0.094 seconds
[2024-05-05T01:33:39.367+0000] {processor.py:161} INFO - Started process (PID=440) to work on /home/airflow/.local/lib/python3.12/site-packages/airflow/example_dags/example_nested_branch_dag.py
[2024-05-05T01:33:39.369+0000] {processor.py:830} INFO - Processing file /home/airflow/.local/lib/python3.12/site-packages/airflow/example_dags/example_nested_branch_dag.py for tasks to queue
[2024-05-05T01:33:39.371+0000] {logging_mixin.py:188} INFO - [2024-05-05T01:33:39.370+0000] {dagbag.py:540} INFO - Filling up the DagBag from /home/airflow/.local/lib/python3.12/site-packages/airflow/example_dags/example_nested_branch_dag.py
[2024-05-05T01:33:39.383+0000] {processor.py:840} INFO - DAG(s) 'example_nested_branch_dag' retrieved from /home/airflow/.local/lib/python3.12/site-packages/airflow/example_dags/example_nested_branch_dag.py
[2024-05-05T01:33:39.413+0000] {logging_mixin.py:188} INFO - [2024-05-05T01:33:39.412+0000] {dag.py:3096} INFO - Sync 1 DAGs
[2024-05-05T01:33:39.437+0000] {logging_mixin.py:188} INFO - [2024-05-05T01:33:39.437+0000] {dag.py:3954} INFO - Setting next_dagrun for example_nested_branch_dag to 2024-05-04 00:00:00+00:00, run_after=2024-05-05 00:00:00+00:00
[2024-05-05T01:33:39.465+0000] {processor.py:183} INFO - Processing /home/airflow/.local/lib/python3.12/site-packages/airflow/example_dags/example_nested_branch_dag.py took 0.104 seconds
[2024-05-05T01:34:09.710+0000] {processor.py:161} INFO - Started process (PID=499) to work on /home/airflow/.local/lib/python3.12/site-packages/airflow/example_dags/example_nested_branch_dag.py
[2024-05-05T01:34:09.712+0000] {processor.py:830} INFO - Processing file /home/airflow/.local/lib/python3.12/site-packages/airflow/example_dags/example_nested_branch_dag.py for tasks to queue
[2024-05-05T01:34:09.714+0000] {logging_mixin.py:188} INFO - [2024-05-05T01:34:09.714+0000] {dagbag.py:540} INFO - Filling up the DagBag from /home/airflow/.local/lib/python3.12/site-packages/airflow/example_dags/example_nested_branch_dag.py
[2024-05-05T01:34:09.726+0000] {processor.py:840} INFO - DAG(s) 'example_nested_branch_dag' retrieved from /home/airflow/.local/lib/python3.12/site-packages/airflow/example_dags/example_nested_branch_dag.py
[2024-05-05T01:34:09.748+0000] {logging_mixin.py:188} INFO - [2024-05-05T01:34:09.748+0000] {dag.py:3096} INFO - Sync 1 DAGs
[2024-05-05T01:34:09.776+0000] {logging_mixin.py:188} INFO - [2024-05-05T01:34:09.776+0000] {dag.py:3954} INFO - Setting next_dagrun for example_nested_branch_dag to 2024-05-04 00:00:00+00:00, run_after=2024-05-05 00:00:00+00:00
[2024-05-05T01:34:09.806+0000] {processor.py:183} INFO - Processing /home/airflow/.local/lib/python3.12/site-packages/airflow/example_dags/example_nested_branch_dag.py took 0.103 seconds
[2024-05-05T01:34:39.886+0000] {processor.py:161} INFO - Started process (PID=559) to work on /home/airflow/.local/lib/python3.12/site-packages/airflow/example_dags/example_nested_branch_dag.py
[2024-05-05T01:34:39.887+0000] {processor.py:830} INFO - Processing file /home/airflow/.local/lib/python3.12/site-packages/airflow/example_dags/example_nested_branch_dag.py for tasks to queue
[2024-05-05T01:34:39.889+0000] {logging_mixin.py:188} INFO - [2024-05-05T01:34:39.889+0000] {dagbag.py:540} INFO - Filling up the DagBag from /home/airflow/.local/lib/python3.12/site-packages/airflow/example_dags/example_nested_branch_dag.py
[2024-05-05T01:34:39.899+0000] {processor.py:840} INFO - DAG(s) 'example_nested_branch_dag' retrieved from /home/airflow/.local/lib/python3.12/site-packages/airflow/example_dags/example_nested_branch_dag.py
[2024-05-05T01:34:39.924+0000] {logging_mixin.py:188} INFO - [2024-05-05T01:34:39.923+0000] {dag.py:3096} INFO - Sync 1 DAGs
[2024-05-05T01:34:39.948+0000] {logging_mixin.py:188} INFO - [2024-05-05T01:34:39.948+0000] {dag.py:3954} INFO - Setting next_dagrun for example_nested_branch_dag to 2024-05-04 00:00:00+00:00, run_after=2024-05-05 00:00:00+00:00
[2024-05-05T01:34:39.971+0000] {processor.py:183} INFO - Processing /home/airflow/.local/lib/python3.12/site-packages/airflow/example_dags/example_nested_branch_dag.py took 0.092 seconds
[2024-05-05T01:35:10.612+0000] {processor.py:161} INFO - Started process (PID=619) to work on /home/airflow/.local/lib/python3.12/site-packages/airflow/example_dags/example_nested_branch_dag.py
[2024-05-05T01:35:10.613+0000] {processor.py:830} INFO - Processing file /home/airflow/.local/lib/python3.12/site-packages/airflow/example_dags/example_nested_branch_dag.py for tasks to queue
[2024-05-05T01:35:10.616+0000] {logging_mixin.py:188} INFO - [2024-05-05T01:35:10.615+0000] {dagbag.py:540} INFO - Filling up the DagBag from /home/airflow/.local/lib/python3.12/site-packages/airflow/example_dags/example_nested_branch_dag.py
[2024-05-05T01:35:10.628+0000] {processor.py:840} INFO - DAG(s) 'example_nested_branch_dag' retrieved from /home/airflow/.local/lib/python3.12/site-packages/airflow/example_dags/example_nested_branch_dag.py
[2024-05-05T01:35:10.653+0000] {logging_mixin.py:188} INFO - [2024-05-05T01:35:10.653+0000] {dag.py:3096} INFO - Sync 1 DAGs
[2024-05-05T01:35:10.686+0000] {logging_mixin.py:188} INFO - [2024-05-05T01:35:10.686+0000] {dag.py:3954} INFO - Setting next_dagrun for example_nested_branch_dag to 2024-05-04 00:00:00+00:00, run_after=2024-05-05 00:00:00+00:00
[2024-05-05T01:35:10.713+0000] {processor.py:183} INFO - Processing /home/airflow/.local/lib/python3.12/site-packages/airflow/example_dags/example_nested_branch_dag.py took 0.109 seconds
[2024-05-05T01:35:41.142+0000] {processor.py:161} INFO - Started process (PID=679) to work on /home/airflow/.local/lib/python3.12/site-packages/airflow/example_dags/example_nested_branch_dag.py
[2024-05-05T01:35:41.143+0000] {processor.py:830} INFO - Processing file /home/airflow/.local/lib/python3.12/site-packages/airflow/example_dags/example_nested_branch_dag.py for tasks to queue
[2024-05-05T01:35:41.145+0000] {logging_mixin.py:188} INFO - [2024-05-05T01:35:41.145+0000] {dagbag.py:540} INFO - Filling up the DagBag from /home/airflow/.local/lib/python3.12/site-packages/airflow/example_dags/example_nested_branch_dag.py
[2024-05-05T01:35:41.157+0000] {processor.py:840} INFO - DAG(s) 'example_nested_branch_dag' retrieved from /home/airflow/.local/lib/python3.12/site-packages/airflow/example_dags/example_nested_branch_dag.py
[2024-05-05T01:35:41.184+0000] {logging_mixin.py:188} INFO - [2024-05-05T01:35:41.183+0000] {dag.py:3096} INFO - Sync 1 DAGs
[2024-05-05T01:35:41.211+0000] {logging_mixin.py:188} INFO - [2024-05-05T01:35:41.211+0000] {dag.py:3954} INFO - Setting next_dagrun for example_nested_branch_dag to 2024-05-04 00:00:00+00:00, run_after=2024-05-05 00:00:00+00:00
[2024-05-05T01:35:41.236+0000] {processor.py:183} INFO - Processing /home/airflow/.local/lib/python3.12/site-packages/airflow/example_dags/example_nested_branch_dag.py took 0.107 seconds
[2024-05-05T02:04:19.102+0000] {processor.py:161} INFO - Started process (PID=77) to work on /home/airflow/.local/lib/python3.12/site-packages/airflow/example_dags/example_nested_branch_dag.py
[2024-05-05T02:04:19.104+0000] {processor.py:830} INFO - Processing file /home/airflow/.local/lib/python3.12/site-packages/airflow/example_dags/example_nested_branch_dag.py for tasks to queue
[2024-05-05T02:04:19.106+0000] {logging_mixin.py:188} INFO - [2024-05-05T02:04:19.105+0000] {dagbag.py:540} INFO - Filling up the DagBag from /home/airflow/.local/lib/python3.12/site-packages/airflow/example_dags/example_nested_branch_dag.py
[2024-05-05T02:04:19.122+0000] {processor.py:840} INFO - DAG(s) 'example_nested_branch_dag' retrieved from /home/airflow/.local/lib/python3.12/site-packages/airflow/example_dags/example_nested_branch_dag.py
[2024-05-05T02:04:19.279+0000] {logging_mixin.py:188} INFO - [2024-05-05T02:04:19.278+0000] {dag.py:3096} INFO - Sync 1 DAGs
[2024-05-05T02:04:19.320+0000] {logging_mixin.py:188} INFO - [2024-05-05T02:04:19.320+0000] {dag.py:3954} INFO - Setting next_dagrun for example_nested_branch_dag to 2024-05-04 00:00:00+00:00, run_after=2024-05-05 00:00:00+00:00
[2024-05-05T02:04:19.364+0000] {processor.py:183} INFO - Processing /home/airflow/.local/lib/python3.12/site-packages/airflow/example_dags/example_nested_branch_dag.py took 0.268 seconds
[2024-05-05T02:04:49.974+0000] {processor.py:161} INFO - Started process (PID=137) to work on /home/airflow/.local/lib/python3.12/site-packages/airflow/example_dags/example_nested_branch_dag.py
[2024-05-05T02:04:49.976+0000] {processor.py:830} INFO - Processing file /home/airflow/.local/lib/python3.12/site-packages/airflow/example_dags/example_nested_branch_dag.py for tasks to queue
[2024-05-05T02:04:49.979+0000] {logging_mixin.py:188} INFO - [2024-05-05T02:04:49.979+0000] {dagbag.py:540} INFO - Filling up the DagBag from /home/airflow/.local/lib/python3.12/site-packages/airflow/example_dags/example_nested_branch_dag.py
[2024-05-05T02:04:49.997+0000] {processor.py:840} INFO - DAG(s) 'example_nested_branch_dag' retrieved from /home/airflow/.local/lib/python3.12/site-packages/airflow/example_dags/example_nested_branch_dag.py
[2024-05-05T02:04:50.021+0000] {logging_mixin.py:188} INFO - [2024-05-05T02:04:50.021+0000] {dag.py:3096} INFO - Sync 1 DAGs
[2024-05-05T02:04:50.054+0000] {logging_mixin.py:188} INFO - [2024-05-05T02:04:50.054+0000] {dag.py:3954} INFO - Setting next_dagrun for example_nested_branch_dag to 2024-05-04 00:00:00+00:00, run_after=2024-05-05 00:00:00+00:00
[2024-05-05T02:04:50.124+0000] {processor.py:183} INFO - Processing /home/airflow/.local/lib/python3.12/site-packages/airflow/example_dags/example_nested_branch_dag.py took 0.156 seconds
[2024-05-05T02:05:20.239+0000] {processor.py:161} INFO - Started process (PID=197) to work on /home/airflow/.local/lib/python3.12/site-packages/airflow/example_dags/example_nested_branch_dag.py
[2024-05-05T02:05:20.240+0000] {processor.py:830} INFO - Processing file /home/airflow/.local/lib/python3.12/site-packages/airflow/example_dags/example_nested_branch_dag.py for tasks to queue
[2024-05-05T02:05:20.242+0000] {logging_mixin.py:188} INFO - [2024-05-05T02:05:20.242+0000] {dagbag.py:540} INFO - Filling up the DagBag from /home/airflow/.local/lib/python3.12/site-packages/airflow/example_dags/example_nested_branch_dag.py
[2024-05-05T02:05:20.253+0000] {processor.py:840} INFO - DAG(s) 'example_nested_branch_dag' retrieved from /home/airflow/.local/lib/python3.12/site-packages/airflow/example_dags/example_nested_branch_dag.py
[2024-05-05T02:05:20.282+0000] {logging_mixin.py:188} INFO - [2024-05-05T02:05:20.281+0000] {dag.py:3096} INFO - Sync 1 DAGs
[2024-05-05T02:05:20.310+0000] {logging_mixin.py:188} INFO - [2024-05-05T02:05:20.310+0000] {dag.py:3954} INFO - Setting next_dagrun for example_nested_branch_dag to 2024-05-04 00:00:00+00:00, run_after=2024-05-05 00:00:00+00:00
[2024-05-05T02:05:20.332+0000] {processor.py:183} INFO - Processing /home/airflow/.local/lib/python3.12/site-packages/airflow/example_dags/example_nested_branch_dag.py took 0.099 seconds
[2024-05-05T02:05:50.587+0000] {processor.py:161} INFO - Started process (PID=257) to work on /home/airflow/.local/lib/python3.12/site-packages/airflow/example_dags/example_nested_branch_dag.py
[2024-05-05T02:05:50.588+0000] {processor.py:830} INFO - Processing file /home/airflow/.local/lib/python3.12/site-packages/airflow/example_dags/example_nested_branch_dag.py for tasks to queue
[2024-05-05T02:05:50.591+0000] {logging_mixin.py:188} INFO - [2024-05-05T02:05:50.590+0000] {dagbag.py:540} INFO - Filling up the DagBag from /home/airflow/.local/lib/python3.12/site-packages/airflow/example_dags/example_nested_branch_dag.py
[2024-05-05T02:05:50.602+0000] {processor.py:840} INFO - DAG(s) 'example_nested_branch_dag' retrieved from /home/airflow/.local/lib/python3.12/site-packages/airflow/example_dags/example_nested_branch_dag.py
[2024-05-05T02:05:50.627+0000] {logging_mixin.py:188} INFO - [2024-05-05T02:05:50.626+0000] {dag.py:3096} INFO - Sync 1 DAGs
[2024-05-05T02:05:50.651+0000] {logging_mixin.py:188} INFO - [2024-05-05T02:05:50.651+0000] {dag.py:3954} INFO - Setting next_dagrun for example_nested_branch_dag to 2024-05-04 00:00:00+00:00, run_after=2024-05-05 00:00:00+00:00
[2024-05-05T02:05:50.677+0000] {processor.py:183} INFO - Processing /home/airflow/.local/lib/python3.12/site-packages/airflow/example_dags/example_nested_branch_dag.py took 0.095 seconds
[2024-05-05T02:06:21.841+0000] {processor.py:161} INFO - Started process (PID=317) to work on /home/airflow/.local/lib/python3.12/site-packages/airflow/example_dags/example_nested_branch_dag.py
[2024-05-05T02:06:21.842+0000] {processor.py:830} INFO - Processing file /home/airflow/.local/lib/python3.12/site-packages/airflow/example_dags/example_nested_branch_dag.py for tasks to queue
[2024-05-05T02:06:21.844+0000] {logging_mixin.py:188} INFO - [2024-05-05T02:06:21.844+0000] {dagbag.py:540} INFO - Filling up the DagBag from /home/airflow/.local/lib/python3.12/site-packages/airflow/example_dags/example_nested_branch_dag.py
[2024-05-05T02:06:21.859+0000] {processor.py:840} INFO - DAG(s) 'example_nested_branch_dag' retrieved from /home/airflow/.local/lib/python3.12/site-packages/airflow/example_dags/example_nested_branch_dag.py
[2024-05-05T02:06:21.889+0000] {logging_mixin.py:188} INFO - [2024-05-05T02:06:21.888+0000] {dag.py:3096} INFO - Sync 1 DAGs
[2024-05-05T02:06:21.924+0000] {logging_mixin.py:188} INFO - [2024-05-05T02:06:21.924+0000] {dag.py:3954} INFO - Setting next_dagrun for example_nested_branch_dag to 2024-05-04 00:00:00+00:00, run_after=2024-05-05 00:00:00+00:00
[2024-05-05T02:06:21.952+0000] {processor.py:183} INFO - Processing /home/airflow/.local/lib/python3.12/site-packages/airflow/example_dags/example_nested_branch_dag.py took 0.119 seconds
[2024-05-05T02:06:52.622+0000] {processor.py:161} INFO - Started process (PID=377) to work on /home/airflow/.local/lib/python3.12/site-packages/airflow/example_dags/example_nested_branch_dag.py
[2024-05-05T02:06:52.623+0000] {processor.py:830} INFO - Processing file /home/airflow/.local/lib/python3.12/site-packages/airflow/example_dags/example_nested_branch_dag.py for tasks to queue
[2024-05-05T02:06:52.625+0000] {logging_mixin.py:188} INFO - [2024-05-05T02:06:52.625+0000] {dagbag.py:540} INFO - Filling up the DagBag from /home/airflow/.local/lib/python3.12/site-packages/airflow/example_dags/example_nested_branch_dag.py
[2024-05-05T02:06:52.637+0000] {processor.py:840} INFO - DAG(s) 'example_nested_branch_dag' retrieved from /home/airflow/.local/lib/python3.12/site-packages/airflow/example_dags/example_nested_branch_dag.py
[2024-05-05T02:06:52.663+0000] {logging_mixin.py:188} INFO - [2024-05-05T02:06:52.663+0000] {dag.py:3096} INFO - Sync 1 DAGs
[2024-05-05T02:06:52.694+0000] {logging_mixin.py:188} INFO - [2024-05-05T02:06:52.693+0000] {dag.py:3954} INFO - Setting next_dagrun for example_nested_branch_dag to 2024-05-04 00:00:00+00:00, run_after=2024-05-05 00:00:00+00:00
[2024-05-05T02:06:52.721+0000] {processor.py:183} INFO - Processing /home/airflow/.local/lib/python3.12/site-packages/airflow/example_dags/example_nested_branch_dag.py took 0.105 seconds
