[2024-05-05T01:30:30.922+0000] {processor.py:161} INFO - Started process (PID=42) to work on /home/airflow/.local/lib/python3.12/site-packages/airflow/example_dags/example_short_circuit_operator.py
[2024-05-05T01:30:30.927+0000] {processor.py:830} INFO - Processing file /home/airflow/.local/lib/python3.12/site-packages/airflow/example_dags/example_short_circuit_operator.py for tasks to queue
[2024-05-05T01:30:30.932+0000] {logging_mixin.py:188} INFO - [2024-05-05T01:30:30.931+0000] {dagbag.py:540} INFO - Filling up the DagBag from /home/airflow/.local/lib/python3.12/site-packages/airflow/example_dags/example_short_circuit_operator.py
[2024-05-05T01:30:30.953+0000] {processor.py:840} INFO - DAG(s) 'example_short_circuit_operator' retrieved from /home/airflow/.local/lib/python3.12/site-packages/airflow/example_dags/example_short_circuit_operator.py
[2024-05-05T01:30:31.151+0000] {logging_mixin.py:188} INFO - [2024-05-05T01:30:31.150+0000] {dag.py:3096} INFO - Sync 1 DAGs
[2024-05-05T01:30:31.193+0000] {logging_mixin.py:188} INFO - [2024-05-05T01:30:31.193+0000] {dag.py:3954} INFO - Setting next_dagrun for example_short_circuit_operator to 2024-05-04 00:00:00+00:00, run_after=2024-05-05 00:00:00+00:00
[2024-05-05T01:30:31.228+0000] {processor.py:183} INFO - Processing /home/airflow/.local/lib/python3.12/site-packages/airflow/example_dags/example_short_circuit_operator.py took 0.314 seconds
[2024-05-05T01:31:01.355+0000] {processor.py:161} INFO - Started process (PID=102) to work on /home/airflow/.local/lib/python3.12/site-packages/airflow/example_dags/example_short_circuit_operator.py
[2024-05-05T01:31:01.357+0000] {processor.py:830} INFO - Processing file /home/airflow/.local/lib/python3.12/site-packages/airflow/example_dags/example_short_circuit_operator.py for tasks to queue
[2024-05-05T01:31:01.360+0000] {logging_mixin.py:188} INFO - [2024-05-05T01:31:01.359+0000] {dagbag.py:540} INFO - Filling up the DagBag from /home/airflow/.local/lib/python3.12/site-packages/airflow/example_dags/example_short_circuit_operator.py
[2024-05-05T01:31:01.372+0000] {processor.py:840} INFO - DAG(s) 'example_short_circuit_operator' retrieved from /home/airflow/.local/lib/python3.12/site-packages/airflow/example_dags/example_short_circuit_operator.py
[2024-05-05T01:31:01.398+0000] {logging_mixin.py:188} INFO - [2024-05-05T01:31:01.398+0000] {dag.py:3096} INFO - Sync 1 DAGs
[2024-05-05T01:31:01.420+0000] {logging_mixin.py:188} INFO - [2024-05-05T01:31:01.420+0000] {dag.py:3954} INFO - Setting next_dagrun for example_short_circuit_operator to 2024-05-04 00:00:00+00:00, run_after=2024-05-05 00:00:00+00:00
[2024-05-05T01:31:01.442+0000] {processor.py:183} INFO - Processing /home/airflow/.local/lib/python3.12/site-packages/airflow/example_dags/example_short_circuit_operator.py took 0.095 seconds
[2024-05-05T01:31:31.541+0000] {processor.py:161} INFO - Started process (PID=162) to work on /home/airflow/.local/lib/python3.12/site-packages/airflow/example_dags/example_short_circuit_operator.py
[2024-05-05T01:31:31.542+0000] {processor.py:830} INFO - Processing file /home/airflow/.local/lib/python3.12/site-packages/airflow/example_dags/example_short_circuit_operator.py for tasks to queue
[2024-05-05T01:31:31.544+0000] {logging_mixin.py:188} INFO - [2024-05-05T01:31:31.544+0000] {dagbag.py:540} INFO - Filling up the DagBag from /home/airflow/.local/lib/python3.12/site-packages/airflow/example_dags/example_short_circuit_operator.py
[2024-05-05T01:31:31.551+0000] {processor.py:840} INFO - DAG(s) 'example_short_circuit_operator' retrieved from /home/airflow/.local/lib/python3.12/site-packages/airflow/example_dags/example_short_circuit_operator.py
[2024-05-05T01:31:31.573+0000] {logging_mixin.py:188} INFO - [2024-05-05T01:31:31.573+0000] {dag.py:3096} INFO - Sync 1 DAGs
[2024-05-05T01:31:31.595+0000] {logging_mixin.py:188} INFO - [2024-05-05T01:31:31.594+0000] {dag.py:3954} INFO - Setting next_dagrun for example_short_circuit_operator to 2024-05-04 00:00:00+00:00, run_after=2024-05-05 00:00:00+00:00
[2024-05-05T01:31:31.615+0000] {processor.py:183} INFO - Processing /home/airflow/.local/lib/python3.12/site-packages/airflow/example_dags/example_short_circuit_operator.py took 0.080 seconds
[2024-05-05T01:32:01.893+0000] {processor.py:161} INFO - Started process (PID=222) to work on /home/airflow/.local/lib/python3.12/site-packages/airflow/example_dags/example_short_circuit_operator.py
[2024-05-05T01:32:01.895+0000] {processor.py:830} INFO - Processing file /home/airflow/.local/lib/python3.12/site-packages/airflow/example_dags/example_short_circuit_operator.py for tasks to queue
[2024-05-05T01:32:01.897+0000] {logging_mixin.py:188} INFO - [2024-05-05T01:32:01.896+0000] {dagbag.py:540} INFO - Filling up the DagBag from /home/airflow/.local/lib/python3.12/site-packages/airflow/example_dags/example_short_circuit_operator.py
[2024-05-05T01:32:01.904+0000] {processor.py:840} INFO - DAG(s) 'example_short_circuit_operator' retrieved from /home/airflow/.local/lib/python3.12/site-packages/airflow/example_dags/example_short_circuit_operator.py
[2024-05-05T01:32:01.932+0000] {logging_mixin.py:188} INFO - [2024-05-05T01:32:01.932+0000] {dag.py:3096} INFO - Sync 1 DAGs
[2024-05-05T01:32:01.958+0000] {logging_mixin.py:188} INFO - [2024-05-05T01:32:01.957+0000] {dag.py:3954} INFO - Setting next_dagrun for example_short_circuit_operator to 2024-05-04 00:00:00+00:00, run_after=2024-05-05 00:00:00+00:00
[2024-05-05T01:32:01.982+0000] {processor.py:183} INFO - Processing /home/airflow/.local/lib/python3.12/site-packages/airflow/example_dags/example_short_circuit_operator.py took 0.095 seconds
[2024-05-05T01:32:32.193+0000] {processor.py:161} INFO - Started process (PID=283) to work on /home/airflow/.local/lib/python3.12/site-packages/airflow/example_dags/example_short_circuit_operator.py
[2024-05-05T01:32:32.194+0000] {processor.py:830} INFO - Processing file /home/airflow/.local/lib/python3.12/site-packages/airflow/example_dags/example_short_circuit_operator.py for tasks to queue
[2024-05-05T01:32:32.197+0000] {logging_mixin.py:188} INFO - [2024-05-05T01:32:32.196+0000] {dagbag.py:540} INFO - Filling up the DagBag from /home/airflow/.local/lib/python3.12/site-packages/airflow/example_dags/example_short_circuit_operator.py
[2024-05-05T01:32:32.205+0000] {processor.py:840} INFO - DAG(s) 'example_short_circuit_operator' retrieved from /home/airflow/.local/lib/python3.12/site-packages/airflow/example_dags/example_short_circuit_operator.py
[2024-05-05T01:32:32.231+0000] {logging_mixin.py:188} INFO - [2024-05-05T01:32:32.231+0000] {dag.py:3096} INFO - Sync 1 DAGs
[2024-05-05T01:32:32.254+0000] {logging_mixin.py:188} INFO - [2024-05-05T01:32:32.254+0000] {dag.py:3954} INFO - Setting next_dagrun for example_short_circuit_operator to 2024-05-04 00:00:00+00:00, run_after=2024-05-05 00:00:00+00:00
[2024-05-05T01:32:32.275+0000] {processor.py:183} INFO - Processing /home/airflow/.local/lib/python3.12/site-packages/airflow/example_dags/example_short_circuit_operator.py took 0.088 seconds
[2024-05-05T01:33:02.870+0000] {processor.py:161} INFO - Started process (PID=343) to work on /home/airflow/.local/lib/python3.12/site-packages/airflow/example_dags/example_short_circuit_operator.py
[2024-05-05T01:33:02.872+0000] {processor.py:830} INFO - Processing file /home/airflow/.local/lib/python3.12/site-packages/airflow/example_dags/example_short_circuit_operator.py for tasks to queue
[2024-05-05T01:33:02.880+0000] {logging_mixin.py:188} INFO - [2024-05-05T01:33:02.878+0000] {dagbag.py:540} INFO - Filling up the DagBag from /home/airflow/.local/lib/python3.12/site-packages/airflow/example_dags/example_short_circuit_operator.py
[2024-05-05T01:33:02.900+0000] {processor.py:840} INFO - DAG(s) 'example_short_circuit_operator' retrieved from /home/airflow/.local/lib/python3.12/site-packages/airflow/example_dags/example_short_circuit_operator.py
[2024-05-05T01:33:02.946+0000] {logging_mixin.py:188} INFO - [2024-05-05T01:33:02.945+0000] {dag.py:3096} INFO - Sync 1 DAGs
[2024-05-05T01:33:02.987+0000] {logging_mixin.py:188} INFO - [2024-05-05T01:33:02.987+0000] {dag.py:3954} INFO - Setting next_dagrun for example_short_circuit_operator to 2024-05-04 00:00:00+00:00, run_after=2024-05-05 00:00:00+00:00
[2024-05-05T01:33:03.016+0000] {processor.py:183} INFO - Processing /home/airflow/.local/lib/python3.12/site-packages/airflow/example_dags/example_short_circuit_operator.py took 0.163 seconds
[2024-05-05T01:33:33.111+0000] {processor.py:161} INFO - Started process (PID=403) to work on /home/airflow/.local/lib/python3.12/site-packages/airflow/example_dags/example_short_circuit_operator.py
[2024-05-05T01:33:33.112+0000] {processor.py:830} INFO - Processing file /home/airflow/.local/lib/python3.12/site-packages/airflow/example_dags/example_short_circuit_operator.py for tasks to queue
[2024-05-05T01:33:33.115+0000] {logging_mixin.py:188} INFO - [2024-05-05T01:33:33.114+0000] {dagbag.py:540} INFO - Filling up the DagBag from /home/airflow/.local/lib/python3.12/site-packages/airflow/example_dags/example_short_circuit_operator.py
[2024-05-05T01:33:33.122+0000] {processor.py:840} INFO - DAG(s) 'example_short_circuit_operator' retrieved from /home/airflow/.local/lib/python3.12/site-packages/airflow/example_dags/example_short_circuit_operator.py
[2024-05-05T01:33:33.146+0000] {logging_mixin.py:188} INFO - [2024-05-05T01:33:33.146+0000] {dag.py:3096} INFO - Sync 1 DAGs
[2024-05-05T01:33:33.168+0000] {logging_mixin.py:188} INFO - [2024-05-05T01:33:33.168+0000] {dag.py:3954} INFO - Setting next_dagrun for example_short_circuit_operator to 2024-05-04 00:00:00+00:00, run_after=2024-05-05 00:00:00+00:00
[2024-05-05T01:33:33.192+0000] {processor.py:183} INFO - Processing /home/airflow/.local/lib/python3.12/site-packages/airflow/example_dags/example_short_circuit_operator.py took 0.086 seconds
[2024-05-05T01:34:03.463+0000] {processor.py:161} INFO - Started process (PID=463) to work on /home/airflow/.local/lib/python3.12/site-packages/airflow/example_dags/example_short_circuit_operator.py
[2024-05-05T01:34:03.465+0000] {processor.py:830} INFO - Processing file /home/airflow/.local/lib/python3.12/site-packages/airflow/example_dags/example_short_circuit_operator.py for tasks to queue
[2024-05-05T01:34:03.467+0000] {logging_mixin.py:188} INFO - [2024-05-05T01:34:03.466+0000] {dagbag.py:540} INFO - Filling up the DagBag from /home/airflow/.local/lib/python3.12/site-packages/airflow/example_dags/example_short_circuit_operator.py
[2024-05-05T01:34:03.474+0000] {processor.py:840} INFO - DAG(s) 'example_short_circuit_operator' retrieved from /home/airflow/.local/lib/python3.12/site-packages/airflow/example_dags/example_short_circuit_operator.py
[2024-05-05T01:34:03.497+0000] {logging_mixin.py:188} INFO - [2024-05-05T01:34:03.497+0000] {dag.py:3096} INFO - Sync 1 DAGs
[2024-05-05T01:34:03.520+0000] {logging_mixin.py:188} INFO - [2024-05-05T01:34:03.520+0000] {dag.py:3954} INFO - Setting next_dagrun for example_short_circuit_operator to 2024-05-04 00:00:00+00:00, run_after=2024-05-05 00:00:00+00:00
[2024-05-05T01:34:03.545+0000] {processor.py:183} INFO - Processing /home/airflow/.local/lib/python3.12/site-packages/airflow/example_dags/example_short_circuit_operator.py took 0.087 seconds
[2024-05-05T01:34:33.857+0000] {processor.py:161} INFO - Started process (PID=523) to work on /home/airflow/.local/lib/python3.12/site-packages/airflow/example_dags/example_short_circuit_operator.py
[2024-05-05T01:34:33.858+0000] {processor.py:830} INFO - Processing file /home/airflow/.local/lib/python3.12/site-packages/airflow/example_dags/example_short_circuit_operator.py for tasks to queue
[2024-05-05T01:34:33.861+0000] {logging_mixin.py:188} INFO - [2024-05-05T01:34:33.861+0000] {dagbag.py:540} INFO - Filling up the DagBag from /home/airflow/.local/lib/python3.12/site-packages/airflow/example_dags/example_short_circuit_operator.py
[2024-05-05T01:34:33.871+0000] {processor.py:840} INFO - DAG(s) 'example_short_circuit_operator' retrieved from /home/airflow/.local/lib/python3.12/site-packages/airflow/example_dags/example_short_circuit_operator.py
[2024-05-05T01:34:33.900+0000] {logging_mixin.py:188} INFO - [2024-05-05T01:34:33.900+0000] {dag.py:3096} INFO - Sync 1 DAGs
[2024-05-05T01:34:33.923+0000] {logging_mixin.py:188} INFO - [2024-05-05T01:34:33.923+0000] {dag.py:3954} INFO - Setting next_dagrun for example_short_circuit_operator to 2024-05-04 00:00:00+00:00, run_after=2024-05-05 00:00:00+00:00
[2024-05-05T01:34:33.943+0000] {processor.py:183} INFO - Processing /home/airflow/.local/lib/python3.12/site-packages/airflow/example_dags/example_short_circuit_operator.py took 0.094 seconds
[2024-05-05T01:35:04.341+0000] {processor.py:161} INFO - Started process (PID=583) to work on /home/airflow/.local/lib/python3.12/site-packages/airflow/example_dags/example_short_circuit_operator.py
[2024-05-05T01:35:04.342+0000] {processor.py:830} INFO - Processing file /home/airflow/.local/lib/python3.12/site-packages/airflow/example_dags/example_short_circuit_operator.py for tasks to queue
[2024-05-05T01:35:04.344+0000] {logging_mixin.py:188} INFO - [2024-05-05T01:35:04.344+0000] {dagbag.py:540} INFO - Filling up the DagBag from /home/airflow/.local/lib/python3.12/site-packages/airflow/example_dags/example_short_circuit_operator.py
[2024-05-05T01:35:04.352+0000] {processor.py:840} INFO - DAG(s) 'example_short_circuit_operator' retrieved from /home/airflow/.local/lib/python3.12/site-packages/airflow/example_dags/example_short_circuit_operator.py
[2024-05-05T01:35:04.380+0000] {logging_mixin.py:188} INFO - [2024-05-05T01:35:04.380+0000] {dag.py:3096} INFO - Sync 1 DAGs
[2024-05-05T01:35:04.406+0000] {logging_mixin.py:188} INFO - [2024-05-05T01:35:04.406+0000] {dag.py:3954} INFO - Setting next_dagrun for example_short_circuit_operator to 2024-05-04 00:00:00+00:00, run_after=2024-05-05 00:00:00+00:00
[2024-05-05T01:35:04.434+0000] {processor.py:183} INFO - Processing /home/airflow/.local/lib/python3.12/site-packages/airflow/example_dags/example_short_circuit_operator.py took 0.100 seconds
[2024-05-05T01:35:34.968+0000] {processor.py:161} INFO - Started process (PID=643) to work on /home/airflow/.local/lib/python3.12/site-packages/airflow/example_dags/example_short_circuit_operator.py
[2024-05-05T01:35:34.970+0000] {processor.py:830} INFO - Processing file /home/airflow/.local/lib/python3.12/site-packages/airflow/example_dags/example_short_circuit_operator.py for tasks to queue
[2024-05-05T01:35:34.972+0000] {logging_mixin.py:188} INFO - [2024-05-05T01:35:34.972+0000] {dagbag.py:540} INFO - Filling up the DagBag from /home/airflow/.local/lib/python3.12/site-packages/airflow/example_dags/example_short_circuit_operator.py
[2024-05-05T01:35:34.982+0000] {processor.py:840} INFO - DAG(s) 'example_short_circuit_operator' retrieved from /home/airflow/.local/lib/python3.12/site-packages/airflow/example_dags/example_short_circuit_operator.py
[2024-05-05T01:35:35.008+0000] {logging_mixin.py:188} INFO - [2024-05-05T01:35:35.008+0000] {dag.py:3096} INFO - Sync 1 DAGs
[2024-05-05T01:35:35.033+0000] {logging_mixin.py:188} INFO - [2024-05-05T01:35:35.032+0000] {dag.py:3954} INFO - Setting next_dagrun for example_short_circuit_operator to 2024-05-04 00:00:00+00:00, run_after=2024-05-05 00:00:00+00:00
[2024-05-05T01:35:35.057+0000] {processor.py:183} INFO - Processing /home/airflow/.local/lib/python3.12/site-packages/airflow/example_dags/example_short_circuit_operator.py took 0.095 seconds
[2024-05-05T02:04:13.806+0000] {processor.py:161} INFO - Started process (PID=40) to work on /home/airflow/.local/lib/python3.12/site-packages/airflow/example_dags/example_short_circuit_operator.py
[2024-05-05T02:04:13.807+0000] {processor.py:830} INFO - Processing file /home/airflow/.local/lib/python3.12/site-packages/airflow/example_dags/example_short_circuit_operator.py for tasks to queue
[2024-05-05T02:04:13.810+0000] {logging_mixin.py:188} INFO - [2024-05-05T02:04:13.810+0000] {dagbag.py:540} INFO - Filling up the DagBag from /home/airflow/.local/lib/python3.12/site-packages/airflow/example_dags/example_short_circuit_operator.py
[2024-05-05T02:04:13.829+0000] {processor.py:840} INFO - DAG(s) 'example_short_circuit_operator' retrieved from /home/airflow/.local/lib/python3.12/site-packages/airflow/example_dags/example_short_circuit_operator.py
[2024-05-05T02:04:13.989+0000] {logging_mixin.py:188} INFO - [2024-05-05T02:04:13.988+0000] {dag.py:3096} INFO - Sync 1 DAGs
[2024-05-05T02:04:14.021+0000] {logging_mixin.py:188} INFO - [2024-05-05T02:04:14.021+0000] {dag.py:3954} INFO - Setting next_dagrun for example_short_circuit_operator to 2024-05-04 00:00:00+00:00, run_after=2024-05-05 00:00:00+00:00
[2024-05-05T02:04:14.050+0000] {processor.py:183} INFO - Processing /home/airflow/.local/lib/python3.12/site-packages/airflow/example_dags/example_short_circuit_operator.py took 0.252 seconds
[2024-05-05T02:04:44.555+0000] {processor.py:161} INFO - Started process (PID=100) to work on /home/airflow/.local/lib/python3.12/site-packages/airflow/example_dags/example_short_circuit_operator.py
[2024-05-05T02:04:44.556+0000] {processor.py:830} INFO - Processing file /home/airflow/.local/lib/python3.12/site-packages/airflow/example_dags/example_short_circuit_operator.py for tasks to queue
[2024-05-05T02:04:44.558+0000] {logging_mixin.py:188} INFO - [2024-05-05T02:04:44.558+0000] {dagbag.py:540} INFO - Filling up the DagBag from /home/airflow/.local/lib/python3.12/site-packages/airflow/example_dags/example_short_circuit_operator.py
[2024-05-05T02:04:44.567+0000] {processor.py:840} INFO - DAG(s) 'example_short_circuit_operator' retrieved from /home/airflow/.local/lib/python3.12/site-packages/airflow/example_dags/example_short_circuit_operator.py
[2024-05-05T02:04:44.592+0000] {logging_mixin.py:188} INFO - [2024-05-05T02:04:44.591+0000] {dag.py:3096} INFO - Sync 1 DAGs
[2024-05-05T02:04:44.617+0000] {logging_mixin.py:188} INFO - [2024-05-05T02:04:44.617+0000] {dag.py:3954} INFO - Setting next_dagrun for example_short_circuit_operator to 2024-05-04 00:00:00+00:00, run_after=2024-05-05 00:00:00+00:00
[2024-05-05T02:04:44.640+0000] {processor.py:183} INFO - Processing /home/airflow/.local/lib/python3.12/site-packages/airflow/example_dags/example_short_circuit_operator.py took 0.092 seconds
[2024-05-05T02:05:14.816+0000] {processor.py:161} INFO - Started process (PID=160) to work on /home/airflow/.local/lib/python3.12/site-packages/airflow/example_dags/example_short_circuit_operator.py
[2024-05-05T02:05:14.817+0000] {processor.py:830} INFO - Processing file /home/airflow/.local/lib/python3.12/site-packages/airflow/example_dags/example_short_circuit_operator.py for tasks to queue
[2024-05-05T02:05:14.820+0000] {logging_mixin.py:188} INFO - [2024-05-05T02:05:14.819+0000] {dagbag.py:540} INFO - Filling up the DagBag from /home/airflow/.local/lib/python3.12/site-packages/airflow/example_dags/example_short_circuit_operator.py
[2024-05-05T02:05:14.827+0000] {processor.py:840} INFO - DAG(s) 'example_short_circuit_operator' retrieved from /home/airflow/.local/lib/python3.12/site-packages/airflow/example_dags/example_short_circuit_operator.py
[2024-05-05T02:05:14.857+0000] {logging_mixin.py:188} INFO - [2024-05-05T02:05:14.857+0000] {dag.py:3096} INFO - Sync 1 DAGs
[2024-05-05T02:05:14.886+0000] {logging_mixin.py:188} INFO - [2024-05-05T02:05:14.886+0000] {dag.py:3954} INFO - Setting next_dagrun for example_short_circuit_operator to 2024-05-04 00:00:00+00:00, run_after=2024-05-05 00:00:00+00:00
[2024-05-05T02:05:14.909+0000] {processor.py:183} INFO - Processing /home/airflow/.local/lib/python3.12/site-packages/airflow/example_dags/example_short_circuit_operator.py took 0.100 seconds
[2024-05-05T02:05:45.461+0000] {processor.py:161} INFO - Started process (PID=220) to work on /home/airflow/.local/lib/python3.12/site-packages/airflow/example_dags/example_short_circuit_operator.py
[2024-05-05T02:05:45.462+0000] {processor.py:830} INFO - Processing file /home/airflow/.local/lib/python3.12/site-packages/airflow/example_dags/example_short_circuit_operator.py for tasks to queue
[2024-05-05T02:05:45.466+0000] {logging_mixin.py:188} INFO - [2024-05-05T02:05:45.465+0000] {dagbag.py:540} INFO - Filling up the DagBag from /home/airflow/.local/lib/python3.12/site-packages/airflow/example_dags/example_short_circuit_operator.py
[2024-05-05T02:05:45.474+0000] {processor.py:840} INFO - DAG(s) 'example_short_circuit_operator' retrieved from /home/airflow/.local/lib/python3.12/site-packages/airflow/example_dags/example_short_circuit_operator.py
[2024-05-05T02:05:45.502+0000] {logging_mixin.py:188} INFO - [2024-05-05T02:05:45.501+0000] {dag.py:3096} INFO - Sync 1 DAGs
[2024-05-05T02:05:45.528+0000] {logging_mixin.py:188} INFO - [2024-05-05T02:05:45.528+0000] {dag.py:3954} INFO - Setting next_dagrun for example_short_circuit_operator to 2024-05-04 00:00:00+00:00, run_after=2024-05-05 00:00:00+00:00
[2024-05-05T02:05:45.554+0000] {processor.py:183} INFO - Processing /home/airflow/.local/lib/python3.12/site-packages/airflow/example_dags/example_short_circuit_operator.py took 0.099 seconds
[2024-05-05T02:06:15.889+0000] {processor.py:161} INFO - Started process (PID=280) to work on /home/airflow/.local/lib/python3.12/site-packages/airflow/example_dags/example_short_circuit_operator.py
[2024-05-05T02:06:15.890+0000] {processor.py:830} INFO - Processing file /home/airflow/.local/lib/python3.12/site-packages/airflow/example_dags/example_short_circuit_operator.py for tasks to queue
[2024-05-05T02:06:15.892+0000] {logging_mixin.py:188} INFO - [2024-05-05T02:06:15.892+0000] {dagbag.py:540} INFO - Filling up the DagBag from /home/airflow/.local/lib/python3.12/site-packages/airflow/example_dags/example_short_circuit_operator.py
[2024-05-05T02:06:15.900+0000] {processor.py:840} INFO - DAG(s) 'example_short_circuit_operator' retrieved from /home/airflow/.local/lib/python3.12/site-packages/airflow/example_dags/example_short_circuit_operator.py
[2024-05-05T02:06:15.936+0000] {logging_mixin.py:188} INFO - [2024-05-05T02:06:15.935+0000] {dag.py:3096} INFO - Sync 1 DAGs
[2024-05-05T02:06:15.962+0000] {logging_mixin.py:188} INFO - [2024-05-05T02:06:15.961+0000] {dag.py:3954} INFO - Setting next_dagrun for example_short_circuit_operator to 2024-05-04 00:00:00+00:00, run_after=2024-05-05 00:00:00+00:00
[2024-05-05T02:06:15.983+0000] {processor.py:183} INFO - Processing /home/airflow/.local/lib/python3.12/site-packages/airflow/example_dags/example_short_circuit_operator.py took 0.100 seconds
[2024-05-05T02:06:46.194+0000] {processor.py:161} INFO - Started process (PID=340) to work on /home/airflow/.local/lib/python3.12/site-packages/airflow/example_dags/example_short_circuit_operator.py
[2024-05-05T02:06:46.195+0000] {processor.py:830} INFO - Processing file /home/airflow/.local/lib/python3.12/site-packages/airflow/example_dags/example_short_circuit_operator.py for tasks to queue
[2024-05-05T02:06:46.198+0000] {logging_mixin.py:188} INFO - [2024-05-05T02:06:46.198+0000] {dagbag.py:540} INFO - Filling up the DagBag from /home/airflow/.local/lib/python3.12/site-packages/airflow/example_dags/example_short_circuit_operator.py
[2024-05-05T02:06:46.207+0000] {processor.py:840} INFO - DAG(s) 'example_short_circuit_operator' retrieved from /home/airflow/.local/lib/python3.12/site-packages/airflow/example_dags/example_short_circuit_operator.py
[2024-05-05T02:06:46.231+0000] {logging_mixin.py:188} INFO - [2024-05-05T02:06:46.231+0000] {dag.py:3096} INFO - Sync 1 DAGs
[2024-05-05T02:06:46.255+0000] {logging_mixin.py:188} INFO - [2024-05-05T02:06:46.255+0000] {dag.py:3954} INFO - Setting next_dagrun for example_short_circuit_operator to 2024-05-04 00:00:00+00:00, run_after=2024-05-05 00:00:00+00:00
[2024-05-05T02:06:46.276+0000] {processor.py:183} INFO - Processing /home/airflow/.local/lib/python3.12/site-packages/airflow/example_dags/example_short_circuit_operator.py took 0.089 seconds
