[2024-05-05T01:30:30.869+0000] {processor.py:161} INFO - Started process (PID=41) to work on /home/airflow/.local/lib/python3.12/site-packages/airflow/example_dags/example_python_operator.py
[2024-05-05T01:30:30.871+0000] {processor.py:830} INFO - Processing file /home/airflow/.local/lib/python3.12/site-packages/airflow/example_dags/example_python_operator.py for tasks to queue
[2024-05-05T01:30:30.874+0000] {logging_mixin.py:188} INFO - [2024-05-05T01:30:30.874+0000] {dagbag.py:540} INFO - Filling up the DagBag from /home/airflow/.local/lib/python3.12/site-packages/airflow/example_dags/example_python_operator.py
[2024-05-05T01:30:30.897+0000] {processor.py:840} INFO - DAG(s) 'example_python_operator' retrieved from /home/airflow/.local/lib/python3.12/site-packages/airflow/example_dags/example_python_operator.py
[2024-05-05T01:30:31.102+0000] {logging_mixin.py:188} INFO - [2024-05-05T01:30:31.102+0000] {dag.py:3096} INFO - Sync 1 DAGs
[2024-05-05T01:30:31.125+0000] {logging_mixin.py:188} INFO - [2024-05-05T01:30:31.124+0000] {dag.py:3954} INFO - Setting next_dagrun for example_python_operator to None, run_after=None
[2024-05-05T01:30:31.158+0000] {processor.py:183} INFO - Processing /home/airflow/.local/lib/python3.12/site-packages/airflow/example_dags/example_python_operator.py took 0.298 seconds
[2024-05-05T01:31:01.248+0000] {processor.py:161} INFO - Started process (PID=101) to work on /home/airflow/.local/lib/python3.12/site-packages/airflow/example_dags/example_python_operator.py
[2024-05-05T01:31:01.249+0000] {processor.py:830} INFO - Processing file /home/airflow/.local/lib/python3.12/site-packages/airflow/example_dags/example_python_operator.py for tasks to queue
[2024-05-05T01:31:01.251+0000] {logging_mixin.py:188} INFO - [2024-05-05T01:31:01.251+0000] {dagbag.py:540} INFO - Filling up the DagBag from /home/airflow/.local/lib/python3.12/site-packages/airflow/example_dags/example_python_operator.py
[2024-05-05T01:31:01.261+0000] {processor.py:840} INFO - DAG(s) 'example_python_operator' retrieved from /home/airflow/.local/lib/python3.12/site-packages/airflow/example_dags/example_python_operator.py
[2024-05-05T01:31:01.283+0000] {logging_mixin.py:188} INFO - [2024-05-05T01:31:01.283+0000] {dag.py:3096} INFO - Sync 1 DAGs
[2024-05-05T01:31:01.297+0000] {logging_mixin.py:188} INFO - [2024-05-05T01:31:01.296+0000] {dag.py:3954} INFO - Setting next_dagrun for example_python_operator to None, run_after=None
[2024-05-05T01:31:01.316+0000] {processor.py:183} INFO - Processing /home/airflow/.local/lib/python3.12/site-packages/airflow/example_dags/example_python_operator.py took 0.074 seconds
[2024-05-05T01:31:31.435+0000] {processor.py:161} INFO - Started process (PID=161) to work on /home/airflow/.local/lib/python3.12/site-packages/airflow/example_dags/example_python_operator.py
[2024-05-05T01:31:31.437+0000] {processor.py:830} INFO - Processing file /home/airflow/.local/lib/python3.12/site-packages/airflow/example_dags/example_python_operator.py for tasks to queue
[2024-05-05T01:31:31.439+0000] {logging_mixin.py:188} INFO - [2024-05-05T01:31:31.439+0000] {dagbag.py:540} INFO - Filling up the DagBag from /home/airflow/.local/lib/python3.12/site-packages/airflow/example_dags/example_python_operator.py
[2024-05-05T01:31:31.450+0000] {processor.py:840} INFO - DAG(s) 'example_python_operator' retrieved from /home/airflow/.local/lib/python3.12/site-packages/airflow/example_dags/example_python_operator.py
[2024-05-05T01:31:31.473+0000] {logging_mixin.py:188} INFO - [2024-05-05T01:31:31.472+0000] {dag.py:3096} INFO - Sync 1 DAGs
[2024-05-05T01:31:31.485+0000] {logging_mixin.py:188} INFO - [2024-05-05T01:31:31.485+0000] {dag.py:3954} INFO - Setting next_dagrun for example_python_operator to None, run_after=None
[2024-05-05T01:31:31.505+0000] {processor.py:183} INFO - Processing /home/airflow/.local/lib/python3.12/site-packages/airflow/example_dags/example_python_operator.py took 0.076 seconds
[2024-05-05T01:32:01.768+0000] {processor.py:161} INFO - Started process (PID=221) to work on /home/airflow/.local/lib/python3.12/site-packages/airflow/example_dags/example_python_operator.py
[2024-05-05T01:32:01.770+0000] {processor.py:830} INFO - Processing file /home/airflow/.local/lib/python3.12/site-packages/airflow/example_dags/example_python_operator.py for tasks to queue
[2024-05-05T01:32:01.772+0000] {logging_mixin.py:188} INFO - [2024-05-05T01:32:01.771+0000] {dagbag.py:540} INFO - Filling up the DagBag from /home/airflow/.local/lib/python3.12/site-packages/airflow/example_dags/example_python_operator.py
[2024-05-05T01:32:01.784+0000] {processor.py:840} INFO - DAG(s) 'example_python_operator' retrieved from /home/airflow/.local/lib/python3.12/site-packages/airflow/example_dags/example_python_operator.py
[2024-05-05T01:32:01.812+0000] {logging_mixin.py:188} INFO - [2024-05-05T01:32:01.812+0000] {dag.py:3096} INFO - Sync 1 DAGs
[2024-05-05T01:32:01.827+0000] {logging_mixin.py:188} INFO - [2024-05-05T01:32:01.827+0000] {dag.py:3954} INFO - Setting next_dagrun for example_python_operator to None, run_after=None
[2024-05-05T01:32:01.854+0000] {processor.py:183} INFO - Processing /home/airflow/.local/lib/python3.12/site-packages/airflow/example_dags/example_python_operator.py took 0.093 seconds
[2024-05-05T01:32:32.138+0000] {processor.py:161} INFO - Started process (PID=282) to work on /home/airflow/.local/lib/python3.12/site-packages/airflow/example_dags/example_python_operator.py
[2024-05-05T01:32:32.139+0000] {processor.py:830} INFO - Processing file /home/airflow/.local/lib/python3.12/site-packages/airflow/example_dags/example_python_operator.py for tasks to queue
[2024-05-05T01:32:32.141+0000] {logging_mixin.py:188} INFO - [2024-05-05T01:32:32.141+0000] {dagbag.py:540} INFO - Filling up the DagBag from /home/airflow/.local/lib/python3.12/site-packages/airflow/example_dags/example_python_operator.py
[2024-05-05T01:32:32.151+0000] {processor.py:840} INFO - DAG(s) 'example_python_operator' retrieved from /home/airflow/.local/lib/python3.12/site-packages/airflow/example_dags/example_python_operator.py
[2024-05-05T01:32:32.176+0000] {logging_mixin.py:188} INFO - [2024-05-05T01:32:32.175+0000] {dag.py:3096} INFO - Sync 1 DAGs
[2024-05-05T01:32:32.190+0000] {logging_mixin.py:188} INFO - [2024-05-05T01:32:32.189+0000] {dag.py:3954} INFO - Setting next_dagrun for example_python_operator to None, run_after=None
[2024-05-05T01:32:32.213+0000] {processor.py:183} INFO - Processing /home/airflow/.local/lib/python3.12/site-packages/airflow/example_dags/example_python_operator.py took 0.081 seconds
[2024-05-05T01:33:02.643+0000] {processor.py:161} INFO - Started process (PID=342) to work on /home/airflow/.local/lib/python3.12/site-packages/airflow/example_dags/example_python_operator.py
[2024-05-05T01:33:02.645+0000] {processor.py:830} INFO - Processing file /home/airflow/.local/lib/python3.12/site-packages/airflow/example_dags/example_python_operator.py for tasks to queue
[2024-05-05T01:33:02.648+0000] {logging_mixin.py:188} INFO - [2024-05-05T01:33:02.648+0000] {dagbag.py:540} INFO - Filling up the DagBag from /home/airflow/.local/lib/python3.12/site-packages/airflow/example_dags/example_python_operator.py
[2024-05-05T01:33:02.680+0000] {processor.py:840} INFO - DAG(s) 'example_python_operator' retrieved from /home/airflow/.local/lib/python3.12/site-packages/airflow/example_dags/example_python_operator.py
[2024-05-05T01:33:02.743+0000] {logging_mixin.py:188} INFO - [2024-05-05T01:33:02.743+0000] {dag.py:3096} INFO - Sync 1 DAGs
[2024-05-05T01:33:02.782+0000] {logging_mixin.py:188} INFO - [2024-05-05T01:33:02.782+0000] {dag.py:3954} INFO - Setting next_dagrun for example_python_operator to None, run_after=None
[2024-05-05T01:33:02.837+0000] {processor.py:183} INFO - Processing /home/airflow/.local/lib/python3.12/site-packages/airflow/example_dags/example_python_operator.py took 0.203 seconds
[2024-05-05T01:33:33.022+0000] {processor.py:161} INFO - Started process (PID=402) to work on /home/airflow/.local/lib/python3.12/site-packages/airflow/example_dags/example_python_operator.py
[2024-05-05T01:33:33.023+0000] {processor.py:830} INFO - Processing file /home/airflow/.local/lib/python3.12/site-packages/airflow/example_dags/example_python_operator.py for tasks to queue
[2024-05-05T01:33:33.026+0000] {logging_mixin.py:188} INFO - [2024-05-05T01:33:33.026+0000] {dagbag.py:540} INFO - Filling up the DagBag from /home/airflow/.local/lib/python3.12/site-packages/airflow/example_dags/example_python_operator.py
[2024-05-05T01:33:33.036+0000] {processor.py:840} INFO - DAG(s) 'example_python_operator' retrieved from /home/airflow/.local/lib/python3.12/site-packages/airflow/example_dags/example_python_operator.py
[2024-05-05T01:33:33.061+0000] {logging_mixin.py:188} INFO - [2024-05-05T01:33:33.061+0000] {dag.py:3096} INFO - Sync 1 DAGs
[2024-05-05T01:33:33.075+0000] {logging_mixin.py:188} INFO - [2024-05-05T01:33:33.075+0000] {dag.py:3954} INFO - Setting next_dagrun for example_python_operator to None, run_after=None
[2024-05-05T01:33:33.098+0000] {processor.py:183} INFO - Processing /home/airflow/.local/lib/python3.12/site-packages/airflow/example_dags/example_python_operator.py took 0.082 seconds
[2024-05-05T01:34:03.342+0000] {processor.py:161} INFO - Started process (PID=462) to work on /home/airflow/.local/lib/python3.12/site-packages/airflow/example_dags/example_python_operator.py
[2024-05-05T01:34:03.343+0000] {processor.py:830} INFO - Processing file /home/airflow/.local/lib/python3.12/site-packages/airflow/example_dags/example_python_operator.py for tasks to queue
[2024-05-05T01:34:03.345+0000] {logging_mixin.py:188} INFO - [2024-05-05T01:34:03.345+0000] {dagbag.py:540} INFO - Filling up the DagBag from /home/airflow/.local/lib/python3.12/site-packages/airflow/example_dags/example_python_operator.py
[2024-05-05T01:34:03.357+0000] {processor.py:840} INFO - DAG(s) 'example_python_operator' retrieved from /home/airflow/.local/lib/python3.12/site-packages/airflow/example_dags/example_python_operator.py
[2024-05-05T01:34:03.382+0000] {logging_mixin.py:188} INFO - [2024-05-05T01:34:03.382+0000] {dag.py:3096} INFO - Sync 1 DAGs
[2024-05-05T01:34:03.395+0000] {logging_mixin.py:188} INFO - [2024-05-05T01:34:03.395+0000] {dag.py:3954} INFO - Setting next_dagrun for example_python_operator to None, run_after=None
[2024-05-05T01:34:03.418+0000] {processor.py:183} INFO - Processing /home/airflow/.local/lib/python3.12/site-packages/airflow/example_dags/example_python_operator.py took 0.081 seconds
[2024-05-05T01:34:33.777+0000] {processor.py:161} INFO - Started process (PID=522) to work on /home/airflow/.local/lib/python3.12/site-packages/airflow/example_dags/example_python_operator.py
[2024-05-05T01:34:33.778+0000] {processor.py:830} INFO - Processing file /home/airflow/.local/lib/python3.12/site-packages/airflow/example_dags/example_python_operator.py for tasks to queue
[2024-05-05T01:34:33.780+0000] {logging_mixin.py:188} INFO - [2024-05-05T01:34:33.780+0000] {dagbag.py:540} INFO - Filling up the DagBag from /home/airflow/.local/lib/python3.12/site-packages/airflow/example_dags/example_python_operator.py
[2024-05-05T01:34:33.791+0000] {processor.py:840} INFO - DAG(s) 'example_python_operator' retrieved from /home/airflow/.local/lib/python3.12/site-packages/airflow/example_dags/example_python_operator.py
[2024-05-05T01:34:33.817+0000] {logging_mixin.py:188} INFO - [2024-05-05T01:34:33.817+0000] {dag.py:3096} INFO - Sync 1 DAGs
[2024-05-05T01:34:33.834+0000] {logging_mixin.py:188} INFO - [2024-05-05T01:34:33.833+0000] {dag.py:3954} INFO - Setting next_dagrun for example_python_operator to None, run_after=None
[2024-05-05T01:34:33.871+0000] {processor.py:183} INFO - Processing /home/airflow/.local/lib/python3.12/site-packages/airflow/example_dags/example_python_operator.py took 0.101 seconds
[2024-05-05T01:35:04.260+0000] {processor.py:161} INFO - Started process (PID=582) to work on /home/airflow/.local/lib/python3.12/site-packages/airflow/example_dags/example_python_operator.py
[2024-05-05T01:35:04.261+0000] {processor.py:830} INFO - Processing file /home/airflow/.local/lib/python3.12/site-packages/airflow/example_dags/example_python_operator.py for tasks to queue
[2024-05-05T01:35:04.263+0000] {logging_mixin.py:188} INFO - [2024-05-05T01:35:04.263+0000] {dagbag.py:540} INFO - Filling up the DagBag from /home/airflow/.local/lib/python3.12/site-packages/airflow/example_dags/example_python_operator.py
[2024-05-05T01:35:04.274+0000] {processor.py:840} INFO - DAG(s) 'example_python_operator' retrieved from /home/airflow/.local/lib/python3.12/site-packages/airflow/example_dags/example_python_operator.py
[2024-05-05T01:35:04.301+0000] {logging_mixin.py:188} INFO - [2024-05-05T01:35:04.300+0000] {dag.py:3096} INFO - Sync 1 DAGs
[2024-05-05T01:35:04.318+0000] {logging_mixin.py:188} INFO - [2024-05-05T01:35:04.318+0000] {dag.py:3954} INFO - Setting next_dagrun for example_python_operator to None, run_after=None
[2024-05-05T01:35:04.347+0000] {processor.py:183} INFO - Processing /home/airflow/.local/lib/python3.12/site-packages/airflow/example_dags/example_python_operator.py took 0.092 seconds
[2024-05-05T01:35:34.858+0000] {processor.py:161} INFO - Started process (PID=642) to work on /home/airflow/.local/lib/python3.12/site-packages/airflow/example_dags/example_python_operator.py
[2024-05-05T01:35:34.859+0000] {processor.py:830} INFO - Processing file /home/airflow/.local/lib/python3.12/site-packages/airflow/example_dags/example_python_operator.py for tasks to queue
[2024-05-05T01:35:34.861+0000] {logging_mixin.py:188} INFO - [2024-05-05T01:35:34.861+0000] {dagbag.py:540} INFO - Filling up the DagBag from /home/airflow/.local/lib/python3.12/site-packages/airflow/example_dags/example_python_operator.py
[2024-05-05T01:35:34.873+0000] {processor.py:840} INFO - DAG(s) 'example_python_operator' retrieved from /home/airflow/.local/lib/python3.12/site-packages/airflow/example_dags/example_python_operator.py
[2024-05-05T01:35:34.898+0000] {logging_mixin.py:188} INFO - [2024-05-05T01:35:34.897+0000] {dag.py:3096} INFO - Sync 1 DAGs
[2024-05-05T01:35:34.917+0000] {logging_mixin.py:188} INFO - [2024-05-05T01:35:34.917+0000] {dag.py:3954} INFO - Setting next_dagrun for example_python_operator to None, run_after=None
[2024-05-05T01:35:34.944+0000] {processor.py:183} INFO - Processing /home/airflow/.local/lib/python3.12/site-packages/airflow/example_dags/example_python_operator.py took 0.092 seconds
[2024-05-05T02:04:13.776+0000] {processor.py:161} INFO - Started process (PID=39) to work on /home/airflow/.local/lib/python3.12/site-packages/airflow/example_dags/example_python_operator.py
[2024-05-05T02:04:13.778+0000] {processor.py:830} INFO - Processing file /home/airflow/.local/lib/python3.12/site-packages/airflow/example_dags/example_python_operator.py for tasks to queue
[2024-05-05T02:04:13.781+0000] {logging_mixin.py:188} INFO - [2024-05-05T02:04:13.780+0000] {dagbag.py:540} INFO - Filling up the DagBag from /home/airflow/.local/lib/python3.12/site-packages/airflow/example_dags/example_python_operator.py
[2024-05-05T02:04:13.797+0000] {processor.py:840} INFO - DAG(s) 'example_python_operator' retrieved from /home/airflow/.local/lib/python3.12/site-packages/airflow/example_dags/example_python_operator.py
[2024-05-05T02:04:13.971+0000] {logging_mixin.py:188} INFO - [2024-05-05T02:04:13.970+0000] {dag.py:3096} INFO - Sync 1 DAGs
[2024-05-05T02:04:13.992+0000] {logging_mixin.py:188} INFO - [2024-05-05T02:04:13.992+0000] {dag.py:3954} INFO - Setting next_dagrun for example_python_operator to None, run_after=None
[2024-05-05T02:04:14.026+0000] {processor.py:183} INFO - Processing /home/airflow/.local/lib/python3.12/site-packages/airflow/example_dags/example_python_operator.py took 0.260 seconds
[2024-05-05T02:04:44.553+0000] {processor.py:161} INFO - Started process (PID=99) to work on /home/airflow/.local/lib/python3.12/site-packages/airflow/example_dags/example_python_operator.py
[2024-05-05T02:04:44.554+0000] {processor.py:830} INFO - Processing file /home/airflow/.local/lib/python3.12/site-packages/airflow/example_dags/example_python_operator.py for tasks to queue
[2024-05-05T02:04:44.556+0000] {logging_mixin.py:188} INFO - [2024-05-05T02:04:44.556+0000] {dagbag.py:540} INFO - Filling up the DagBag from /home/airflow/.local/lib/python3.12/site-packages/airflow/example_dags/example_python_operator.py
[2024-05-05T02:04:44.568+0000] {processor.py:840} INFO - DAG(s) 'example_python_operator' retrieved from /home/airflow/.local/lib/python3.12/site-packages/airflow/example_dags/example_python_operator.py
[2024-05-05T02:04:44.591+0000] {logging_mixin.py:188} INFO - [2024-05-05T02:04:44.591+0000] {dag.py:3096} INFO - Sync 1 DAGs
[2024-05-05T02:04:44.605+0000] {logging_mixin.py:188} INFO - [2024-05-05T02:04:44.605+0000] {dag.py:3954} INFO - Setting next_dagrun for example_python_operator to None, run_after=None
[2024-05-05T02:04:44.630+0000] {processor.py:183} INFO - Processing /home/airflow/.local/lib/python3.12/site-packages/airflow/example_dags/example_python_operator.py took 0.083 seconds
[2024-05-05T02:05:14.797+0000] {processor.py:161} INFO - Started process (PID=159) to work on /home/airflow/.local/lib/python3.12/site-packages/airflow/example_dags/example_python_operator.py
[2024-05-05T02:05:14.798+0000] {processor.py:830} INFO - Processing file /home/airflow/.local/lib/python3.12/site-packages/airflow/example_dags/example_python_operator.py for tasks to queue
[2024-05-05T02:05:14.801+0000] {logging_mixin.py:188} INFO - [2024-05-05T02:05:14.800+0000] {dagbag.py:540} INFO - Filling up the DagBag from /home/airflow/.local/lib/python3.12/site-packages/airflow/example_dags/example_python_operator.py
[2024-05-05T02:05:14.811+0000] {processor.py:840} INFO - DAG(s) 'example_python_operator' retrieved from /home/airflow/.local/lib/python3.12/site-packages/airflow/example_dags/example_python_operator.py
[2024-05-05T02:05:14.836+0000] {logging_mixin.py:188} INFO - [2024-05-05T02:05:14.836+0000] {dag.py:3096} INFO - Sync 1 DAGs
[2024-05-05T02:05:14.851+0000] {logging_mixin.py:188} INFO - [2024-05-05T02:05:14.850+0000] {dag.py:3954} INFO - Setting next_dagrun for example_python_operator to None, run_after=None
[2024-05-05T02:05:14.872+0000] {processor.py:183} INFO - Processing /home/airflow/.local/lib/python3.12/site-packages/airflow/example_dags/example_python_operator.py took 0.080 seconds
[2024-05-05T02:05:45.354+0000] {processor.py:161} INFO - Started process (PID=219) to work on /home/airflow/.local/lib/python3.12/site-packages/airflow/example_dags/example_python_operator.py
[2024-05-05T02:05:45.355+0000] {processor.py:830} INFO - Processing file /home/airflow/.local/lib/python3.12/site-packages/airflow/example_dags/example_python_operator.py for tasks to queue
[2024-05-05T02:05:45.357+0000] {logging_mixin.py:188} INFO - [2024-05-05T02:05:45.357+0000] {dagbag.py:540} INFO - Filling up the DagBag from /home/airflow/.local/lib/python3.12/site-packages/airflow/example_dags/example_python_operator.py
[2024-05-05T02:05:45.368+0000] {processor.py:840} INFO - DAG(s) 'example_python_operator' retrieved from /home/airflow/.local/lib/python3.12/site-packages/airflow/example_dags/example_python_operator.py
[2024-05-05T02:05:45.393+0000] {logging_mixin.py:188} INFO - [2024-05-05T02:05:45.393+0000] {dag.py:3096} INFO - Sync 1 DAGs
[2024-05-05T02:05:45.409+0000] {logging_mixin.py:188} INFO - [2024-05-05T02:05:45.409+0000] {dag.py:3954} INFO - Setting next_dagrun for example_python_operator to None, run_after=None
[2024-05-05T02:05:45.431+0000] {processor.py:183} INFO - Processing /home/airflow/.local/lib/python3.12/site-packages/airflow/example_dags/example_python_operator.py took 0.082 seconds
[2024-05-05T02:06:15.771+0000] {processor.py:161} INFO - Started process (PID=278) to work on /home/airflow/.local/lib/python3.12/site-packages/airflow/example_dags/example_python_operator.py
[2024-05-05T02:06:15.772+0000] {processor.py:830} INFO - Processing file /home/airflow/.local/lib/python3.12/site-packages/airflow/example_dags/example_python_operator.py for tasks to queue
[2024-05-05T02:06:15.775+0000] {logging_mixin.py:188} INFO - [2024-05-05T02:06:15.775+0000] {dagbag.py:540} INFO - Filling up the DagBag from /home/airflow/.local/lib/python3.12/site-packages/airflow/example_dags/example_python_operator.py
[2024-05-05T02:06:15.786+0000] {processor.py:840} INFO - DAG(s) 'example_python_operator' retrieved from /home/airflow/.local/lib/python3.12/site-packages/airflow/example_dags/example_python_operator.py
[2024-05-05T02:06:15.813+0000] {logging_mixin.py:188} INFO - [2024-05-05T02:06:15.813+0000] {dag.py:3096} INFO - Sync 1 DAGs
[2024-05-05T02:06:15.827+0000] {logging_mixin.py:188} INFO - [2024-05-05T02:06:15.827+0000] {dag.py:3954} INFO - Setting next_dagrun for example_python_operator to None, run_after=None
[2024-05-05T02:06:15.851+0000] {processor.py:183} INFO - Processing /home/airflow/.local/lib/python3.12/site-packages/airflow/example_dags/example_python_operator.py took 0.088 seconds
[2024-05-05T02:06:45.953+0000] {processor.py:161} INFO - Started process (PID=338) to work on /home/airflow/.local/lib/python3.12/site-packages/airflow/example_dags/example_python_operator.py
[2024-05-05T02:06:45.954+0000] {processor.py:830} INFO - Processing file /home/airflow/.local/lib/python3.12/site-packages/airflow/example_dags/example_python_operator.py for tasks to queue
[2024-05-05T02:06:45.956+0000] {logging_mixin.py:188} INFO - [2024-05-05T02:06:45.956+0000] {dagbag.py:540} INFO - Filling up the DagBag from /home/airflow/.local/lib/python3.12/site-packages/airflow/example_dags/example_python_operator.py
[2024-05-05T02:06:45.967+0000] {processor.py:840} INFO - DAG(s) 'example_python_operator' retrieved from /home/airflow/.local/lib/python3.12/site-packages/airflow/example_dags/example_python_operator.py
[2024-05-05T02:06:45.996+0000] {logging_mixin.py:188} INFO - [2024-05-05T02:06:45.995+0000] {dag.py:3096} INFO - Sync 1 DAGs
[2024-05-05T02:06:46.010+0000] {logging_mixin.py:188} INFO - [2024-05-05T02:06:46.010+0000] {dag.py:3954} INFO - Setting next_dagrun for example_python_operator to None, run_after=None
[2024-05-05T02:06:46.032+0000] {processor.py:183} INFO - Processing /home/airflow/.local/lib/python3.12/site-packages/airflow/example_dags/example_python_operator.py took 0.085 seconds
