[2024-05-05T01:30:30.253+0000] {processor.py:161} INFO - Started process (PID=33) to work on /home/airflow/.local/lib/python3.12/site-packages/airflow/example_dags/example_skip_dag.py
[2024-05-05T01:30:30.255+0000] {processor.py:830} INFO - Processing file /home/airflow/.local/lib/python3.12/site-packages/airflow/example_dags/example_skip_dag.py for tasks to queue
[2024-05-05T01:30:30.258+0000] {logging_mixin.py:188} INFO - [2024-05-05T01:30:30.257+0000] {dagbag.py:540} INFO - Filling up the DagBag from /home/airflow/.local/lib/python3.12/site-packages/airflow/example_dags/example_skip_dag.py
[2024-05-05T01:30:30.268+0000] {processor.py:840} INFO - DAG(s) 'example_skip_dag' retrieved from /home/airflow/.local/lib/python3.12/site-packages/airflow/example_dags/example_skip_dag.py
[2024-05-05T01:30:30.409+0000] {logging_mixin.py:188} INFO - [2024-05-05T01:30:30.409+0000] {dag.py:3096} INFO - Sync 1 DAGs
[2024-05-05T01:30:30.450+0000] {logging_mixin.py:188} INFO - [2024-05-05T01:30:30.449+0000] {dag.py:3954} INFO - Setting next_dagrun for example_skip_dag to 2024-05-04 00:00:00+00:00, run_after=2024-05-05 00:00:00+00:00
[2024-05-05T01:30:30.480+0000] {processor.py:183} INFO - Processing /home/airflow/.local/lib/python3.12/site-packages/airflow/example_dags/example_skip_dag.py took 0.233 seconds
[2024-05-05T01:31:00.871+0000] {processor.py:161} INFO - Started process (PID=97) to work on /home/airflow/.local/lib/python3.12/site-packages/airflow/example_dags/example_skip_dag.py
[2024-05-05T01:31:00.872+0000] {processor.py:830} INFO - Processing file /home/airflow/.local/lib/python3.12/site-packages/airflow/example_dags/example_skip_dag.py for tasks to queue
[2024-05-05T01:31:00.874+0000] {logging_mixin.py:188} INFO - [2024-05-05T01:31:00.874+0000] {dagbag.py:540} INFO - Filling up the DagBag from /home/airflow/.local/lib/python3.12/site-packages/airflow/example_dags/example_skip_dag.py
[2024-05-05T01:31:00.882+0000] {processor.py:840} INFO - DAG(s) 'example_skip_dag' retrieved from /home/airflow/.local/lib/python3.12/site-packages/airflow/example_dags/example_skip_dag.py
[2024-05-05T01:31:00.906+0000] {logging_mixin.py:188} INFO - [2024-05-05T01:31:00.906+0000] {dag.py:3096} INFO - Sync 1 DAGs
[2024-05-05T01:31:00.930+0000] {logging_mixin.py:188} INFO - [2024-05-05T01:31:00.930+0000] {dag.py:3954} INFO - Setting next_dagrun for example_skip_dag to 2024-05-04 00:00:00+00:00, run_after=2024-05-05 00:00:00+00:00
[2024-05-05T01:31:00.954+0000] {processor.py:183} INFO - Processing /home/airflow/.local/lib/python3.12/site-packages/airflow/example_dags/example_skip_dag.py took 0.089 seconds
[2024-05-05T01:31:31.040+0000] {processor.py:161} INFO - Started process (PID=157) to work on /home/airflow/.local/lib/python3.12/site-packages/airflow/example_dags/example_skip_dag.py
[2024-05-05T01:31:31.041+0000] {processor.py:830} INFO - Processing file /home/airflow/.local/lib/python3.12/site-packages/airflow/example_dags/example_skip_dag.py for tasks to queue
[2024-05-05T01:31:31.044+0000] {logging_mixin.py:188} INFO - [2024-05-05T01:31:31.044+0000] {dagbag.py:540} INFO - Filling up the DagBag from /home/airflow/.local/lib/python3.12/site-packages/airflow/example_dags/example_skip_dag.py
[2024-05-05T01:31:31.051+0000] {processor.py:840} INFO - DAG(s) 'example_skip_dag' retrieved from /home/airflow/.local/lib/python3.12/site-packages/airflow/example_dags/example_skip_dag.py
[2024-05-05T01:31:31.073+0000] {logging_mixin.py:188} INFO - [2024-05-05T01:31:31.073+0000] {dag.py:3096} INFO - Sync 1 DAGs
[2024-05-05T01:31:31.099+0000] {logging_mixin.py:188} INFO - [2024-05-05T01:31:31.099+0000] {dag.py:3954} INFO - Setting next_dagrun for example_skip_dag to 2024-05-04 00:00:00+00:00, run_after=2024-05-05 00:00:00+00:00
[2024-05-05T01:31:31.123+0000] {processor.py:183} INFO - Processing /home/airflow/.local/lib/python3.12/site-packages/airflow/example_dags/example_skip_dag.py took 0.090 seconds
[2024-05-05T01:32:01.485+0000] {processor.py:161} INFO - Started process (PID=217) to work on /home/airflow/.local/lib/python3.12/site-packages/airflow/example_dags/example_skip_dag.py
[2024-05-05T01:32:01.486+0000] {processor.py:830} INFO - Processing file /home/airflow/.local/lib/python3.12/site-packages/airflow/example_dags/example_skip_dag.py for tasks to queue
[2024-05-05T01:32:01.488+0000] {logging_mixin.py:188} INFO - [2024-05-05T01:32:01.488+0000] {dagbag.py:540} INFO - Filling up the DagBag from /home/airflow/.local/lib/python3.12/site-packages/airflow/example_dags/example_skip_dag.py
[2024-05-05T01:32:01.495+0000] {processor.py:840} INFO - DAG(s) 'example_skip_dag' retrieved from /home/airflow/.local/lib/python3.12/site-packages/airflow/example_dags/example_skip_dag.py
[2024-05-05T01:32:01.520+0000] {logging_mixin.py:188} INFO - [2024-05-05T01:32:01.520+0000] {dag.py:3096} INFO - Sync 1 DAGs
[2024-05-05T01:32:01.550+0000] {logging_mixin.py:188} INFO - [2024-05-05T01:32:01.550+0000] {dag.py:3954} INFO - Setting next_dagrun for example_skip_dag to 2024-05-04 00:00:00+00:00, run_after=2024-05-05 00:00:00+00:00
[2024-05-05T01:32:01.580+0000] {processor.py:183} INFO - Processing /home/airflow/.local/lib/python3.12/site-packages/airflow/example_dags/example_skip_dag.py took 0.101 seconds
[2024-05-05T01:32:31.855+0000] {processor.py:161} INFO - Started process (PID=278) to work on /home/airflow/.local/lib/python3.12/site-packages/airflow/example_dags/example_skip_dag.py
[2024-05-05T01:32:31.857+0000] {processor.py:830} INFO - Processing file /home/airflow/.local/lib/python3.12/site-packages/airflow/example_dags/example_skip_dag.py for tasks to queue
[2024-05-05T01:32:31.859+0000] {logging_mixin.py:188} INFO - [2024-05-05T01:32:31.859+0000] {dagbag.py:540} INFO - Filling up the DagBag from /home/airflow/.local/lib/python3.12/site-packages/airflow/example_dags/example_skip_dag.py
[2024-05-05T01:32:31.866+0000] {processor.py:840} INFO - DAG(s) 'example_skip_dag' retrieved from /home/airflow/.local/lib/python3.12/site-packages/airflow/example_dags/example_skip_dag.py
[2024-05-05T01:32:31.891+0000] {logging_mixin.py:188} INFO - [2024-05-05T01:32:31.891+0000] {dag.py:3096} INFO - Sync 1 DAGs
[2024-05-05T01:32:31.916+0000] {logging_mixin.py:188} INFO - [2024-05-05T01:32:31.916+0000] {dag.py:3954} INFO - Setting next_dagrun for example_skip_dag to 2024-05-04 00:00:00+00:00, run_after=2024-05-05 00:00:00+00:00
[2024-05-05T01:32:31.947+0000] {processor.py:183} INFO - Processing /home/airflow/.local/lib/python3.12/site-packages/airflow/example_dags/example_skip_dag.py took 0.098 seconds
[2024-05-05T01:33:02.356+0000] {processor.py:161} INFO - Started process (PID=338) to work on /home/airflow/.local/lib/python3.12/site-packages/airflow/example_dags/example_skip_dag.py
[2024-05-05T01:33:02.357+0000] {processor.py:830} INFO - Processing file /home/airflow/.local/lib/python3.12/site-packages/airflow/example_dags/example_skip_dag.py for tasks to queue
[2024-05-05T01:33:02.358+0000] {logging_mixin.py:188} INFO - [2024-05-05T01:33:02.358+0000] {dagbag.py:540} INFO - Filling up the DagBag from /home/airflow/.local/lib/python3.12/site-packages/airflow/example_dags/example_skip_dag.py
[2024-05-05T01:33:02.365+0000] {processor.py:840} INFO - DAG(s) 'example_skip_dag' retrieved from /home/airflow/.local/lib/python3.12/site-packages/airflow/example_dags/example_skip_dag.py
[2024-05-05T01:33:02.385+0000] {logging_mixin.py:188} INFO - [2024-05-05T01:33:02.385+0000] {dag.py:3096} INFO - Sync 1 DAGs
[2024-05-05T01:33:02.409+0000] {logging_mixin.py:188} INFO - [2024-05-05T01:33:02.409+0000] {dag.py:3954} INFO - Setting next_dagrun for example_skip_dag to 2024-05-04 00:00:00+00:00, run_after=2024-05-05 00:00:00+00:00
[2024-05-05T01:33:02.431+0000] {processor.py:183} INFO - Processing /home/airflow/.local/lib/python3.12/site-packages/airflow/example_dags/example_skip_dag.py took 0.081 seconds
[2024-05-05T01:33:32.746+0000] {processor.py:161} INFO - Started process (PID=398) to work on /home/airflow/.local/lib/python3.12/site-packages/airflow/example_dags/example_skip_dag.py
[2024-05-05T01:33:32.747+0000] {processor.py:830} INFO - Processing file /home/airflow/.local/lib/python3.12/site-packages/airflow/example_dags/example_skip_dag.py for tasks to queue
[2024-05-05T01:33:32.750+0000] {logging_mixin.py:188} INFO - [2024-05-05T01:33:32.749+0000] {dagbag.py:540} INFO - Filling up the DagBag from /home/airflow/.local/lib/python3.12/site-packages/airflow/example_dags/example_skip_dag.py
[2024-05-05T01:33:32.756+0000] {processor.py:840} INFO - DAG(s) 'example_skip_dag' retrieved from /home/airflow/.local/lib/python3.12/site-packages/airflow/example_dags/example_skip_dag.py
[2024-05-05T01:33:32.779+0000] {logging_mixin.py:188} INFO - [2024-05-05T01:33:32.779+0000] {dag.py:3096} INFO - Sync 1 DAGs
[2024-05-05T01:33:32.801+0000] {logging_mixin.py:188} INFO - [2024-05-05T01:33:32.801+0000] {dag.py:3954} INFO - Setting next_dagrun for example_skip_dag to 2024-05-04 00:00:00+00:00, run_after=2024-05-05 00:00:00+00:00
[2024-05-05T01:33:32.825+0000] {processor.py:183} INFO - Processing /home/airflow/.local/lib/python3.12/site-packages/airflow/example_dags/example_skip_dag.py took 0.085 seconds
[2024-05-05T01:34:03.089+0000] {processor.py:161} INFO - Started process (PID=458) to work on /home/airflow/.local/lib/python3.12/site-packages/airflow/example_dags/example_skip_dag.py
[2024-05-05T01:34:03.091+0000] {processor.py:830} INFO - Processing file /home/airflow/.local/lib/python3.12/site-packages/airflow/example_dags/example_skip_dag.py for tasks to queue
[2024-05-05T01:34:03.093+0000] {logging_mixin.py:188} INFO - [2024-05-05T01:34:03.093+0000] {dagbag.py:540} INFO - Filling up the DagBag from /home/airflow/.local/lib/python3.12/site-packages/airflow/example_dags/example_skip_dag.py
[2024-05-05T01:34:03.101+0000] {processor.py:840} INFO - DAG(s) 'example_skip_dag' retrieved from /home/airflow/.local/lib/python3.12/site-packages/airflow/example_dags/example_skip_dag.py
[2024-05-05T01:34:03.125+0000] {logging_mixin.py:188} INFO - [2024-05-05T01:34:03.125+0000] {dag.py:3096} INFO - Sync 1 DAGs
[2024-05-05T01:34:03.149+0000] {logging_mixin.py:188} INFO - [2024-05-05T01:34:03.149+0000] {dag.py:3954} INFO - Setting next_dagrun for example_skip_dag to 2024-05-04 00:00:00+00:00, run_after=2024-05-05 00:00:00+00:00
[2024-05-05T01:34:03.174+0000] {processor.py:183} INFO - Processing /home/airflow/.local/lib/python3.12/site-packages/airflow/example_dags/example_skip_dag.py took 0.092 seconds
[2024-05-05T01:34:33.496+0000] {processor.py:161} INFO - Started process (PID=518) to work on /home/airflow/.local/lib/python3.12/site-packages/airflow/example_dags/example_skip_dag.py
[2024-05-05T01:34:33.499+0000] {processor.py:830} INFO - Processing file /home/airflow/.local/lib/python3.12/site-packages/airflow/example_dags/example_skip_dag.py for tasks to queue
[2024-05-05T01:34:33.501+0000] {logging_mixin.py:188} INFO - [2024-05-05T01:34:33.501+0000] {dagbag.py:540} INFO - Filling up the DagBag from /home/airflow/.local/lib/python3.12/site-packages/airflow/example_dags/example_skip_dag.py
[2024-05-05T01:34:33.509+0000] {processor.py:840} INFO - DAG(s) 'example_skip_dag' retrieved from /home/airflow/.local/lib/python3.12/site-packages/airflow/example_dags/example_skip_dag.py
[2024-05-05T01:34:33.534+0000] {logging_mixin.py:188} INFO - [2024-05-05T01:34:33.534+0000] {dag.py:3096} INFO - Sync 1 DAGs
[2024-05-05T01:34:33.559+0000] {logging_mixin.py:188} INFO - [2024-05-05T01:34:33.559+0000] {dag.py:3954} INFO - Setting next_dagrun for example_skip_dag to 2024-05-04 00:00:00+00:00, run_after=2024-05-05 00:00:00+00:00
[2024-05-05T01:34:33.585+0000] {processor.py:183} INFO - Processing /home/airflow/.local/lib/python3.12/site-packages/airflow/example_dags/example_skip_dag.py took 0.097 seconds
[2024-05-05T01:35:03.955+0000] {processor.py:161} INFO - Started process (PID=578) to work on /home/airflow/.local/lib/python3.12/site-packages/airflow/example_dags/example_skip_dag.py
[2024-05-05T01:35:03.956+0000] {processor.py:830} INFO - Processing file /home/airflow/.local/lib/python3.12/site-packages/airflow/example_dags/example_skip_dag.py for tasks to queue
[2024-05-05T01:35:03.958+0000] {logging_mixin.py:188} INFO - [2024-05-05T01:35:03.958+0000] {dagbag.py:540} INFO - Filling up the DagBag from /home/airflow/.local/lib/python3.12/site-packages/airflow/example_dags/example_skip_dag.py
[2024-05-05T01:35:03.965+0000] {processor.py:840} INFO - DAG(s) 'example_skip_dag' retrieved from /home/airflow/.local/lib/python3.12/site-packages/airflow/example_dags/example_skip_dag.py
[2024-05-05T01:35:03.988+0000] {logging_mixin.py:188} INFO - [2024-05-05T01:35:03.988+0000] {dag.py:3096} INFO - Sync 1 DAGs
[2024-05-05T01:35:04.016+0000] {logging_mixin.py:188} INFO - [2024-05-05T01:35:04.016+0000] {dag.py:3954} INFO - Setting next_dagrun for example_skip_dag to 2024-05-04 00:00:00+00:00, run_after=2024-05-05 00:00:00+00:00
[2024-05-05T01:35:04.045+0000] {processor.py:183} INFO - Processing /home/airflow/.local/lib/python3.12/site-packages/airflow/example_dags/example_skip_dag.py took 0.097 seconds
[2024-05-05T01:35:34.518+0000] {processor.py:161} INFO - Started process (PID=638) to work on /home/airflow/.local/lib/python3.12/site-packages/airflow/example_dags/example_skip_dag.py
[2024-05-05T01:35:34.519+0000] {processor.py:830} INFO - Processing file /home/airflow/.local/lib/python3.12/site-packages/airflow/example_dags/example_skip_dag.py for tasks to queue
[2024-05-05T01:35:34.521+0000] {logging_mixin.py:188} INFO - [2024-05-05T01:35:34.521+0000] {dagbag.py:540} INFO - Filling up the DagBag from /home/airflow/.local/lib/python3.12/site-packages/airflow/example_dags/example_skip_dag.py
[2024-05-05T01:35:34.529+0000] {processor.py:840} INFO - DAG(s) 'example_skip_dag' retrieved from /home/airflow/.local/lib/python3.12/site-packages/airflow/example_dags/example_skip_dag.py
[2024-05-05T01:35:34.550+0000] {logging_mixin.py:188} INFO - [2024-05-05T01:35:34.550+0000] {dag.py:3096} INFO - Sync 1 DAGs
[2024-05-05T01:35:34.574+0000] {logging_mixin.py:188} INFO - [2024-05-05T01:35:34.574+0000] {dag.py:3954} INFO - Setting next_dagrun for example_skip_dag to 2024-05-04 00:00:00+00:00, run_after=2024-05-05 00:00:00+00:00
[2024-05-05T01:35:34.600+0000] {processor.py:183} INFO - Processing /home/airflow/.local/lib/python3.12/site-packages/airflow/example_dags/example_skip_dag.py took 0.087 seconds
[2024-05-05T02:04:13.184+0000] {processor.py:161} INFO - Started process (PID=35) to work on /home/airflow/.local/lib/python3.12/site-packages/airflow/example_dags/example_skip_dag.py
[2024-05-05T02:04:13.186+0000] {processor.py:830} INFO - Processing file /home/airflow/.local/lib/python3.12/site-packages/airflow/example_dags/example_skip_dag.py for tasks to queue
[2024-05-05T02:04:13.189+0000] {logging_mixin.py:188} INFO - [2024-05-05T02:04:13.188+0000] {dagbag.py:540} INFO - Filling up the DagBag from /home/airflow/.local/lib/python3.12/site-packages/airflow/example_dags/example_skip_dag.py
[2024-05-05T02:04:13.198+0000] {processor.py:840} INFO - DAG(s) 'example_skip_dag' retrieved from /home/airflow/.local/lib/python3.12/site-packages/airflow/example_dags/example_skip_dag.py
[2024-05-05T02:04:13.354+0000] {logging_mixin.py:188} INFO - [2024-05-05T02:04:13.354+0000] {dag.py:3096} INFO - Sync 1 DAGs
[2024-05-05T02:04:13.400+0000] {logging_mixin.py:188} INFO - [2024-05-05T02:04:13.400+0000] {dag.py:3954} INFO - Setting next_dagrun for example_skip_dag to 2024-05-04 00:00:00+00:00, run_after=2024-05-05 00:00:00+00:00
[2024-05-05T02:04:13.438+0000] {processor.py:183} INFO - Processing /home/airflow/.local/lib/python3.12/site-packages/airflow/example_dags/example_skip_dag.py took 0.262 seconds
[2024-05-05T02:04:44.178+0000] {processor.py:161} INFO - Started process (PID=95) to work on /home/airflow/.local/lib/python3.12/site-packages/airflow/example_dags/example_skip_dag.py
[2024-05-05T02:04:44.180+0000] {processor.py:830} INFO - Processing file /home/airflow/.local/lib/python3.12/site-packages/airflow/example_dags/example_skip_dag.py for tasks to queue
[2024-05-05T02:04:44.183+0000] {logging_mixin.py:188} INFO - [2024-05-05T02:04:44.183+0000] {dagbag.py:540} INFO - Filling up the DagBag from /home/airflow/.local/lib/python3.12/site-packages/airflow/example_dags/example_skip_dag.py
[2024-05-05T02:04:44.191+0000] {processor.py:840} INFO - DAG(s) 'example_skip_dag' retrieved from /home/airflow/.local/lib/python3.12/site-packages/airflow/example_dags/example_skip_dag.py
[2024-05-05T02:04:44.219+0000] {logging_mixin.py:188} INFO - [2024-05-05T02:04:44.219+0000] {dag.py:3096} INFO - Sync 1 DAGs
[2024-05-05T02:04:44.244+0000] {logging_mixin.py:188} INFO - [2024-05-05T02:04:44.244+0000] {dag.py:3954} INFO - Setting next_dagrun for example_skip_dag to 2024-05-04 00:00:00+00:00, run_after=2024-05-05 00:00:00+00:00
[2024-05-05T02:04:44.266+0000] {processor.py:183} INFO - Processing /home/airflow/.local/lib/python3.12/site-packages/airflow/example_dags/example_skip_dag.py took 0.096 seconds
[2024-05-05T02:05:14.534+0000] {processor.py:161} INFO - Started process (PID=155) to work on /home/airflow/.local/lib/python3.12/site-packages/airflow/example_dags/example_skip_dag.py
[2024-05-05T02:05:14.535+0000] {processor.py:830} INFO - Processing file /home/airflow/.local/lib/python3.12/site-packages/airflow/example_dags/example_skip_dag.py for tasks to queue
[2024-05-05T02:05:14.538+0000] {logging_mixin.py:188} INFO - [2024-05-05T02:05:14.538+0000] {dagbag.py:540} INFO - Filling up the DagBag from /home/airflow/.local/lib/python3.12/site-packages/airflow/example_dags/example_skip_dag.py
[2024-05-05T02:05:14.544+0000] {processor.py:840} INFO - DAG(s) 'example_skip_dag' retrieved from /home/airflow/.local/lib/python3.12/site-packages/airflow/example_dags/example_skip_dag.py
[2024-05-05T02:05:14.571+0000] {logging_mixin.py:188} INFO - [2024-05-05T02:05:14.571+0000] {dag.py:3096} INFO - Sync 1 DAGs
[2024-05-05T02:05:14.604+0000] {logging_mixin.py:188} INFO - [2024-05-05T02:05:14.604+0000] {dag.py:3954} INFO - Setting next_dagrun for example_skip_dag to 2024-05-04 00:00:00+00:00, run_after=2024-05-05 00:00:00+00:00
[2024-05-05T02:05:14.631+0000] {processor.py:183} INFO - Processing /home/airflow/.local/lib/python3.12/site-packages/airflow/example_dags/example_skip_dag.py took 0.102 seconds
[2024-05-05T02:05:45.065+0000] {processor.py:161} INFO - Started process (PID=215) to work on /home/airflow/.local/lib/python3.12/site-packages/airflow/example_dags/example_skip_dag.py
[2024-05-05T02:05:45.066+0000] {processor.py:830} INFO - Processing file /home/airflow/.local/lib/python3.12/site-packages/airflow/example_dags/example_skip_dag.py for tasks to queue
[2024-05-05T02:05:45.069+0000] {logging_mixin.py:188} INFO - [2024-05-05T02:05:45.068+0000] {dagbag.py:540} INFO - Filling up the DagBag from /home/airflow/.local/lib/python3.12/site-packages/airflow/example_dags/example_skip_dag.py
[2024-05-05T02:05:45.077+0000] {processor.py:840} INFO - DAG(s) 'example_skip_dag' retrieved from /home/airflow/.local/lib/python3.12/site-packages/airflow/example_dags/example_skip_dag.py
[2024-05-05T02:05:45.102+0000] {logging_mixin.py:188} INFO - [2024-05-05T02:05:45.102+0000] {dag.py:3096} INFO - Sync 1 DAGs
[2024-05-05T02:05:45.129+0000] {logging_mixin.py:188} INFO - [2024-05-05T02:05:45.129+0000] {dag.py:3954} INFO - Setting next_dagrun for example_skip_dag to 2024-05-04 00:00:00+00:00, run_after=2024-05-05 00:00:00+00:00
[2024-05-05T02:05:45.155+0000] {processor.py:183} INFO - Processing /home/airflow/.local/lib/python3.12/site-packages/airflow/example_dags/example_skip_dag.py took 0.096 seconds
[2024-05-05T02:06:15.486+0000] {processor.py:161} INFO - Started process (PID=275) to work on /home/airflow/.local/lib/python3.12/site-packages/airflow/example_dags/example_skip_dag.py
[2024-05-05T02:06:15.488+0000] {processor.py:830} INFO - Processing file /home/airflow/.local/lib/python3.12/site-packages/airflow/example_dags/example_skip_dag.py for tasks to queue
[2024-05-05T02:06:15.491+0000] {logging_mixin.py:188} INFO - [2024-05-05T02:06:15.491+0000] {dagbag.py:540} INFO - Filling up the DagBag from /home/airflow/.local/lib/python3.12/site-packages/airflow/example_dags/example_skip_dag.py
[2024-05-05T02:06:15.500+0000] {processor.py:840} INFO - DAG(s) 'example_skip_dag' retrieved from /home/airflow/.local/lib/python3.12/site-packages/airflow/example_dags/example_skip_dag.py
[2024-05-05T02:06:15.527+0000] {logging_mixin.py:188} INFO - [2024-05-05T02:06:15.527+0000] {dag.py:3096} INFO - Sync 1 DAGs
[2024-05-05T02:06:15.554+0000] {logging_mixin.py:188} INFO - [2024-05-05T02:06:15.554+0000] {dag.py:3954} INFO - Setting next_dagrun for example_skip_dag to 2024-05-04 00:00:00+00:00, run_after=2024-05-05 00:00:00+00:00
[2024-05-05T02:06:15.581+0000] {processor.py:183} INFO - Processing /home/airflow/.local/lib/python3.12/site-packages/airflow/example_dags/example_skip_dag.py took 0.103 seconds
[2024-05-05T02:06:45.828+0000] {processor.py:161} INFO - Started process (PID=335) to work on /home/airflow/.local/lib/python3.12/site-packages/airflow/example_dags/example_skip_dag.py
[2024-05-05T02:06:45.829+0000] {processor.py:830} INFO - Processing file /home/airflow/.local/lib/python3.12/site-packages/airflow/example_dags/example_skip_dag.py for tasks to queue
[2024-05-05T02:06:45.831+0000] {logging_mixin.py:188} INFO - [2024-05-05T02:06:45.831+0000] {dagbag.py:540} INFO - Filling up the DagBag from /home/airflow/.local/lib/python3.12/site-packages/airflow/example_dags/example_skip_dag.py
[2024-05-05T02:06:45.838+0000] {processor.py:840} INFO - DAG(s) 'example_skip_dag' retrieved from /home/airflow/.local/lib/python3.12/site-packages/airflow/example_dags/example_skip_dag.py
[2024-05-05T02:06:45.863+0000] {logging_mixin.py:188} INFO - [2024-05-05T02:06:45.863+0000] {dag.py:3096} INFO - Sync 1 DAGs
[2024-05-05T02:06:45.889+0000] {logging_mixin.py:188} INFO - [2024-05-05T02:06:45.888+0000] {dag.py:3954} INFO - Setting next_dagrun for example_skip_dag to 2024-05-04 00:00:00+00:00, run_after=2024-05-05 00:00:00+00:00
[2024-05-05T02:06:45.913+0000] {processor.py:183} INFO - Processing /home/airflow/.local/lib/python3.12/site-packages/airflow/example_dags/example_skip_dag.py took 0.092 seconds
