[2024-05-05T01:30:32.088+0000] {processor.py:161} INFO - Started process (PID=49) to work on /home/airflow/.local/lib/python3.12/site-packages/airflow/example_dags/example_subdag_operator.py
[2024-05-05T01:30:32.090+0000] {processor.py:830} INFO - Processing file /home/airflow/.local/lib/python3.12/site-packages/airflow/example_dags/example_subdag_operator.py for tasks to queue
[2024-05-05T01:30:32.093+0000] {logging_mixin.py:188} INFO - [2024-05-05T01:30:32.093+0000] {dagbag.py:540} INFO - Filling up the DagBag from /home/airflow/.local/lib/python3.12/site-packages/airflow/example_dags/example_subdag_operator.py
[2024-05-05T01:30:32.129+0000] {processor.py:840} INFO - DAG(s) 'example_subdag_operator.section-1', 'example_subdag_operator.section-2', 'example_subdag_operator' retrieved from /home/airflow/.local/lib/python3.12/site-packages/airflow/example_dags/example_subdag_operator.py
[2024-05-05T01:30:32.293+0000] {logging_mixin.py:188} INFO - [2024-05-05T01:30:32.292+0000] {dag.py:3096} INFO - Sync 3 DAGs
[2024-05-05T01:30:32.323+0000] {logging_mixin.py:188} INFO - [2024-05-05T01:30:32.322+0000] {dag.py:3954} INFO - Setting next_dagrun for example_subdag_operator to 2022-01-01 00:00:00+00:00, run_after=2022-01-01 00:00:00+00:00
[2024-05-05T01:30:32.327+0000] {logging_mixin.py:188} INFO - [2024-05-05T01:30:32.326+0000] {dag.py:3954} INFO - Setting next_dagrun for example_subdag_operator.section-1 to None, run_after=None
[2024-05-05T01:30:32.329+0000] {logging_mixin.py:188} INFO - [2024-05-05T01:30:32.328+0000] {dag.py:3954} INFO - Setting next_dagrun for example_subdag_operator.section-2 to None, run_after=None
[2024-05-05T01:30:32.346+0000] {logging_mixin.py:188} INFO - [2024-05-05T01:30:32.345+0000] {dag.py:3096} INFO - Sync 2 DAGs
[2024-05-05T01:30:32.358+0000] {logging_mixin.py:188} INFO - [2024-05-05T01:30:32.358+0000] {dag.py:3954} INFO - Setting next_dagrun for example_subdag_operator.section-1 to None, run_after=None
[2024-05-05T01:30:32.360+0000] {logging_mixin.py:188} INFO - [2024-05-05T01:30:32.359+0000] {dag.py:3954} INFO - Setting next_dagrun for example_subdag_operator.section-2 to None, run_after=None
[2024-05-05T01:30:32.375+0000] {processor.py:183} INFO - Processing /home/airflow/.local/lib/python3.12/site-packages/airflow/example_dags/example_subdag_operator.py took 0.297 seconds
[2024-05-05T01:31:02.841+0000] {processor.py:161} INFO - Started process (PID=109) to work on /home/airflow/.local/lib/python3.12/site-packages/airflow/example_dags/example_subdag_operator.py
[2024-05-05T01:31:02.842+0000] {processor.py:830} INFO - Processing file /home/airflow/.local/lib/python3.12/site-packages/airflow/example_dags/example_subdag_operator.py for tasks to queue
[2024-05-05T01:31:02.844+0000] {logging_mixin.py:188} INFO - [2024-05-05T01:31:02.844+0000] {dagbag.py:540} INFO - Filling up the DagBag from /home/airflow/.local/lib/python3.12/site-packages/airflow/example_dags/example_subdag_operator.py
[2024-05-05T01:31:02.870+0000] {processor.py:840} INFO - DAG(s) 'example_subdag_operator.section-1', 'example_subdag_operator.section-2', 'example_subdag_operator' retrieved from /home/airflow/.local/lib/python3.12/site-packages/airflow/example_dags/example_subdag_operator.py
[2024-05-05T01:31:02.889+0000] {logging_mixin.py:188} INFO - [2024-05-05T01:31:02.889+0000] {dag.py:3096} INFO - Sync 3 DAGs
[2024-05-05T01:31:02.914+0000] {logging_mixin.py:188} INFO - [2024-05-05T01:31:02.914+0000] {dag.py:3954} INFO - Setting next_dagrun for example_subdag_operator to 2022-01-01 00:00:00+00:00, run_after=2022-01-01 00:00:00+00:00
[2024-05-05T01:31:02.918+0000] {logging_mixin.py:188} INFO - [2024-05-05T01:31:02.918+0000] {dag.py:3954} INFO - Setting next_dagrun for example_subdag_operator.section-1 to None, run_after=None
[2024-05-05T01:31:02.920+0000] {logging_mixin.py:188} INFO - [2024-05-05T01:31:02.920+0000] {dag.py:3954} INFO - Setting next_dagrun for example_subdag_operator.section-2 to None, run_after=None
[2024-05-05T01:31:02.929+0000] {logging_mixin.py:188} INFO - [2024-05-05T01:31:02.928+0000] {dag.py:3096} INFO - Sync 2 DAGs
[2024-05-05T01:31:02.936+0000] {logging_mixin.py:188} INFO - [2024-05-05T01:31:02.936+0000] {dag.py:3954} INFO - Setting next_dagrun for example_subdag_operator.section-1 to None, run_after=None
[2024-05-05T01:31:02.937+0000] {logging_mixin.py:188} INFO - [2024-05-05T01:31:02.937+0000] {dag.py:3954} INFO - Setting next_dagrun for example_subdag_operator.section-2 to None, run_after=None
[2024-05-05T01:31:02.951+0000] {processor.py:183} INFO - Processing /home/airflow/.local/lib/python3.12/site-packages/airflow/example_dags/example_subdag_operator.py took 0.116 seconds
[2024-05-05T01:31:33.077+0000] {processor.py:161} INFO - Started process (PID=170) to work on /home/airflow/.local/lib/python3.12/site-packages/airflow/example_dags/example_subdag_operator.py
[2024-05-05T01:31:33.078+0000] {processor.py:830} INFO - Processing file /home/airflow/.local/lib/python3.12/site-packages/airflow/example_dags/example_subdag_operator.py for tasks to queue
[2024-05-05T01:31:33.080+0000] {logging_mixin.py:188} INFO - [2024-05-05T01:31:33.080+0000] {dagbag.py:540} INFO - Filling up the DagBag from /home/airflow/.local/lib/python3.12/site-packages/airflow/example_dags/example_subdag_operator.py
[2024-05-05T01:31:33.106+0000] {processor.py:840} INFO - DAG(s) 'example_subdag_operator.section-1', 'example_subdag_operator.section-2', 'example_subdag_operator' retrieved from /home/airflow/.local/lib/python3.12/site-packages/airflow/example_dags/example_subdag_operator.py
[2024-05-05T01:31:33.122+0000] {logging_mixin.py:188} INFO - [2024-05-05T01:31:33.122+0000] {dag.py:3096} INFO - Sync 3 DAGs
[2024-05-05T01:31:33.145+0000] {logging_mixin.py:188} INFO - [2024-05-05T01:31:33.145+0000] {dag.py:3954} INFO - Setting next_dagrun for example_subdag_operator to 2022-01-01 00:00:00+00:00, run_after=2022-01-01 00:00:00+00:00
[2024-05-05T01:31:33.149+0000] {logging_mixin.py:188} INFO - [2024-05-05T01:31:33.149+0000] {dag.py:3954} INFO - Setting next_dagrun for example_subdag_operator.section-1 to None, run_after=None
[2024-05-05T01:31:33.151+0000] {logging_mixin.py:188} INFO - [2024-05-05T01:31:33.151+0000] {dag.py:3954} INFO - Setting next_dagrun for example_subdag_operator.section-2 to None, run_after=None
[2024-05-05T01:31:33.160+0000] {logging_mixin.py:188} INFO - [2024-05-05T01:31:33.159+0000] {dag.py:3096} INFO - Sync 2 DAGs
[2024-05-05T01:31:33.165+0000] {logging_mixin.py:188} INFO - [2024-05-05T01:31:33.165+0000] {dag.py:3954} INFO - Setting next_dagrun for example_subdag_operator.section-1 to None, run_after=None
[2024-05-05T01:31:33.166+0000] {logging_mixin.py:188} INFO - [2024-05-05T01:31:33.166+0000] {dag.py:3954} INFO - Setting next_dagrun for example_subdag_operator.section-2 to None, run_after=None
[2024-05-05T01:31:33.178+0000] {processor.py:183} INFO - Processing /home/airflow/.local/lib/python3.12/site-packages/airflow/example_dags/example_subdag_operator.py took 0.108 seconds
[2024-05-05T01:32:03.476+0000] {processor.py:161} INFO - Started process (PID=230) to work on /home/airflow/.local/lib/python3.12/site-packages/airflow/example_dags/example_subdag_operator.py
[2024-05-05T01:32:03.478+0000] {processor.py:830} INFO - Processing file /home/airflow/.local/lib/python3.12/site-packages/airflow/example_dags/example_subdag_operator.py for tasks to queue
[2024-05-05T01:32:03.480+0000] {logging_mixin.py:188} INFO - [2024-05-05T01:32:03.480+0000] {dagbag.py:540} INFO - Filling up the DagBag from /home/airflow/.local/lib/python3.12/site-packages/airflow/example_dags/example_subdag_operator.py
[2024-05-05T01:32:03.508+0000] {processor.py:840} INFO - DAG(s) 'example_subdag_operator.section-1', 'example_subdag_operator.section-2', 'example_subdag_operator' retrieved from /home/airflow/.local/lib/python3.12/site-packages/airflow/example_dags/example_subdag_operator.py
[2024-05-05T01:32:03.525+0000] {logging_mixin.py:188} INFO - [2024-05-05T01:32:03.525+0000] {dag.py:3096} INFO - Sync 3 DAGs
[2024-05-05T01:32:03.557+0000] {logging_mixin.py:188} INFO - [2024-05-05T01:32:03.557+0000] {dag.py:3954} INFO - Setting next_dagrun for example_subdag_operator to 2022-01-01 00:00:00+00:00, run_after=2022-01-01 00:00:00+00:00
[2024-05-05T01:32:03.564+0000] {logging_mixin.py:188} INFO - [2024-05-05T01:32:03.563+0000] {dag.py:3954} INFO - Setting next_dagrun for example_subdag_operator.section-1 to None, run_after=None
[2024-05-05T01:32:03.566+0000] {logging_mixin.py:188} INFO - [2024-05-05T01:32:03.566+0000] {dag.py:3954} INFO - Setting next_dagrun for example_subdag_operator.section-2 to None, run_after=None
[2024-05-05T01:32:03.573+0000] {logging_mixin.py:188} INFO - [2024-05-05T01:32:03.573+0000] {dag.py:3096} INFO - Sync 2 DAGs
[2024-05-05T01:32:03.581+0000] {logging_mixin.py:188} INFO - [2024-05-05T01:32:03.580+0000] {dag.py:3954} INFO - Setting next_dagrun for example_subdag_operator.section-1 to None, run_after=None
[2024-05-05T01:32:03.582+0000] {logging_mixin.py:188} INFO - [2024-05-05T01:32:03.582+0000] {dag.py:3954} INFO - Setting next_dagrun for example_subdag_operator.section-2 to None, run_after=None
[2024-05-05T01:32:03.600+0000] {processor.py:183} INFO - Processing /home/airflow/.local/lib/python3.12/site-packages/airflow/example_dags/example_subdag_operator.py took 0.129 seconds
[2024-05-05T01:32:33.787+0000] {processor.py:161} INFO - Started process (PID=291) to work on /home/airflow/.local/lib/python3.12/site-packages/airflow/example_dags/example_subdag_operator.py
[2024-05-05T01:32:33.789+0000] {processor.py:830} INFO - Processing file /home/airflow/.local/lib/python3.12/site-packages/airflow/example_dags/example_subdag_operator.py for tasks to queue
[2024-05-05T01:32:33.791+0000] {logging_mixin.py:188} INFO - [2024-05-05T01:32:33.790+0000] {dagbag.py:540} INFO - Filling up the DagBag from /home/airflow/.local/lib/python3.12/site-packages/airflow/example_dags/example_subdag_operator.py
[2024-05-05T01:32:33.817+0000] {processor.py:840} INFO - DAG(s) 'example_subdag_operator.section-1', 'example_subdag_operator.section-2', 'example_subdag_operator' retrieved from /home/airflow/.local/lib/python3.12/site-packages/airflow/example_dags/example_subdag_operator.py
[2024-05-05T01:32:33.837+0000] {logging_mixin.py:188} INFO - [2024-05-05T01:32:33.836+0000] {dag.py:3096} INFO - Sync 3 DAGs
[2024-05-05T01:32:33.869+0000] {logging_mixin.py:188} INFO - [2024-05-05T01:32:33.868+0000] {dag.py:3954} INFO - Setting next_dagrun for example_subdag_operator to 2022-01-01 00:00:00+00:00, run_after=2022-01-01 00:00:00+00:00
[2024-05-05T01:32:33.875+0000] {logging_mixin.py:188} INFO - [2024-05-05T01:32:33.875+0000] {dag.py:3954} INFO - Setting next_dagrun for example_subdag_operator.section-1 to None, run_after=None
[2024-05-05T01:32:33.878+0000] {logging_mixin.py:188} INFO - [2024-05-05T01:32:33.878+0000] {dag.py:3954} INFO - Setting next_dagrun for example_subdag_operator.section-2 to None, run_after=None
[2024-05-05T01:32:33.889+0000] {logging_mixin.py:188} INFO - [2024-05-05T01:32:33.889+0000] {dag.py:3096} INFO - Sync 2 DAGs
[2024-05-05T01:32:33.897+0000] {logging_mixin.py:188} INFO - [2024-05-05T01:32:33.896+0000] {dag.py:3954} INFO - Setting next_dagrun for example_subdag_operator.section-1 to None, run_after=None
[2024-05-05T01:32:33.898+0000] {logging_mixin.py:188} INFO - [2024-05-05T01:32:33.898+0000] {dag.py:3954} INFO - Setting next_dagrun for example_subdag_operator.section-2 to None, run_after=None
[2024-05-05T01:32:33.913+0000] {processor.py:183} INFO - Processing /home/airflow/.local/lib/python3.12/site-packages/airflow/example_dags/example_subdag_operator.py took 0.133 seconds
[2024-05-05T01:33:04.379+0000] {processor.py:161} INFO - Started process (PID=351) to work on /home/airflow/.local/lib/python3.12/site-packages/airflow/example_dags/example_subdag_operator.py
[2024-05-05T01:33:04.380+0000] {processor.py:830} INFO - Processing file /home/airflow/.local/lib/python3.12/site-packages/airflow/example_dags/example_subdag_operator.py for tasks to queue
[2024-05-05T01:33:04.382+0000] {logging_mixin.py:188} INFO - [2024-05-05T01:33:04.382+0000] {dagbag.py:540} INFO - Filling up the DagBag from /home/airflow/.local/lib/python3.12/site-packages/airflow/example_dags/example_subdag_operator.py
[2024-05-05T01:33:04.408+0000] {processor.py:840} INFO - DAG(s) 'example_subdag_operator.section-1', 'example_subdag_operator.section-2', 'example_subdag_operator' retrieved from /home/airflow/.local/lib/python3.12/site-packages/airflow/example_dags/example_subdag_operator.py
[2024-05-05T01:33:04.427+0000] {logging_mixin.py:188} INFO - [2024-05-05T01:33:04.426+0000] {dag.py:3096} INFO - Sync 3 DAGs
[2024-05-05T01:33:04.454+0000] {logging_mixin.py:188} INFO - [2024-05-05T01:33:04.454+0000] {dag.py:3954} INFO - Setting next_dagrun for example_subdag_operator to 2022-01-01 00:00:00+00:00, run_after=2022-01-01 00:00:00+00:00
[2024-05-05T01:33:04.460+0000] {logging_mixin.py:188} INFO - [2024-05-05T01:33:04.460+0000] {dag.py:3954} INFO - Setting next_dagrun for example_subdag_operator.section-1 to None, run_after=None
[2024-05-05T01:33:04.462+0000] {logging_mixin.py:188} INFO - [2024-05-05T01:33:04.462+0000] {dag.py:3954} INFO - Setting next_dagrun for example_subdag_operator.section-2 to None, run_after=None
[2024-05-05T01:33:04.470+0000] {logging_mixin.py:188} INFO - [2024-05-05T01:33:04.469+0000] {dag.py:3096} INFO - Sync 2 DAGs
[2024-05-05T01:33:04.477+0000] {logging_mixin.py:188} INFO - [2024-05-05T01:33:04.477+0000] {dag.py:3954} INFO - Setting next_dagrun for example_subdag_operator.section-1 to None, run_after=None
[2024-05-05T01:33:04.478+0000] {logging_mixin.py:188} INFO - [2024-05-05T01:33:04.478+0000] {dag.py:3954} INFO - Setting next_dagrun for example_subdag_operator.section-2 to None, run_after=None
[2024-05-05T01:33:04.491+0000] {processor.py:183} INFO - Processing /home/airflow/.local/lib/python3.12/site-packages/airflow/example_dags/example_subdag_operator.py took 0.119 seconds
[2024-05-05T01:33:34.637+0000] {processor.py:161} INFO - Started process (PID=411) to work on /home/airflow/.local/lib/python3.12/site-packages/airflow/example_dags/example_subdag_operator.py
[2024-05-05T01:33:34.638+0000] {processor.py:830} INFO - Processing file /home/airflow/.local/lib/python3.12/site-packages/airflow/example_dags/example_subdag_operator.py for tasks to queue
[2024-05-05T01:33:34.640+0000] {logging_mixin.py:188} INFO - [2024-05-05T01:33:34.640+0000] {dagbag.py:540} INFO - Filling up the DagBag from /home/airflow/.local/lib/python3.12/site-packages/airflow/example_dags/example_subdag_operator.py
[2024-05-05T01:33:34.665+0000] {processor.py:840} INFO - DAG(s) 'example_subdag_operator.section-1', 'example_subdag_operator.section-2', 'example_subdag_operator' retrieved from /home/airflow/.local/lib/python3.12/site-packages/airflow/example_dags/example_subdag_operator.py
[2024-05-05T01:33:34.682+0000] {logging_mixin.py:188} INFO - [2024-05-05T01:33:34.681+0000] {dag.py:3096} INFO - Sync 3 DAGs
[2024-05-05T01:33:34.703+0000] {logging_mixin.py:188} INFO - [2024-05-05T01:33:34.703+0000] {dag.py:3954} INFO - Setting next_dagrun for example_subdag_operator to 2022-01-01 00:00:00+00:00, run_after=2022-01-01 00:00:00+00:00
[2024-05-05T01:33:34.707+0000] {logging_mixin.py:188} INFO - [2024-05-05T01:33:34.707+0000] {dag.py:3954} INFO - Setting next_dagrun for example_subdag_operator.section-1 to None, run_after=None
[2024-05-05T01:33:34.709+0000] {logging_mixin.py:188} INFO - [2024-05-05T01:33:34.709+0000] {dag.py:3954} INFO - Setting next_dagrun for example_subdag_operator.section-2 to None, run_after=None
[2024-05-05T01:33:34.715+0000] {logging_mixin.py:188} INFO - [2024-05-05T01:33:34.715+0000] {dag.py:3096} INFO - Sync 2 DAGs
[2024-05-05T01:33:34.721+0000] {logging_mixin.py:188} INFO - [2024-05-05T01:33:34.721+0000] {dag.py:3954} INFO - Setting next_dagrun for example_subdag_operator.section-1 to None, run_after=None
[2024-05-05T01:33:34.722+0000] {logging_mixin.py:188} INFO - [2024-05-05T01:33:34.721+0000] {dag.py:3954} INFO - Setting next_dagrun for example_subdag_operator.section-2 to None, run_after=None
[2024-05-05T01:33:34.734+0000] {processor.py:183} INFO - Processing /home/airflow/.local/lib/python3.12/site-packages/airflow/example_dags/example_subdag_operator.py took 0.102 seconds
[2024-05-05T01:34:04.963+0000] {processor.py:161} INFO - Started process (PID=471) to work on /home/airflow/.local/lib/python3.12/site-packages/airflow/example_dags/example_subdag_operator.py
[2024-05-05T01:34:04.964+0000] {processor.py:830} INFO - Processing file /home/airflow/.local/lib/python3.12/site-packages/airflow/example_dags/example_subdag_operator.py for tasks to queue
[2024-05-05T01:34:04.966+0000] {logging_mixin.py:188} INFO - [2024-05-05T01:34:04.966+0000] {dagbag.py:540} INFO - Filling up the DagBag from /home/airflow/.local/lib/python3.12/site-packages/airflow/example_dags/example_subdag_operator.py
[2024-05-05T01:34:04.988+0000] {processor.py:840} INFO - DAG(s) 'example_subdag_operator.section-1', 'example_subdag_operator.section-2', 'example_subdag_operator' retrieved from /home/airflow/.local/lib/python3.12/site-packages/airflow/example_dags/example_subdag_operator.py
[2024-05-05T01:34:05.005+0000] {logging_mixin.py:188} INFO - [2024-05-05T01:34:05.004+0000] {dag.py:3096} INFO - Sync 3 DAGs
[2024-05-05T01:34:05.026+0000] {logging_mixin.py:188} INFO - [2024-05-05T01:34:05.026+0000] {dag.py:3954} INFO - Setting next_dagrun for example_subdag_operator to 2022-01-01 00:00:00+00:00, run_after=2022-01-01 00:00:00+00:00
[2024-05-05T01:34:05.033+0000] {logging_mixin.py:188} INFO - [2024-05-05T01:34:05.033+0000] {dag.py:3954} INFO - Setting next_dagrun for example_subdag_operator.section-1 to None, run_after=None
[2024-05-05T01:34:05.036+0000] {logging_mixin.py:188} INFO - [2024-05-05T01:34:05.035+0000] {dag.py:3954} INFO - Setting next_dagrun for example_subdag_operator.section-2 to None, run_after=None
[2024-05-05T01:34:05.044+0000] {logging_mixin.py:188} INFO - [2024-05-05T01:34:05.044+0000] {dag.py:3096} INFO - Sync 2 DAGs
[2024-05-05T01:34:05.053+0000] {logging_mixin.py:188} INFO - [2024-05-05T01:34:05.053+0000] {dag.py:3954} INFO - Setting next_dagrun for example_subdag_operator.section-1 to None, run_after=None
[2024-05-05T01:34:05.054+0000] {logging_mixin.py:188} INFO - [2024-05-05T01:34:05.054+0000] {dag.py:3954} INFO - Setting next_dagrun for example_subdag_operator.section-2 to None, run_after=None
[2024-05-05T01:34:05.068+0000] {processor.py:183} INFO - Processing /home/airflow/.local/lib/python3.12/site-packages/airflow/example_dags/example_subdag_operator.py took 0.110 seconds
[2024-05-05T01:34:35.325+0000] {processor.py:161} INFO - Started process (PID=530) to work on /home/airflow/.local/lib/python3.12/site-packages/airflow/example_dags/example_subdag_operator.py
[2024-05-05T01:34:35.326+0000] {processor.py:830} INFO - Processing file /home/airflow/.local/lib/python3.12/site-packages/airflow/example_dags/example_subdag_operator.py for tasks to queue
[2024-05-05T01:34:35.328+0000] {logging_mixin.py:188} INFO - [2024-05-05T01:34:35.328+0000] {dagbag.py:540} INFO - Filling up the DagBag from /home/airflow/.local/lib/python3.12/site-packages/airflow/example_dags/example_subdag_operator.py
[2024-05-05T01:34:35.352+0000] {processor.py:840} INFO - DAG(s) 'example_subdag_operator.section-1', 'example_subdag_operator.section-2', 'example_subdag_operator' retrieved from /home/airflow/.local/lib/python3.12/site-packages/airflow/example_dags/example_subdag_operator.py
[2024-05-05T01:34:35.369+0000] {logging_mixin.py:188} INFO - [2024-05-05T01:34:35.368+0000] {dag.py:3096} INFO - Sync 3 DAGs
[2024-05-05T01:34:35.392+0000] {logging_mixin.py:188} INFO - [2024-05-05T01:34:35.392+0000] {dag.py:3954} INFO - Setting next_dagrun for example_subdag_operator to 2022-01-01 00:00:00+00:00, run_after=2022-01-01 00:00:00+00:00
[2024-05-05T01:34:35.398+0000] {logging_mixin.py:188} INFO - [2024-05-05T01:34:35.398+0000] {dag.py:3954} INFO - Setting next_dagrun for example_subdag_operator.section-1 to None, run_after=None
[2024-05-05T01:34:35.400+0000] {logging_mixin.py:188} INFO - [2024-05-05T01:34:35.400+0000] {dag.py:3954} INFO - Setting next_dagrun for example_subdag_operator.section-2 to None, run_after=None
[2024-05-05T01:34:35.409+0000] {logging_mixin.py:188} INFO - [2024-05-05T01:34:35.408+0000] {dag.py:3096} INFO - Sync 2 DAGs
[2024-05-05T01:34:35.415+0000] {logging_mixin.py:188} INFO - [2024-05-05T01:34:35.415+0000] {dag.py:3954} INFO - Setting next_dagrun for example_subdag_operator.section-1 to None, run_after=None
[2024-05-05T01:34:35.416+0000] {logging_mixin.py:188} INFO - [2024-05-05T01:34:35.416+0000] {dag.py:3954} INFO - Setting next_dagrun for example_subdag_operator.section-2 to None, run_after=None
[2024-05-05T01:34:35.428+0000] {processor.py:183} INFO - Processing /home/airflow/.local/lib/python3.12/site-packages/airflow/example_dags/example_subdag_operator.py took 0.109 seconds
[2024-05-05T01:35:05.806+0000] {processor.py:161} INFO - Started process (PID=590) to work on /home/airflow/.local/lib/python3.12/site-packages/airflow/example_dags/example_subdag_operator.py
[2024-05-05T01:35:05.807+0000] {processor.py:830} INFO - Processing file /home/airflow/.local/lib/python3.12/site-packages/airflow/example_dags/example_subdag_operator.py for tasks to queue
[2024-05-05T01:35:05.810+0000] {logging_mixin.py:188} INFO - [2024-05-05T01:35:05.809+0000] {dagbag.py:540} INFO - Filling up the DagBag from /home/airflow/.local/lib/python3.12/site-packages/airflow/example_dags/example_subdag_operator.py
[2024-05-05T01:35:05.845+0000] {processor.py:840} INFO - DAG(s) 'example_subdag_operator.section-1', 'example_subdag_operator.section-2', 'example_subdag_operator' retrieved from /home/airflow/.local/lib/python3.12/site-packages/airflow/example_dags/example_subdag_operator.py
[2024-05-05T01:35:05.873+0000] {logging_mixin.py:188} INFO - [2024-05-05T01:35:05.873+0000] {dag.py:3096} INFO - Sync 3 DAGs
[2024-05-05T01:35:05.904+0000] {logging_mixin.py:188} INFO - [2024-05-05T01:35:05.904+0000] {dag.py:3954} INFO - Setting next_dagrun for example_subdag_operator to 2022-01-01 00:00:00+00:00, run_after=2022-01-01 00:00:00+00:00
[2024-05-05T01:35:05.909+0000] {logging_mixin.py:188} INFO - [2024-05-05T01:35:05.908+0000] {dag.py:3954} INFO - Setting next_dagrun for example_subdag_operator.section-1 to None, run_after=None
[2024-05-05T01:35:05.910+0000] {logging_mixin.py:188} INFO - [2024-05-05T01:35:05.910+0000] {dag.py:3954} INFO - Setting next_dagrun for example_subdag_operator.section-2 to None, run_after=None
[2024-05-05T01:35:05.919+0000] {logging_mixin.py:188} INFO - [2024-05-05T01:35:05.919+0000] {dag.py:3096} INFO - Sync 2 DAGs
[2024-05-05T01:35:05.926+0000] {logging_mixin.py:188} INFO - [2024-05-05T01:35:05.926+0000] {dag.py:3954} INFO - Setting next_dagrun for example_subdag_operator.section-1 to None, run_after=None
[2024-05-05T01:35:05.927+0000] {logging_mixin.py:188} INFO - [2024-05-05T01:35:05.927+0000] {dag.py:3954} INFO - Setting next_dagrun for example_subdag_operator.section-2 to None, run_after=None
[2024-05-05T01:35:05.944+0000] {processor.py:183} INFO - Processing /home/airflow/.local/lib/python3.12/site-packages/airflow/example_dags/example_subdag_operator.py took 0.145 seconds
[2024-05-05T01:35:36.553+0000] {processor.py:161} INFO - Started process (PID=650) to work on /home/airflow/.local/lib/python3.12/site-packages/airflow/example_dags/example_subdag_operator.py
[2024-05-05T01:35:36.554+0000] {processor.py:830} INFO - Processing file /home/airflow/.local/lib/python3.12/site-packages/airflow/example_dags/example_subdag_operator.py for tasks to queue
[2024-05-05T01:35:36.557+0000] {logging_mixin.py:188} INFO - [2024-05-05T01:35:36.556+0000] {dagbag.py:540} INFO - Filling up the DagBag from /home/airflow/.local/lib/python3.12/site-packages/airflow/example_dags/example_subdag_operator.py
[2024-05-05T01:35:36.580+0000] {processor.py:840} INFO - DAG(s) 'example_subdag_operator.section-1', 'example_subdag_operator.section-2', 'example_subdag_operator' retrieved from /home/airflow/.local/lib/python3.12/site-packages/airflow/example_dags/example_subdag_operator.py
[2024-05-05T01:35:36.596+0000] {logging_mixin.py:188} INFO - [2024-05-05T01:35:36.596+0000] {dag.py:3096} INFO - Sync 3 DAGs
[2024-05-05T01:35:36.617+0000] {logging_mixin.py:188} INFO - [2024-05-05T01:35:36.617+0000] {dag.py:3954} INFO - Setting next_dagrun for example_subdag_operator to 2022-01-01 00:00:00+00:00, run_after=2022-01-01 00:00:00+00:00
[2024-05-05T01:35:36.622+0000] {logging_mixin.py:188} INFO - [2024-05-05T01:35:36.621+0000] {dag.py:3954} INFO - Setting next_dagrun for example_subdag_operator.section-1 to None, run_after=None
[2024-05-05T01:35:36.623+0000] {logging_mixin.py:188} INFO - [2024-05-05T01:35:36.623+0000] {dag.py:3954} INFO - Setting next_dagrun for example_subdag_operator.section-2 to None, run_after=None
[2024-05-05T01:35:36.630+0000] {logging_mixin.py:188} INFO - [2024-05-05T01:35:36.630+0000] {dag.py:3096} INFO - Sync 2 DAGs
[2024-05-05T01:35:36.635+0000] {logging_mixin.py:188} INFO - [2024-05-05T01:35:36.635+0000] {dag.py:3954} INFO - Setting next_dagrun for example_subdag_operator.section-1 to None, run_after=None
[2024-05-05T01:35:36.636+0000] {logging_mixin.py:188} INFO - [2024-05-05T01:35:36.636+0000] {dag.py:3954} INFO - Setting next_dagrun for example_subdag_operator.section-2 to None, run_after=None
[2024-05-05T01:35:36.647+0000] {processor.py:183} INFO - Processing /home/airflow/.local/lib/python3.12/site-packages/airflow/example_dags/example_subdag_operator.py took 0.101 seconds
[2024-05-05T02:04:14.881+0000] {processor.py:161} INFO - Started process (PID=47) to work on /home/airflow/.local/lib/python3.12/site-packages/airflow/example_dags/example_subdag_operator.py
[2024-05-05T02:04:14.882+0000] {processor.py:830} INFO - Processing file /home/airflow/.local/lib/python3.12/site-packages/airflow/example_dags/example_subdag_operator.py for tasks to queue
[2024-05-05T02:04:14.884+0000] {logging_mixin.py:188} INFO - [2024-05-05T02:04:14.884+0000] {dagbag.py:540} INFO - Filling up the DagBag from /home/airflow/.local/lib/python3.12/site-packages/airflow/example_dags/example_subdag_operator.py
[2024-05-05T02:04:14.920+0000] {processor.py:840} INFO - DAG(s) 'example_subdag_operator.section-1', 'example_subdag_operator.section-2', 'example_subdag_operator' retrieved from /home/airflow/.local/lib/python3.12/site-packages/airflow/example_dags/example_subdag_operator.py
[2024-05-05T02:04:15.061+0000] {logging_mixin.py:188} INFO - [2024-05-05T02:04:15.061+0000] {dag.py:3096} INFO - Sync 3 DAGs
[2024-05-05T02:04:15.091+0000] {logging_mixin.py:188} INFO - [2024-05-05T02:04:15.090+0000] {dag.py:3954} INFO - Setting next_dagrun for example_subdag_operator to 2022-01-01 00:00:00+00:00, run_after=2022-01-01 00:00:00+00:00
[2024-05-05T02:04:15.097+0000] {logging_mixin.py:188} INFO - [2024-05-05T02:04:15.096+0000] {dag.py:3954} INFO - Setting next_dagrun for example_subdag_operator.section-1 to None, run_after=None
[2024-05-05T02:04:15.099+0000] {logging_mixin.py:188} INFO - [2024-05-05T02:04:15.099+0000] {dag.py:3954} INFO - Setting next_dagrun for example_subdag_operator.section-2 to None, run_after=None
[2024-05-05T02:04:15.114+0000] {logging_mixin.py:188} INFO - [2024-05-05T02:04:15.113+0000] {dag.py:3096} INFO - Sync 2 DAGs
[2024-05-05T02:04:15.121+0000] {logging_mixin.py:188} INFO - [2024-05-05T02:04:15.121+0000] {dag.py:3954} INFO - Setting next_dagrun for example_subdag_operator.section-1 to None, run_after=None
[2024-05-05T02:04:15.122+0000] {logging_mixin.py:188} INFO - [2024-05-05T02:04:15.122+0000] {dag.py:3954} INFO - Setting next_dagrun for example_subdag_operator.section-2 to None, run_after=None
[2024-05-05T02:04:15.137+0000] {processor.py:183} INFO - Processing /home/airflow/.local/lib/python3.12/site-packages/airflow/example_dags/example_subdag_operator.py took 0.265 seconds
[2024-05-05T02:04:46.041+0000] {processor.py:161} INFO - Started process (PID=107) to work on /home/airflow/.local/lib/python3.12/site-packages/airflow/example_dags/example_subdag_operator.py
[2024-05-05T02:04:46.042+0000] {processor.py:830} INFO - Processing file /home/airflow/.local/lib/python3.12/site-packages/airflow/example_dags/example_subdag_operator.py for tasks to queue
[2024-05-05T02:04:46.045+0000] {logging_mixin.py:188} INFO - [2024-05-05T02:04:46.044+0000] {dagbag.py:540} INFO - Filling up the DagBag from /home/airflow/.local/lib/python3.12/site-packages/airflow/example_dags/example_subdag_operator.py
[2024-05-05T02:04:46.077+0000] {processor.py:840} INFO - DAG(s) 'example_subdag_operator.section-1', 'example_subdag_operator.section-2', 'example_subdag_operator' retrieved from /home/airflow/.local/lib/python3.12/site-packages/airflow/example_dags/example_subdag_operator.py
[2024-05-05T02:04:46.096+0000] {logging_mixin.py:188} INFO - [2024-05-05T02:04:46.095+0000] {dag.py:3096} INFO - Sync 3 DAGs
[2024-05-05T02:04:46.119+0000] {logging_mixin.py:188} INFO - [2024-05-05T02:04:46.119+0000] {dag.py:3954} INFO - Setting next_dagrun for example_subdag_operator to 2022-01-01 00:00:00+00:00, run_after=2022-01-01 00:00:00+00:00
[2024-05-05T02:04:46.125+0000] {logging_mixin.py:188} INFO - [2024-05-05T02:04:46.125+0000] {dag.py:3954} INFO - Setting next_dagrun for example_subdag_operator.section-1 to None, run_after=None
[2024-05-05T02:04:46.127+0000] {logging_mixin.py:188} INFO - [2024-05-05T02:04:46.127+0000] {dag.py:3954} INFO - Setting next_dagrun for example_subdag_operator.section-2 to None, run_after=None
[2024-05-05T02:04:46.136+0000] {logging_mixin.py:188} INFO - [2024-05-05T02:04:46.136+0000] {dag.py:3096} INFO - Sync 2 DAGs
[2024-05-05T02:04:46.144+0000] {logging_mixin.py:188} INFO - [2024-05-05T02:04:46.143+0000] {dag.py:3954} INFO - Setting next_dagrun for example_subdag_operator.section-1 to None, run_after=None
[2024-05-05T02:04:46.145+0000] {logging_mixin.py:188} INFO - [2024-05-05T02:04:46.144+0000] {dag.py:3954} INFO - Setting next_dagrun for example_subdag_operator.section-2 to None, run_after=None
[2024-05-05T02:04:46.162+0000] {processor.py:183} INFO - Processing /home/airflow/.local/lib/python3.12/site-packages/airflow/example_dags/example_subdag_operator.py took 0.127 seconds
[2024-05-05T02:05:16.284+0000] {processor.py:161} INFO - Started process (PID=167) to work on /home/airflow/.local/lib/python3.12/site-packages/airflow/example_dags/example_subdag_operator.py
[2024-05-05T02:05:16.286+0000] {processor.py:830} INFO - Processing file /home/airflow/.local/lib/python3.12/site-packages/airflow/example_dags/example_subdag_operator.py for tasks to queue
[2024-05-05T02:05:16.288+0000] {logging_mixin.py:188} INFO - [2024-05-05T02:05:16.287+0000] {dagbag.py:540} INFO - Filling up the DagBag from /home/airflow/.local/lib/python3.12/site-packages/airflow/example_dags/example_subdag_operator.py
[2024-05-05T02:05:16.316+0000] {processor.py:840} INFO - DAG(s) 'example_subdag_operator.section-1', 'example_subdag_operator.section-2', 'example_subdag_operator' retrieved from /home/airflow/.local/lib/python3.12/site-packages/airflow/example_dags/example_subdag_operator.py
[2024-05-05T02:05:16.337+0000] {logging_mixin.py:188} INFO - [2024-05-05T02:05:16.336+0000] {dag.py:3096} INFO - Sync 3 DAGs
[2024-05-05T02:05:16.363+0000] {logging_mixin.py:188} INFO - [2024-05-05T02:05:16.362+0000] {dag.py:3954} INFO - Setting next_dagrun for example_subdag_operator to 2022-01-01 00:00:00+00:00, run_after=2022-01-01 00:00:00+00:00
[2024-05-05T02:05:16.368+0000] {logging_mixin.py:188} INFO - [2024-05-05T02:05:16.368+0000] {dag.py:3954} INFO - Setting next_dagrun for example_subdag_operator.section-1 to None, run_after=None
[2024-05-05T02:05:16.370+0000] {logging_mixin.py:188} INFO - [2024-05-05T02:05:16.370+0000] {dag.py:3954} INFO - Setting next_dagrun for example_subdag_operator.section-2 to None, run_after=None
[2024-05-05T02:05:16.381+0000] {logging_mixin.py:188} INFO - [2024-05-05T02:05:16.380+0000] {dag.py:3096} INFO - Sync 2 DAGs
[2024-05-05T02:05:16.390+0000] {logging_mixin.py:188} INFO - [2024-05-05T02:05:16.389+0000] {dag.py:3954} INFO - Setting next_dagrun for example_subdag_operator.section-1 to None, run_after=None
[2024-05-05T02:05:16.391+0000] {logging_mixin.py:188} INFO - [2024-05-05T02:05:16.390+0000] {dag.py:3954} INFO - Setting next_dagrun for example_subdag_operator.section-2 to None, run_after=None
[2024-05-05T02:05:16.413+0000] {processor.py:183} INFO - Processing /home/airflow/.local/lib/python3.12/site-packages/airflow/example_dags/example_subdag_operator.py took 0.136 seconds
[2024-05-05T02:05:46.891+0000] {processor.py:161} INFO - Started process (PID=227) to work on /home/airflow/.local/lib/python3.12/site-packages/airflow/example_dags/example_subdag_operator.py
[2024-05-05T02:05:46.893+0000] {processor.py:830} INFO - Processing file /home/airflow/.local/lib/python3.12/site-packages/airflow/example_dags/example_subdag_operator.py for tasks to queue
[2024-05-05T02:05:46.896+0000] {logging_mixin.py:188} INFO - [2024-05-05T02:05:46.895+0000] {dagbag.py:540} INFO - Filling up the DagBag from /home/airflow/.local/lib/python3.12/site-packages/airflow/example_dags/example_subdag_operator.py
[2024-05-05T02:05:46.922+0000] {processor.py:840} INFO - DAG(s) 'example_subdag_operator.section-1', 'example_subdag_operator.section-2', 'example_subdag_operator' retrieved from /home/airflow/.local/lib/python3.12/site-packages/airflow/example_dags/example_subdag_operator.py
[2024-05-05T02:05:46.945+0000] {logging_mixin.py:188} INFO - [2024-05-05T02:05:46.944+0000] {dag.py:3096} INFO - Sync 3 DAGs
[2024-05-05T02:05:46.970+0000] {logging_mixin.py:188} INFO - [2024-05-05T02:05:46.969+0000] {dag.py:3954} INFO - Setting next_dagrun for example_subdag_operator to 2022-01-01 00:00:00+00:00, run_after=2022-01-01 00:00:00+00:00
[2024-05-05T02:05:46.974+0000] {logging_mixin.py:188} INFO - [2024-05-05T02:05:46.974+0000] {dag.py:3954} INFO - Setting next_dagrun for example_subdag_operator.section-1 to None, run_after=None
[2024-05-05T02:05:46.977+0000] {logging_mixin.py:188} INFO - [2024-05-05T02:05:46.976+0000] {dag.py:3954} INFO - Setting next_dagrun for example_subdag_operator.section-2 to None, run_after=None
[2024-05-05T02:05:46.987+0000] {logging_mixin.py:188} INFO - [2024-05-05T02:05:46.987+0000] {dag.py:3096} INFO - Sync 2 DAGs
[2024-05-05T02:05:46.993+0000] {logging_mixin.py:188} INFO - [2024-05-05T02:05:46.993+0000] {dag.py:3954} INFO - Setting next_dagrun for example_subdag_operator.section-1 to None, run_after=None
[2024-05-05T02:05:46.995+0000] {logging_mixin.py:188} INFO - [2024-05-05T02:05:46.994+0000] {dag.py:3954} INFO - Setting next_dagrun for example_subdag_operator.section-2 to None, run_after=None
[2024-05-05T02:05:47.009+0000] {processor.py:183} INFO - Processing /home/airflow/.local/lib/python3.12/site-packages/airflow/example_dags/example_subdag_operator.py took 0.123 seconds
[2024-05-05T02:06:17.494+0000] {processor.py:161} INFO - Started process (PID=287) to work on /home/airflow/.local/lib/python3.12/site-packages/airflow/example_dags/example_subdag_operator.py
[2024-05-05T02:06:17.495+0000] {processor.py:830} INFO - Processing file /home/airflow/.local/lib/python3.12/site-packages/airflow/example_dags/example_subdag_operator.py for tasks to queue
[2024-05-05T02:06:17.498+0000] {logging_mixin.py:188} INFO - [2024-05-05T02:06:17.497+0000] {dagbag.py:540} INFO - Filling up the DagBag from /home/airflow/.local/lib/python3.12/site-packages/airflow/example_dags/example_subdag_operator.py
[2024-05-05T02:06:17.523+0000] {processor.py:840} INFO - DAG(s) 'example_subdag_operator.section-1', 'example_subdag_operator.section-2', 'example_subdag_operator' retrieved from /home/airflow/.local/lib/python3.12/site-packages/airflow/example_dags/example_subdag_operator.py
[2024-05-05T02:06:17.540+0000] {logging_mixin.py:188} INFO - [2024-05-05T02:06:17.539+0000] {dag.py:3096} INFO - Sync 3 DAGs
[2024-05-05T02:06:17.571+0000] {logging_mixin.py:188} INFO - [2024-05-05T02:06:17.571+0000] {dag.py:3954} INFO - Setting next_dagrun for example_subdag_operator to 2022-01-01 00:00:00+00:00, run_after=2022-01-01 00:00:00+00:00
[2024-05-05T02:06:17.579+0000] {logging_mixin.py:188} INFO - [2024-05-05T02:06:17.578+0000] {dag.py:3954} INFO - Setting next_dagrun for example_subdag_operator.section-1 to None, run_after=None
[2024-05-05T02:06:17.581+0000] {logging_mixin.py:188} INFO - [2024-05-05T02:06:17.581+0000] {dag.py:3954} INFO - Setting next_dagrun for example_subdag_operator.section-2 to None, run_after=None
[2024-05-05T02:06:17.591+0000] {logging_mixin.py:188} INFO - [2024-05-05T02:06:17.591+0000] {dag.py:3096} INFO - Sync 2 DAGs
[2024-05-05T02:06:17.600+0000] {logging_mixin.py:188} INFO - [2024-05-05T02:06:17.599+0000] {dag.py:3954} INFO - Setting next_dagrun for example_subdag_operator.section-1 to None, run_after=None
[2024-05-05T02:06:17.600+0000] {logging_mixin.py:188} INFO - [2024-05-05T02:06:17.600+0000] {dag.py:3954} INFO - Setting next_dagrun for example_subdag_operator.section-2 to None, run_after=None
[2024-05-05T02:06:17.620+0000] {processor.py:183} INFO - Processing /home/airflow/.local/lib/python3.12/site-packages/airflow/example_dags/example_subdag_operator.py took 0.134 seconds
[2024-05-05T02:06:47.692+0000] {processor.py:161} INFO - Started process (PID=347) to work on /home/airflow/.local/lib/python3.12/site-packages/airflow/example_dags/example_subdag_operator.py
[2024-05-05T02:06:47.694+0000] {processor.py:830} INFO - Processing file /home/airflow/.local/lib/python3.12/site-packages/airflow/example_dags/example_subdag_operator.py for tasks to queue
[2024-05-05T02:06:47.696+0000] {logging_mixin.py:188} INFO - [2024-05-05T02:06:47.696+0000] {dagbag.py:540} INFO - Filling up the DagBag from /home/airflow/.local/lib/python3.12/site-packages/airflow/example_dags/example_subdag_operator.py
[2024-05-05T02:06:47.722+0000] {processor.py:840} INFO - DAG(s) 'example_subdag_operator.section-1', 'example_subdag_operator.section-2', 'example_subdag_operator' retrieved from /home/airflow/.local/lib/python3.12/site-packages/airflow/example_dags/example_subdag_operator.py
[2024-05-05T02:06:47.743+0000] {logging_mixin.py:188} INFO - [2024-05-05T02:06:47.743+0000] {dag.py:3096} INFO - Sync 3 DAGs
[2024-05-05T02:06:47.770+0000] {logging_mixin.py:188} INFO - [2024-05-05T02:06:47.770+0000] {dag.py:3954} INFO - Setting next_dagrun for example_subdag_operator to 2022-01-01 00:00:00+00:00, run_after=2022-01-01 00:00:00+00:00
[2024-05-05T02:06:47.775+0000] {logging_mixin.py:188} INFO - [2024-05-05T02:06:47.775+0000] {dag.py:3954} INFO - Setting next_dagrun for example_subdag_operator.section-1 to None, run_after=None
[2024-05-05T02:06:47.777+0000] {logging_mixin.py:188} INFO - [2024-05-05T02:06:47.777+0000] {dag.py:3954} INFO - Setting next_dagrun for example_subdag_operator.section-2 to None, run_after=None
[2024-05-05T02:06:47.789+0000] {logging_mixin.py:188} INFO - [2024-05-05T02:06:47.788+0000] {dag.py:3096} INFO - Sync 2 DAGs
[2024-05-05T02:06:47.796+0000] {logging_mixin.py:188} INFO - [2024-05-05T02:06:47.796+0000] {dag.py:3954} INFO - Setting next_dagrun for example_subdag_operator.section-1 to None, run_after=None
[2024-05-05T02:06:47.797+0000] {logging_mixin.py:188} INFO - [2024-05-05T02:06:47.797+0000] {dag.py:3954} INFO - Setting next_dagrun for example_subdag_operator.section-2 to None, run_after=None
[2024-05-05T02:06:47.811+0000] {processor.py:183} INFO - Processing /home/airflow/.local/lib/python3.12/site-packages/airflow/example_dags/example_subdag_operator.py took 0.128 seconds
