[2024-05-05T01:30:33.433+0000] {processor.py:161} INFO - Started process (PID=58) to work on /home/airflow/.local/lib/python3.12/site-packages/airflow/example_dags/example_external_task_marker_dag.py
[2024-05-05T01:30:33.435+0000] {processor.py:830} INFO - Processing file /home/airflow/.local/lib/python3.12/site-packages/airflow/example_dags/example_external_task_marker_dag.py for tasks to queue
[2024-05-05T01:30:33.438+0000] {logging_mixin.py:188} INFO - [2024-05-05T01:30:33.438+0000] {dagbag.py:540} INFO - Filling up the DagBag from /home/airflow/.local/lib/python3.12/site-packages/airflow/example_dags/example_external_task_marker_dag.py
[2024-05-05T01:30:33.446+0000] {processor.py:840} INFO - DAG(s) 'example_external_task_marker_child', 'example_external_task_marker_parent' retrieved from /home/airflow/.local/lib/python3.12/site-packages/airflow/example_dags/example_external_task_marker_dag.py
[2024-05-05T01:30:33.575+0000] {logging_mixin.py:188} INFO - [2024-05-05T01:30:33.575+0000] {dag.py:3096} INFO - Sync 2 DAGs
[2024-05-05T01:30:33.586+0000] {logging_mixin.py:188} INFO - [2024-05-05T01:30:33.586+0000] {dag.py:3954} INFO - Setting next_dagrun for example_external_task_marker_child to None, run_after=None
[2024-05-05T01:30:33.591+0000] {logging_mixin.py:188} INFO - [2024-05-05T01:30:33.591+0000] {dag.py:3954} INFO - Setting next_dagrun for example_external_task_marker_parent to None, run_after=None
[2024-05-05T01:30:33.620+0000] {processor.py:183} INFO - Processing /home/airflow/.local/lib/python3.12/site-packages/airflow/example_dags/example_external_task_marker_dag.py took 0.195 seconds
[2024-05-05T01:31:04.467+0000] {processor.py:161} INFO - Started process (PID=118) to work on /home/airflow/.local/lib/python3.12/site-packages/airflow/example_dags/example_external_task_marker_dag.py
[2024-05-05T01:31:04.468+0000] {processor.py:830} INFO - Processing file /home/airflow/.local/lib/python3.12/site-packages/airflow/example_dags/example_external_task_marker_dag.py for tasks to queue
[2024-05-05T01:31:04.471+0000] {logging_mixin.py:188} INFO - [2024-05-05T01:31:04.470+0000] {dagbag.py:540} INFO - Filling up the DagBag from /home/airflow/.local/lib/python3.12/site-packages/airflow/example_dags/example_external_task_marker_dag.py
[2024-05-05T01:31:04.479+0000] {processor.py:840} INFO - DAG(s) 'example_external_task_marker_child', 'example_external_task_marker_parent' retrieved from /home/airflow/.local/lib/python3.12/site-packages/airflow/example_dags/example_external_task_marker_dag.py
[2024-05-05T01:31:04.515+0000] {logging_mixin.py:188} INFO - [2024-05-05T01:31:04.514+0000] {dag.py:3096} INFO - Sync 2 DAGs
[2024-05-05T01:31:04.533+0000] {logging_mixin.py:188} INFO - [2024-05-05T01:31:04.533+0000] {dag.py:3954} INFO - Setting next_dagrun for example_external_task_marker_child to None, run_after=None
[2024-05-05T01:31:04.538+0000] {logging_mixin.py:188} INFO - [2024-05-05T01:31:04.538+0000] {dag.py:3954} INFO - Setting next_dagrun for example_external_task_marker_parent to None, run_after=None
[2024-05-05T01:31:04.559+0000] {processor.py:183} INFO - Processing /home/airflow/.local/lib/python3.12/site-packages/airflow/example_dags/example_external_task_marker_dag.py took 0.098 seconds
[2024-05-05T01:31:34.784+0000] {processor.py:161} INFO - Started process (PID=178) to work on /home/airflow/.local/lib/python3.12/site-packages/airflow/example_dags/example_external_task_marker_dag.py
[2024-05-05T01:31:34.786+0000] {processor.py:830} INFO - Processing file /home/airflow/.local/lib/python3.12/site-packages/airflow/example_dags/example_external_task_marker_dag.py for tasks to queue
[2024-05-05T01:31:34.788+0000] {logging_mixin.py:188} INFO - [2024-05-05T01:31:34.788+0000] {dagbag.py:540} INFO - Filling up the DagBag from /home/airflow/.local/lib/python3.12/site-packages/airflow/example_dags/example_external_task_marker_dag.py
[2024-05-05T01:31:34.795+0000] {processor.py:840} INFO - DAG(s) 'example_external_task_marker_parent', 'example_external_task_marker_child' retrieved from /home/airflow/.local/lib/python3.12/site-packages/airflow/example_dags/example_external_task_marker_dag.py
[2024-05-05T01:31:34.824+0000] {logging_mixin.py:188} INFO - [2024-05-05T01:31:34.824+0000] {dag.py:3096} INFO - Sync 2 DAGs
[2024-05-05T01:31:34.840+0000] {logging_mixin.py:188} INFO - [2024-05-05T01:31:34.840+0000] {dag.py:3954} INFO - Setting next_dagrun for example_external_task_marker_child to None, run_after=None
[2024-05-05T01:31:34.845+0000] {logging_mixin.py:188} INFO - [2024-05-05T01:31:34.845+0000] {dag.py:3954} INFO - Setting next_dagrun for example_external_task_marker_parent to None, run_after=None
[2024-05-05T01:31:34.866+0000] {processor.py:183} INFO - Processing /home/airflow/.local/lib/python3.12/site-packages/airflow/example_dags/example_external_task_marker_dag.py took 0.088 seconds
[2024-05-05T01:32:05.200+0000] {processor.py:161} INFO - Started process (PID=238) to work on /home/airflow/.local/lib/python3.12/site-packages/airflow/example_dags/example_external_task_marker_dag.py
[2024-05-05T01:32:05.201+0000] {processor.py:830} INFO - Processing file /home/airflow/.local/lib/python3.12/site-packages/airflow/example_dags/example_external_task_marker_dag.py for tasks to queue
[2024-05-05T01:32:05.203+0000] {logging_mixin.py:188} INFO - [2024-05-05T01:32:05.203+0000] {dagbag.py:540} INFO - Filling up the DagBag from /home/airflow/.local/lib/python3.12/site-packages/airflow/example_dags/example_external_task_marker_dag.py
[2024-05-05T01:32:05.210+0000] {processor.py:840} INFO - DAG(s) 'example_external_task_marker_child', 'example_external_task_marker_parent' retrieved from /home/airflow/.local/lib/python3.12/site-packages/airflow/example_dags/example_external_task_marker_dag.py
[2024-05-05T01:32:05.236+0000] {logging_mixin.py:188} INFO - [2024-05-05T01:32:05.236+0000] {dag.py:3096} INFO - Sync 2 DAGs
[2024-05-05T01:32:05.250+0000] {logging_mixin.py:188} INFO - [2024-05-05T01:32:05.250+0000] {dag.py:3954} INFO - Setting next_dagrun for example_external_task_marker_child to None, run_after=None
[2024-05-05T01:32:05.255+0000] {logging_mixin.py:188} INFO - [2024-05-05T01:32:05.255+0000] {dag.py:3954} INFO - Setting next_dagrun for example_external_task_marker_parent to None, run_after=None
[2024-05-05T01:32:05.276+0000] {processor.py:183} INFO - Processing /home/airflow/.local/lib/python3.12/site-packages/airflow/example_dags/example_external_task_marker_dag.py took 0.083 seconds
[2024-05-05T01:32:35.522+0000] {processor.py:161} INFO - Started process (PID=299) to work on /home/airflow/.local/lib/python3.12/site-packages/airflow/example_dags/example_external_task_marker_dag.py
[2024-05-05T01:32:35.523+0000] {processor.py:830} INFO - Processing file /home/airflow/.local/lib/python3.12/site-packages/airflow/example_dags/example_external_task_marker_dag.py for tasks to queue
[2024-05-05T01:32:35.526+0000] {logging_mixin.py:188} INFO - [2024-05-05T01:32:35.525+0000] {dagbag.py:540} INFO - Filling up the DagBag from /home/airflow/.local/lib/python3.12/site-packages/airflow/example_dags/example_external_task_marker_dag.py
[2024-05-05T01:32:35.533+0000] {processor.py:840} INFO - DAG(s) 'example_external_task_marker_parent', 'example_external_task_marker_child' retrieved from /home/airflow/.local/lib/python3.12/site-packages/airflow/example_dags/example_external_task_marker_dag.py
[2024-05-05T01:32:35.564+0000] {logging_mixin.py:188} INFO - [2024-05-05T01:32:35.564+0000] {dag.py:3096} INFO - Sync 2 DAGs
[2024-05-05T01:32:35.580+0000] {logging_mixin.py:188} INFO - [2024-05-05T01:32:35.580+0000] {dag.py:3954} INFO - Setting next_dagrun for example_external_task_marker_child to None, run_after=None
[2024-05-05T01:32:35.586+0000] {logging_mixin.py:188} INFO - [2024-05-05T01:32:35.585+0000] {dag.py:3954} INFO - Setting next_dagrun for example_external_task_marker_parent to None, run_after=None
[2024-05-05T01:32:35.611+0000] {processor.py:183} INFO - Processing /home/airflow/.local/lib/python3.12/site-packages/airflow/example_dags/example_external_task_marker_dag.py took 0.095 seconds
[2024-05-05T01:33:06.052+0000] {processor.py:161} INFO - Started process (PID=359) to work on /home/airflow/.local/lib/python3.12/site-packages/airflow/example_dags/example_external_task_marker_dag.py
[2024-05-05T01:33:06.053+0000] {processor.py:830} INFO - Processing file /home/airflow/.local/lib/python3.12/site-packages/airflow/example_dags/example_external_task_marker_dag.py for tasks to queue
[2024-05-05T01:33:06.055+0000] {logging_mixin.py:188} INFO - [2024-05-05T01:33:06.055+0000] {dagbag.py:540} INFO - Filling up the DagBag from /home/airflow/.local/lib/python3.12/site-packages/airflow/example_dags/example_external_task_marker_dag.py
[2024-05-05T01:33:06.064+0000] {processor.py:840} INFO - DAG(s) 'example_external_task_marker_child', 'example_external_task_marker_parent' retrieved from /home/airflow/.local/lib/python3.12/site-packages/airflow/example_dags/example_external_task_marker_dag.py
[2024-05-05T01:33:06.094+0000] {logging_mixin.py:188} INFO - [2024-05-05T01:33:06.094+0000] {dag.py:3096} INFO - Sync 2 DAGs
[2024-05-05T01:33:06.110+0000] {logging_mixin.py:188} INFO - [2024-05-05T01:33:06.109+0000] {dag.py:3954} INFO - Setting next_dagrun for example_external_task_marker_child to None, run_after=None
[2024-05-05T01:33:06.115+0000] {logging_mixin.py:188} INFO - [2024-05-05T01:33:06.115+0000] {dag.py:3954} INFO - Setting next_dagrun for example_external_task_marker_parent to None, run_after=None
[2024-05-05T01:33:06.138+0000] {processor.py:183} INFO - Processing /home/airflow/.local/lib/python3.12/site-packages/airflow/example_dags/example_external_task_marker_dag.py took 0.092 seconds
[2024-05-05T01:33:36.286+0000] {processor.py:161} INFO - Started process (PID=419) to work on /home/airflow/.local/lib/python3.12/site-packages/airflow/example_dags/example_external_task_marker_dag.py
[2024-05-05T01:33:36.287+0000] {processor.py:830} INFO - Processing file /home/airflow/.local/lib/python3.12/site-packages/airflow/example_dags/example_external_task_marker_dag.py for tasks to queue
[2024-05-05T01:33:36.290+0000] {logging_mixin.py:188} INFO - [2024-05-05T01:33:36.289+0000] {dagbag.py:540} INFO - Filling up the DagBag from /home/airflow/.local/lib/python3.12/site-packages/airflow/example_dags/example_external_task_marker_dag.py
[2024-05-05T01:33:36.297+0000] {processor.py:840} INFO - DAG(s) 'example_external_task_marker_parent', 'example_external_task_marker_child' retrieved from /home/airflow/.local/lib/python3.12/site-packages/airflow/example_dags/example_external_task_marker_dag.py
[2024-05-05T01:33:36.322+0000] {logging_mixin.py:188} INFO - [2024-05-05T01:33:36.321+0000] {dag.py:3096} INFO - Sync 2 DAGs
[2024-05-05T01:33:36.335+0000] {logging_mixin.py:188} INFO - [2024-05-05T01:33:36.335+0000] {dag.py:3954} INFO - Setting next_dagrun for example_external_task_marker_child to None, run_after=None
[2024-05-05T01:33:36.340+0000] {logging_mixin.py:188} INFO - [2024-05-05T01:33:36.339+0000] {dag.py:3954} INFO - Setting next_dagrun for example_external_task_marker_parent to None, run_after=None
[2024-05-05T01:33:36.361+0000] {processor.py:183} INFO - Processing /home/airflow/.local/lib/python3.12/site-packages/airflow/example_dags/example_external_task_marker_dag.py took 0.082 seconds
[2024-05-05T01:34:06.674+0000] {processor.py:161} INFO - Started process (PID=479) to work on /home/airflow/.local/lib/python3.12/site-packages/airflow/example_dags/example_external_task_marker_dag.py
[2024-05-05T01:34:06.677+0000] {processor.py:830} INFO - Processing file /home/airflow/.local/lib/python3.12/site-packages/airflow/example_dags/example_external_task_marker_dag.py for tasks to queue
[2024-05-05T01:34:06.680+0000] {logging_mixin.py:188} INFO - [2024-05-05T01:34:06.679+0000] {dagbag.py:540} INFO - Filling up the DagBag from /home/airflow/.local/lib/python3.12/site-packages/airflow/example_dags/example_external_task_marker_dag.py
[2024-05-05T01:34:06.686+0000] {processor.py:840} INFO - DAG(s) 'example_external_task_marker_parent', 'example_external_task_marker_child' retrieved from /home/airflow/.local/lib/python3.12/site-packages/airflow/example_dags/example_external_task_marker_dag.py
[2024-05-05T01:34:06.714+0000] {logging_mixin.py:188} INFO - [2024-05-05T01:34:06.713+0000] {dag.py:3096} INFO - Sync 2 DAGs
[2024-05-05T01:34:06.731+0000] {logging_mixin.py:188} INFO - [2024-05-05T01:34:06.730+0000] {dag.py:3954} INFO - Setting next_dagrun for example_external_task_marker_child to None, run_after=None
[2024-05-05T01:34:06.737+0000] {logging_mixin.py:188} INFO - [2024-05-05T01:34:06.737+0000] {dag.py:3954} INFO - Setting next_dagrun for example_external_task_marker_parent to None, run_after=None
[2024-05-05T01:34:06.755+0000] {processor.py:183} INFO - Processing /home/airflow/.local/lib/python3.12/site-packages/airflow/example_dags/example_external_task_marker_dag.py took 0.088 seconds
[2024-05-05T01:34:36.969+0000] {processor.py:161} INFO - Started process (PID=539) to work on /home/airflow/.local/lib/python3.12/site-packages/airflow/example_dags/example_external_task_marker_dag.py
[2024-05-05T01:34:36.970+0000] {processor.py:830} INFO - Processing file /home/airflow/.local/lib/python3.12/site-packages/airflow/example_dags/example_external_task_marker_dag.py for tasks to queue
[2024-05-05T01:34:36.972+0000] {logging_mixin.py:188} INFO - [2024-05-05T01:34:36.972+0000] {dagbag.py:540} INFO - Filling up the DagBag from /home/airflow/.local/lib/python3.12/site-packages/airflow/example_dags/example_external_task_marker_dag.py
[2024-05-05T01:34:36.978+0000] {processor.py:840} INFO - DAG(s) 'example_external_task_marker_parent', 'example_external_task_marker_child' retrieved from /home/airflow/.local/lib/python3.12/site-packages/airflow/example_dags/example_external_task_marker_dag.py
[2024-05-05T01:34:37.002+0000] {logging_mixin.py:188} INFO - [2024-05-05T01:34:37.002+0000] {dag.py:3096} INFO - Sync 2 DAGs
[2024-05-05T01:34:37.016+0000] {logging_mixin.py:188} INFO - [2024-05-05T01:34:37.016+0000] {dag.py:3954} INFO - Setting next_dagrun for example_external_task_marker_child to None, run_after=None
[2024-05-05T01:34:37.020+0000] {logging_mixin.py:188} INFO - [2024-05-05T01:34:37.020+0000] {dag.py:3954} INFO - Setting next_dagrun for example_external_task_marker_parent to None, run_after=None
[2024-05-05T01:34:37.036+0000] {processor.py:183} INFO - Processing /home/airflow/.local/lib/python3.12/site-packages/airflow/example_dags/example_external_task_marker_dag.py took 0.073 seconds
[2024-05-05T01:35:07.611+0000] {processor.py:161} INFO - Started process (PID=605) to work on /home/airflow/.local/lib/python3.12/site-packages/airflow/example_dags/example_external_task_marker_dag.py
[2024-05-05T01:35:07.612+0000] {processor.py:830} INFO - Processing file /home/airflow/.local/lib/python3.12/site-packages/airflow/example_dags/example_external_task_marker_dag.py for tasks to queue
[2024-05-05T01:35:07.615+0000] {logging_mixin.py:188} INFO - [2024-05-05T01:35:07.614+0000] {dagbag.py:540} INFO - Filling up the DagBag from /home/airflow/.local/lib/python3.12/site-packages/airflow/example_dags/example_external_task_marker_dag.py
[2024-05-05T01:35:07.624+0000] {processor.py:840} INFO - DAG(s) 'example_external_task_marker_parent', 'example_external_task_marker_child' retrieved from /home/airflow/.local/lib/python3.12/site-packages/airflow/example_dags/example_external_task_marker_dag.py
[2024-05-05T01:35:07.657+0000] {logging_mixin.py:188} INFO - [2024-05-05T01:35:07.657+0000] {dag.py:3096} INFO - Sync 2 DAGs
[2024-05-05T01:35:07.682+0000] {logging_mixin.py:188} INFO - [2024-05-05T01:35:07.681+0000] {dag.py:3954} INFO - Setting next_dagrun for example_external_task_marker_child to None, run_after=None
[2024-05-05T01:35:07.688+0000] {logging_mixin.py:188} INFO - [2024-05-05T01:35:07.687+0000] {dag.py:3954} INFO - Setting next_dagrun for example_external_task_marker_parent to None, run_after=None
[2024-05-05T01:35:07.711+0000] {processor.py:183} INFO - Processing /home/airflow/.local/lib/python3.12/site-packages/airflow/example_dags/example_external_task_marker_dag.py took 0.106 seconds
[2024-05-05T01:35:38.228+0000] {processor.py:161} INFO - Started process (PID=665) to work on /home/airflow/.local/lib/python3.12/site-packages/airflow/example_dags/example_external_task_marker_dag.py
[2024-05-05T01:35:38.229+0000] {processor.py:830} INFO - Processing file /home/airflow/.local/lib/python3.12/site-packages/airflow/example_dags/example_external_task_marker_dag.py for tasks to queue
[2024-05-05T01:35:38.232+0000] {logging_mixin.py:188} INFO - [2024-05-05T01:35:38.231+0000] {dagbag.py:540} INFO - Filling up the DagBag from /home/airflow/.local/lib/python3.12/site-packages/airflow/example_dags/example_external_task_marker_dag.py
[2024-05-05T01:35:38.239+0000] {processor.py:840} INFO - DAG(s) 'example_external_task_marker_child', 'example_external_task_marker_parent' retrieved from /home/airflow/.local/lib/python3.12/site-packages/airflow/example_dags/example_external_task_marker_dag.py
[2024-05-05T01:35:38.266+0000] {logging_mixin.py:188} INFO - [2024-05-05T01:35:38.266+0000] {dag.py:3096} INFO - Sync 2 DAGs
[2024-05-05T01:35:38.280+0000] {logging_mixin.py:188} INFO - [2024-05-05T01:35:38.280+0000] {dag.py:3954} INFO - Setting next_dagrun for example_external_task_marker_child to None, run_after=None
[2024-05-05T01:35:38.284+0000] {logging_mixin.py:188} INFO - [2024-05-05T01:35:38.284+0000] {dag.py:3954} INFO - Setting next_dagrun for example_external_task_marker_parent to None, run_after=None
[2024-05-05T01:35:38.306+0000] {processor.py:183} INFO - Processing /home/airflow/.local/lib/python3.12/site-packages/airflow/example_dags/example_external_task_marker_dag.py took 0.085 seconds
[2024-05-05T02:04:16.347+0000] {processor.py:161} INFO - Started process (PID=56) to work on /home/airflow/.local/lib/python3.12/site-packages/airflow/example_dags/example_external_task_marker_dag.py
[2024-05-05T02:04:16.349+0000] {processor.py:830} INFO - Processing file /home/airflow/.local/lib/python3.12/site-packages/airflow/example_dags/example_external_task_marker_dag.py for tasks to queue
[2024-05-05T02:04:16.352+0000] {logging_mixin.py:188} INFO - [2024-05-05T02:04:16.352+0000] {dagbag.py:540} INFO - Filling up the DagBag from /home/airflow/.local/lib/python3.12/site-packages/airflow/example_dags/example_external_task_marker_dag.py
[2024-05-05T02:04:16.360+0000] {processor.py:840} INFO - DAG(s) 'example_external_task_marker_child', 'example_external_task_marker_parent' retrieved from /home/airflow/.local/lib/python3.12/site-packages/airflow/example_dags/example_external_task_marker_dag.py
[2024-05-05T02:04:16.519+0000] {logging_mixin.py:188} INFO - [2024-05-05T02:04:16.519+0000] {dag.py:3096} INFO - Sync 2 DAGs
[2024-05-05T02:04:16.533+0000] {logging_mixin.py:188} INFO - [2024-05-05T02:04:16.532+0000] {dag.py:3954} INFO - Setting next_dagrun for example_external_task_marker_child to None, run_after=None
[2024-05-05T02:04:16.538+0000] {logging_mixin.py:188} INFO - [2024-05-05T02:04:16.538+0000] {dag.py:3954} INFO - Setting next_dagrun for example_external_task_marker_parent to None, run_after=None
[2024-05-05T02:04:16.566+0000] {processor.py:183} INFO - Processing /home/airflow/.local/lib/python3.12/site-packages/airflow/example_dags/example_external_task_marker_dag.py took 0.229 seconds
[2024-05-05T02:04:46.782+0000] {processor.py:161} INFO - Started process (PID=116) to work on /home/airflow/.local/lib/python3.12/site-packages/airflow/example_dags/example_external_task_marker_dag.py
[2024-05-05T02:04:46.783+0000] {processor.py:830} INFO - Processing file /home/airflow/.local/lib/python3.12/site-packages/airflow/example_dags/example_external_task_marker_dag.py for tasks to queue
[2024-05-05T02:04:46.786+0000] {logging_mixin.py:188} INFO - [2024-05-05T02:04:46.785+0000] {dagbag.py:540} INFO - Filling up the DagBag from /home/airflow/.local/lib/python3.12/site-packages/airflow/example_dags/example_external_task_marker_dag.py
[2024-05-05T02:04:46.794+0000] {processor.py:840} INFO - DAG(s) 'example_external_task_marker_parent', 'example_external_task_marker_child' retrieved from /home/airflow/.local/lib/python3.12/site-packages/airflow/example_dags/example_external_task_marker_dag.py
[2024-05-05T02:04:46.818+0000] {logging_mixin.py:188} INFO - [2024-05-05T02:04:46.818+0000] {dag.py:3096} INFO - Sync 2 DAGs
[2024-05-05T02:04:46.833+0000] {logging_mixin.py:188} INFO - [2024-05-05T02:04:46.833+0000] {dag.py:3954} INFO - Setting next_dagrun for example_external_task_marker_child to None, run_after=None
[2024-05-05T02:04:46.837+0000] {logging_mixin.py:188} INFO - [2024-05-05T02:04:46.837+0000] {dag.py:3954} INFO - Setting next_dagrun for example_external_task_marker_parent to None, run_after=None
[2024-05-05T02:04:46.856+0000] {processor.py:183} INFO - Processing /home/airflow/.local/lib/python3.12/site-packages/airflow/example_dags/example_external_task_marker_dag.py took 0.081 seconds
[2024-05-05T02:05:17.086+0000] {processor.py:161} INFO - Started process (PID=176) to work on /home/airflow/.local/lib/python3.12/site-packages/airflow/example_dags/example_external_task_marker_dag.py
[2024-05-05T02:05:17.087+0000] {processor.py:830} INFO - Processing file /home/airflow/.local/lib/python3.12/site-packages/airflow/example_dags/example_external_task_marker_dag.py for tasks to queue
[2024-05-05T02:05:17.089+0000] {logging_mixin.py:188} INFO - [2024-05-05T02:05:17.089+0000] {dagbag.py:540} INFO - Filling up the DagBag from /home/airflow/.local/lib/python3.12/site-packages/airflow/example_dags/example_external_task_marker_dag.py
[2024-05-05T02:05:17.098+0000] {processor.py:840} INFO - DAG(s) 'example_external_task_marker_child', 'example_external_task_marker_parent' retrieved from /home/airflow/.local/lib/python3.12/site-packages/airflow/example_dags/example_external_task_marker_dag.py
[2024-05-05T02:05:17.124+0000] {logging_mixin.py:188} INFO - [2024-05-05T02:05:17.124+0000] {dag.py:3096} INFO - Sync 2 DAGs
[2024-05-05T02:05:17.137+0000] {logging_mixin.py:188} INFO - [2024-05-05T02:05:17.137+0000] {dag.py:3954} INFO - Setting next_dagrun for example_external_task_marker_child to None, run_after=None
[2024-05-05T02:05:17.142+0000] {logging_mixin.py:188} INFO - [2024-05-05T02:05:17.141+0000] {dag.py:3954} INFO - Setting next_dagrun for example_external_task_marker_parent to None, run_after=None
[2024-05-05T02:05:17.162+0000] {processor.py:183} INFO - Processing /home/airflow/.local/lib/python3.12/site-packages/airflow/example_dags/example_external_task_marker_dag.py took 0.085 seconds
[2024-05-05T02:05:47.573+0000] {processor.py:161} INFO - Started process (PID=236) to work on /home/airflow/.local/lib/python3.12/site-packages/airflow/example_dags/example_external_task_marker_dag.py
[2024-05-05T02:05:47.575+0000] {processor.py:830} INFO - Processing file /home/airflow/.local/lib/python3.12/site-packages/airflow/example_dags/example_external_task_marker_dag.py for tasks to queue
[2024-05-05T02:05:47.577+0000] {logging_mixin.py:188} INFO - [2024-05-05T02:05:47.577+0000] {dagbag.py:540} INFO - Filling up the DagBag from /home/airflow/.local/lib/python3.12/site-packages/airflow/example_dags/example_external_task_marker_dag.py
[2024-05-05T02:05:47.586+0000] {processor.py:840} INFO - DAG(s) 'example_external_task_marker_parent', 'example_external_task_marker_child' retrieved from /home/airflow/.local/lib/python3.12/site-packages/airflow/example_dags/example_external_task_marker_dag.py
[2024-05-05T02:05:47.615+0000] {logging_mixin.py:188} INFO - [2024-05-05T02:05:47.614+0000] {dag.py:3096} INFO - Sync 2 DAGs
[2024-05-05T02:05:47.634+0000] {logging_mixin.py:188} INFO - [2024-05-05T02:05:47.634+0000] {dag.py:3954} INFO - Setting next_dagrun for example_external_task_marker_child to None, run_after=None
[2024-05-05T02:05:47.639+0000] {logging_mixin.py:188} INFO - [2024-05-05T02:05:47.638+0000] {dag.py:3954} INFO - Setting next_dagrun for example_external_task_marker_parent to None, run_after=None
[2024-05-05T02:05:47.663+0000] {processor.py:183} INFO - Processing /home/airflow/.local/lib/python3.12/site-packages/airflow/example_dags/example_external_task_marker_dag.py took 0.095 seconds
[2024-05-05T02:06:18.399+0000] {processor.py:161} INFO - Started process (PID=302) to work on /home/airflow/.local/lib/python3.12/site-packages/airflow/example_dags/example_external_task_marker_dag.py
[2024-05-05T02:06:18.401+0000] {processor.py:830} INFO - Processing file /home/airflow/.local/lib/python3.12/site-packages/airflow/example_dags/example_external_task_marker_dag.py for tasks to queue
[2024-05-05T02:06:18.404+0000] {logging_mixin.py:188} INFO - [2024-05-05T02:06:18.403+0000] {dagbag.py:540} INFO - Filling up the DagBag from /home/airflow/.local/lib/python3.12/site-packages/airflow/example_dags/example_external_task_marker_dag.py
[2024-05-05T02:06:18.411+0000] {processor.py:840} INFO - DAG(s) 'example_external_task_marker_child', 'example_external_task_marker_parent' retrieved from /home/airflow/.local/lib/python3.12/site-packages/airflow/example_dags/example_external_task_marker_dag.py
[2024-05-05T02:06:18.439+0000] {logging_mixin.py:188} INFO - [2024-05-05T02:06:18.439+0000] {dag.py:3096} INFO - Sync 2 DAGs
[2024-05-05T02:06:18.453+0000] {logging_mixin.py:188} INFO - [2024-05-05T02:06:18.453+0000] {dag.py:3954} INFO - Setting next_dagrun for example_external_task_marker_child to None, run_after=None
[2024-05-05T02:06:18.458+0000] {logging_mixin.py:188} INFO - [2024-05-05T02:06:18.457+0000] {dag.py:3954} INFO - Setting next_dagrun for example_external_task_marker_parent to None, run_after=None
[2024-05-05T02:06:18.478+0000] {processor.py:183} INFO - Processing /home/airflow/.local/lib/python3.12/site-packages/airflow/example_dags/example_external_task_marker_dag.py took 0.087 seconds
[2024-05-05T02:06:49.369+0000] {processor.py:161} INFO - Started process (PID=362) to work on /home/airflow/.local/lib/python3.12/site-packages/airflow/example_dags/example_external_task_marker_dag.py
[2024-05-05T02:06:49.371+0000] {processor.py:830} INFO - Processing file /home/airflow/.local/lib/python3.12/site-packages/airflow/example_dags/example_external_task_marker_dag.py for tasks to queue
[2024-05-05T02:06:49.374+0000] {logging_mixin.py:188} INFO - [2024-05-05T02:06:49.374+0000] {dagbag.py:540} INFO - Filling up the DagBag from /home/airflow/.local/lib/python3.12/site-packages/airflow/example_dags/example_external_task_marker_dag.py
[2024-05-05T02:06:49.383+0000] {processor.py:840} INFO - DAG(s) 'example_external_task_marker_child', 'example_external_task_marker_parent' retrieved from /home/airflow/.local/lib/python3.12/site-packages/airflow/example_dags/example_external_task_marker_dag.py
[2024-05-05T02:06:49.417+0000] {logging_mixin.py:188} INFO - [2024-05-05T02:06:49.417+0000] {dag.py:3096} INFO - Sync 2 DAGs
[2024-05-05T02:06:49.437+0000] {logging_mixin.py:188} INFO - [2024-05-05T02:06:49.437+0000] {dag.py:3954} INFO - Setting next_dagrun for example_external_task_marker_child to None, run_after=None
[2024-05-05T02:06:49.444+0000] {logging_mixin.py:188} INFO - [2024-05-05T02:06:49.444+0000] {dag.py:3954} INFO - Setting next_dagrun for example_external_task_marker_parent to None, run_after=None
[2024-05-05T02:06:49.467+0000] {processor.py:183} INFO - Processing /home/airflow/.local/lib/python3.12/site-packages/airflow/example_dags/example_external_task_marker_dag.py took 0.106 seconds
