[2024-05-05T01:30:35.769+0000] {processor.py:161} INFO - Started process (PID=72) to work on /home/airflow/.local/lib/python3.12/site-packages/airflow/example_dags/example_python_decorator.py
[2024-05-05T01:30:35.771+0000] {processor.py:830} INFO - Processing file /home/airflow/.local/lib/python3.12/site-packages/airflow/example_dags/example_python_decorator.py for tasks to queue
[2024-05-05T01:30:35.773+0000] {logging_mixin.py:188} INFO - [2024-05-05T01:30:35.773+0000] {dagbag.py:540} INFO - Filling up the DagBag from /home/airflow/.local/lib/python3.12/site-packages/airflow/example_dags/example_python_decorator.py
[2024-05-05T01:30:35.793+0000] {processor.py:840} INFO - DAG(s) 'example_python_decorator' retrieved from /home/airflow/.local/lib/python3.12/site-packages/airflow/example_dags/example_python_decorator.py
[2024-05-05T01:30:35.934+0000] {logging_mixin.py:188} INFO - [2024-05-05T01:30:35.933+0000] {dag.py:3096} INFO - Sync 1 DAGs
[2024-05-05T01:30:35.947+0000] {logging_mixin.py:188} INFO - [2024-05-05T01:30:35.946+0000] {dag.py:3954} INFO - Setting next_dagrun for example_python_decorator to None, run_after=None
[2024-05-05T01:30:35.978+0000] {processor.py:183} INFO - Processing /home/airflow/.local/lib/python3.12/site-packages/airflow/example_dags/example_python_decorator.py took 0.217 seconds
[2024-05-05T01:31:06.632+0000] {processor.py:161} INFO - Started process (PID=132) to work on /home/airflow/.local/lib/python3.12/site-packages/airflow/example_dags/example_python_decorator.py
[2024-05-05T01:31:06.633+0000] {processor.py:830} INFO - Processing file /home/airflow/.local/lib/python3.12/site-packages/airflow/example_dags/example_python_decorator.py for tasks to queue
[2024-05-05T01:31:06.635+0000] {logging_mixin.py:188} INFO - [2024-05-05T01:31:06.635+0000] {dagbag.py:540} INFO - Filling up the DagBag from /home/airflow/.local/lib/python3.12/site-packages/airflow/example_dags/example_python_decorator.py
[2024-05-05T01:31:06.651+0000] {processor.py:840} INFO - DAG(s) 'example_python_decorator' retrieved from /home/airflow/.local/lib/python3.12/site-packages/airflow/example_dags/example_python_decorator.py
[2024-05-05T01:31:06.675+0000] {logging_mixin.py:188} INFO - [2024-05-05T01:31:06.675+0000] {dag.py:3096} INFO - Sync 1 DAGs
[2024-05-05T01:31:06.690+0000] {logging_mixin.py:188} INFO - [2024-05-05T01:31:06.690+0000] {dag.py:3954} INFO - Setting next_dagrun for example_python_decorator to None, run_after=None
[2024-05-05T01:31:06.714+0000] {processor.py:183} INFO - Processing /home/airflow/.local/lib/python3.12/site-packages/airflow/example_dags/example_python_decorator.py took 0.089 seconds
[2024-05-05T01:31:37.148+0000] {processor.py:161} INFO - Started process (PID=192) to work on /home/airflow/.local/lib/python3.12/site-packages/airflow/example_dags/example_python_decorator.py
[2024-05-05T01:31:37.149+0000] {processor.py:830} INFO - Processing file /home/airflow/.local/lib/python3.12/site-packages/airflow/example_dags/example_python_decorator.py for tasks to queue
[2024-05-05T01:31:37.152+0000] {logging_mixin.py:188} INFO - [2024-05-05T01:31:37.152+0000] {dagbag.py:540} INFO - Filling up the DagBag from /home/airflow/.local/lib/python3.12/site-packages/airflow/example_dags/example_python_decorator.py
[2024-05-05T01:31:37.168+0000] {processor.py:840} INFO - DAG(s) 'example_python_decorator' retrieved from /home/airflow/.local/lib/python3.12/site-packages/airflow/example_dags/example_python_decorator.py
[2024-05-05T01:31:37.208+0000] {logging_mixin.py:188} INFO - [2024-05-05T01:31:37.208+0000] {dag.py:3096} INFO - Sync 1 DAGs
[2024-05-05T01:31:37.232+0000] {logging_mixin.py:188} INFO - [2024-05-05T01:31:37.232+0000] {dag.py:3954} INFO - Setting next_dagrun for example_python_decorator to None, run_after=None
[2024-05-05T01:31:37.259+0000] {processor.py:183} INFO - Processing /home/airflow/.local/lib/python3.12/site-packages/airflow/example_dags/example_python_decorator.py took 0.119 seconds
[2024-05-05T01:32:07.501+0000] {processor.py:161} INFO - Started process (PID=259) to work on /home/airflow/.local/lib/python3.12/site-packages/airflow/example_dags/example_python_decorator.py
[2024-05-05T01:32:07.502+0000] {processor.py:830} INFO - Processing file /home/airflow/.local/lib/python3.12/site-packages/airflow/example_dags/example_python_decorator.py for tasks to queue
[2024-05-05T01:32:07.505+0000] {logging_mixin.py:188} INFO - [2024-05-05T01:32:07.504+0000] {dagbag.py:540} INFO - Filling up the DagBag from /home/airflow/.local/lib/python3.12/site-packages/airflow/example_dags/example_python_decorator.py
[2024-05-05T01:32:07.519+0000] {processor.py:840} INFO - DAG(s) 'example_python_decorator' retrieved from /home/airflow/.local/lib/python3.12/site-packages/airflow/example_dags/example_python_decorator.py
[2024-05-05T01:32:07.544+0000] {logging_mixin.py:188} INFO - [2024-05-05T01:32:07.544+0000] {dag.py:3096} INFO - Sync 1 DAGs
[2024-05-05T01:32:07.559+0000] {logging_mixin.py:188} INFO - [2024-05-05T01:32:07.558+0000] {dag.py:3954} INFO - Setting next_dagrun for example_python_decorator to None, run_after=None
[2024-05-05T01:32:07.581+0000] {processor.py:183} INFO - Processing /home/airflow/.local/lib/python3.12/site-packages/airflow/example_dags/example_python_decorator.py took 0.088 seconds
[2024-05-05T01:32:37.922+0000] {processor.py:161} INFO - Started process (PID=319) to work on /home/airflow/.local/lib/python3.12/site-packages/airflow/example_dags/example_python_decorator.py
[2024-05-05T01:32:37.924+0000] {processor.py:830} INFO - Processing file /home/airflow/.local/lib/python3.12/site-packages/airflow/example_dags/example_python_decorator.py for tasks to queue
[2024-05-05T01:32:37.928+0000] {logging_mixin.py:188} INFO - [2024-05-05T01:32:37.927+0000] {dagbag.py:540} INFO - Filling up the DagBag from /home/airflow/.local/lib/python3.12/site-packages/airflow/example_dags/example_python_decorator.py
[2024-05-05T01:32:37.949+0000] {processor.py:840} INFO - DAG(s) 'example_python_decorator' retrieved from /home/airflow/.local/lib/python3.12/site-packages/airflow/example_dags/example_python_decorator.py
[2024-05-05T01:32:37.989+0000] {logging_mixin.py:188} INFO - [2024-05-05T01:32:37.987+0000] {dag.py:3096} INFO - Sync 1 DAGs
[2024-05-05T01:32:38.014+0000] {logging_mixin.py:188} INFO - [2024-05-05T01:32:38.014+0000] {dag.py:3954} INFO - Setting next_dagrun for example_python_decorator to None, run_after=None
[2024-05-05T01:32:38.044+0000] {processor.py:183} INFO - Processing /home/airflow/.local/lib/python3.12/site-packages/airflow/example_dags/example_python_decorator.py took 0.131 seconds
[2024-05-05T01:33:08.180+0000] {processor.py:161} INFO - Started process (PID=379) to work on /home/airflow/.local/lib/python3.12/site-packages/airflow/example_dags/example_python_decorator.py
[2024-05-05T01:33:08.181+0000] {processor.py:830} INFO - Processing file /home/airflow/.local/lib/python3.12/site-packages/airflow/example_dags/example_python_decorator.py for tasks to queue
[2024-05-05T01:33:08.183+0000] {logging_mixin.py:188} INFO - [2024-05-05T01:33:08.182+0000] {dagbag.py:540} INFO - Filling up the DagBag from /home/airflow/.local/lib/python3.12/site-packages/airflow/example_dags/example_python_decorator.py
[2024-05-05T01:33:08.197+0000] {processor.py:840} INFO - DAG(s) 'example_python_decorator' retrieved from /home/airflow/.local/lib/python3.12/site-packages/airflow/example_dags/example_python_decorator.py
[2024-05-05T01:33:08.222+0000] {logging_mixin.py:188} INFO - [2024-05-05T01:33:08.222+0000] {dag.py:3096} INFO - Sync 1 DAGs
[2024-05-05T01:33:08.236+0000] {logging_mixin.py:188} INFO - [2024-05-05T01:33:08.236+0000] {dag.py:3954} INFO - Setting next_dagrun for example_python_decorator to None, run_after=None
[2024-05-05T01:33:08.261+0000] {processor.py:183} INFO - Processing /home/airflow/.local/lib/python3.12/site-packages/airflow/example_dags/example_python_decorator.py took 0.087 seconds
[2024-05-05T01:33:39.263+0000] {processor.py:161} INFO - Started process (PID=439) to work on /home/airflow/.local/lib/python3.12/site-packages/airflow/example_dags/example_python_decorator.py
[2024-05-05T01:33:39.264+0000] {processor.py:830} INFO - Processing file /home/airflow/.local/lib/python3.12/site-packages/airflow/example_dags/example_python_decorator.py for tasks to queue
[2024-05-05T01:33:39.267+0000] {logging_mixin.py:188} INFO - [2024-05-05T01:33:39.266+0000] {dagbag.py:540} INFO - Filling up the DagBag from /home/airflow/.local/lib/python3.12/site-packages/airflow/example_dags/example_python_decorator.py
[2024-05-05T01:33:39.280+0000] {processor.py:840} INFO - DAG(s) 'example_python_decorator' retrieved from /home/airflow/.local/lib/python3.12/site-packages/airflow/example_dags/example_python_decorator.py
[2024-05-05T01:33:39.303+0000] {logging_mixin.py:188} INFO - [2024-05-05T01:33:39.303+0000] {dag.py:3096} INFO - Sync 1 DAGs
[2024-05-05T01:33:39.316+0000] {logging_mixin.py:188} INFO - [2024-05-05T01:33:39.316+0000] {dag.py:3954} INFO - Setting next_dagrun for example_python_decorator to None, run_after=None
[2024-05-05T01:33:39.338+0000] {processor.py:183} INFO - Processing /home/airflow/.local/lib/python3.12/site-packages/airflow/example_dags/example_python_decorator.py took 0.082 seconds
[2024-05-05T01:34:09.580+0000] {processor.py:161} INFO - Started process (PID=498) to work on /home/airflow/.local/lib/python3.12/site-packages/airflow/example_dags/example_python_decorator.py
[2024-05-05T01:34:09.581+0000] {processor.py:830} INFO - Processing file /home/airflow/.local/lib/python3.12/site-packages/airflow/example_dags/example_python_decorator.py for tasks to queue
[2024-05-05T01:34:09.583+0000] {logging_mixin.py:188} INFO - [2024-05-05T01:34:09.583+0000] {dagbag.py:540} INFO - Filling up the DagBag from /home/airflow/.local/lib/python3.12/site-packages/airflow/example_dags/example_python_decorator.py
[2024-05-05T01:34:09.599+0000] {processor.py:840} INFO - DAG(s) 'example_python_decorator' retrieved from /home/airflow/.local/lib/python3.12/site-packages/airflow/example_dags/example_python_decorator.py
[2024-05-05T01:34:09.628+0000] {logging_mixin.py:188} INFO - [2024-05-05T01:34:09.627+0000] {dag.py:3096} INFO - Sync 1 DAGs
[2024-05-05T01:34:09.647+0000] {logging_mixin.py:188} INFO - [2024-05-05T01:34:09.646+0000] {dag.py:3954} INFO - Setting next_dagrun for example_python_decorator to None, run_after=None
[2024-05-05T01:34:09.674+0000] {processor.py:183} INFO - Processing /home/airflow/.local/lib/python3.12/site-packages/airflow/example_dags/example_python_decorator.py took 0.100 seconds
[2024-05-05T01:34:39.769+0000] {processor.py:161} INFO - Started process (PID=558) to work on /home/airflow/.local/lib/python3.12/site-packages/airflow/example_dags/example_python_decorator.py
[2024-05-05T01:34:39.770+0000] {processor.py:830} INFO - Processing file /home/airflow/.local/lib/python3.12/site-packages/airflow/example_dags/example_python_decorator.py for tasks to queue
[2024-05-05T01:34:39.773+0000] {logging_mixin.py:188} INFO - [2024-05-05T01:34:39.773+0000] {dagbag.py:540} INFO - Filling up the DagBag from /home/airflow/.local/lib/python3.12/site-packages/airflow/example_dags/example_python_decorator.py
[2024-05-05T01:34:39.786+0000] {processor.py:840} INFO - DAG(s) 'example_python_decorator' retrieved from /home/airflow/.local/lib/python3.12/site-packages/airflow/example_dags/example_python_decorator.py
[2024-05-05T01:34:39.810+0000] {logging_mixin.py:188} INFO - [2024-05-05T01:34:39.809+0000] {dag.py:3096} INFO - Sync 1 DAGs
[2024-05-05T01:34:39.827+0000] {logging_mixin.py:188} INFO - [2024-05-05T01:34:39.826+0000] {dag.py:3954} INFO - Setting next_dagrun for example_python_decorator to None, run_after=None
[2024-05-05T01:34:39.850+0000] {processor.py:183} INFO - Processing /home/airflow/.local/lib/python3.12/site-packages/airflow/example_dags/example_python_decorator.py took 0.088 seconds
[2024-05-05T01:35:10.490+0000] {processor.py:161} INFO - Started process (PID=618) to work on /home/airflow/.local/lib/python3.12/site-packages/airflow/example_dags/example_python_decorator.py
[2024-05-05T01:35:10.492+0000] {processor.py:830} INFO - Processing file /home/airflow/.local/lib/python3.12/site-packages/airflow/example_dags/example_python_decorator.py for tasks to queue
[2024-05-05T01:35:10.494+0000] {logging_mixin.py:188} INFO - [2024-05-05T01:35:10.494+0000] {dagbag.py:540} INFO - Filling up the DagBag from /home/airflow/.local/lib/python3.12/site-packages/airflow/example_dags/example_python_decorator.py
[2024-05-05T01:35:10.508+0000] {processor.py:840} INFO - DAG(s) 'example_python_decorator' retrieved from /home/airflow/.local/lib/python3.12/site-packages/airflow/example_dags/example_python_decorator.py
[2024-05-05T01:35:10.536+0000] {logging_mixin.py:188} INFO - [2024-05-05T01:35:10.535+0000] {dag.py:3096} INFO - Sync 1 DAGs
[2024-05-05T01:35:10.551+0000] {logging_mixin.py:188} INFO - [2024-05-05T01:35:10.550+0000] {dag.py:3954} INFO - Setting next_dagrun for example_python_decorator to None, run_after=None
[2024-05-05T01:35:10.576+0000] {processor.py:183} INFO - Processing /home/airflow/.local/lib/python3.12/site-packages/airflow/example_dags/example_python_decorator.py took 0.092 seconds
[2024-05-05T01:35:41.000+0000] {processor.py:161} INFO - Started process (PID=678) to work on /home/airflow/.local/lib/python3.12/site-packages/airflow/example_dags/example_python_decorator.py
[2024-05-05T01:35:41.002+0000] {processor.py:830} INFO - Processing file /home/airflow/.local/lib/python3.12/site-packages/airflow/example_dags/example_python_decorator.py for tasks to queue
[2024-05-05T01:35:41.004+0000] {logging_mixin.py:188} INFO - [2024-05-05T01:35:41.003+0000] {dagbag.py:540} INFO - Filling up the DagBag from /home/airflow/.local/lib/python3.12/site-packages/airflow/example_dags/example_python_decorator.py
[2024-05-05T01:35:41.025+0000] {processor.py:840} INFO - DAG(s) 'example_python_decorator' retrieved from /home/airflow/.local/lib/python3.12/site-packages/airflow/example_dags/example_python_decorator.py
[2024-05-05T01:35:41.052+0000] {logging_mixin.py:188} INFO - [2024-05-05T01:35:41.051+0000] {dag.py:3096} INFO - Sync 1 DAGs
[2024-05-05T01:35:41.073+0000] {logging_mixin.py:188} INFO - [2024-05-05T01:35:41.073+0000] {dag.py:3954} INFO - Setting next_dagrun for example_python_decorator to None, run_after=None
[2024-05-05T01:35:41.099+0000] {processor.py:183} INFO - Processing /home/airflow/.local/lib/python3.12/site-packages/airflow/example_dags/example_python_decorator.py took 0.104 seconds
[2024-05-05T02:04:19.040+0000] {processor.py:161} INFO - Started process (PID=76) to work on /home/airflow/.local/lib/python3.12/site-packages/airflow/example_dags/example_python_decorator.py
[2024-05-05T02:04:19.041+0000] {processor.py:830} INFO - Processing file /home/airflow/.local/lib/python3.12/site-packages/airflow/example_dags/example_python_decorator.py for tasks to queue
[2024-05-05T02:04:19.046+0000] {logging_mixin.py:188} INFO - [2024-05-05T02:04:19.045+0000] {dagbag.py:540} INFO - Filling up the DagBag from /home/airflow/.local/lib/python3.12/site-packages/airflow/example_dags/example_python_decorator.py
[2024-05-05T02:04:19.072+0000] {processor.py:840} INFO - DAG(s) 'example_python_decorator' retrieved from /home/airflow/.local/lib/python3.12/site-packages/airflow/example_dags/example_python_decorator.py
[2024-05-05T02:04:19.240+0000] {logging_mixin.py:188} INFO - [2024-05-05T02:04:19.239+0000] {dag.py:3096} INFO - Sync 1 DAGs
[2024-05-05T02:04:19.258+0000] {logging_mixin.py:188} INFO - [2024-05-05T02:04:19.257+0000] {dag.py:3954} INFO - Setting next_dagrun for example_python_decorator to None, run_after=None
[2024-05-05T02:04:19.292+0000] {processor.py:183} INFO - Processing /home/airflow/.local/lib/python3.12/site-packages/airflow/example_dags/example_python_decorator.py took 0.263 seconds
[2024-05-05T02:04:49.919+0000] {processor.py:161} INFO - Started process (PID=136) to work on /home/airflow/.local/lib/python3.12/site-packages/airflow/example_dags/example_python_decorator.py
[2024-05-05T02:04:49.920+0000] {processor.py:830} INFO - Processing file /home/airflow/.local/lib/python3.12/site-packages/airflow/example_dags/example_python_decorator.py for tasks to queue
[2024-05-05T02:04:49.922+0000] {logging_mixin.py:188} INFO - [2024-05-05T02:04:49.922+0000] {dagbag.py:540} INFO - Filling up the DagBag from /home/airflow/.local/lib/python3.12/site-packages/airflow/example_dags/example_python_decorator.py
[2024-05-05T02:04:49.937+0000] {processor.py:840} INFO - DAG(s) 'example_python_decorator' retrieved from /home/airflow/.local/lib/python3.12/site-packages/airflow/example_dags/example_python_decorator.py
[2024-05-05T02:04:49.964+0000] {logging_mixin.py:188} INFO - [2024-05-05T02:04:49.963+0000] {dag.py:3096} INFO - Sync 1 DAGs
[2024-05-05T02:04:49.981+0000] {logging_mixin.py:188} INFO - [2024-05-05T02:04:49.981+0000] {dag.py:3954} INFO - Setting next_dagrun for example_python_decorator to None, run_after=None
[2024-05-05T02:04:50.008+0000] {processor.py:183} INFO - Processing /home/airflow/.local/lib/python3.12/site-packages/airflow/example_dags/example_python_decorator.py took 0.095 seconds
[2024-05-05T02:05:20.107+0000] {processor.py:161} INFO - Started process (PID=196) to work on /home/airflow/.local/lib/python3.12/site-packages/airflow/example_dags/example_python_decorator.py
[2024-05-05T02:05:20.108+0000] {processor.py:830} INFO - Processing file /home/airflow/.local/lib/python3.12/site-packages/airflow/example_dags/example_python_decorator.py for tasks to queue
[2024-05-05T02:05:20.110+0000] {logging_mixin.py:188} INFO - [2024-05-05T02:05:20.110+0000] {dagbag.py:540} INFO - Filling up the DagBag from /home/airflow/.local/lib/python3.12/site-packages/airflow/example_dags/example_python_decorator.py
[2024-05-05T02:05:20.123+0000] {processor.py:840} INFO - DAG(s) 'example_python_decorator' retrieved from /home/airflow/.local/lib/python3.12/site-packages/airflow/example_dags/example_python_decorator.py
[2024-05-05T02:05:20.153+0000] {logging_mixin.py:188} INFO - [2024-05-05T02:05:20.153+0000] {dag.py:3096} INFO - Sync 1 DAGs
[2024-05-05T02:05:20.170+0000] {logging_mixin.py:188} INFO - [2024-05-05T02:05:20.170+0000] {dag.py:3954} INFO - Setting next_dagrun for example_python_decorator to None, run_after=None
[2024-05-05T02:05:20.198+0000] {processor.py:183} INFO - Processing /home/airflow/.local/lib/python3.12/site-packages/airflow/example_dags/example_python_decorator.py took 0.097 seconds
[2024-05-05T02:05:50.474+0000] {processor.py:161} INFO - Started process (PID=255) to work on /home/airflow/.local/lib/python3.12/site-packages/airflow/example_dags/example_python_decorator.py
[2024-05-05T02:05:50.475+0000] {processor.py:830} INFO - Processing file /home/airflow/.local/lib/python3.12/site-packages/airflow/example_dags/example_python_decorator.py for tasks to queue
[2024-05-05T02:05:50.477+0000] {logging_mixin.py:188} INFO - [2024-05-05T02:05:50.477+0000] {dagbag.py:540} INFO - Filling up the DagBag from /home/airflow/.local/lib/python3.12/site-packages/airflow/example_dags/example_python_decorator.py
[2024-05-05T02:05:50.493+0000] {processor.py:840} INFO - DAG(s) 'example_python_decorator' retrieved from /home/airflow/.local/lib/python3.12/site-packages/airflow/example_dags/example_python_decorator.py
[2024-05-05T02:05:50.519+0000] {logging_mixin.py:188} INFO - [2024-05-05T02:05:50.519+0000] {dag.py:3096} INFO - Sync 1 DAGs
[2024-05-05T02:05:50.534+0000] {logging_mixin.py:188} INFO - [2024-05-05T02:05:50.534+0000] {dag.py:3954} INFO - Setting next_dagrun for example_python_decorator to None, run_after=None
[2024-05-05T02:05:50.557+0000] {processor.py:183} INFO - Processing /home/airflow/.local/lib/python3.12/site-packages/airflow/example_dags/example_python_decorator.py took 0.089 seconds
[2024-05-05T02:06:21.714+0000] {processor.py:161} INFO - Started process (PID=316) to work on /home/airflow/.local/lib/python3.12/site-packages/airflow/example_dags/example_python_decorator.py
[2024-05-05T02:06:21.716+0000] {processor.py:830} INFO - Processing file /home/airflow/.local/lib/python3.12/site-packages/airflow/example_dags/example_python_decorator.py for tasks to queue
[2024-05-05T02:06:21.718+0000] {logging_mixin.py:188} INFO - [2024-05-05T02:06:21.718+0000] {dagbag.py:540} INFO - Filling up the DagBag from /home/airflow/.local/lib/python3.12/site-packages/airflow/example_dags/example_python_decorator.py
[2024-05-05T02:06:21.736+0000] {processor.py:840} INFO - DAG(s) 'example_python_decorator' retrieved from /home/airflow/.local/lib/python3.12/site-packages/airflow/example_dags/example_python_decorator.py
[2024-05-05T02:06:21.765+0000] {logging_mixin.py:188} INFO - [2024-05-05T02:06:21.765+0000] {dag.py:3096} INFO - Sync 1 DAGs
[2024-05-05T02:06:21.780+0000] {logging_mixin.py:188} INFO - [2024-05-05T02:06:21.780+0000] {dag.py:3954} INFO - Setting next_dagrun for example_python_decorator to None, run_after=None
[2024-05-05T02:06:21.807+0000] {processor.py:183} INFO - Processing /home/airflow/.local/lib/python3.12/site-packages/airflow/example_dags/example_python_decorator.py took 0.102 seconds
[2024-05-05T02:06:52.504+0000] {processor.py:161} INFO - Started process (PID=376) to work on /home/airflow/.local/lib/python3.12/site-packages/airflow/example_dags/example_python_decorator.py
[2024-05-05T02:06:52.505+0000] {processor.py:830} INFO - Processing file /home/airflow/.local/lib/python3.12/site-packages/airflow/example_dags/example_python_decorator.py for tasks to queue
[2024-05-05T02:06:52.508+0000] {logging_mixin.py:188} INFO - [2024-05-05T02:06:52.507+0000] {dagbag.py:540} INFO - Filling up the DagBag from /home/airflow/.local/lib/python3.12/site-packages/airflow/example_dags/example_python_decorator.py
[2024-05-05T02:06:52.525+0000] {processor.py:840} INFO - DAG(s) 'example_python_decorator' retrieved from /home/airflow/.local/lib/python3.12/site-packages/airflow/example_dags/example_python_decorator.py
[2024-05-05T02:06:52.550+0000] {logging_mixin.py:188} INFO - [2024-05-05T02:06:52.549+0000] {dag.py:3096} INFO - Sync 1 DAGs
[2024-05-05T02:06:52.563+0000] {logging_mixin.py:188} INFO - [2024-05-05T02:06:52.563+0000] {dag.py:3954} INFO - Setting next_dagrun for example_python_decorator to None, run_after=None
[2024-05-05T02:06:52.588+0000] {processor.py:183} INFO - Processing /home/airflow/.local/lib/python3.12/site-packages/airflow/example_dags/example_python_decorator.py took 0.092 seconds
