[2024-05-05T01:30:31.808+0000] {processor.py:161} INFO - Started process (PID=47) to work on /home/airflow/.local/lib/python3.12/site-packages/airflow/example_dags/example_display_name.py
[2024-05-05T01:30:31.809+0000] {processor.py:830} INFO - Processing file /home/airflow/.local/lib/python3.12/site-packages/airflow/example_dags/example_display_name.py for tasks to queue
[2024-05-05T01:30:31.811+0000] {logging_mixin.py:188} INFO - [2024-05-05T01:30:31.811+0000] {dagbag.py:540} INFO - Filling up the DagBag from /home/airflow/.local/lib/python3.12/site-packages/airflow/example_dags/example_display_name.py
[2024-05-05T01:30:31.825+0000] {processor.py:840} INFO - DAG(s) 'example_display_name' retrieved from /home/airflow/.local/lib/python3.12/site-packages/airflow/example_dags/example_display_name.py
[2024-05-05T01:30:31.993+0000] {logging_mixin.py:188} INFO - [2024-05-05T01:30:31.993+0000] {dag.py:3096} INFO - Sync 1 DAGs
[2024-05-05T01:30:32.013+0000] {logging_mixin.py:188} INFO - [2024-05-05T01:30:32.013+0000] {dag.py:3954} INFO - Setting next_dagrun for example_display_name to None, run_after=None
[2024-05-05T01:30:32.042+0000] {processor.py:183} INFO - Processing /home/airflow/.local/lib/python3.12/site-packages/airflow/example_dags/example_display_name.py took 0.242 seconds
[2024-05-05T01:31:02.616+0000] {processor.py:161} INFO - Started process (PID=107) to work on /home/airflow/.local/lib/python3.12/site-packages/airflow/example_dags/example_display_name.py
[2024-05-05T01:31:02.617+0000] {processor.py:830} INFO - Processing file /home/airflow/.local/lib/python3.12/site-packages/airflow/example_dags/example_display_name.py for tasks to queue
[2024-05-05T01:31:02.620+0000] {logging_mixin.py:188} INFO - [2024-05-05T01:31:02.619+0000] {dagbag.py:540} INFO - Filling up the DagBag from /home/airflow/.local/lib/python3.12/site-packages/airflow/example_dags/example_display_name.py
[2024-05-05T01:31:02.627+0000] {processor.py:840} INFO - DAG(s) 'example_display_name' retrieved from /home/airflow/.local/lib/python3.12/site-packages/airflow/example_dags/example_display_name.py
[2024-05-05T01:31:02.654+0000] {logging_mixin.py:188} INFO - [2024-05-05T01:31:02.654+0000] {dag.py:3096} INFO - Sync 1 DAGs
[2024-05-05T01:31:02.670+0000] {logging_mixin.py:188} INFO - [2024-05-05T01:31:02.670+0000] {dag.py:3954} INFO - Setting next_dagrun for example_display_name to None, run_after=None
[2024-05-05T01:31:02.692+0000] {processor.py:183} INFO - Processing /home/airflow/.local/lib/python3.12/site-packages/airflow/example_dags/example_display_name.py took 0.085 seconds
[2024-05-05T01:31:32.826+0000] {processor.py:161} INFO - Started process (PID=167) to work on /home/airflow/.local/lib/python3.12/site-packages/airflow/example_dags/example_display_name.py
[2024-05-05T01:31:32.827+0000] {processor.py:830} INFO - Processing file /home/airflow/.local/lib/python3.12/site-packages/airflow/example_dags/example_display_name.py for tasks to queue
[2024-05-05T01:31:32.829+0000] {logging_mixin.py:188} INFO - [2024-05-05T01:31:32.829+0000] {dagbag.py:540} INFO - Filling up the DagBag from /home/airflow/.local/lib/python3.12/site-packages/airflow/example_dags/example_display_name.py
[2024-05-05T01:31:32.835+0000] {processor.py:840} INFO - DAG(s) 'example_display_name' retrieved from /home/airflow/.local/lib/python3.12/site-packages/airflow/example_dags/example_display_name.py
[2024-05-05T01:31:32.861+0000] {logging_mixin.py:188} INFO - [2024-05-05T01:31:32.861+0000] {dag.py:3096} INFO - Sync 1 DAGs
[2024-05-05T01:31:32.882+0000] {logging_mixin.py:188} INFO - [2024-05-05T01:31:32.881+0000] {dag.py:3954} INFO - Setting next_dagrun for example_display_name to None, run_after=None
[2024-05-05T01:31:32.910+0000] {processor.py:183} INFO - Processing /home/airflow/.local/lib/python3.12/site-packages/airflow/example_dags/example_display_name.py took 0.091 seconds
[2024-05-05T01:32:03.220+0000] {processor.py:161} INFO - Started process (PID=227) to work on /home/airflow/.local/lib/python3.12/site-packages/airflow/example_dags/example_display_name.py
[2024-05-05T01:32:03.221+0000] {processor.py:830} INFO - Processing file /home/airflow/.local/lib/python3.12/site-packages/airflow/example_dags/example_display_name.py for tasks to queue
[2024-05-05T01:32:03.223+0000] {logging_mixin.py:188} INFO - [2024-05-05T01:32:03.223+0000] {dagbag.py:540} INFO - Filling up the DagBag from /home/airflow/.local/lib/python3.12/site-packages/airflow/example_dags/example_display_name.py
[2024-05-05T01:32:03.229+0000] {processor.py:840} INFO - DAG(s) 'example_display_name' retrieved from /home/airflow/.local/lib/python3.12/site-packages/airflow/example_dags/example_display_name.py
[2024-05-05T01:32:03.252+0000] {logging_mixin.py:188} INFO - [2024-05-05T01:32:03.251+0000] {dag.py:3096} INFO - Sync 1 DAGs
[2024-05-05T01:32:03.267+0000] {logging_mixin.py:188} INFO - [2024-05-05T01:32:03.267+0000] {dag.py:3954} INFO - Setting next_dagrun for example_display_name to None, run_after=None
[2024-05-05T01:32:03.295+0000] {processor.py:183} INFO - Processing /home/airflow/.local/lib/python3.12/site-packages/airflow/example_dags/example_display_name.py took 0.081 seconds
[2024-05-05T01:32:33.553+0000] {processor.py:161} INFO - Started process (PID=288) to work on /home/airflow/.local/lib/python3.12/site-packages/airflow/example_dags/example_display_name.py
[2024-05-05T01:32:33.554+0000] {processor.py:830} INFO - Processing file /home/airflow/.local/lib/python3.12/site-packages/airflow/example_dags/example_display_name.py for tasks to queue
[2024-05-05T01:32:33.556+0000] {logging_mixin.py:188} INFO - [2024-05-05T01:32:33.556+0000] {dagbag.py:540} INFO - Filling up the DagBag from /home/airflow/.local/lib/python3.12/site-packages/airflow/example_dags/example_display_name.py
[2024-05-05T01:32:33.562+0000] {processor.py:840} INFO - DAG(s) 'example_display_name' retrieved from /home/airflow/.local/lib/python3.12/site-packages/airflow/example_dags/example_display_name.py
[2024-05-05T01:32:33.587+0000] {logging_mixin.py:188} INFO - [2024-05-05T01:32:33.587+0000] {dag.py:3096} INFO - Sync 1 DAGs
[2024-05-05T01:32:33.603+0000] {logging_mixin.py:188} INFO - [2024-05-05T01:32:33.603+0000] {dag.py:3954} INFO - Setting next_dagrun for example_display_name to None, run_after=None
[2024-05-05T01:32:33.631+0000] {processor.py:183} INFO - Processing /home/airflow/.local/lib/python3.12/site-packages/airflow/example_dags/example_display_name.py took 0.084 seconds
[2024-05-05T01:33:04.162+0000] {processor.py:161} INFO - Started process (PID=348) to work on /home/airflow/.local/lib/python3.12/site-packages/airflow/example_dags/example_display_name.py
[2024-05-05T01:33:04.164+0000] {processor.py:830} INFO - Processing file /home/airflow/.local/lib/python3.12/site-packages/airflow/example_dags/example_display_name.py for tasks to queue
[2024-05-05T01:33:04.166+0000] {logging_mixin.py:188} INFO - [2024-05-05T01:33:04.165+0000] {dagbag.py:540} INFO - Filling up the DagBag from /home/airflow/.local/lib/python3.12/site-packages/airflow/example_dags/example_display_name.py
[2024-05-05T01:33:04.171+0000] {processor.py:840} INFO - DAG(s) 'example_display_name' retrieved from /home/airflow/.local/lib/python3.12/site-packages/airflow/example_dags/example_display_name.py
[2024-05-05T01:33:04.195+0000] {logging_mixin.py:188} INFO - [2024-05-05T01:33:04.194+0000] {dag.py:3096} INFO - Sync 1 DAGs
[2024-05-05T01:33:04.208+0000] {logging_mixin.py:188} INFO - [2024-05-05T01:33:04.208+0000] {dag.py:3954} INFO - Setting next_dagrun for example_display_name to None, run_after=None
[2024-05-05T01:33:04.230+0000] {processor.py:183} INFO - Processing /home/airflow/.local/lib/python3.12/site-packages/airflow/example_dags/example_display_name.py took 0.073 seconds
[2024-05-05T01:33:34.399+0000] {processor.py:161} INFO - Started process (PID=408) to work on /home/airflow/.local/lib/python3.12/site-packages/airflow/example_dags/example_display_name.py
[2024-05-05T01:33:34.400+0000] {processor.py:830} INFO - Processing file /home/airflow/.local/lib/python3.12/site-packages/airflow/example_dags/example_display_name.py for tasks to queue
[2024-05-05T01:33:34.401+0000] {logging_mixin.py:188} INFO - [2024-05-05T01:33:34.401+0000] {dagbag.py:540} INFO - Filling up the DagBag from /home/airflow/.local/lib/python3.12/site-packages/airflow/example_dags/example_display_name.py
[2024-05-05T01:33:34.407+0000] {processor.py:840} INFO - DAG(s) 'example_display_name' retrieved from /home/airflow/.local/lib/python3.12/site-packages/airflow/example_dags/example_display_name.py
[2024-05-05T01:33:34.428+0000] {logging_mixin.py:188} INFO - [2024-05-05T01:33:34.428+0000] {dag.py:3096} INFO - Sync 1 DAGs
[2024-05-05T01:33:34.445+0000] {logging_mixin.py:188} INFO - [2024-05-05T01:33:34.445+0000] {dag.py:3954} INFO - Setting next_dagrun for example_display_name to None, run_after=None
[2024-05-05T01:33:34.471+0000] {processor.py:183} INFO - Processing /home/airflow/.local/lib/python3.12/site-packages/airflow/example_dags/example_display_name.py took 0.079 seconds
[2024-05-05T01:34:04.732+0000] {processor.py:161} INFO - Started process (PID=468) to work on /home/airflow/.local/lib/python3.12/site-packages/airflow/example_dags/example_display_name.py
[2024-05-05T01:34:04.734+0000] {processor.py:830} INFO - Processing file /home/airflow/.local/lib/python3.12/site-packages/airflow/example_dags/example_display_name.py for tasks to queue
[2024-05-05T01:34:04.736+0000] {logging_mixin.py:188} INFO - [2024-05-05T01:34:04.735+0000] {dagbag.py:540} INFO - Filling up the DagBag from /home/airflow/.local/lib/python3.12/site-packages/airflow/example_dags/example_display_name.py
[2024-05-05T01:34:04.742+0000] {processor.py:840} INFO - DAG(s) 'example_display_name' retrieved from /home/airflow/.local/lib/python3.12/site-packages/airflow/example_dags/example_display_name.py
[2024-05-05T01:34:04.763+0000] {logging_mixin.py:188} INFO - [2024-05-05T01:34:04.763+0000] {dag.py:3096} INFO - Sync 1 DAGs
[2024-05-05T01:34:04.777+0000] {logging_mixin.py:188} INFO - [2024-05-05T01:34:04.777+0000] {dag.py:3954} INFO - Setting next_dagrun for example_display_name to None, run_after=None
[2024-05-05T01:34:04.799+0000] {processor.py:183} INFO - Processing /home/airflow/.local/lib/python3.12/site-packages/airflow/example_dags/example_display_name.py took 0.073 seconds
[2024-05-05T01:34:35.200+0000] {processor.py:161} INFO - Started process (PID=528) to work on /home/airflow/.local/lib/python3.12/site-packages/airflow/example_dags/example_display_name.py
[2024-05-05T01:34:35.201+0000] {processor.py:830} INFO - Processing file /home/airflow/.local/lib/python3.12/site-packages/airflow/example_dags/example_display_name.py for tasks to queue
[2024-05-05T01:34:35.203+0000] {logging_mixin.py:188} INFO - [2024-05-05T01:34:35.203+0000] {dagbag.py:540} INFO - Filling up the DagBag from /home/airflow/.local/lib/python3.12/site-packages/airflow/example_dags/example_display_name.py
[2024-05-05T01:34:35.215+0000] {processor.py:840} INFO - DAG(s) 'example_display_name' retrieved from /home/airflow/.local/lib/python3.12/site-packages/airflow/example_dags/example_display_name.py
[2024-05-05T01:34:35.237+0000] {logging_mixin.py:188} INFO - [2024-05-05T01:34:35.236+0000] {dag.py:3096} INFO - Sync 1 DAGs
[2024-05-05T01:34:35.252+0000] {logging_mixin.py:188} INFO - [2024-05-05T01:34:35.252+0000] {dag.py:3954} INFO - Setting next_dagrun for example_display_name to None, run_after=None
[2024-05-05T01:34:35.274+0000] {processor.py:183} INFO - Processing /home/airflow/.local/lib/python3.12/site-packages/airflow/example_dags/example_display_name.py took 0.080 seconds
[2024-05-05T01:35:05.680+0000] {processor.py:161} INFO - Started process (PID=588) to work on /home/airflow/.local/lib/python3.12/site-packages/airflow/example_dags/example_display_name.py
[2024-05-05T01:35:05.681+0000] {processor.py:830} INFO - Processing file /home/airflow/.local/lib/python3.12/site-packages/airflow/example_dags/example_display_name.py for tasks to queue
[2024-05-05T01:35:05.683+0000] {logging_mixin.py:188} INFO - [2024-05-05T01:35:05.683+0000] {dagbag.py:540} INFO - Filling up the DagBag from /home/airflow/.local/lib/python3.12/site-packages/airflow/example_dags/example_display_name.py
[2024-05-05T01:35:05.693+0000] {processor.py:840} INFO - DAG(s) 'example_display_name' retrieved from /home/airflow/.local/lib/python3.12/site-packages/airflow/example_dags/example_display_name.py
[2024-05-05T01:35:05.713+0000] {logging_mixin.py:188} INFO - [2024-05-05T01:35:05.713+0000] {dag.py:3096} INFO - Sync 1 DAGs
[2024-05-05T01:35:05.726+0000] {logging_mixin.py:188} INFO - [2024-05-05T01:35:05.725+0000] {dag.py:3954} INFO - Setting next_dagrun for example_display_name to None, run_after=None
[2024-05-05T01:35:05.752+0000] {processor.py:183} INFO - Processing /home/airflow/.local/lib/python3.12/site-packages/airflow/example_dags/example_display_name.py took 0.080 seconds
[2024-05-05T01:35:36.286+0000] {processor.py:161} INFO - Started process (PID=648) to work on /home/airflow/.local/lib/python3.12/site-packages/airflow/example_dags/example_display_name.py
[2024-05-05T01:35:36.287+0000] {processor.py:830} INFO - Processing file /home/airflow/.local/lib/python3.12/site-packages/airflow/example_dags/example_display_name.py for tasks to queue
[2024-05-05T01:35:36.289+0000] {logging_mixin.py:188} INFO - [2024-05-05T01:35:36.289+0000] {dagbag.py:540} INFO - Filling up the DagBag from /home/airflow/.local/lib/python3.12/site-packages/airflow/example_dags/example_display_name.py
[2024-05-05T01:35:36.296+0000] {processor.py:840} INFO - DAG(s) 'example_display_name' retrieved from /home/airflow/.local/lib/python3.12/site-packages/airflow/example_dags/example_display_name.py
[2024-05-05T01:35:36.323+0000] {logging_mixin.py:188} INFO - [2024-05-05T01:35:36.322+0000] {dag.py:3096} INFO - Sync 1 DAGs
[2024-05-05T01:35:36.348+0000] {logging_mixin.py:188} INFO - [2024-05-05T01:35:36.347+0000] {dag.py:3954} INFO - Setting next_dagrun for example_display_name to None, run_after=None
[2024-05-05T01:35:36.374+0000] {processor.py:183} INFO - Processing /home/airflow/.local/lib/python3.12/site-packages/airflow/example_dags/example_display_name.py took 0.096 seconds
[2024-05-05T02:04:14.620+0000] {processor.py:161} INFO - Started process (PID=45) to work on /home/airflow/.local/lib/python3.12/site-packages/airflow/example_dags/example_display_name.py
[2024-05-05T02:04:14.622+0000] {processor.py:830} INFO - Processing file /home/airflow/.local/lib/python3.12/site-packages/airflow/example_dags/example_display_name.py for tasks to queue
[2024-05-05T02:04:14.626+0000] {logging_mixin.py:188} INFO - [2024-05-05T02:04:14.626+0000] {dagbag.py:540} INFO - Filling up the DagBag from /home/airflow/.local/lib/python3.12/site-packages/airflow/example_dags/example_display_name.py
[2024-05-05T02:04:14.637+0000] {processor.py:840} INFO - DAG(s) 'example_display_name' retrieved from /home/airflow/.local/lib/python3.12/site-packages/airflow/example_dags/example_display_name.py
[2024-05-05T02:04:14.791+0000] {logging_mixin.py:188} INFO - [2024-05-05T02:04:14.791+0000] {dag.py:3096} INFO - Sync 1 DAGs
[2024-05-05T02:04:14.807+0000] {logging_mixin.py:188} INFO - [2024-05-05T02:04:14.807+0000] {dag.py:3954} INFO - Setting next_dagrun for example_display_name to None, run_after=None
[2024-05-05T02:04:14.838+0000] {processor.py:183} INFO - Processing /home/airflow/.local/lib/python3.12/site-packages/airflow/example_dags/example_display_name.py took 0.227 seconds
[2024-05-05T02:04:45.014+0000] {processor.py:161} INFO - Started process (PID=105) to work on /home/airflow/.local/lib/python3.12/site-packages/airflow/example_dags/example_display_name.py
[2024-05-05T02:04:45.015+0000] {processor.py:830} INFO - Processing file /home/airflow/.local/lib/python3.12/site-packages/airflow/example_dags/example_display_name.py for tasks to queue
[2024-05-05T02:04:45.017+0000] {logging_mixin.py:188} INFO - [2024-05-05T02:04:45.017+0000] {dagbag.py:540} INFO - Filling up the DagBag from /home/airflow/.local/lib/python3.12/site-packages/airflow/example_dags/example_display_name.py
[2024-05-05T02:04:45.023+0000] {processor.py:840} INFO - DAG(s) 'example_display_name' retrieved from /home/airflow/.local/lib/python3.12/site-packages/airflow/example_dags/example_display_name.py
[2024-05-05T02:04:45.042+0000] {logging_mixin.py:188} INFO - [2024-05-05T02:04:45.042+0000] {dag.py:3096} INFO - Sync 1 DAGs
[2024-05-05T02:04:45.057+0000] {logging_mixin.py:188} INFO - [2024-05-05T02:04:45.057+0000] {dag.py:3954} INFO - Setting next_dagrun for example_display_name to None, run_after=None
[2024-05-05T02:04:45.080+0000] {processor.py:183} INFO - Processing /home/airflow/.local/lib/python3.12/site-packages/airflow/example_dags/example_display_name.py took 0.071 seconds
[2024-05-05T02:05:15.203+0000] {processor.py:161} INFO - Started process (PID=165) to work on /home/airflow/.local/lib/python3.12/site-packages/airflow/example_dags/example_display_name.py
[2024-05-05T02:05:15.204+0000] {processor.py:830} INFO - Processing file /home/airflow/.local/lib/python3.12/site-packages/airflow/example_dags/example_display_name.py for tasks to queue
[2024-05-05T02:05:15.206+0000] {logging_mixin.py:188} INFO - [2024-05-05T02:05:15.206+0000] {dagbag.py:540} INFO - Filling up the DagBag from /home/airflow/.local/lib/python3.12/site-packages/airflow/example_dags/example_display_name.py
[2024-05-05T02:05:15.213+0000] {processor.py:840} INFO - DAG(s) 'example_display_name' retrieved from /home/airflow/.local/lib/python3.12/site-packages/airflow/example_dags/example_display_name.py
[2024-05-05T02:05:15.246+0000] {logging_mixin.py:188} INFO - [2024-05-05T02:05:15.245+0000] {dag.py:3096} INFO - Sync 1 DAGs
[2024-05-05T02:05:15.264+0000] {logging_mixin.py:188} INFO - [2024-05-05T02:05:15.264+0000] {dag.py:3954} INFO - Setting next_dagrun for example_display_name to None, run_after=None
[2024-05-05T02:05:15.289+0000] {processor.py:183} INFO - Processing /home/airflow/.local/lib/python3.12/site-packages/airflow/example_dags/example_display_name.py took 0.094 seconds
[2024-05-05T02:05:45.773+0000] {processor.py:161} INFO - Started process (PID=225) to work on /home/airflow/.local/lib/python3.12/site-packages/airflow/example_dags/example_display_name.py
[2024-05-05T02:05:45.774+0000] {processor.py:830} INFO - Processing file /home/airflow/.local/lib/python3.12/site-packages/airflow/example_dags/example_display_name.py for tasks to queue
[2024-05-05T02:05:45.778+0000] {logging_mixin.py:188} INFO - [2024-05-05T02:05:45.777+0000] {dagbag.py:540} INFO - Filling up the DagBag from /home/airflow/.local/lib/python3.12/site-packages/airflow/example_dags/example_display_name.py
[2024-05-05T02:05:45.785+0000] {processor.py:840} INFO - DAG(s) 'example_display_name' retrieved from /home/airflow/.local/lib/python3.12/site-packages/airflow/example_dags/example_display_name.py
[2024-05-05T02:05:45.809+0000] {logging_mixin.py:188} INFO - [2024-05-05T02:05:45.809+0000] {dag.py:3096} INFO - Sync 1 DAGs
[2024-05-05T02:05:45.823+0000] {logging_mixin.py:188} INFO - [2024-05-05T02:05:45.823+0000] {dag.py:3954} INFO - Setting next_dagrun for example_display_name to None, run_after=None
[2024-05-05T02:05:45.848+0000] {processor.py:183} INFO - Processing /home/airflow/.local/lib/python3.12/site-packages/airflow/example_dags/example_display_name.py took 0.082 seconds
[2024-05-05T02:06:16.286+0000] {processor.py:161} INFO - Started process (PID=285) to work on /home/airflow/.local/lib/python3.12/site-packages/airflow/example_dags/example_display_name.py
[2024-05-05T02:06:16.287+0000] {processor.py:830} INFO - Processing file /home/airflow/.local/lib/python3.12/site-packages/airflow/example_dags/example_display_name.py for tasks to queue
[2024-05-05T02:06:16.290+0000] {logging_mixin.py:188} INFO - [2024-05-05T02:06:16.289+0000] {dagbag.py:540} INFO - Filling up the DagBag from /home/airflow/.local/lib/python3.12/site-packages/airflow/example_dags/example_display_name.py
[2024-05-05T02:06:16.295+0000] {processor.py:840} INFO - DAG(s) 'example_display_name' retrieved from /home/airflow/.local/lib/python3.12/site-packages/airflow/example_dags/example_display_name.py
[2024-05-05T02:06:16.340+0000] {logging_mixin.py:188} INFO - [2024-05-05T02:06:16.340+0000] {dag.py:3096} INFO - Sync 1 DAGs
[2024-05-05T02:06:16.377+0000] {logging_mixin.py:188} INFO - [2024-05-05T02:06:16.377+0000] {dag.py:3954} INFO - Setting next_dagrun for example_display_name to None, run_after=None
[2024-05-05T02:06:16.422+0000] {processor.py:183} INFO - Processing /home/airflow/.local/lib/python3.12/site-packages/airflow/example_dags/example_display_name.py took 0.142 seconds
[2024-05-05T02:06:46.568+0000] {processor.py:161} INFO - Started process (PID=345) to work on /home/airflow/.local/lib/python3.12/site-packages/airflow/example_dags/example_display_name.py
[2024-05-05T02:06:46.569+0000] {processor.py:830} INFO - Processing file /home/airflow/.local/lib/python3.12/site-packages/airflow/example_dags/example_display_name.py for tasks to queue
[2024-05-05T02:06:46.571+0000] {logging_mixin.py:188} INFO - [2024-05-05T02:06:46.570+0000] {dagbag.py:540} INFO - Filling up the DagBag from /home/airflow/.local/lib/python3.12/site-packages/airflow/example_dags/example_display_name.py
[2024-05-05T02:06:46.576+0000] {processor.py:840} INFO - DAG(s) 'example_display_name' retrieved from /home/airflow/.local/lib/python3.12/site-packages/airflow/example_dags/example_display_name.py
[2024-05-05T02:06:46.598+0000] {logging_mixin.py:188} INFO - [2024-05-05T02:06:46.597+0000] {dag.py:3096} INFO - Sync 1 DAGs
[2024-05-05T02:06:46.615+0000] {logging_mixin.py:188} INFO - [2024-05-05T02:06:46.614+0000] {dag.py:3954} INFO - Setting next_dagrun for example_display_name to None, run_after=None
[2024-05-05T02:06:46.638+0000] {processor.py:183} INFO - Processing /home/airflow/.local/lib/python3.12/site-packages/airflow/example_dags/example_display_name.py took 0.076 seconds
