[2024-05-05T01:30:33.903+0000] {processor.py:161} INFO - Started process (PID=62) to work on /home/airflow/.local/lib/python3.12/site-packages/airflow/example_dags/example_task_group.py
[2024-05-05T01:30:33.905+0000] {processor.py:830} INFO - Processing file /home/airflow/.local/lib/python3.12/site-packages/airflow/example_dags/example_task_group.py for tasks to queue
[2024-05-05T01:30:33.907+0000] {logging_mixin.py:188} INFO - [2024-05-05T01:30:33.907+0000] {dagbag.py:540} INFO - Filling up the DagBag from /home/airflow/.local/lib/python3.12/site-packages/airflow/example_dags/example_task_group.py
[2024-05-05T01:30:33.919+0000] {processor.py:840} INFO - DAG(s) 'example_task_group' retrieved from /home/airflow/.local/lib/python3.12/site-packages/airflow/example_dags/example_task_group.py
[2024-05-05T01:30:34.079+0000] {logging_mixin.py:188} INFO - [2024-05-05T01:30:34.078+0000] {dag.py:3096} INFO - Sync 1 DAGs
[2024-05-05T01:30:34.102+0000] {logging_mixin.py:188} INFO - [2024-05-05T01:30:34.102+0000] {dag.py:3954} INFO - Setting next_dagrun for example_task_group to 2024-05-04 00:00:00+00:00, run_after=2024-05-05 00:00:00+00:00
[2024-05-05T01:30:34.133+0000] {processor.py:183} INFO - Processing /home/airflow/.local/lib/python3.12/site-packages/airflow/example_dags/example_task_group.py took 0.238 seconds
[2024-05-05T01:31:04.700+0000] {processor.py:161} INFO - Started process (PID=122) to work on /home/airflow/.local/lib/python3.12/site-packages/airflow/example_dags/example_task_group.py
[2024-05-05T01:31:04.702+0000] {processor.py:830} INFO - Processing file /home/airflow/.local/lib/python3.12/site-packages/airflow/example_dags/example_task_group.py for tasks to queue
[2024-05-05T01:31:04.704+0000] {logging_mixin.py:188} INFO - [2024-05-05T01:31:04.704+0000] {dagbag.py:540} INFO - Filling up the DagBag from /home/airflow/.local/lib/python3.12/site-packages/airflow/example_dags/example_task_group.py
[2024-05-05T01:31:04.713+0000] {processor.py:840} INFO - DAG(s) 'example_task_group' retrieved from /home/airflow/.local/lib/python3.12/site-packages/airflow/example_dags/example_task_group.py
[2024-05-05T01:31:04.745+0000] {logging_mixin.py:188} INFO - [2024-05-05T01:31:04.744+0000] {dag.py:3096} INFO - Sync 1 DAGs
[2024-05-05T01:31:04.772+0000] {logging_mixin.py:188} INFO - [2024-05-05T01:31:04.772+0000] {dag.py:3954} INFO - Setting next_dagrun for example_task_group to 2024-05-04 00:00:00+00:00, run_after=2024-05-05 00:00:00+00:00
[2024-05-05T01:31:04.795+0000] {processor.py:183} INFO - Processing /home/airflow/.local/lib/python3.12/site-packages/airflow/example_dags/example_task_group.py took 0.103 seconds
[2024-05-05T01:31:35.215+0000] {processor.py:161} INFO - Started process (PID=182) to work on /home/airflow/.local/lib/python3.12/site-packages/airflow/example_dags/example_task_group.py
[2024-05-05T01:31:35.217+0000] {processor.py:830} INFO - Processing file /home/airflow/.local/lib/python3.12/site-packages/airflow/example_dags/example_task_group.py for tasks to queue
[2024-05-05T01:31:35.219+0000] {logging_mixin.py:188} INFO - [2024-05-05T01:31:35.219+0000] {dagbag.py:540} INFO - Filling up the DagBag from /home/airflow/.local/lib/python3.12/site-packages/airflow/example_dags/example_task_group.py
[2024-05-05T01:31:35.227+0000] {processor.py:840} INFO - DAG(s) 'example_task_group' retrieved from /home/airflow/.local/lib/python3.12/site-packages/airflow/example_dags/example_task_group.py
[2024-05-05T01:31:35.251+0000] {logging_mixin.py:188} INFO - [2024-05-05T01:31:35.251+0000] {dag.py:3096} INFO - Sync 1 DAGs
[2024-05-05T01:31:35.280+0000] {logging_mixin.py:188} INFO - [2024-05-05T01:31:35.279+0000] {dag.py:3954} INFO - Setting next_dagrun for example_task_group to 2024-05-04 00:00:00+00:00, run_after=2024-05-05 00:00:00+00:00
[2024-05-05T01:31:35.305+0000] {processor.py:183} INFO - Processing /home/airflow/.local/lib/python3.12/site-packages/airflow/example_dags/example_task_group.py took 0.098 seconds
[2024-05-05T01:32:05.465+0000] {processor.py:161} INFO - Started process (PID=242) to work on /home/airflow/.local/lib/python3.12/site-packages/airflow/example_dags/example_task_group.py
[2024-05-05T01:32:05.466+0000] {processor.py:830} INFO - Processing file /home/airflow/.local/lib/python3.12/site-packages/airflow/example_dags/example_task_group.py for tasks to queue
[2024-05-05T01:32:05.468+0000] {logging_mixin.py:188} INFO - [2024-05-05T01:32:05.468+0000] {dagbag.py:540} INFO - Filling up the DagBag from /home/airflow/.local/lib/python3.12/site-packages/airflow/example_dags/example_task_group.py
[2024-05-05T01:32:05.476+0000] {processor.py:840} INFO - DAG(s) 'example_task_group' retrieved from /home/airflow/.local/lib/python3.12/site-packages/airflow/example_dags/example_task_group.py
[2024-05-05T01:32:05.500+0000] {logging_mixin.py:188} INFO - [2024-05-05T01:32:05.500+0000] {dag.py:3096} INFO - Sync 1 DAGs
[2024-05-05T01:32:05.524+0000] {logging_mixin.py:188} INFO - [2024-05-05T01:32:05.524+0000] {dag.py:3954} INFO - Setting next_dagrun for example_task_group to 2024-05-04 00:00:00+00:00, run_after=2024-05-05 00:00:00+00:00
[2024-05-05T01:32:05.547+0000] {processor.py:183} INFO - Processing /home/airflow/.local/lib/python3.12/site-packages/airflow/example_dags/example_task_group.py took 0.088 seconds
[2024-05-05T01:32:35.806+0000] {processor.py:161} INFO - Started process (PID=303) to work on /home/airflow/.local/lib/python3.12/site-packages/airflow/example_dags/example_task_group.py
[2024-05-05T01:32:35.807+0000] {processor.py:830} INFO - Processing file /home/airflow/.local/lib/python3.12/site-packages/airflow/example_dags/example_task_group.py for tasks to queue
[2024-05-05T01:32:35.811+0000] {logging_mixin.py:188} INFO - [2024-05-05T01:32:35.810+0000] {dagbag.py:540} INFO - Filling up the DagBag from /home/airflow/.local/lib/python3.12/site-packages/airflow/example_dags/example_task_group.py
[2024-05-05T01:32:35.821+0000] {processor.py:840} INFO - DAG(s) 'example_task_group' retrieved from /home/airflow/.local/lib/python3.12/site-packages/airflow/example_dags/example_task_group.py
[2024-05-05T01:32:35.848+0000] {logging_mixin.py:188} INFO - [2024-05-05T01:32:35.848+0000] {dag.py:3096} INFO - Sync 1 DAGs
[2024-05-05T01:32:35.875+0000] {logging_mixin.py:188} INFO - [2024-05-05T01:32:35.875+0000] {dag.py:3954} INFO - Setting next_dagrun for example_task_group to 2024-05-04 00:00:00+00:00, run_after=2024-05-05 00:00:00+00:00
[2024-05-05T01:32:35.901+0000] {processor.py:183} INFO - Processing /home/airflow/.local/lib/python3.12/site-packages/airflow/example_dags/example_task_group.py took 0.102 seconds
[2024-05-05T01:33:06.339+0000] {processor.py:161} INFO - Started process (PID=363) to work on /home/airflow/.local/lib/python3.12/site-packages/airflow/example_dags/example_task_group.py
[2024-05-05T01:33:06.340+0000] {processor.py:830} INFO - Processing file /home/airflow/.local/lib/python3.12/site-packages/airflow/example_dags/example_task_group.py for tasks to queue
[2024-05-05T01:33:06.344+0000] {logging_mixin.py:188} INFO - [2024-05-05T01:33:06.343+0000] {dagbag.py:540} INFO - Filling up the DagBag from /home/airflow/.local/lib/python3.12/site-packages/airflow/example_dags/example_task_group.py
[2024-05-05T01:33:06.354+0000] {processor.py:840} INFO - DAG(s) 'example_task_group' retrieved from /home/airflow/.local/lib/python3.12/site-packages/airflow/example_dags/example_task_group.py
[2024-05-05T01:33:06.383+0000] {logging_mixin.py:188} INFO - [2024-05-05T01:33:06.382+0000] {dag.py:3096} INFO - Sync 1 DAGs
[2024-05-05T01:33:06.412+0000] {logging_mixin.py:188} INFO - [2024-05-05T01:33:06.412+0000] {dag.py:3954} INFO - Setting next_dagrun for example_task_group to 2024-05-04 00:00:00+00:00, run_after=2024-05-05 00:00:00+00:00
[2024-05-05T01:33:06.441+0000] {processor.py:183} INFO - Processing /home/airflow/.local/lib/python3.12/site-packages/airflow/example_dags/example_task_group.py took 0.111 seconds
[2024-05-05T01:33:36.542+0000] {processor.py:161} INFO - Started process (PID=423) to work on /home/airflow/.local/lib/python3.12/site-packages/airflow/example_dags/example_task_group.py
[2024-05-05T01:33:36.543+0000] {processor.py:830} INFO - Processing file /home/airflow/.local/lib/python3.12/site-packages/airflow/example_dags/example_task_group.py for tasks to queue
[2024-05-05T01:33:36.546+0000] {logging_mixin.py:188} INFO - [2024-05-05T01:33:36.545+0000] {dagbag.py:540} INFO - Filling up the DagBag from /home/airflow/.local/lib/python3.12/site-packages/airflow/example_dags/example_task_group.py
[2024-05-05T01:33:36.555+0000] {processor.py:840} INFO - DAG(s) 'example_task_group' retrieved from /home/airflow/.local/lib/python3.12/site-packages/airflow/example_dags/example_task_group.py
[2024-05-05T01:33:36.580+0000] {logging_mixin.py:188} INFO - [2024-05-05T01:33:36.580+0000] {dag.py:3096} INFO - Sync 1 DAGs
[2024-05-05T01:33:36.604+0000] {logging_mixin.py:188} INFO - [2024-05-05T01:33:36.603+0000] {dag.py:3954} INFO - Setting next_dagrun for example_task_group to 2024-05-04 00:00:00+00:00, run_after=2024-05-05 00:00:00+00:00
[2024-05-05T01:33:36.630+0000] {processor.py:183} INFO - Processing /home/airflow/.local/lib/python3.12/site-packages/airflow/example_dags/example_task_group.py took 0.095 seconds
[2024-05-05T01:34:07.036+0000] {processor.py:161} INFO - Started process (PID=483) to work on /home/airflow/.local/lib/python3.12/site-packages/airflow/example_dags/example_task_group.py
[2024-05-05T01:34:07.037+0000] {processor.py:830} INFO - Processing file /home/airflow/.local/lib/python3.12/site-packages/airflow/example_dags/example_task_group.py for tasks to queue
[2024-05-05T01:34:07.040+0000] {logging_mixin.py:188} INFO - [2024-05-05T01:34:07.040+0000] {dagbag.py:540} INFO - Filling up the DagBag from /home/airflow/.local/lib/python3.12/site-packages/airflow/example_dags/example_task_group.py
[2024-05-05T01:34:07.048+0000] {processor.py:840} INFO - DAG(s) 'example_task_group' retrieved from /home/airflow/.local/lib/python3.12/site-packages/airflow/example_dags/example_task_group.py
[2024-05-05T01:34:07.084+0000] {logging_mixin.py:188} INFO - [2024-05-05T01:34:07.083+0000] {dag.py:3096} INFO - Sync 1 DAGs
[2024-05-05T01:34:07.119+0000] {logging_mixin.py:188} INFO - [2024-05-05T01:34:07.119+0000] {dag.py:3954} INFO - Setting next_dagrun for example_task_group to 2024-05-04 00:00:00+00:00, run_after=2024-05-05 00:00:00+00:00
[2024-05-05T01:34:07.146+0000] {processor.py:183} INFO - Processing /home/airflow/.local/lib/python3.12/site-packages/airflow/example_dags/example_task_group.py took 0.115 seconds
[2024-05-05T01:34:37.238+0000] {processor.py:161} INFO - Started process (PID=543) to work on /home/airflow/.local/lib/python3.12/site-packages/airflow/example_dags/example_task_group.py
[2024-05-05T01:34:37.239+0000] {processor.py:830} INFO - Processing file /home/airflow/.local/lib/python3.12/site-packages/airflow/example_dags/example_task_group.py for tasks to queue
[2024-05-05T01:34:37.242+0000] {logging_mixin.py:188} INFO - [2024-05-05T01:34:37.241+0000] {dagbag.py:540} INFO - Filling up the DagBag from /home/airflow/.local/lib/python3.12/site-packages/airflow/example_dags/example_task_group.py
[2024-05-05T01:34:37.250+0000] {processor.py:840} INFO - DAG(s) 'example_task_group' retrieved from /home/airflow/.local/lib/python3.12/site-packages/airflow/example_dags/example_task_group.py
[2024-05-05T01:34:37.275+0000] {logging_mixin.py:188} INFO - [2024-05-05T01:34:37.274+0000] {dag.py:3096} INFO - Sync 1 DAGs
[2024-05-05T01:34:37.306+0000] {logging_mixin.py:188} INFO - [2024-05-05T01:34:37.306+0000] {dag.py:3954} INFO - Setting next_dagrun for example_task_group to 2024-05-04 00:00:00+00:00, run_after=2024-05-05 00:00:00+00:00
[2024-05-05T01:34:37.333+0000] {processor.py:183} INFO - Processing /home/airflow/.local/lib/python3.12/site-packages/airflow/example_dags/example_task_group.py took 0.103 seconds
[2024-05-05T01:35:07.907+0000] {processor.py:161} INFO - Started process (PID=609) to work on /home/airflow/.local/lib/python3.12/site-packages/airflow/example_dags/example_task_group.py
[2024-05-05T01:35:07.908+0000] {processor.py:830} INFO - Processing file /home/airflow/.local/lib/python3.12/site-packages/airflow/example_dags/example_task_group.py for tasks to queue
[2024-05-05T01:35:07.911+0000] {logging_mixin.py:188} INFO - [2024-05-05T01:35:07.910+0000] {dagbag.py:540} INFO - Filling up the DagBag from /home/airflow/.local/lib/python3.12/site-packages/airflow/example_dags/example_task_group.py
[2024-05-05T01:35:07.921+0000] {processor.py:840} INFO - DAG(s) 'example_task_group' retrieved from /home/airflow/.local/lib/python3.12/site-packages/airflow/example_dags/example_task_group.py
[2024-05-05T01:35:07.953+0000] {logging_mixin.py:188} INFO - [2024-05-05T01:35:07.952+0000] {dag.py:3096} INFO - Sync 1 DAGs
[2024-05-05T01:35:07.988+0000] {logging_mixin.py:188} INFO - [2024-05-05T01:35:07.988+0000] {dag.py:3954} INFO - Setting next_dagrun for example_task_group to 2024-05-04 00:00:00+00:00, run_after=2024-05-05 00:00:00+00:00
[2024-05-05T01:35:08.018+0000] {processor.py:183} INFO - Processing /home/airflow/.local/lib/python3.12/site-packages/airflow/example_dags/example_task_group.py took 0.119 seconds
[2024-05-05T01:35:38.451+0000] {processor.py:161} INFO - Started process (PID=669) to work on /home/airflow/.local/lib/python3.12/site-packages/airflow/example_dags/example_task_group.py
[2024-05-05T01:35:38.452+0000] {processor.py:830} INFO - Processing file /home/airflow/.local/lib/python3.12/site-packages/airflow/example_dags/example_task_group.py for tasks to queue
[2024-05-05T01:35:38.454+0000] {logging_mixin.py:188} INFO - [2024-05-05T01:35:38.454+0000] {dagbag.py:540} INFO - Filling up the DagBag from /home/airflow/.local/lib/python3.12/site-packages/airflow/example_dags/example_task_group.py
[2024-05-05T01:35:38.461+0000] {processor.py:840} INFO - DAG(s) 'example_task_group' retrieved from /home/airflow/.local/lib/python3.12/site-packages/airflow/example_dags/example_task_group.py
[2024-05-05T01:35:38.487+0000] {logging_mixin.py:188} INFO - [2024-05-05T01:35:38.486+0000] {dag.py:3096} INFO - Sync 1 DAGs
[2024-05-05T01:35:38.511+0000] {logging_mixin.py:188} INFO - [2024-05-05T01:35:38.511+0000] {dag.py:3954} INFO - Setting next_dagrun for example_task_group to 2024-05-04 00:00:00+00:00, run_after=2024-05-05 00:00:00+00:00
[2024-05-05T01:35:38.533+0000] {processor.py:183} INFO - Processing /home/airflow/.local/lib/python3.12/site-packages/airflow/example_dags/example_task_group.py took 0.094 seconds
[2024-05-05T02:04:16.864+0000] {processor.py:161} INFO - Started process (PID=60) to work on /home/airflow/.local/lib/python3.12/site-packages/airflow/example_dags/example_task_group.py
[2024-05-05T02:04:16.866+0000] {processor.py:830} INFO - Processing file /home/airflow/.local/lib/python3.12/site-packages/airflow/example_dags/example_task_group.py for tasks to queue
[2024-05-05T02:04:16.869+0000] {logging_mixin.py:188} INFO - [2024-05-05T02:04:16.869+0000] {dagbag.py:540} INFO - Filling up the DagBag from /home/airflow/.local/lib/python3.12/site-packages/airflow/example_dags/example_task_group.py
[2024-05-05T02:04:16.881+0000] {processor.py:840} INFO - DAG(s) 'example_task_group' retrieved from /home/airflow/.local/lib/python3.12/site-packages/airflow/example_dags/example_task_group.py
[2024-05-05T02:04:17.026+0000] {logging_mixin.py:188} INFO - [2024-05-05T02:04:17.025+0000] {dag.py:3096} INFO - Sync 1 DAGs
[2024-05-05T02:04:17.058+0000] {logging_mixin.py:188} INFO - [2024-05-05T02:04:17.058+0000] {dag.py:3954} INFO - Setting next_dagrun for example_task_group to 2024-05-04 00:00:00+00:00, run_after=2024-05-05 00:00:00+00:00
[2024-05-05T02:04:17.083+0000] {processor.py:183} INFO - Processing /home/airflow/.local/lib/python3.12/site-packages/airflow/example_dags/example_task_group.py took 0.228 seconds
[2024-05-05T02:04:47.975+0000] {processor.py:161} INFO - Started process (PID=120) to work on /home/airflow/.local/lib/python3.12/site-packages/airflow/example_dags/example_task_group.py
[2024-05-05T02:04:47.976+0000] {processor.py:830} INFO - Processing file /home/airflow/.local/lib/python3.12/site-packages/airflow/example_dags/example_task_group.py for tasks to queue
[2024-05-05T02:04:47.979+0000] {logging_mixin.py:188} INFO - [2024-05-05T02:04:47.979+0000] {dagbag.py:540} INFO - Filling up the DagBag from /home/airflow/.local/lib/python3.12/site-packages/airflow/example_dags/example_task_group.py
[2024-05-05T02:04:47.989+0000] {processor.py:840} INFO - DAG(s) 'example_task_group' retrieved from /home/airflow/.local/lib/python3.12/site-packages/airflow/example_dags/example_task_group.py
[2024-05-05T02:04:48.019+0000] {logging_mixin.py:188} INFO - [2024-05-05T02:04:48.019+0000] {dag.py:3096} INFO - Sync 1 DAGs
[2024-05-05T02:04:48.051+0000] {logging_mixin.py:188} INFO - [2024-05-05T02:04:48.050+0000] {dag.py:3954} INFO - Setting next_dagrun for example_task_group to 2024-05-04 00:00:00+00:00, run_after=2024-05-05 00:00:00+00:00
[2024-05-05T02:04:48.088+0000] {processor.py:183} INFO - Processing /home/airflow/.local/lib/python3.12/site-packages/airflow/example_dags/example_task_group.py took 0.120 seconds
[2024-05-05T02:05:18.367+0000] {processor.py:161} INFO - Started process (PID=186) to work on /home/airflow/.local/lib/python3.12/site-packages/airflow/example_dags/example_task_group.py
[2024-05-05T02:05:18.368+0000] {processor.py:830} INFO - Processing file /home/airflow/.local/lib/python3.12/site-packages/airflow/example_dags/example_task_group.py for tasks to queue
[2024-05-05T02:05:18.370+0000] {logging_mixin.py:188} INFO - [2024-05-05T02:05:18.370+0000] {dagbag.py:540} INFO - Filling up the DagBag from /home/airflow/.local/lib/python3.12/site-packages/airflow/example_dags/example_task_group.py
[2024-05-05T02:05:18.378+0000] {processor.py:840} INFO - DAG(s) 'example_task_group' retrieved from /home/airflow/.local/lib/python3.12/site-packages/airflow/example_dags/example_task_group.py
[2024-05-05T02:05:18.402+0000] {logging_mixin.py:188} INFO - [2024-05-05T02:05:18.402+0000] {dag.py:3096} INFO - Sync 1 DAGs
[2024-05-05T02:05:18.431+0000] {logging_mixin.py:188} INFO - [2024-05-05T02:05:18.431+0000] {dag.py:3954} INFO - Setting next_dagrun for example_task_group to 2024-05-04 00:00:00+00:00, run_after=2024-05-05 00:00:00+00:00
[2024-05-05T02:05:18.457+0000] {processor.py:183} INFO - Processing /home/airflow/.local/lib/python3.12/site-packages/airflow/example_dags/example_task_group.py took 0.095 seconds
[2024-05-05T02:05:48.781+0000] {processor.py:161} INFO - Started process (PID=246) to work on /home/airflow/.local/lib/python3.12/site-packages/airflow/example_dags/example_task_group.py
[2024-05-05T02:05:48.783+0000] {processor.py:830} INFO - Processing file /home/airflow/.local/lib/python3.12/site-packages/airflow/example_dags/example_task_group.py for tasks to queue
[2024-05-05T02:05:48.785+0000] {logging_mixin.py:188} INFO - [2024-05-05T02:05:48.785+0000] {dagbag.py:540} INFO - Filling up the DagBag from /home/airflow/.local/lib/python3.12/site-packages/airflow/example_dags/example_task_group.py
[2024-05-05T02:05:48.793+0000] {processor.py:840} INFO - DAG(s) 'example_task_group' retrieved from /home/airflow/.local/lib/python3.12/site-packages/airflow/example_dags/example_task_group.py
[2024-05-05T02:05:48.818+0000] {logging_mixin.py:188} INFO - [2024-05-05T02:05:48.817+0000] {dag.py:3096} INFO - Sync 1 DAGs
[2024-05-05T02:05:48.841+0000] {logging_mixin.py:188} INFO - [2024-05-05T02:05:48.841+0000] {dag.py:3954} INFO - Setting next_dagrun for example_task_group to 2024-05-04 00:00:00+00:00, run_after=2024-05-05 00:00:00+00:00
[2024-05-05T02:05:48.865+0000] {processor.py:183} INFO - Processing /home/airflow/.local/lib/python3.12/site-packages/airflow/example_dags/example_task_group.py took 0.090 seconds
[2024-05-05T02:06:19.654+0000] {processor.py:161} INFO - Started process (PID=306) to work on /home/airflow/.local/lib/python3.12/site-packages/airflow/example_dags/example_task_group.py
[2024-05-05T02:06:19.655+0000] {processor.py:830} INFO - Processing file /home/airflow/.local/lib/python3.12/site-packages/airflow/example_dags/example_task_group.py for tasks to queue
[2024-05-05T02:06:19.657+0000] {logging_mixin.py:188} INFO - [2024-05-05T02:06:19.657+0000] {dagbag.py:540} INFO - Filling up the DagBag from /home/airflow/.local/lib/python3.12/site-packages/airflow/example_dags/example_task_group.py
[2024-05-05T02:06:19.669+0000] {processor.py:840} INFO - DAG(s) 'example_task_group' retrieved from /home/airflow/.local/lib/python3.12/site-packages/airflow/example_dags/example_task_group.py
[2024-05-05T02:06:19.700+0000] {logging_mixin.py:188} INFO - [2024-05-05T02:06:19.700+0000] {dag.py:3096} INFO - Sync 1 DAGs
[2024-05-05T02:06:19.733+0000] {logging_mixin.py:188} INFO - [2024-05-05T02:06:19.733+0000] {dag.py:3954} INFO - Setting next_dagrun for example_task_group to 2024-05-04 00:00:00+00:00, run_after=2024-05-05 00:00:00+00:00
[2024-05-05T02:06:19.765+0000] {processor.py:183} INFO - Processing /home/airflow/.local/lib/python3.12/site-packages/airflow/example_dags/example_task_group.py took 0.118 seconds
[2024-05-05T02:06:50.603+0000] {processor.py:161} INFO - Started process (PID=366) to work on /home/airflow/.local/lib/python3.12/site-packages/airflow/example_dags/example_task_group.py
[2024-05-05T02:06:50.605+0000] {processor.py:830} INFO - Processing file /home/airflow/.local/lib/python3.12/site-packages/airflow/example_dags/example_task_group.py for tasks to queue
[2024-05-05T02:06:50.607+0000] {logging_mixin.py:188} INFO - [2024-05-05T02:06:50.607+0000] {dagbag.py:540} INFO - Filling up the DagBag from /home/airflow/.local/lib/python3.12/site-packages/airflow/example_dags/example_task_group.py
[2024-05-05T02:06:50.615+0000] {processor.py:840} INFO - DAG(s) 'example_task_group' retrieved from /home/airflow/.local/lib/python3.12/site-packages/airflow/example_dags/example_task_group.py
[2024-05-05T02:06:50.643+0000] {logging_mixin.py:188} INFO - [2024-05-05T02:06:50.642+0000] {dag.py:3096} INFO - Sync 1 DAGs
[2024-05-05T02:06:50.670+0000] {logging_mixin.py:188} INFO - [2024-05-05T02:06:50.670+0000] {dag.py:3954} INFO - Setting next_dagrun for example_task_group to 2024-05-04 00:00:00+00:00, run_after=2024-05-05 00:00:00+00:00
[2024-05-05T02:06:50.694+0000] {processor.py:183} INFO - Processing /home/airflow/.local/lib/python3.12/site-packages/airflow/example_dags/example_task_group.py took 0.098 seconds
