[2024-05-05T01:30:32.419+0000] {processor.py:161} INFO - Started process (PID=51) to work on /home/airflow/.local/lib/python3.12/site-packages/airflow/example_dags/example_branch_labels.py
[2024-05-05T01:30:32.420+0000] {processor.py:830} INFO - Processing file /home/airflow/.local/lib/python3.12/site-packages/airflow/example_dags/example_branch_labels.py for tasks to queue
[2024-05-05T01:30:32.424+0000] {logging_mixin.py:188} INFO - [2024-05-05T01:30:32.423+0000] {dagbag.py:540} INFO - Filling up the DagBag from /home/airflow/.local/lib/python3.12/site-packages/airflow/example_dags/example_branch_labels.py
[2024-05-05T01:30:32.438+0000] {processor.py:840} INFO - DAG(s) 'example_branch_labels' retrieved from /home/airflow/.local/lib/python3.12/site-packages/airflow/example_dags/example_branch_labels.py
[2024-05-05T01:30:32.605+0000] {logging_mixin.py:188} INFO - [2024-05-05T01:30:32.604+0000] {dag.py:3096} INFO - Sync 1 DAGs
[2024-05-05T01:30:32.634+0000] {logging_mixin.py:188} INFO - [2024-05-05T01:30:32.633+0000] {dag.py:3954} INFO - Setting next_dagrun for example_branch_labels to 2024-05-04 00:00:00+00:00, run_after=2024-05-05 00:00:00+00:00
[2024-05-05T01:30:32.664+0000] {processor.py:183} INFO - Processing /home/airflow/.local/lib/python3.12/site-packages/airflow/example_dags/example_branch_labels.py took 0.255 seconds
[2024-05-05T01:31:02.956+0000] {processor.py:161} INFO - Started process (PID=111) to work on /home/airflow/.local/lib/python3.12/site-packages/airflow/example_dags/example_branch_labels.py
[2024-05-05T01:31:02.958+0000] {processor.py:830} INFO - Processing file /home/airflow/.local/lib/python3.12/site-packages/airflow/example_dags/example_branch_labels.py for tasks to queue
[2024-05-05T01:31:02.960+0000] {logging_mixin.py:188} INFO - [2024-05-05T01:31:02.960+0000] {dagbag.py:540} INFO - Filling up the DagBag from /home/airflow/.local/lib/python3.12/site-packages/airflow/example_dags/example_branch_labels.py
[2024-05-05T01:31:02.968+0000] {processor.py:840} INFO - DAG(s) 'example_branch_labels' retrieved from /home/airflow/.local/lib/python3.12/site-packages/airflow/example_dags/example_branch_labels.py
[2024-05-05T01:31:02.989+0000] {logging_mixin.py:188} INFO - [2024-05-05T01:31:02.989+0000] {dag.py:3096} INFO - Sync 1 DAGs
[2024-05-05T01:31:03.016+0000] {logging_mixin.py:188} INFO - [2024-05-05T01:31:03.016+0000] {dag.py:3954} INFO - Setting next_dagrun for example_branch_labels to 2024-05-04 00:00:00+00:00, run_after=2024-05-05 00:00:00+00:00
[2024-05-05T01:31:03.036+0000] {processor.py:183} INFO - Processing /home/airflow/.local/lib/python3.12/site-packages/airflow/example_dags/example_branch_labels.py took 0.086 seconds
[2024-05-05T01:31:33.216+0000] {processor.py:161} INFO - Started process (PID=171) to work on /home/airflow/.local/lib/python3.12/site-packages/airflow/example_dags/example_branch_labels.py
[2024-05-05T01:31:33.217+0000] {processor.py:830} INFO - Processing file /home/airflow/.local/lib/python3.12/site-packages/airflow/example_dags/example_branch_labels.py for tasks to queue
[2024-05-05T01:31:33.219+0000] {logging_mixin.py:188} INFO - [2024-05-05T01:31:33.219+0000] {dagbag.py:540} INFO - Filling up the DagBag from /home/airflow/.local/lib/python3.12/site-packages/airflow/example_dags/example_branch_labels.py
[2024-05-05T01:31:33.232+0000] {processor.py:840} INFO - DAG(s) 'example_branch_labels' retrieved from /home/airflow/.local/lib/python3.12/site-packages/airflow/example_dags/example_branch_labels.py
[2024-05-05T01:31:33.257+0000] {logging_mixin.py:188} INFO - [2024-05-05T01:31:33.256+0000] {dag.py:3096} INFO - Sync 1 DAGs
[2024-05-05T01:31:33.282+0000] {logging_mixin.py:188} INFO - [2024-05-05T01:31:33.282+0000] {dag.py:3954} INFO - Setting next_dagrun for example_branch_labels to 2024-05-04 00:00:00+00:00, run_after=2024-05-05 00:00:00+00:00
[2024-05-05T01:31:33.305+0000] {processor.py:183} INFO - Processing /home/airflow/.local/lib/python3.12/site-packages/airflow/example_dags/example_branch_labels.py took 0.098 seconds
[2024-05-05T01:32:03.643+0000] {processor.py:161} INFO - Started process (PID=231) to work on /home/airflow/.local/lib/python3.12/site-packages/airflow/example_dags/example_branch_labels.py
[2024-05-05T01:32:03.644+0000] {processor.py:830} INFO - Processing file /home/airflow/.local/lib/python3.12/site-packages/airflow/example_dags/example_branch_labels.py for tasks to queue
[2024-05-05T01:32:03.647+0000] {logging_mixin.py:188} INFO - [2024-05-05T01:32:03.646+0000] {dagbag.py:540} INFO - Filling up the DagBag from /home/airflow/.local/lib/python3.12/site-packages/airflow/example_dags/example_branch_labels.py
[2024-05-05T01:32:03.654+0000] {processor.py:840} INFO - DAG(s) 'example_branch_labels' retrieved from /home/airflow/.local/lib/python3.12/site-packages/airflow/example_dags/example_branch_labels.py
[2024-05-05T01:32:03.677+0000] {logging_mixin.py:188} INFO - [2024-05-05T01:32:03.676+0000] {dag.py:3096} INFO - Sync 1 DAGs
[2024-05-05T01:32:03.700+0000] {logging_mixin.py:188} INFO - [2024-05-05T01:32:03.700+0000] {dag.py:3954} INFO - Setting next_dagrun for example_branch_labels to 2024-05-04 00:00:00+00:00, run_after=2024-05-05 00:00:00+00:00
[2024-05-05T01:32:03.723+0000] {processor.py:183} INFO - Processing /home/airflow/.local/lib/python3.12/site-packages/airflow/example_dags/example_branch_labels.py took 0.086 seconds
[2024-05-05T01:32:33.802+0000] {processor.py:161} INFO - Started process (PID=292) to work on /home/airflow/.local/lib/python3.12/site-packages/airflow/example_dags/example_branch_labels.py
[2024-05-05T01:32:33.803+0000] {processor.py:830} INFO - Processing file /home/airflow/.local/lib/python3.12/site-packages/airflow/example_dags/example_branch_labels.py for tasks to queue
[2024-05-05T01:32:33.805+0000] {logging_mixin.py:188} INFO - [2024-05-05T01:32:33.805+0000] {dagbag.py:540} INFO - Filling up the DagBag from /home/airflow/.local/lib/python3.12/site-packages/airflow/example_dags/example_branch_labels.py
[2024-05-05T01:32:33.814+0000] {processor.py:840} INFO - DAG(s) 'example_branch_labels' retrieved from /home/airflow/.local/lib/python3.12/site-packages/airflow/example_dags/example_branch_labels.py
[2024-05-05T01:32:33.841+0000] {logging_mixin.py:188} INFO - [2024-05-05T01:32:33.841+0000] {dag.py:3096} INFO - Sync 1 DAGs
[2024-05-05T01:32:33.874+0000] {logging_mixin.py:188} INFO - [2024-05-05T01:32:33.874+0000] {dag.py:3954} INFO - Setting next_dagrun for example_branch_labels to 2024-05-04 00:00:00+00:00, run_after=2024-05-05 00:00:00+00:00
[2024-05-05T01:32:33.898+0000] {processor.py:183} INFO - Processing /home/airflow/.local/lib/python3.12/site-packages/airflow/example_dags/example_branch_labels.py took 0.102 seconds
[2024-05-05T01:33:04.403+0000] {processor.py:161} INFO - Started process (PID=352) to work on /home/airflow/.local/lib/python3.12/site-packages/airflow/example_dags/example_branch_labels.py
[2024-05-05T01:33:04.404+0000] {processor.py:830} INFO - Processing file /home/airflow/.local/lib/python3.12/site-packages/airflow/example_dags/example_branch_labels.py for tasks to queue
[2024-05-05T01:33:04.406+0000] {logging_mixin.py:188} INFO - [2024-05-05T01:33:04.406+0000] {dagbag.py:540} INFO - Filling up the DagBag from /home/airflow/.local/lib/python3.12/site-packages/airflow/example_dags/example_branch_labels.py
[2024-05-05T01:33:04.415+0000] {processor.py:840} INFO - DAG(s) 'example_branch_labels' retrieved from /home/airflow/.local/lib/python3.12/site-packages/airflow/example_dags/example_branch_labels.py
[2024-05-05T01:33:04.440+0000] {logging_mixin.py:188} INFO - [2024-05-05T01:33:04.440+0000] {dag.py:3096} INFO - Sync 1 DAGs
[2024-05-05T01:33:04.467+0000] {logging_mixin.py:188} INFO - [2024-05-05T01:33:04.466+0000] {dag.py:3954} INFO - Setting next_dagrun for example_branch_labels to 2024-05-04 00:00:00+00:00, run_after=2024-05-05 00:00:00+00:00
[2024-05-05T01:33:04.488+0000] {processor.py:183} INFO - Processing /home/airflow/.local/lib/python3.12/site-packages/airflow/example_dags/example_branch_labels.py took 0.093 seconds
[2024-05-05T01:33:34.767+0000] {processor.py:161} INFO - Started process (PID=412) to work on /home/airflow/.local/lib/python3.12/site-packages/airflow/example_dags/example_branch_labels.py
[2024-05-05T01:33:34.768+0000] {processor.py:830} INFO - Processing file /home/airflow/.local/lib/python3.12/site-packages/airflow/example_dags/example_branch_labels.py for tasks to queue
[2024-05-05T01:33:34.770+0000] {logging_mixin.py:188} INFO - [2024-05-05T01:33:34.770+0000] {dagbag.py:540} INFO - Filling up the DagBag from /home/airflow/.local/lib/python3.12/site-packages/airflow/example_dags/example_branch_labels.py
[2024-05-05T01:33:34.779+0000] {processor.py:840} INFO - DAG(s) 'example_branch_labels' retrieved from /home/airflow/.local/lib/python3.12/site-packages/airflow/example_dags/example_branch_labels.py
[2024-05-05T01:33:34.799+0000] {logging_mixin.py:188} INFO - [2024-05-05T01:33:34.799+0000] {dag.py:3096} INFO - Sync 1 DAGs
[2024-05-05T01:33:34.821+0000] {logging_mixin.py:188} INFO - [2024-05-05T01:33:34.821+0000] {dag.py:3954} INFO - Setting next_dagrun for example_branch_labels to 2024-05-04 00:00:00+00:00, run_after=2024-05-05 00:00:00+00:00
[2024-05-05T01:33:34.840+0000] {processor.py:183} INFO - Processing /home/airflow/.local/lib/python3.12/site-packages/airflow/example_dags/example_branch_labels.py took 0.079 seconds
[2024-05-05T01:34:05.121+0000] {processor.py:161} INFO - Started process (PID=472) to work on /home/airflow/.local/lib/python3.12/site-packages/airflow/example_dags/example_branch_labels.py
[2024-05-05T01:34:05.123+0000] {processor.py:830} INFO - Processing file /home/airflow/.local/lib/python3.12/site-packages/airflow/example_dags/example_branch_labels.py for tasks to queue
[2024-05-05T01:34:05.125+0000] {logging_mixin.py:188} INFO - [2024-05-05T01:34:05.125+0000] {dagbag.py:540} INFO - Filling up the DagBag from /home/airflow/.local/lib/python3.12/site-packages/airflow/example_dags/example_branch_labels.py
[2024-05-05T01:34:05.132+0000] {processor.py:840} INFO - DAG(s) 'example_branch_labels' retrieved from /home/airflow/.local/lib/python3.12/site-packages/airflow/example_dags/example_branch_labels.py
[2024-05-05T01:34:05.155+0000] {logging_mixin.py:188} INFO - [2024-05-05T01:34:05.155+0000] {dag.py:3096} INFO - Sync 1 DAGs
[2024-05-05T01:34:05.177+0000] {logging_mixin.py:188} INFO - [2024-05-05T01:34:05.176+0000] {dag.py:3954} INFO - Setting next_dagrun for example_branch_labels to 2024-05-04 00:00:00+00:00, run_after=2024-05-05 00:00:00+00:00
[2024-05-05T01:34:05.202+0000] {processor.py:183} INFO - Processing /home/airflow/.local/lib/python3.12/site-packages/airflow/example_dags/example_branch_labels.py took 0.087 seconds
[2024-05-05T01:34:35.459+0000] {processor.py:161} INFO - Started process (PID=532) to work on /home/airflow/.local/lib/python3.12/site-packages/airflow/example_dags/example_branch_labels.py
[2024-05-05T01:34:35.461+0000] {processor.py:830} INFO - Processing file /home/airflow/.local/lib/python3.12/site-packages/airflow/example_dags/example_branch_labels.py for tasks to queue
[2024-05-05T01:34:35.463+0000] {logging_mixin.py:188} INFO - [2024-05-05T01:34:35.462+0000] {dagbag.py:540} INFO - Filling up the DagBag from /home/airflow/.local/lib/python3.12/site-packages/airflow/example_dags/example_branch_labels.py
[2024-05-05T01:34:35.472+0000] {processor.py:840} INFO - DAG(s) 'example_branch_labels' retrieved from /home/airflow/.local/lib/python3.12/site-packages/airflow/example_dags/example_branch_labels.py
[2024-05-05T01:34:35.494+0000] {logging_mixin.py:188} INFO - [2024-05-05T01:34:35.494+0000] {dag.py:3096} INFO - Sync 1 DAGs
[2024-05-05T01:34:35.521+0000] {logging_mixin.py:188} INFO - [2024-05-05T01:34:35.521+0000] {dag.py:3954} INFO - Setting next_dagrun for example_branch_labels to 2024-05-04 00:00:00+00:00, run_after=2024-05-05 00:00:00+00:00
[2024-05-05T01:34:35.543+0000] {processor.py:183} INFO - Processing /home/airflow/.local/lib/python3.12/site-packages/airflow/example_dags/example_branch_labels.py took 0.091 seconds
[2024-05-05T01:35:05.981+0000] {processor.py:161} INFO - Started process (PID=592) to work on /home/airflow/.local/lib/python3.12/site-packages/airflow/example_dags/example_branch_labels.py
[2024-05-05T01:35:05.982+0000] {processor.py:830} INFO - Processing file /home/airflow/.local/lib/python3.12/site-packages/airflow/example_dags/example_branch_labels.py for tasks to queue
[2024-05-05T01:35:05.984+0000] {logging_mixin.py:188} INFO - [2024-05-05T01:35:05.984+0000] {dagbag.py:540} INFO - Filling up the DagBag from /home/airflow/.local/lib/python3.12/site-packages/airflow/example_dags/example_branch_labels.py
[2024-05-05T01:35:05.996+0000] {processor.py:840} INFO - DAG(s) 'example_branch_labels' retrieved from /home/airflow/.local/lib/python3.12/site-packages/airflow/example_dags/example_branch_labels.py
[2024-05-05T01:35:06.027+0000] {logging_mixin.py:188} INFO - [2024-05-05T01:35:06.027+0000] {dag.py:3096} INFO - Sync 1 DAGs
[2024-05-05T01:35:06.055+0000] {logging_mixin.py:188} INFO - [2024-05-05T01:35:06.055+0000] {dag.py:3954} INFO - Setting next_dagrun for example_branch_labels to 2024-05-04 00:00:00+00:00, run_after=2024-05-05 00:00:00+00:00
[2024-05-05T01:35:06.084+0000] {processor.py:183} INFO - Processing /home/airflow/.local/lib/python3.12/site-packages/airflow/example_dags/example_branch_labels.py took 0.112 seconds
[2024-05-05T01:35:36.689+0000] {processor.py:161} INFO - Started process (PID=652) to work on /home/airflow/.local/lib/python3.12/site-packages/airflow/example_dags/example_branch_labels.py
[2024-05-05T01:35:36.690+0000] {processor.py:830} INFO - Processing file /home/airflow/.local/lib/python3.12/site-packages/airflow/example_dags/example_branch_labels.py for tasks to queue
[2024-05-05T01:35:36.693+0000] {logging_mixin.py:188} INFO - [2024-05-05T01:35:36.693+0000] {dagbag.py:540} INFO - Filling up the DagBag from /home/airflow/.local/lib/python3.12/site-packages/airflow/example_dags/example_branch_labels.py
[2024-05-05T01:35:36.704+0000] {processor.py:840} INFO - DAG(s) 'example_branch_labels' retrieved from /home/airflow/.local/lib/python3.12/site-packages/airflow/example_dags/example_branch_labels.py
[2024-05-05T01:35:36.729+0000] {logging_mixin.py:188} INFO - [2024-05-05T01:35:36.729+0000] {dag.py:3096} INFO - Sync 1 DAGs
[2024-05-05T01:35:36.753+0000] {logging_mixin.py:188} INFO - [2024-05-05T01:35:36.753+0000] {dag.py:3954} INFO - Setting next_dagrun for example_branch_labels to 2024-05-04 00:00:00+00:00, run_after=2024-05-05 00:00:00+00:00
[2024-05-05T01:35:36.777+0000] {processor.py:183} INFO - Processing /home/airflow/.local/lib/python3.12/site-packages/airflow/example_dags/example_branch_labels.py took 0.095 seconds
[2024-05-05T02:04:15.167+0000] {processor.py:161} INFO - Started process (PID=49) to work on /home/airflow/.local/lib/python3.12/site-packages/airflow/example_dags/example_branch_labels.py
[2024-05-05T02:04:15.169+0000] {processor.py:830} INFO - Processing file /home/airflow/.local/lib/python3.12/site-packages/airflow/example_dags/example_branch_labels.py for tasks to queue
[2024-05-05T02:04:15.171+0000] {logging_mixin.py:188} INFO - [2024-05-05T02:04:15.170+0000] {dagbag.py:540} INFO - Filling up the DagBag from /home/airflow/.local/lib/python3.12/site-packages/airflow/example_dags/example_branch_labels.py
[2024-05-05T02:04:15.181+0000] {processor.py:840} INFO - DAG(s) 'example_branch_labels' retrieved from /home/airflow/.local/lib/python3.12/site-packages/airflow/example_dags/example_branch_labels.py
[2024-05-05T02:04:15.329+0000] {logging_mixin.py:188} INFO - [2024-05-05T02:04:15.328+0000] {dag.py:3096} INFO - Sync 1 DAGs
[2024-05-05T02:04:15.365+0000] {logging_mixin.py:188} INFO - [2024-05-05T02:04:15.364+0000] {dag.py:3954} INFO - Setting next_dagrun for example_branch_labels to 2024-05-04 00:00:00+00:00, run_after=2024-05-05 00:00:00+00:00
[2024-05-05T02:04:15.396+0000] {processor.py:183} INFO - Processing /home/airflow/.local/lib/python3.12/site-packages/airflow/example_dags/example_branch_labels.py took 0.236 seconds
[2024-05-05T02:04:46.199+0000] {processor.py:161} INFO - Started process (PID=109) to work on /home/airflow/.local/lib/python3.12/site-packages/airflow/example_dags/example_branch_labels.py
[2024-05-05T02:04:46.201+0000] {processor.py:830} INFO - Processing file /home/airflow/.local/lib/python3.12/site-packages/airflow/example_dags/example_branch_labels.py for tasks to queue
[2024-05-05T02:04:46.203+0000] {logging_mixin.py:188} INFO - [2024-05-05T02:04:46.203+0000] {dagbag.py:540} INFO - Filling up the DagBag from /home/airflow/.local/lib/python3.12/site-packages/airflow/example_dags/example_branch_labels.py
[2024-05-05T02:04:46.211+0000] {processor.py:840} INFO - DAG(s) 'example_branch_labels' retrieved from /home/airflow/.local/lib/python3.12/site-packages/airflow/example_dags/example_branch_labels.py
[2024-05-05T02:04:46.240+0000] {logging_mixin.py:188} INFO - [2024-05-05T02:04:46.240+0000] {dag.py:3096} INFO - Sync 1 DAGs
[2024-05-05T02:04:46.274+0000] {logging_mixin.py:188} INFO - [2024-05-05T02:04:46.273+0000] {dag.py:3954} INFO - Setting next_dagrun for example_branch_labels to 2024-05-04 00:00:00+00:00, run_after=2024-05-05 00:00:00+00:00
[2024-05-05T02:04:46.303+0000] {processor.py:183} INFO - Processing /home/airflow/.local/lib/python3.12/site-packages/airflow/example_dags/example_branch_labels.py took 0.109 seconds
[2024-05-05T02:05:16.451+0000] {processor.py:161} INFO - Started process (PID=169) to work on /home/airflow/.local/lib/python3.12/site-packages/airflow/example_dags/example_branch_labels.py
[2024-05-05T02:05:16.453+0000] {processor.py:830} INFO - Processing file /home/airflow/.local/lib/python3.12/site-packages/airflow/example_dags/example_branch_labels.py for tasks to queue
[2024-05-05T02:05:16.456+0000] {logging_mixin.py:188} INFO - [2024-05-05T02:05:16.455+0000] {dagbag.py:540} INFO - Filling up the DagBag from /home/airflow/.local/lib/python3.12/site-packages/airflow/example_dags/example_branch_labels.py
[2024-05-05T02:05:16.466+0000] {processor.py:840} INFO - DAG(s) 'example_branch_labels' retrieved from /home/airflow/.local/lib/python3.12/site-packages/airflow/example_dags/example_branch_labels.py
[2024-05-05T02:05:16.496+0000] {logging_mixin.py:188} INFO - [2024-05-05T02:05:16.495+0000] {dag.py:3096} INFO - Sync 1 DAGs
[2024-05-05T02:05:16.529+0000] {logging_mixin.py:188} INFO - [2024-05-05T02:05:16.528+0000] {dag.py:3954} INFO - Setting next_dagrun for example_branch_labels to 2024-05-04 00:00:00+00:00, run_after=2024-05-05 00:00:00+00:00
[2024-05-05T02:05:16.555+0000] {processor.py:183} INFO - Processing /home/airflow/.local/lib/python3.12/site-packages/airflow/example_dags/example_branch_labels.py took 0.110 seconds
[2024-05-05T02:05:47.041+0000] {processor.py:161} INFO - Started process (PID=229) to work on /home/airflow/.local/lib/python3.12/site-packages/airflow/example_dags/example_branch_labels.py
[2024-05-05T02:05:47.043+0000] {processor.py:830} INFO - Processing file /home/airflow/.local/lib/python3.12/site-packages/airflow/example_dags/example_branch_labels.py for tasks to queue
[2024-05-05T02:05:47.045+0000] {logging_mixin.py:188} INFO - [2024-05-05T02:05:47.045+0000] {dagbag.py:540} INFO - Filling up the DagBag from /home/airflow/.local/lib/python3.12/site-packages/airflow/example_dags/example_branch_labels.py
[2024-05-05T02:05:47.052+0000] {processor.py:840} INFO - DAG(s) 'example_branch_labels' retrieved from /home/airflow/.local/lib/python3.12/site-packages/airflow/example_dags/example_branch_labels.py
[2024-05-05T02:05:47.077+0000] {logging_mixin.py:188} INFO - [2024-05-05T02:05:47.077+0000] {dag.py:3096} INFO - Sync 1 DAGs
[2024-05-05T02:05:47.108+0000] {logging_mixin.py:188} INFO - [2024-05-05T02:05:47.108+0000] {dag.py:3954} INFO - Setting next_dagrun for example_branch_labels to 2024-05-04 00:00:00+00:00, run_after=2024-05-05 00:00:00+00:00
[2024-05-05T02:05:47.137+0000] {processor.py:183} INFO - Processing /home/airflow/.local/lib/python3.12/site-packages/airflow/example_dags/example_branch_labels.py took 0.102 seconds
[2024-05-05T02:06:17.651+0000] {processor.py:161} INFO - Started process (PID=289) to work on /home/airflow/.local/lib/python3.12/site-packages/airflow/example_dags/example_branch_labels.py
[2024-05-05T02:06:17.653+0000] {processor.py:830} INFO - Processing file /home/airflow/.local/lib/python3.12/site-packages/airflow/example_dags/example_branch_labels.py for tasks to queue
[2024-05-05T02:06:17.657+0000] {logging_mixin.py:188} INFO - [2024-05-05T02:06:17.656+0000] {dagbag.py:540} INFO - Filling up the DagBag from /home/airflow/.local/lib/python3.12/site-packages/airflow/example_dags/example_branch_labels.py
[2024-05-05T02:06:17.665+0000] {processor.py:840} INFO - DAG(s) 'example_branch_labels' retrieved from /home/airflow/.local/lib/python3.12/site-packages/airflow/example_dags/example_branch_labels.py
[2024-05-05T02:06:17.687+0000] {logging_mixin.py:188} INFO - [2024-05-05T02:06:17.687+0000] {dag.py:3096} INFO - Sync 1 DAGs
[2024-05-05T02:06:17.716+0000] {logging_mixin.py:188} INFO - [2024-05-05T02:06:17.716+0000] {dag.py:3954} INFO - Setting next_dagrun for example_branch_labels to 2024-05-04 00:00:00+00:00, run_after=2024-05-05 00:00:00+00:00
[2024-05-05T02:06:17.743+0000] {processor.py:183} INFO - Processing /home/airflow/.local/lib/python3.12/site-packages/airflow/example_dags/example_branch_labels.py took 0.098 seconds
[2024-05-05T02:06:47.844+0000] {processor.py:161} INFO - Started process (PID=349) to work on /home/airflow/.local/lib/python3.12/site-packages/airflow/example_dags/example_branch_labels.py
[2024-05-05T02:06:47.845+0000] {processor.py:830} INFO - Processing file /home/airflow/.local/lib/python3.12/site-packages/airflow/example_dags/example_branch_labels.py for tasks to queue
[2024-05-05T02:06:47.847+0000] {logging_mixin.py:188} INFO - [2024-05-05T02:06:47.847+0000] {dagbag.py:540} INFO - Filling up the DagBag from /home/airflow/.local/lib/python3.12/site-packages/airflow/example_dags/example_branch_labels.py
[2024-05-05T02:06:47.854+0000] {processor.py:840} INFO - DAG(s) 'example_branch_labels' retrieved from /home/airflow/.local/lib/python3.12/site-packages/airflow/example_dags/example_branch_labels.py
[2024-05-05T02:06:47.876+0000] {logging_mixin.py:188} INFO - [2024-05-05T02:06:47.876+0000] {dag.py:3096} INFO - Sync 1 DAGs
[2024-05-05T02:06:47.901+0000] {logging_mixin.py:188} INFO - [2024-05-05T02:06:47.901+0000] {dag.py:3954} INFO - Setting next_dagrun for example_branch_labels to 2024-05-04 00:00:00+00:00, run_after=2024-05-05 00:00:00+00:00
[2024-05-05T02:06:47.923+0000] {processor.py:183} INFO - Processing /home/airflow/.local/lib/python3.12/site-packages/airflow/example_dags/example_branch_labels.py took 0.085 seconds
