[2024-05-05T01:30:36.097+0000] {processor.py:161} INFO - Started process (PID=75) to work on /home/airflow/.local/lib/python3.12/site-packages/airflow/example_dags/example_xcomargs.py
[2024-05-05T01:30:36.098+0000] {processor.py:830} INFO - Processing file /home/airflow/.local/lib/python3.12/site-packages/airflow/example_dags/example_xcomargs.py for tasks to queue
[2024-05-05T01:30:36.102+0000] {logging_mixin.py:188} INFO - [2024-05-05T01:30:36.101+0000] {dagbag.py:540} INFO - Filling up the DagBag from /home/airflow/.local/lib/python3.12/site-packages/airflow/example_dags/example_xcomargs.py
[2024-05-05T01:30:36.124+0000] {processor.py:840} INFO - DAG(s) 'example_xcom_args_with_operators', 'example_xcom_args' retrieved from /home/airflow/.local/lib/python3.12/site-packages/airflow/example_dags/example_xcomargs.py
[2024-05-05T01:30:36.305+0000] {logging_mixin.py:188} INFO - [2024-05-05T01:30:36.304+0000] {dag.py:3096} INFO - Sync 2 DAGs
[2024-05-05T01:30:36.318+0000] {logging_mixin.py:188} INFO - [2024-05-05T01:30:36.318+0000] {dag.py:3954} INFO - Setting next_dagrun for example_xcom_args to None, run_after=None
[2024-05-05T01:30:36.322+0000] {logging_mixin.py:188} INFO - [2024-05-05T01:30:36.322+0000] {dag.py:3954} INFO - Setting next_dagrun for example_xcom_args_with_operators to None, run_after=None
[2024-05-05T01:30:36.347+0000] {processor.py:183} INFO - Processing /home/airflow/.local/lib/python3.12/site-packages/airflow/example_dags/example_xcomargs.py took 0.259 seconds
[2024-05-05T01:31:06.805+0000] {processor.py:161} INFO - Started process (PID=135) to work on /home/airflow/.local/lib/python3.12/site-packages/airflow/example_dags/example_xcomargs.py
[2024-05-05T01:31:06.807+0000] {processor.py:830} INFO - Processing file /home/airflow/.local/lib/python3.12/site-packages/airflow/example_dags/example_xcomargs.py for tasks to queue
[2024-05-05T01:31:06.809+0000] {logging_mixin.py:188} INFO - [2024-05-05T01:31:06.809+0000] {dagbag.py:540} INFO - Filling up the DagBag from /home/airflow/.local/lib/python3.12/site-packages/airflow/example_dags/example_xcomargs.py
[2024-05-05T01:31:06.824+0000] {processor.py:840} INFO - DAG(s) 'example_xcom_args_with_operators', 'example_xcom_args' retrieved from /home/airflow/.local/lib/python3.12/site-packages/airflow/example_dags/example_xcomargs.py
[2024-05-05T01:31:06.850+0000] {logging_mixin.py:188} INFO - [2024-05-05T01:31:06.850+0000] {dag.py:3096} INFO - Sync 2 DAGs
[2024-05-05T01:31:06.864+0000] {logging_mixin.py:188} INFO - [2024-05-05T01:31:06.864+0000] {dag.py:3954} INFO - Setting next_dagrun for example_xcom_args to None, run_after=None
[2024-05-05T01:31:06.869+0000] {logging_mixin.py:188} INFO - [2024-05-05T01:31:06.868+0000] {dag.py:3954} INFO - Setting next_dagrun for example_xcom_args_with_operators to None, run_after=None
[2024-05-05T01:31:06.889+0000] {processor.py:183} INFO - Processing /home/airflow/.local/lib/python3.12/site-packages/airflow/example_dags/example_xcomargs.py took 0.091 seconds
[2024-05-05T01:31:37.334+0000] {processor.py:161} INFO - Started process (PID=201) to work on /home/airflow/.local/lib/python3.12/site-packages/airflow/example_dags/example_xcomargs.py
[2024-05-05T01:31:37.335+0000] {processor.py:830} INFO - Processing file /home/airflow/.local/lib/python3.12/site-packages/airflow/example_dags/example_xcomargs.py for tasks to queue
[2024-05-05T01:31:37.337+0000] {logging_mixin.py:188} INFO - [2024-05-05T01:31:37.337+0000] {dagbag.py:540} INFO - Filling up the DagBag from /home/airflow/.local/lib/python3.12/site-packages/airflow/example_dags/example_xcomargs.py
[2024-05-05T01:31:37.349+0000] {processor.py:840} INFO - DAG(s) 'example_xcom_args_with_operators', 'example_xcom_args' retrieved from /home/airflow/.local/lib/python3.12/site-packages/airflow/example_dags/example_xcomargs.py
[2024-05-05T01:31:37.382+0000] {logging_mixin.py:188} INFO - [2024-05-05T01:31:37.382+0000] {dag.py:3096} INFO - Sync 2 DAGs
[2024-05-05T01:31:37.400+0000] {logging_mixin.py:188} INFO - [2024-05-05T01:31:37.400+0000] {dag.py:3954} INFO - Setting next_dagrun for example_xcom_args to None, run_after=None
[2024-05-05T01:31:37.406+0000] {logging_mixin.py:188} INFO - [2024-05-05T01:31:37.406+0000] {dag.py:3954} INFO - Setting next_dagrun for example_xcom_args_with_operators to None, run_after=None
[2024-05-05T01:31:37.432+0000] {processor.py:183} INFO - Processing /home/airflow/.local/lib/python3.12/site-packages/airflow/example_dags/example_xcomargs.py took 0.106 seconds
[2024-05-05T01:32:07.662+0000] {processor.py:161} INFO - Started process (PID=262) to work on /home/airflow/.local/lib/python3.12/site-packages/airflow/example_dags/example_xcomargs.py
[2024-05-05T01:32:07.664+0000] {processor.py:830} INFO - Processing file /home/airflow/.local/lib/python3.12/site-packages/airflow/example_dags/example_xcomargs.py for tasks to queue
[2024-05-05T01:32:07.666+0000] {logging_mixin.py:188} INFO - [2024-05-05T01:32:07.666+0000] {dagbag.py:540} INFO - Filling up the DagBag from /home/airflow/.local/lib/python3.12/site-packages/airflow/example_dags/example_xcomargs.py
[2024-05-05T01:32:07.675+0000] {processor.py:840} INFO - DAG(s) 'example_xcom_args_with_operators', 'example_xcom_args' retrieved from /home/airflow/.local/lib/python3.12/site-packages/airflow/example_dags/example_xcomargs.py
[2024-05-05T01:32:07.704+0000] {logging_mixin.py:188} INFO - [2024-05-05T01:32:07.704+0000] {dag.py:3096} INFO - Sync 2 DAGs
[2024-05-05T01:32:07.720+0000] {logging_mixin.py:188} INFO - [2024-05-05T01:32:07.720+0000] {dag.py:3954} INFO - Setting next_dagrun for example_xcom_args to None, run_after=None
[2024-05-05T01:32:07.726+0000] {logging_mixin.py:188} INFO - [2024-05-05T01:32:07.726+0000] {dag.py:3954} INFO - Setting next_dagrun for example_xcom_args_with_operators to None, run_after=None
[2024-05-05T01:32:07.749+0000] {processor.py:183} INFO - Processing /home/airflow/.local/lib/python3.12/site-packages/airflow/example_dags/example_xcomargs.py took 0.094 seconds
[2024-05-05T01:32:38.218+0000] {processor.py:161} INFO - Started process (PID=322) to work on /home/airflow/.local/lib/python3.12/site-packages/airflow/example_dags/example_xcomargs.py
[2024-05-05T01:32:38.219+0000] {processor.py:830} INFO - Processing file /home/airflow/.local/lib/python3.12/site-packages/airflow/example_dags/example_xcomargs.py for tasks to queue
[2024-05-05T01:32:38.221+0000] {logging_mixin.py:188} INFO - [2024-05-05T01:32:38.221+0000] {dagbag.py:540} INFO - Filling up the DagBag from /home/airflow/.local/lib/python3.12/site-packages/airflow/example_dags/example_xcomargs.py
[2024-05-05T01:32:38.231+0000] {processor.py:840} INFO - DAG(s) 'example_xcom_args', 'example_xcom_args_with_operators' retrieved from /home/airflow/.local/lib/python3.12/site-packages/airflow/example_dags/example_xcomargs.py
[2024-05-05T01:32:38.258+0000] {logging_mixin.py:188} INFO - [2024-05-05T01:32:38.257+0000] {dag.py:3096} INFO - Sync 2 DAGs
[2024-05-05T01:32:38.272+0000] {logging_mixin.py:188} INFO - [2024-05-05T01:32:38.272+0000] {dag.py:3954} INFO - Setting next_dagrun for example_xcom_args to None, run_after=None
[2024-05-05T01:32:38.276+0000] {logging_mixin.py:188} INFO - [2024-05-05T01:32:38.276+0000] {dag.py:3954} INFO - Setting next_dagrun for example_xcom_args_with_operators to None, run_after=None
[2024-05-05T01:32:38.299+0000] {processor.py:183} INFO - Processing /home/airflow/.local/lib/python3.12/site-packages/airflow/example_dags/example_xcomargs.py took 0.087 seconds
[2024-05-05T01:33:08.539+0000] {processor.py:161} INFO - Started process (PID=382) to work on /home/airflow/.local/lib/python3.12/site-packages/airflow/example_dags/example_xcomargs.py
[2024-05-05T01:33:08.541+0000] {processor.py:830} INFO - Processing file /home/airflow/.local/lib/python3.12/site-packages/airflow/example_dags/example_xcomargs.py for tasks to queue
[2024-05-05T01:33:08.543+0000] {logging_mixin.py:188} INFO - [2024-05-05T01:33:08.543+0000] {dagbag.py:540} INFO - Filling up the DagBag from /home/airflow/.local/lib/python3.12/site-packages/airflow/example_dags/example_xcomargs.py
[2024-05-05T01:33:08.554+0000] {processor.py:840} INFO - DAG(s) 'example_xcom_args_with_operators', 'example_xcom_args' retrieved from /home/airflow/.local/lib/python3.12/site-packages/airflow/example_dags/example_xcomargs.py
[2024-05-05T01:33:08.583+0000] {logging_mixin.py:188} INFO - [2024-05-05T01:33:08.582+0000] {dag.py:3096} INFO - Sync 2 DAGs
[2024-05-05T01:33:08.600+0000] {logging_mixin.py:188} INFO - [2024-05-05T01:33:08.599+0000] {dag.py:3954} INFO - Setting next_dagrun for example_xcom_args to None, run_after=None
[2024-05-05T01:33:08.605+0000] {logging_mixin.py:188} INFO - [2024-05-05T01:33:08.604+0000] {dag.py:3954} INFO - Setting next_dagrun for example_xcom_args_with_operators to None, run_after=None
[2024-05-05T01:33:08.627+0000] {processor.py:183} INFO - Processing /home/airflow/.local/lib/python3.12/site-packages/airflow/example_dags/example_xcomargs.py took 0.095 seconds
[2024-05-05T01:33:39.573+0000] {processor.py:161} INFO - Started process (PID=442) to work on /home/airflow/.local/lib/python3.12/site-packages/airflow/example_dags/example_xcomargs.py
[2024-05-05T01:33:39.574+0000] {processor.py:830} INFO - Processing file /home/airflow/.local/lib/python3.12/site-packages/airflow/example_dags/example_xcomargs.py for tasks to queue
[2024-05-05T01:33:39.576+0000] {logging_mixin.py:188} INFO - [2024-05-05T01:33:39.575+0000] {dagbag.py:540} INFO - Filling up the DagBag from /home/airflow/.local/lib/python3.12/site-packages/airflow/example_dags/example_xcomargs.py
[2024-05-05T01:33:39.585+0000] {processor.py:840} INFO - DAG(s) 'example_xcom_args', 'example_xcom_args_with_operators' retrieved from /home/airflow/.local/lib/python3.12/site-packages/airflow/example_dags/example_xcomargs.py
[2024-05-05T01:33:39.612+0000] {logging_mixin.py:188} INFO - [2024-05-05T01:33:39.612+0000] {dag.py:3096} INFO - Sync 2 DAGs
[2024-05-05T01:33:39.626+0000] {logging_mixin.py:188} INFO - [2024-05-05T01:33:39.626+0000] {dag.py:3954} INFO - Setting next_dagrun for example_xcom_args to None, run_after=None
[2024-05-05T01:33:39.631+0000] {logging_mixin.py:188} INFO - [2024-05-05T01:33:39.631+0000] {dag.py:3954} INFO - Setting next_dagrun for example_xcom_args_with_operators to None, run_after=None
[2024-05-05T01:33:39.650+0000] {processor.py:183} INFO - Processing /home/airflow/.local/lib/python3.12/site-packages/airflow/example_dags/example_xcomargs.py took 0.084 seconds
[2024-05-05T01:34:09.935+0000] {processor.py:161} INFO - Started process (PID=502) to work on /home/airflow/.local/lib/python3.12/site-packages/airflow/example_dags/example_xcomargs.py
[2024-05-05T01:34:09.936+0000] {processor.py:830} INFO - Processing file /home/airflow/.local/lib/python3.12/site-packages/airflow/example_dags/example_xcomargs.py for tasks to queue
[2024-05-05T01:34:09.938+0000] {logging_mixin.py:188} INFO - [2024-05-05T01:34:09.938+0000] {dagbag.py:540} INFO - Filling up the DagBag from /home/airflow/.local/lib/python3.12/site-packages/airflow/example_dags/example_xcomargs.py
[2024-05-05T01:34:09.947+0000] {processor.py:840} INFO - DAG(s) 'example_xcom_args', 'example_xcom_args_with_operators' retrieved from /home/airflow/.local/lib/python3.12/site-packages/airflow/example_dags/example_xcomargs.py
[2024-05-05T01:34:09.975+0000] {logging_mixin.py:188} INFO - [2024-05-05T01:34:09.974+0000] {dag.py:3096} INFO - Sync 2 DAGs
[2024-05-05T01:34:09.989+0000] {logging_mixin.py:188} INFO - [2024-05-05T01:34:09.988+0000] {dag.py:3954} INFO - Setting next_dagrun for example_xcom_args to None, run_after=None
[2024-05-05T01:34:09.993+0000] {logging_mixin.py:188} INFO - [2024-05-05T01:34:09.993+0000] {dag.py:3954} INFO - Setting next_dagrun for example_xcom_args_with_operators to None, run_after=None
[2024-05-05T01:34:10.015+0000] {processor.py:183} INFO - Processing /home/airflow/.local/lib/python3.12/site-packages/airflow/example_dags/example_xcomargs.py took 0.085 seconds
[2024-05-05T01:34:40.103+0000] {processor.py:161} INFO - Started process (PID=561) to work on /home/airflow/.local/lib/python3.12/site-packages/airflow/example_dags/example_xcomargs.py
[2024-05-05T01:34:40.104+0000] {processor.py:830} INFO - Processing file /home/airflow/.local/lib/python3.12/site-packages/airflow/example_dags/example_xcomargs.py for tasks to queue
[2024-05-05T01:34:40.109+0000] {logging_mixin.py:188} INFO - [2024-05-05T01:34:40.109+0000] {dagbag.py:540} INFO - Filling up the DagBag from /home/airflow/.local/lib/python3.12/site-packages/airflow/example_dags/example_xcomargs.py
[2024-05-05T01:34:40.118+0000] {processor.py:840} INFO - DAG(s) 'example_xcom_args_with_operators', 'example_xcom_args' retrieved from /home/airflow/.local/lib/python3.12/site-packages/airflow/example_dags/example_xcomargs.py
[2024-05-05T01:34:40.139+0000] {logging_mixin.py:188} INFO - [2024-05-05T01:34:40.139+0000] {dag.py:3096} INFO - Sync 2 DAGs
[2024-05-05T01:34:40.152+0000] {logging_mixin.py:188} INFO - [2024-05-05T01:34:40.152+0000] {dag.py:3954} INFO - Setting next_dagrun for example_xcom_args to None, run_after=None
[2024-05-05T01:34:40.156+0000] {logging_mixin.py:188} INFO - [2024-05-05T01:34:40.156+0000] {dag.py:3954} INFO - Setting next_dagrun for example_xcom_args_with_operators to None, run_after=None
[2024-05-05T01:34:40.178+0000] {processor.py:183} INFO - Processing /home/airflow/.local/lib/python3.12/site-packages/airflow/example_dags/example_xcomargs.py took 0.080 seconds
[2024-05-05T01:35:10.758+0000] {processor.py:161} INFO - Started process (PID=621) to work on /home/airflow/.local/lib/python3.12/site-packages/airflow/example_dags/example_xcomargs.py
[2024-05-05T01:35:10.759+0000] {processor.py:830} INFO - Processing file /home/airflow/.local/lib/python3.12/site-packages/airflow/example_dags/example_xcomargs.py for tasks to queue
[2024-05-05T01:35:10.761+0000] {logging_mixin.py:188} INFO - [2024-05-05T01:35:10.761+0000] {dagbag.py:540} INFO - Filling up the DagBag from /home/airflow/.local/lib/python3.12/site-packages/airflow/example_dags/example_xcomargs.py
[2024-05-05T01:35:10.771+0000] {processor.py:840} INFO - DAG(s) 'example_xcom_args', 'example_xcom_args_with_operators' retrieved from /home/airflow/.local/lib/python3.12/site-packages/airflow/example_dags/example_xcomargs.py
[2024-05-05T01:35:10.798+0000] {logging_mixin.py:188} INFO - [2024-05-05T01:35:10.798+0000] {dag.py:3096} INFO - Sync 2 DAGs
[2024-05-05T01:35:10.814+0000] {logging_mixin.py:188} INFO - [2024-05-05T01:35:10.814+0000] {dag.py:3954} INFO - Setting next_dagrun for example_xcom_args to None, run_after=None
[2024-05-05T01:35:10.819+0000] {logging_mixin.py:188} INFO - [2024-05-05T01:35:10.819+0000] {dag.py:3954} INFO - Setting next_dagrun for example_xcom_args_with_operators to None, run_after=None
[2024-05-05T01:35:10.842+0000] {processor.py:183} INFO - Processing /home/airflow/.local/lib/python3.12/site-packages/airflow/example_dags/example_xcomargs.py took 0.090 seconds
[2024-05-05T01:35:41.269+0000] {processor.py:161} INFO - Started process (PID=681) to work on /home/airflow/.local/lib/python3.12/site-packages/airflow/example_dags/example_xcomargs.py
[2024-05-05T01:35:41.271+0000] {processor.py:830} INFO - Processing file /home/airflow/.local/lib/python3.12/site-packages/airflow/example_dags/example_xcomargs.py for tasks to queue
[2024-05-05T01:35:41.273+0000] {logging_mixin.py:188} INFO - [2024-05-05T01:35:41.273+0000] {dagbag.py:540} INFO - Filling up the DagBag from /home/airflow/.local/lib/python3.12/site-packages/airflow/example_dags/example_xcomargs.py
[2024-05-05T01:35:41.281+0000] {processor.py:840} INFO - DAG(s) 'example_xcom_args', 'example_xcom_args_with_operators' retrieved from /home/airflow/.local/lib/python3.12/site-packages/airflow/example_dags/example_xcomargs.py
[2024-05-05T01:35:41.305+0000] {logging_mixin.py:188} INFO - [2024-05-05T01:35:41.304+0000] {dag.py:3096} INFO - Sync 2 DAGs
[2024-05-05T01:35:41.318+0000] {logging_mixin.py:188} INFO - [2024-05-05T01:35:41.318+0000] {dag.py:3954} INFO - Setting next_dagrun for example_xcom_args to None, run_after=None
[2024-05-05T01:35:41.323+0000] {logging_mixin.py:188} INFO - [2024-05-05T01:35:41.323+0000] {dag.py:3954} INFO - Setting next_dagrun for example_xcom_args_with_operators to None, run_after=None
[2024-05-05T01:35:41.342+0000] {processor.py:183} INFO - Processing /home/airflow/.local/lib/python3.12/site-packages/airflow/example_dags/example_xcomargs.py took 0.080 seconds
[2024-05-05T02:04:19.406+0000] {processor.py:161} INFO - Started process (PID=79) to work on /home/airflow/.local/lib/python3.12/site-packages/airflow/example_dags/example_xcomargs.py
[2024-05-05T02:04:19.408+0000] {processor.py:830} INFO - Processing file /home/airflow/.local/lib/python3.12/site-packages/airflow/example_dags/example_xcomargs.py for tasks to queue
[2024-05-05T02:04:19.411+0000] {logging_mixin.py:188} INFO - [2024-05-05T02:04:19.410+0000] {dagbag.py:540} INFO - Filling up the DagBag from /home/airflow/.local/lib/python3.12/site-packages/airflow/example_dags/example_xcomargs.py
[2024-05-05T02:04:19.427+0000] {processor.py:840} INFO - DAG(s) 'example_xcom_args', 'example_xcom_args_with_operators' retrieved from /home/airflow/.local/lib/python3.12/site-packages/airflow/example_dags/example_xcomargs.py
[2024-05-05T02:04:19.654+0000] {logging_mixin.py:188} INFO - [2024-05-05T02:04:19.653+0000] {dag.py:3096} INFO - Sync 2 DAGs
[2024-05-05T02:04:19.674+0000] {logging_mixin.py:188} INFO - [2024-05-05T02:04:19.673+0000] {dag.py:3954} INFO - Setting next_dagrun for example_xcom_args to None, run_after=None
[2024-05-05T02:04:19.680+0000] {logging_mixin.py:188} INFO - [2024-05-05T02:04:19.679+0000] {dag.py:3954} INFO - Setting next_dagrun for example_xcom_args_with_operators to None, run_after=None
[2024-05-05T02:04:19.705+0000] {processor.py:183} INFO - Processing /home/airflow/.local/lib/python3.12/site-packages/airflow/example_dags/example_xcomargs.py took 0.308 seconds
[2024-05-05T02:04:50.175+0000] {processor.py:161} INFO - Started process (PID=139) to work on /home/airflow/.local/lib/python3.12/site-packages/airflow/example_dags/example_xcomargs.py
[2024-05-05T02:04:50.177+0000] {processor.py:830} INFO - Processing file /home/airflow/.local/lib/python3.12/site-packages/airflow/example_dags/example_xcomargs.py for tasks to queue
[2024-05-05T02:04:50.180+0000] {logging_mixin.py:188} INFO - [2024-05-05T02:04:50.180+0000] {dagbag.py:540} INFO - Filling up the DagBag from /home/airflow/.local/lib/python3.12/site-packages/airflow/example_dags/example_xcomargs.py
[2024-05-05T02:04:50.190+0000] {processor.py:840} INFO - DAG(s) 'example_xcom_args_with_operators', 'example_xcom_args' retrieved from /home/airflow/.local/lib/python3.12/site-packages/airflow/example_dags/example_xcomargs.py
[2024-05-05T02:04:50.221+0000] {logging_mixin.py:188} INFO - [2024-05-05T02:04:50.220+0000] {dag.py:3096} INFO - Sync 2 DAGs
[2024-05-05T02:04:50.244+0000] {logging_mixin.py:188} INFO - [2024-05-05T02:04:50.244+0000] {dag.py:3954} INFO - Setting next_dagrun for example_xcom_args to None, run_after=None
[2024-05-05T02:04:50.253+0000] {logging_mixin.py:188} INFO - [2024-05-05T02:04:50.252+0000] {dag.py:3954} INFO - Setting next_dagrun for example_xcom_args_with_operators to None, run_after=None
[2024-05-05T02:04:50.283+0000] {processor.py:183} INFO - Processing /home/airflow/.local/lib/python3.12/site-packages/airflow/example_dags/example_xcomargs.py took 0.116 seconds
[2024-05-05T02:05:20.419+0000] {processor.py:161} INFO - Started process (PID=199) to work on /home/airflow/.local/lib/python3.12/site-packages/airflow/example_dags/example_xcomargs.py
[2024-05-05T02:05:20.420+0000] {processor.py:830} INFO - Processing file /home/airflow/.local/lib/python3.12/site-packages/airflow/example_dags/example_xcomargs.py for tasks to queue
[2024-05-05T02:05:20.422+0000] {logging_mixin.py:188} INFO - [2024-05-05T02:05:20.422+0000] {dagbag.py:540} INFO - Filling up the DagBag from /home/airflow/.local/lib/python3.12/site-packages/airflow/example_dags/example_xcomargs.py
[2024-05-05T02:05:20.434+0000] {processor.py:840} INFO - DAG(s) 'example_xcom_args', 'example_xcom_args_with_operators' retrieved from /home/airflow/.local/lib/python3.12/site-packages/airflow/example_dags/example_xcomargs.py
[2024-05-05T02:05:20.464+0000] {logging_mixin.py:188} INFO - [2024-05-05T02:05:20.464+0000] {dag.py:3096} INFO - Sync 2 DAGs
[2024-05-05T02:05:20.479+0000] {logging_mixin.py:188} INFO - [2024-05-05T02:05:20.479+0000] {dag.py:3954} INFO - Setting next_dagrun for example_xcom_args to None, run_after=None
[2024-05-05T02:05:20.483+0000] {logging_mixin.py:188} INFO - [2024-05-05T02:05:20.483+0000] {dag.py:3954} INFO - Setting next_dagrun for example_xcom_args_with_operators to None, run_after=None
[2024-05-05T02:05:20.506+0000] {processor.py:183} INFO - Processing /home/airflow/.local/lib/python3.12/site-packages/airflow/example_dags/example_xcomargs.py took 0.093 seconds
[2024-05-05T02:05:50.836+0000] {processor.py:161} INFO - Started process (PID=259) to work on /home/airflow/.local/lib/python3.12/site-packages/airflow/example_dags/example_xcomargs.py
[2024-05-05T02:05:50.838+0000] {processor.py:830} INFO - Processing file /home/airflow/.local/lib/python3.12/site-packages/airflow/example_dags/example_xcomargs.py for tasks to queue
[2024-05-05T02:05:50.840+0000] {logging_mixin.py:188} INFO - [2024-05-05T02:05:50.840+0000] {dagbag.py:540} INFO - Filling up the DagBag from /home/airflow/.local/lib/python3.12/site-packages/airflow/example_dags/example_xcomargs.py
[2024-05-05T02:05:50.849+0000] {processor.py:840} INFO - DAG(s) 'example_xcom_args', 'example_xcom_args_with_operators' retrieved from /home/airflow/.local/lib/python3.12/site-packages/airflow/example_dags/example_xcomargs.py
[2024-05-05T02:05:50.874+0000] {logging_mixin.py:188} INFO - [2024-05-05T02:05:50.873+0000] {dag.py:3096} INFO - Sync 2 DAGs
[2024-05-05T02:05:50.888+0000] {logging_mixin.py:188} INFO - [2024-05-05T02:05:50.887+0000] {dag.py:3954} INFO - Setting next_dagrun for example_xcom_args to None, run_after=None
[2024-05-05T02:05:50.892+0000] {logging_mixin.py:188} INFO - [2024-05-05T02:05:50.892+0000] {dag.py:3954} INFO - Setting next_dagrun for example_xcom_args_with_operators to None, run_after=None
[2024-05-05T02:05:50.911+0000] {processor.py:183} INFO - Processing /home/airflow/.local/lib/python3.12/site-packages/airflow/example_dags/example_xcomargs.py took 0.083 seconds
[2024-05-05T02:06:21.989+0000] {processor.py:161} INFO - Started process (PID=319) to work on /home/airflow/.local/lib/python3.12/site-packages/airflow/example_dags/example_xcomargs.py
[2024-05-05T02:06:21.991+0000] {processor.py:830} INFO - Processing file /home/airflow/.local/lib/python3.12/site-packages/airflow/example_dags/example_xcomargs.py for tasks to queue
[2024-05-05T02:06:21.993+0000] {logging_mixin.py:188} INFO - [2024-05-05T02:06:21.993+0000] {dagbag.py:540} INFO - Filling up the DagBag from /home/airflow/.local/lib/python3.12/site-packages/airflow/example_dags/example_xcomargs.py
[2024-05-05T02:06:22.003+0000] {processor.py:840} INFO - DAG(s) 'example_xcom_args_with_operators', 'example_xcom_args' retrieved from /home/airflow/.local/lib/python3.12/site-packages/airflow/example_dags/example_xcomargs.py
[2024-05-05T02:06:22.028+0000] {logging_mixin.py:188} INFO - [2024-05-05T02:06:22.028+0000] {dag.py:3096} INFO - Sync 2 DAGs
[2024-05-05T02:06:22.043+0000] {logging_mixin.py:188} INFO - [2024-05-05T02:06:22.042+0000] {dag.py:3954} INFO - Setting next_dagrun for example_xcom_args to None, run_after=None
[2024-05-05T02:06:22.047+0000] {logging_mixin.py:188} INFO - [2024-05-05T02:06:22.047+0000] {dag.py:3954} INFO - Setting next_dagrun for example_xcom_args_with_operators to None, run_after=None
[2024-05-05T02:06:22.068+0000] {processor.py:183} INFO - Processing /home/airflow/.local/lib/python3.12/site-packages/airflow/example_dags/example_xcomargs.py took 0.087 seconds
[2024-05-05T02:06:52.759+0000] {processor.py:161} INFO - Started process (PID=379) to work on /home/airflow/.local/lib/python3.12/site-packages/airflow/example_dags/example_xcomargs.py
[2024-05-05T02:06:52.760+0000] {processor.py:830} INFO - Processing file /home/airflow/.local/lib/python3.12/site-packages/airflow/example_dags/example_xcomargs.py for tasks to queue
[2024-05-05T02:06:52.763+0000] {logging_mixin.py:188} INFO - [2024-05-05T02:06:52.763+0000] {dagbag.py:540} INFO - Filling up the DagBag from /home/airflow/.local/lib/python3.12/site-packages/airflow/example_dags/example_xcomargs.py
[2024-05-05T02:06:52.774+0000] {processor.py:840} INFO - DAG(s) 'example_xcom_args', 'example_xcom_args_with_operators' retrieved from /home/airflow/.local/lib/python3.12/site-packages/airflow/example_dags/example_xcomargs.py
[2024-05-05T02:06:52.802+0000] {logging_mixin.py:188} INFO - [2024-05-05T02:06:52.802+0000] {dag.py:3096} INFO - Sync 2 DAGs
[2024-05-05T02:06:52.818+0000] {logging_mixin.py:188} INFO - [2024-05-05T02:06:52.818+0000] {dag.py:3954} INFO - Setting next_dagrun for example_xcom_args to None, run_after=None
[2024-05-05T02:06:52.823+0000] {logging_mixin.py:188} INFO - [2024-05-05T02:06:52.823+0000] {dag.py:3954} INFO - Setting next_dagrun for example_xcom_args_with_operators to None, run_after=None
[2024-05-05T02:06:52.842+0000] {processor.py:183} INFO - Processing /home/airflow/.local/lib/python3.12/site-packages/airflow/example_dags/example_xcomargs.py took 0.091 seconds
