[2024-05-05T01:30:36.387+0000] {processor.py:161} INFO - Started process (PID=77) to work on /home/airflow/.local/lib/python3.12/site-packages/airflow/example_dags/example_branch_datetime_operator.py
[2024-05-05T01:30:36.388+0000] {processor.py:830} INFO - Processing file /home/airflow/.local/lib/python3.12/site-packages/airflow/example_dags/example_branch_datetime_operator.py for tasks to queue
[2024-05-05T01:30:36.391+0000] {logging_mixin.py:188} INFO - [2024-05-05T01:30:36.391+0000] {dagbag.py:540} INFO - Filling up the DagBag from /home/airflow/.local/lib/python3.12/site-packages/airflow/example_dags/example_branch_datetime_operator.py
[2024-05-05T01:30:36.404+0000] {processor.py:840} INFO - DAG(s) 'example_branch_datetime_operator_3', 'example_branch_datetime_operator_2', 'example_branch_datetime_operator' retrieved from /home/airflow/.local/lib/python3.12/site-packages/airflow/example_dags/example_branch_datetime_operator.py
[2024-05-05T01:30:36.609+0000] {logging_mixin.py:188} INFO - [2024-05-05T01:30:36.609+0000] {dag.py:3096} INFO - Sync 3 DAGs
[2024-05-05T01:30:36.643+0000] {logging_mixin.py:188} INFO - [2024-05-05T01:30:36.643+0000] {dag.py:3954} INFO - Setting next_dagrun for example_branch_datetime_operator to 2024-05-04 00:00:00+00:00, run_after=2024-05-05 00:00:00+00:00
[2024-05-05T01:30:36.650+0000] {logging_mixin.py:188} INFO - [2024-05-05T01:30:36.650+0000] {dag.py:3954} INFO - Setting next_dagrun for example_branch_datetime_operator_2 to 2024-05-04 00:00:00+00:00, run_after=2024-05-05 00:00:00+00:00
[2024-05-05T01:30:36.655+0000] {logging_mixin.py:188} INFO - [2024-05-05T01:30:36.655+0000] {dag.py:3954} INFO - Setting next_dagrun for example_branch_datetime_operator_3 to 2024-05-04 00:00:00+00:00, run_after=2024-05-05 00:00:00+00:00
[2024-05-05T01:30:36.686+0000] {processor.py:183} INFO - Processing /home/airflow/.local/lib/python3.12/site-packages/airflow/example_dags/example_branch_datetime_operator.py took 0.307 seconds
[2024-05-05T01:31:06.928+0000] {processor.py:161} INFO - Started process (PID=137) to work on /home/airflow/.local/lib/python3.12/site-packages/airflow/example_dags/example_branch_datetime_operator.py
[2024-05-05T01:31:06.929+0000] {processor.py:830} INFO - Processing file /home/airflow/.local/lib/python3.12/site-packages/airflow/example_dags/example_branch_datetime_operator.py for tasks to queue
[2024-05-05T01:31:06.931+0000] {logging_mixin.py:188} INFO - [2024-05-05T01:31:06.931+0000] {dagbag.py:540} INFO - Filling up the DagBag from /home/airflow/.local/lib/python3.12/site-packages/airflow/example_dags/example_branch_datetime_operator.py
[2024-05-05T01:31:06.942+0000] {processor.py:840} INFO - DAG(s) 'example_branch_datetime_operator', 'example_branch_datetime_operator_2', 'example_branch_datetime_operator_3' retrieved from /home/airflow/.local/lib/python3.12/site-packages/airflow/example_dags/example_branch_datetime_operator.py
[2024-05-05T01:31:06.973+0000] {logging_mixin.py:188} INFO - [2024-05-05T01:31:06.973+0000] {dag.py:3096} INFO - Sync 3 DAGs
[2024-05-05T01:31:07.002+0000] {logging_mixin.py:188} INFO - [2024-05-05T01:31:07.002+0000] {dag.py:3954} INFO - Setting next_dagrun for example_branch_datetime_operator to 2024-05-04 00:00:00+00:00, run_after=2024-05-05 00:00:00+00:00
[2024-05-05T01:31:07.009+0000] {logging_mixin.py:188} INFO - [2024-05-05T01:31:07.009+0000] {dag.py:3954} INFO - Setting next_dagrun for example_branch_datetime_operator_2 to 2024-05-04 00:00:00+00:00, run_after=2024-05-05 00:00:00+00:00
[2024-05-05T01:31:07.013+0000] {logging_mixin.py:188} INFO - [2024-05-05T01:31:07.013+0000] {dag.py:3954} INFO - Setting next_dagrun for example_branch_datetime_operator_3 to 2024-05-04 00:00:00+00:00, run_after=2024-05-05 00:00:00+00:00
[2024-05-05T01:31:07.032+0000] {processor.py:183} INFO - Processing /home/airflow/.local/lib/python3.12/site-packages/airflow/example_dags/example_branch_datetime_operator.py took 0.110 seconds
[2024-05-05T01:31:37.466+0000] {processor.py:161} INFO - Started process (PID=203) to work on /home/airflow/.local/lib/python3.12/site-packages/airflow/example_dags/example_branch_datetime_operator.py
[2024-05-05T01:31:37.468+0000] {processor.py:830} INFO - Processing file /home/airflow/.local/lib/python3.12/site-packages/airflow/example_dags/example_branch_datetime_operator.py for tasks to queue
[2024-05-05T01:31:37.470+0000] {logging_mixin.py:188} INFO - [2024-05-05T01:31:37.470+0000] {dagbag.py:540} INFO - Filling up the DagBag from /home/airflow/.local/lib/python3.12/site-packages/airflow/example_dags/example_branch_datetime_operator.py
[2024-05-05T01:31:37.481+0000] {processor.py:840} INFO - DAG(s) 'example_branch_datetime_operator_2', 'example_branch_datetime_operator_3', 'example_branch_datetime_operator' retrieved from /home/airflow/.local/lib/python3.12/site-packages/airflow/example_dags/example_branch_datetime_operator.py
[2024-05-05T01:31:37.512+0000] {logging_mixin.py:188} INFO - [2024-05-05T01:31:37.512+0000] {dag.py:3096} INFO - Sync 3 DAGs
[2024-05-05T01:31:37.540+0000] {logging_mixin.py:188} INFO - [2024-05-05T01:31:37.539+0000] {dag.py:3954} INFO - Setting next_dagrun for example_branch_datetime_operator to 2024-05-04 00:00:00+00:00, run_after=2024-05-05 00:00:00+00:00
[2024-05-05T01:31:37.546+0000] {logging_mixin.py:188} INFO - [2024-05-05T01:31:37.546+0000] {dag.py:3954} INFO - Setting next_dagrun for example_branch_datetime_operator_2 to 2024-05-04 00:00:00+00:00, run_after=2024-05-05 00:00:00+00:00
[2024-05-05T01:31:37.550+0000] {logging_mixin.py:188} INFO - [2024-05-05T01:31:37.550+0000] {dag.py:3954} INFO - Setting next_dagrun for example_branch_datetime_operator_3 to 2024-05-04 00:00:00+00:00, run_after=2024-05-05 00:00:00+00:00
[2024-05-05T01:31:37.575+0000] {processor.py:183} INFO - Processing /home/airflow/.local/lib/python3.12/site-packages/airflow/example_dags/example_branch_datetime_operator.py took 0.115 seconds
[2024-05-05T01:32:07.782+0000] {processor.py:161} INFO - Started process (PID=264) to work on /home/airflow/.local/lib/python3.12/site-packages/airflow/example_dags/example_branch_datetime_operator.py
[2024-05-05T01:32:07.784+0000] {processor.py:830} INFO - Processing file /home/airflow/.local/lib/python3.12/site-packages/airflow/example_dags/example_branch_datetime_operator.py for tasks to queue
[2024-05-05T01:32:07.786+0000] {logging_mixin.py:188} INFO - [2024-05-05T01:32:07.786+0000] {dagbag.py:540} INFO - Filling up the DagBag from /home/airflow/.local/lib/python3.12/site-packages/airflow/example_dags/example_branch_datetime_operator.py
[2024-05-05T01:32:07.800+0000] {processor.py:840} INFO - DAG(s) 'example_branch_datetime_operator', 'example_branch_datetime_operator_3', 'example_branch_datetime_operator_2' retrieved from /home/airflow/.local/lib/python3.12/site-packages/airflow/example_dags/example_branch_datetime_operator.py
[2024-05-05T01:32:07.855+0000] {logging_mixin.py:188} INFO - [2024-05-05T01:32:07.854+0000] {dag.py:3096} INFO - Sync 3 DAGs
[2024-05-05T01:32:07.903+0000] {logging_mixin.py:188} INFO - [2024-05-05T01:32:07.903+0000] {dag.py:3954} INFO - Setting next_dagrun for example_branch_datetime_operator to 2024-05-04 00:00:00+00:00, run_after=2024-05-05 00:00:00+00:00
[2024-05-05T01:32:07.912+0000] {logging_mixin.py:188} INFO - [2024-05-05T01:32:07.911+0000] {dag.py:3954} INFO - Setting next_dagrun for example_branch_datetime_operator_2 to 2024-05-04 00:00:00+00:00, run_after=2024-05-05 00:00:00+00:00
[2024-05-05T01:32:07.916+0000] {logging_mixin.py:188} INFO - [2024-05-05T01:32:07.915+0000] {dag.py:3954} INFO - Setting next_dagrun for example_branch_datetime_operator_3 to 2024-05-04 00:00:00+00:00, run_after=2024-05-05 00:00:00+00:00
[2024-05-05T01:32:07.953+0000] {processor.py:183} INFO - Processing /home/airflow/.local/lib/python3.12/site-packages/airflow/example_dags/example_branch_datetime_operator.py took 0.178 seconds
[2024-05-05T01:32:38.335+0000] {processor.py:161} INFO - Started process (PID=324) to work on /home/airflow/.local/lib/python3.12/site-packages/airflow/example_dags/example_branch_datetime_operator.py
[2024-05-05T01:32:38.337+0000] {processor.py:830} INFO - Processing file /home/airflow/.local/lib/python3.12/site-packages/airflow/example_dags/example_branch_datetime_operator.py for tasks to queue
[2024-05-05T01:32:38.339+0000] {logging_mixin.py:188} INFO - [2024-05-05T01:32:38.339+0000] {dagbag.py:540} INFO - Filling up the DagBag from /home/airflow/.local/lib/python3.12/site-packages/airflow/example_dags/example_branch_datetime_operator.py
[2024-05-05T01:32:38.354+0000] {processor.py:840} INFO - DAG(s) 'example_branch_datetime_operator_3', 'example_branch_datetime_operator_2', 'example_branch_datetime_operator' retrieved from /home/airflow/.local/lib/python3.12/site-packages/airflow/example_dags/example_branch_datetime_operator.py
[2024-05-05T01:32:38.387+0000] {logging_mixin.py:188} INFO - [2024-05-05T01:32:38.387+0000] {dag.py:3096} INFO - Sync 3 DAGs
[2024-05-05T01:32:38.416+0000] {logging_mixin.py:188} INFO - [2024-05-05T01:32:38.415+0000] {dag.py:3954} INFO - Setting next_dagrun for example_branch_datetime_operator to 2024-05-04 00:00:00+00:00, run_after=2024-05-05 00:00:00+00:00
[2024-05-05T01:32:38.422+0000] {logging_mixin.py:188} INFO - [2024-05-05T01:32:38.422+0000] {dag.py:3954} INFO - Setting next_dagrun for example_branch_datetime_operator_2 to 2024-05-04 00:00:00+00:00, run_after=2024-05-05 00:00:00+00:00
[2024-05-05T01:32:38.426+0000] {logging_mixin.py:188} INFO - [2024-05-05T01:32:38.425+0000] {dag.py:3954} INFO - Setting next_dagrun for example_branch_datetime_operator_3 to 2024-05-04 00:00:00+00:00, run_after=2024-05-05 00:00:00+00:00
[2024-05-05T01:32:38.448+0000] {processor.py:183} INFO - Processing /home/airflow/.local/lib/python3.12/site-packages/airflow/example_dags/example_branch_datetime_operator.py took 0.123 seconds
[2024-05-05T01:33:08.706+0000] {processor.py:161} INFO - Started process (PID=384) to work on /home/airflow/.local/lib/python3.12/site-packages/airflow/example_dags/example_branch_datetime_operator.py
[2024-05-05T01:33:08.707+0000] {processor.py:830} INFO - Processing file /home/airflow/.local/lib/python3.12/site-packages/airflow/example_dags/example_branch_datetime_operator.py for tasks to queue
[2024-05-05T01:33:08.709+0000] {logging_mixin.py:188} INFO - [2024-05-05T01:33:08.708+0000] {dagbag.py:540} INFO - Filling up the DagBag from /home/airflow/.local/lib/python3.12/site-packages/airflow/example_dags/example_branch_datetime_operator.py
[2024-05-05T01:33:08.721+0000] {processor.py:840} INFO - DAG(s) 'example_branch_datetime_operator_2', 'example_branch_datetime_operator_3', 'example_branch_datetime_operator' retrieved from /home/airflow/.local/lib/python3.12/site-packages/airflow/example_dags/example_branch_datetime_operator.py
[2024-05-05T01:33:08.757+0000] {logging_mixin.py:188} INFO - [2024-05-05T01:33:08.756+0000] {dag.py:3096} INFO - Sync 3 DAGs
[2024-05-05T01:33:08.790+0000] {logging_mixin.py:188} INFO - [2024-05-05T01:33:08.790+0000] {dag.py:3954} INFO - Setting next_dagrun for example_branch_datetime_operator to 2024-05-04 00:00:00+00:00, run_after=2024-05-05 00:00:00+00:00
[2024-05-05T01:33:08.798+0000] {logging_mixin.py:188} INFO - [2024-05-05T01:33:08.797+0000] {dag.py:3954} INFO - Setting next_dagrun for example_branch_datetime_operator_2 to 2024-05-04 00:00:00+00:00, run_after=2024-05-05 00:00:00+00:00
[2024-05-05T01:33:08.801+0000] {logging_mixin.py:188} INFO - [2024-05-05T01:33:08.800+0000] {dag.py:3954} INFO - Setting next_dagrun for example_branch_datetime_operator_3 to 2024-05-04 00:00:00+00:00, run_after=2024-05-05 00:00:00+00:00
[2024-05-05T01:33:08.824+0000] {processor.py:183} INFO - Processing /home/airflow/.local/lib/python3.12/site-packages/airflow/example_dags/example_branch_datetime_operator.py took 0.125 seconds
[2024-05-05T01:33:39.679+0000] {processor.py:161} INFO - Started process (PID=444) to work on /home/airflow/.local/lib/python3.12/site-packages/airflow/example_dags/example_branch_datetime_operator.py
[2024-05-05T01:33:39.680+0000] {processor.py:830} INFO - Processing file /home/airflow/.local/lib/python3.12/site-packages/airflow/example_dags/example_branch_datetime_operator.py for tasks to queue
[2024-05-05T01:33:39.682+0000] {logging_mixin.py:188} INFO - [2024-05-05T01:33:39.682+0000] {dagbag.py:540} INFO - Filling up the DagBag from /home/airflow/.local/lib/python3.12/site-packages/airflow/example_dags/example_branch_datetime_operator.py
[2024-05-05T01:33:39.694+0000] {processor.py:840} INFO - DAG(s) 'example_branch_datetime_operator_3', 'example_branch_datetime_operator', 'example_branch_datetime_operator_2' retrieved from /home/airflow/.local/lib/python3.12/site-packages/airflow/example_dags/example_branch_datetime_operator.py
[2024-05-05T01:33:39.724+0000] {logging_mixin.py:188} INFO - [2024-05-05T01:33:39.724+0000] {dag.py:3096} INFO - Sync 3 DAGs
[2024-05-05T01:33:39.750+0000] {logging_mixin.py:188} INFO - [2024-05-05T01:33:39.750+0000] {dag.py:3954} INFO - Setting next_dagrun for example_branch_datetime_operator to 2024-05-04 00:00:00+00:00, run_after=2024-05-05 00:00:00+00:00
[2024-05-05T01:33:39.757+0000] {logging_mixin.py:188} INFO - [2024-05-05T01:33:39.756+0000] {dag.py:3954} INFO - Setting next_dagrun for example_branch_datetime_operator_2 to 2024-05-04 00:00:00+00:00, run_after=2024-05-05 00:00:00+00:00
[2024-05-05T01:33:39.760+0000] {logging_mixin.py:188} INFO - [2024-05-05T01:33:39.760+0000] {dag.py:3954} INFO - Setting next_dagrun for example_branch_datetime_operator_3 to 2024-05-04 00:00:00+00:00, run_after=2024-05-05 00:00:00+00:00
[2024-05-05T01:33:39.780+0000] {processor.py:183} INFO - Processing /home/airflow/.local/lib/python3.12/site-packages/airflow/example_dags/example_branch_datetime_operator.py took 0.107 seconds
[2024-05-05T01:34:10.184+0000] {processor.py:161} INFO - Started process (PID=504) to work on /home/airflow/.local/lib/python3.12/site-packages/airflow/example_dags/example_branch_datetime_operator.py
[2024-05-05T01:34:10.185+0000] {processor.py:830} INFO - Processing file /home/airflow/.local/lib/python3.12/site-packages/airflow/example_dags/example_branch_datetime_operator.py for tasks to queue
[2024-05-05T01:34:10.187+0000] {logging_mixin.py:188} INFO - [2024-05-05T01:34:10.187+0000] {dagbag.py:540} INFO - Filling up the DagBag from /home/airflow/.local/lib/python3.12/site-packages/airflow/example_dags/example_branch_datetime_operator.py
[2024-05-05T01:34:10.198+0000] {processor.py:840} INFO - DAG(s) 'example_branch_datetime_operator_3', 'example_branch_datetime_operator_2', 'example_branch_datetime_operator' retrieved from /home/airflow/.local/lib/python3.12/site-packages/airflow/example_dags/example_branch_datetime_operator.py
[2024-05-05T01:34:10.226+0000] {logging_mixin.py:188} INFO - [2024-05-05T01:34:10.226+0000] {dag.py:3096} INFO - Sync 3 DAGs
[2024-05-05T01:34:10.252+0000] {logging_mixin.py:188} INFO - [2024-05-05T01:34:10.252+0000] {dag.py:3954} INFO - Setting next_dagrun for example_branch_datetime_operator to 2024-05-04 00:00:00+00:00, run_after=2024-05-05 00:00:00+00:00
[2024-05-05T01:34:10.259+0000] {logging_mixin.py:188} INFO - [2024-05-05T01:34:10.259+0000] {dag.py:3954} INFO - Setting next_dagrun for example_branch_datetime_operator_2 to 2024-05-04 00:00:00+00:00, run_after=2024-05-05 00:00:00+00:00
[2024-05-05T01:34:10.262+0000] {logging_mixin.py:188} INFO - [2024-05-05T01:34:10.262+0000] {dag.py:3954} INFO - Setting next_dagrun for example_branch_datetime_operator_3 to 2024-05-04 00:00:00+00:00, run_after=2024-05-05 00:00:00+00:00
[2024-05-05T01:34:10.282+0000] {processor.py:183} INFO - Processing /home/airflow/.local/lib/python3.12/site-packages/airflow/example_dags/example_branch_datetime_operator.py took 0.103 seconds
[2024-05-05T01:34:40.333+0000] {processor.py:161} INFO - Started process (PID=564) to work on /home/airflow/.local/lib/python3.12/site-packages/airflow/example_dags/example_branch_datetime_operator.py
[2024-05-05T01:34:40.334+0000] {processor.py:830} INFO - Processing file /home/airflow/.local/lib/python3.12/site-packages/airflow/example_dags/example_branch_datetime_operator.py for tasks to queue
[2024-05-05T01:34:40.336+0000] {logging_mixin.py:188} INFO - [2024-05-05T01:34:40.336+0000] {dagbag.py:540} INFO - Filling up the DagBag from /home/airflow/.local/lib/python3.12/site-packages/airflow/example_dags/example_branch_datetime_operator.py
[2024-05-05T01:34:40.349+0000] {processor.py:840} INFO - DAG(s) 'example_branch_datetime_operator_3', 'example_branch_datetime_operator_2', 'example_branch_datetime_operator' retrieved from /home/airflow/.local/lib/python3.12/site-packages/airflow/example_dags/example_branch_datetime_operator.py
[2024-05-05T01:34:40.377+0000] {logging_mixin.py:188} INFO - [2024-05-05T01:34:40.377+0000] {dag.py:3096} INFO - Sync 3 DAGs
[2024-05-05T01:34:40.409+0000] {logging_mixin.py:188} INFO - [2024-05-05T01:34:40.408+0000] {dag.py:3954} INFO - Setting next_dagrun for example_branch_datetime_operator to 2024-05-04 00:00:00+00:00, run_after=2024-05-05 00:00:00+00:00
[2024-05-05T01:34:40.415+0000] {logging_mixin.py:188} INFO - [2024-05-05T01:34:40.415+0000] {dag.py:3954} INFO - Setting next_dagrun for example_branch_datetime_operator_2 to 2024-05-04 00:00:00+00:00, run_after=2024-05-05 00:00:00+00:00
[2024-05-05T01:34:40.419+0000] {logging_mixin.py:188} INFO - [2024-05-05T01:34:40.419+0000] {dag.py:3954} INFO - Setting next_dagrun for example_branch_datetime_operator_3 to 2024-05-04 00:00:00+00:00, run_after=2024-05-05 00:00:00+00:00
[2024-05-05T01:34:40.448+0000] {processor.py:183} INFO - Processing /home/airflow/.local/lib/python3.12/site-packages/airflow/example_dags/example_branch_datetime_operator.py took 0.121 seconds
[2024-05-05T01:35:10.882+0000] {processor.py:161} INFO - Started process (PID=624) to work on /home/airflow/.local/lib/python3.12/site-packages/airflow/example_dags/example_branch_datetime_operator.py
[2024-05-05T01:35:10.883+0000] {processor.py:830} INFO - Processing file /home/airflow/.local/lib/python3.12/site-packages/airflow/example_dags/example_branch_datetime_operator.py for tasks to queue
[2024-05-05T01:35:10.886+0000] {logging_mixin.py:188} INFO - [2024-05-05T01:35:10.885+0000] {dagbag.py:540} INFO - Filling up the DagBag from /home/airflow/.local/lib/python3.12/site-packages/airflow/example_dags/example_branch_datetime_operator.py
[2024-05-05T01:35:10.895+0000] {processor.py:840} INFO - DAG(s) 'example_branch_datetime_operator_2', 'example_branch_datetime_operator', 'example_branch_datetime_operator_3' retrieved from /home/airflow/.local/lib/python3.12/site-packages/airflow/example_dags/example_branch_datetime_operator.py
[2024-05-05T01:35:10.923+0000] {logging_mixin.py:188} INFO - [2024-05-05T01:35:10.923+0000] {dag.py:3096} INFO - Sync 3 DAGs
[2024-05-05T01:35:10.947+0000] {logging_mixin.py:188} INFO - [2024-05-05T01:35:10.946+0000] {dag.py:3954} INFO - Setting next_dagrun for example_branch_datetime_operator to 2024-05-04 00:00:00+00:00, run_after=2024-05-05 00:00:00+00:00
[2024-05-05T01:35:10.953+0000] {logging_mixin.py:188} INFO - [2024-05-05T01:35:10.953+0000] {dag.py:3954} INFO - Setting next_dagrun for example_branch_datetime_operator_2 to 2024-05-04 00:00:00+00:00, run_after=2024-05-05 00:00:00+00:00
[2024-05-05T01:35:10.956+0000] {logging_mixin.py:188} INFO - [2024-05-05T01:35:10.956+0000] {dag.py:3954} INFO - Setting next_dagrun for example_branch_datetime_operator_3 to 2024-05-04 00:00:00+00:00, run_after=2024-05-05 00:00:00+00:00
[2024-05-05T01:35:10.978+0000] {processor.py:183} INFO - Processing /home/airflow/.local/lib/python3.12/site-packages/airflow/example_dags/example_branch_datetime_operator.py took 0.102 seconds
[2024-05-05T01:35:41.520+0000] {processor.py:161} INFO - Started process (PID=684) to work on /home/airflow/.local/lib/python3.12/site-packages/airflow/example_dags/example_branch_datetime_operator.py
[2024-05-05T01:35:41.521+0000] {processor.py:830} INFO - Processing file /home/airflow/.local/lib/python3.12/site-packages/airflow/example_dags/example_branch_datetime_operator.py for tasks to queue
[2024-05-05T01:35:41.524+0000] {logging_mixin.py:188} INFO - [2024-05-05T01:35:41.524+0000] {dagbag.py:540} INFO - Filling up the DagBag from /home/airflow/.local/lib/python3.12/site-packages/airflow/example_dags/example_branch_datetime_operator.py
[2024-05-05T01:35:41.538+0000] {processor.py:840} INFO - DAG(s) 'example_branch_datetime_operator', 'example_branch_datetime_operator_3', 'example_branch_datetime_operator_2' retrieved from /home/airflow/.local/lib/python3.12/site-packages/airflow/example_dags/example_branch_datetime_operator.py
[2024-05-05T01:35:41.585+0000] {logging_mixin.py:188} INFO - [2024-05-05T01:35:41.585+0000] {dag.py:3096} INFO - Sync 3 DAGs
[2024-05-05T01:35:41.619+0000] {logging_mixin.py:188} INFO - [2024-05-05T01:35:41.618+0000] {dag.py:3954} INFO - Setting next_dagrun for example_branch_datetime_operator to 2024-05-04 00:00:00+00:00, run_after=2024-05-05 00:00:00+00:00
[2024-05-05T01:35:41.626+0000] {logging_mixin.py:188} INFO - [2024-05-05T01:35:41.625+0000] {dag.py:3954} INFO - Setting next_dagrun for example_branch_datetime_operator_2 to 2024-05-04 00:00:00+00:00, run_after=2024-05-05 00:00:00+00:00
[2024-05-05T01:35:41.629+0000] {logging_mixin.py:188} INFO - [2024-05-05T01:35:41.629+0000] {dag.py:3954} INFO - Setting next_dagrun for example_branch_datetime_operator_3 to 2024-05-04 00:00:00+00:00, run_after=2024-05-05 00:00:00+00:00
[2024-05-05T01:35:41.658+0000] {processor.py:183} INFO - Processing /home/airflow/.local/lib/python3.12/site-packages/airflow/example_dags/example_branch_datetime_operator.py took 0.149 seconds
[2024-05-05T02:04:19.739+0000] {processor.py:161} INFO - Started process (PID=81) to work on /home/airflow/.local/lib/python3.12/site-packages/airflow/example_dags/example_branch_datetime_operator.py
[2024-05-05T02:04:19.740+0000] {processor.py:830} INFO - Processing file /home/airflow/.local/lib/python3.12/site-packages/airflow/example_dags/example_branch_datetime_operator.py for tasks to queue
[2024-05-05T02:04:19.742+0000] {logging_mixin.py:188} INFO - [2024-05-05T02:04:19.742+0000] {dagbag.py:540} INFO - Filling up the DagBag from /home/airflow/.local/lib/python3.12/site-packages/airflow/example_dags/example_branch_datetime_operator.py
[2024-05-05T02:04:19.756+0000] {processor.py:840} INFO - DAG(s) 'example_branch_datetime_operator', 'example_branch_datetime_operator_3', 'example_branch_datetime_operator_2' retrieved from /home/airflow/.local/lib/python3.12/site-packages/airflow/example_dags/example_branch_datetime_operator.py
[2024-05-05T02:04:19.940+0000] {logging_mixin.py:188} INFO - [2024-05-05T02:04:19.940+0000] {dag.py:3096} INFO - Sync 3 DAGs
[2024-05-05T02:04:19.971+0000] {logging_mixin.py:188} INFO - [2024-05-05T02:04:19.970+0000] {dag.py:3954} INFO - Setting next_dagrun for example_branch_datetime_operator to 2024-05-04 00:00:00+00:00, run_after=2024-05-05 00:00:00+00:00
[2024-05-05T02:04:19.976+0000] {logging_mixin.py:188} INFO - [2024-05-05T02:04:19.976+0000] {dag.py:3954} INFO - Setting next_dagrun for example_branch_datetime_operator_2 to 2024-05-04 00:00:00+00:00, run_after=2024-05-05 00:00:00+00:00
[2024-05-05T02:04:19.982+0000] {logging_mixin.py:188} INFO - [2024-05-05T02:04:19.981+0000] {dag.py:3954} INFO - Setting next_dagrun for example_branch_datetime_operator_3 to 2024-05-04 00:00:00+00:00, run_after=2024-05-05 00:00:00+00:00
[2024-05-05T02:04:20.011+0000] {processor.py:183} INFO - Processing /home/airflow/.local/lib/python3.12/site-packages/airflow/example_dags/example_branch_datetime_operator.py took 0.278 seconds
[2024-05-05T02:04:50.321+0000] {processor.py:161} INFO - Started process (PID=141) to work on /home/airflow/.local/lib/python3.12/site-packages/airflow/example_dags/example_branch_datetime_operator.py
[2024-05-05T02:04:50.322+0000] {processor.py:830} INFO - Processing file /home/airflow/.local/lib/python3.12/site-packages/airflow/example_dags/example_branch_datetime_operator.py for tasks to queue
[2024-05-05T02:04:50.325+0000] {logging_mixin.py:188} INFO - [2024-05-05T02:04:50.324+0000] {dagbag.py:540} INFO - Filling up the DagBag from /home/airflow/.local/lib/python3.12/site-packages/airflow/example_dags/example_branch_datetime_operator.py
[2024-05-05T02:04:50.340+0000] {processor.py:840} INFO - DAG(s) 'example_branch_datetime_operator_3', 'example_branch_datetime_operator', 'example_branch_datetime_operator_2' retrieved from /home/airflow/.local/lib/python3.12/site-packages/airflow/example_dags/example_branch_datetime_operator.py
[2024-05-05T02:04:50.383+0000] {logging_mixin.py:188} INFO - [2024-05-05T02:04:50.383+0000] {dag.py:3096} INFO - Sync 3 DAGs
[2024-05-05T02:04:50.421+0000] {logging_mixin.py:188} INFO - [2024-05-05T02:04:50.421+0000] {dag.py:3954} INFO - Setting next_dagrun for example_branch_datetime_operator to 2024-05-04 00:00:00+00:00, run_after=2024-05-05 00:00:00+00:00
[2024-05-05T02:04:50.427+0000] {logging_mixin.py:188} INFO - [2024-05-05T02:04:50.427+0000] {dag.py:3954} INFO - Setting next_dagrun for example_branch_datetime_operator_2 to 2024-05-04 00:00:00+00:00, run_after=2024-05-05 00:00:00+00:00
[2024-05-05T02:04:50.431+0000] {logging_mixin.py:188} INFO - [2024-05-05T02:04:50.431+0000] {dag.py:3954} INFO - Setting next_dagrun for example_branch_datetime_operator_3 to 2024-05-04 00:00:00+00:00, run_after=2024-05-05 00:00:00+00:00
[2024-05-05T02:04:50.456+0000] {processor.py:183} INFO - Processing /home/airflow/.local/lib/python3.12/site-packages/airflow/example_dags/example_branch_datetime_operator.py took 0.144 seconds
[2024-05-05T02:05:20.538+0000] {processor.py:161} INFO - Started process (PID=201) to work on /home/airflow/.local/lib/python3.12/site-packages/airflow/example_dags/example_branch_datetime_operator.py
[2024-05-05T02:05:20.539+0000] {processor.py:830} INFO - Processing file /home/airflow/.local/lib/python3.12/site-packages/airflow/example_dags/example_branch_datetime_operator.py for tasks to queue
[2024-05-05T02:05:20.541+0000] {logging_mixin.py:188} INFO - [2024-05-05T02:05:20.541+0000] {dagbag.py:540} INFO - Filling up the DagBag from /home/airflow/.local/lib/python3.12/site-packages/airflow/example_dags/example_branch_datetime_operator.py
[2024-05-05T02:05:20.552+0000] {processor.py:840} INFO - DAG(s) 'example_branch_datetime_operator_2', 'example_branch_datetime_operator_3', 'example_branch_datetime_operator' retrieved from /home/airflow/.local/lib/python3.12/site-packages/airflow/example_dags/example_branch_datetime_operator.py
[2024-05-05T02:05:20.584+0000] {logging_mixin.py:188} INFO - [2024-05-05T02:05:20.584+0000] {dag.py:3096} INFO - Sync 3 DAGs
[2024-05-05T02:05:20.615+0000] {logging_mixin.py:188} INFO - [2024-05-05T02:05:20.614+0000] {dag.py:3954} INFO - Setting next_dagrun for example_branch_datetime_operator to 2024-05-04 00:00:00+00:00, run_after=2024-05-05 00:00:00+00:00
[2024-05-05T02:05:20.622+0000] {logging_mixin.py:188} INFO - [2024-05-05T02:05:20.622+0000] {dag.py:3954} INFO - Setting next_dagrun for example_branch_datetime_operator_2 to 2024-05-04 00:00:00+00:00, run_after=2024-05-05 00:00:00+00:00
[2024-05-05T02:05:20.626+0000] {logging_mixin.py:188} INFO - [2024-05-05T02:05:20.626+0000] {dag.py:3954} INFO - Setting next_dagrun for example_branch_datetime_operator_3 to 2024-05-04 00:00:00+00:00, run_after=2024-05-05 00:00:00+00:00
[2024-05-05T02:05:20.647+0000] {processor.py:183} INFO - Processing /home/airflow/.local/lib/python3.12/site-packages/airflow/example_dags/example_branch_datetime_operator.py took 0.116 seconds
[2024-05-05T02:05:50.949+0000] {processor.py:161} INFO - Started process (PID=261) to work on /home/airflow/.local/lib/python3.12/site-packages/airflow/example_dags/example_branch_datetime_operator.py
[2024-05-05T02:05:50.950+0000] {processor.py:830} INFO - Processing file /home/airflow/.local/lib/python3.12/site-packages/airflow/example_dags/example_branch_datetime_operator.py for tasks to queue
[2024-05-05T02:05:50.952+0000] {logging_mixin.py:188} INFO - [2024-05-05T02:05:50.952+0000] {dagbag.py:540} INFO - Filling up the DagBag from /home/airflow/.local/lib/python3.12/site-packages/airflow/example_dags/example_branch_datetime_operator.py
[2024-05-05T02:05:50.965+0000] {processor.py:840} INFO - DAG(s) 'example_branch_datetime_operator_2', 'example_branch_datetime_operator_3', 'example_branch_datetime_operator' retrieved from /home/airflow/.local/lib/python3.12/site-packages/airflow/example_dags/example_branch_datetime_operator.py
[2024-05-05T02:05:50.994+0000] {logging_mixin.py:188} INFO - [2024-05-05T02:05:50.994+0000] {dag.py:3096} INFO - Sync 3 DAGs
[2024-05-05T02:05:51.026+0000] {logging_mixin.py:188} INFO - [2024-05-05T02:05:51.026+0000] {dag.py:3954} INFO - Setting next_dagrun for example_branch_datetime_operator to 2024-05-04 00:00:00+00:00, run_after=2024-05-05 00:00:00+00:00
[2024-05-05T02:05:51.032+0000] {logging_mixin.py:188} INFO - [2024-05-05T02:05:51.032+0000] {dag.py:3954} INFO - Setting next_dagrun for example_branch_datetime_operator_2 to 2024-05-04 00:00:00+00:00, run_after=2024-05-05 00:00:00+00:00
[2024-05-05T02:05:51.035+0000] {logging_mixin.py:188} INFO - [2024-05-05T02:05:51.035+0000] {dag.py:3954} INFO - Setting next_dagrun for example_branch_datetime_operator_3 to 2024-05-04 00:00:00+00:00, run_after=2024-05-05 00:00:00+00:00
[2024-05-05T02:05:51.055+0000] {processor.py:183} INFO - Processing /home/airflow/.local/lib/python3.12/site-packages/airflow/example_dags/example_branch_datetime_operator.py took 0.111 seconds
[2024-05-05T02:06:22.103+0000] {processor.py:161} INFO - Started process (PID=321) to work on /home/airflow/.local/lib/python3.12/site-packages/airflow/example_dags/example_branch_datetime_operator.py
[2024-05-05T02:06:22.104+0000] {processor.py:830} INFO - Processing file /home/airflow/.local/lib/python3.12/site-packages/airflow/example_dags/example_branch_datetime_operator.py for tasks to queue
[2024-05-05T02:06:22.106+0000] {logging_mixin.py:188} INFO - [2024-05-05T02:06:22.106+0000] {dagbag.py:540} INFO - Filling up the DagBag from /home/airflow/.local/lib/python3.12/site-packages/airflow/example_dags/example_branch_datetime_operator.py
[2024-05-05T02:06:22.119+0000] {processor.py:840} INFO - DAG(s) 'example_branch_datetime_operator', 'example_branch_datetime_operator_3', 'example_branch_datetime_operator_2' retrieved from /home/airflow/.local/lib/python3.12/site-packages/airflow/example_dags/example_branch_datetime_operator.py
[2024-05-05T02:06:22.154+0000] {logging_mixin.py:188} INFO - [2024-05-05T02:06:22.154+0000] {dag.py:3096} INFO - Sync 3 DAGs
[2024-05-05T02:06:22.185+0000] {logging_mixin.py:188} INFO - [2024-05-05T02:06:22.185+0000] {dag.py:3954} INFO - Setting next_dagrun for example_branch_datetime_operator to 2024-05-04 00:00:00+00:00, run_after=2024-05-05 00:00:00+00:00
[2024-05-05T02:06:22.192+0000] {logging_mixin.py:188} INFO - [2024-05-05T02:06:22.192+0000] {dag.py:3954} INFO - Setting next_dagrun for example_branch_datetime_operator_2 to 2024-05-04 00:00:00+00:00, run_after=2024-05-05 00:00:00+00:00
[2024-05-05T02:06:22.196+0000] {logging_mixin.py:188} INFO - [2024-05-05T02:06:22.195+0000] {dag.py:3954} INFO - Setting next_dagrun for example_branch_datetime_operator_3 to 2024-05-04 00:00:00+00:00, run_after=2024-05-05 00:00:00+00:00
[2024-05-05T02:06:22.220+0000] {processor.py:183} INFO - Processing /home/airflow/.local/lib/python3.12/site-packages/airflow/example_dags/example_branch_datetime_operator.py took 0.124 seconds
[2024-05-05T02:06:52.871+0000] {processor.py:161} INFO - Started process (PID=381) to work on /home/airflow/.local/lib/python3.12/site-packages/airflow/example_dags/example_branch_datetime_operator.py
[2024-05-05T02:06:52.872+0000] {processor.py:830} INFO - Processing file /home/airflow/.local/lib/python3.12/site-packages/airflow/example_dags/example_branch_datetime_operator.py for tasks to queue
[2024-05-05T02:06:52.874+0000] {logging_mixin.py:188} INFO - [2024-05-05T02:06:52.874+0000] {dagbag.py:540} INFO - Filling up the DagBag from /home/airflow/.local/lib/python3.12/site-packages/airflow/example_dags/example_branch_datetime_operator.py
[2024-05-05T02:06:52.885+0000] {processor.py:840} INFO - DAG(s) 'example_branch_datetime_operator_2', 'example_branch_datetime_operator_3', 'example_branch_datetime_operator' retrieved from /home/airflow/.local/lib/python3.12/site-packages/airflow/example_dags/example_branch_datetime_operator.py
[2024-05-05T02:06:52.917+0000] {logging_mixin.py:188} INFO - [2024-05-05T02:06:52.916+0000] {dag.py:3096} INFO - Sync 3 DAGs
[2024-05-05T02:06:52.944+0000] {logging_mixin.py:188} INFO - [2024-05-05T02:06:52.944+0000] {dag.py:3954} INFO - Setting next_dagrun for example_branch_datetime_operator to 2024-05-04 00:00:00+00:00, run_after=2024-05-05 00:00:00+00:00
[2024-05-05T02:06:52.950+0000] {logging_mixin.py:188} INFO - [2024-05-05T02:06:52.950+0000] {dag.py:3954} INFO - Setting next_dagrun for example_branch_datetime_operator_2 to 2024-05-04 00:00:00+00:00, run_after=2024-05-05 00:00:00+00:00
[2024-05-05T02:06:52.953+0000] {logging_mixin.py:188} INFO - [2024-05-05T02:06:52.953+0000] {dag.py:3954} INFO - Setting next_dagrun for example_branch_datetime_operator_3 to 2024-05-04 00:00:00+00:00, run_after=2024-05-05 00:00:00+00:00
[2024-05-05T02:06:52.971+0000] {processor.py:183} INFO - Processing /home/airflow/.local/lib/python3.12/site-packages/airflow/example_dags/example_branch_datetime_operator.py took 0.106 seconds
