[2024-05-05T01:30:31.584+0000] {processor.py:161} INFO - Started process (PID=46) to work on /home/airflow/.local/lib/python3.12/site-packages/airflow/example_dags/example_sensors.py
[2024-05-05T01:30:31.585+0000] {processor.py:830} INFO - Processing file /home/airflow/.local/lib/python3.12/site-packages/airflow/example_dags/example_sensors.py for tasks to queue
[2024-05-05T01:30:31.588+0000] {logging_mixin.py:188} INFO - [2024-05-05T01:30:31.588+0000] {dagbag.py:540} INFO - Filling up the DagBag from /home/airflow/.local/lib/python3.12/site-packages/airflow/example_dags/example_sensors.py
[2024-05-05T01:30:31.610+0000] {processor.py:840} INFO - DAG(s) 'example_sensors' retrieved from /home/airflow/.local/lib/python3.12/site-packages/airflow/example_dags/example_sensors.py
[2024-05-05T01:30:31.783+0000] {logging_mixin.py:188} INFO - [2024-05-05T01:30:31.782+0000] {dag.py:3096} INFO - Sync 1 DAGs
[2024-05-05T01:30:31.799+0000] {logging_mixin.py:188} INFO - [2024-05-05T01:30:31.799+0000] {dag.py:3954} INFO - Setting next_dagrun for example_sensors to None, run_after=None
[2024-05-05T01:30:31.827+0000] {processor.py:183} INFO - Processing /home/airflow/.local/lib/python3.12/site-packages/airflow/example_dags/example_sensors.py took 0.249 seconds
[2024-05-05T01:31:02.615+0000] {processor.py:161} INFO - Started process (PID=106) to work on /home/airflow/.local/lib/python3.12/site-packages/airflow/example_dags/example_sensors.py
[2024-05-05T01:31:02.617+0000] {processor.py:830} INFO - Processing file /home/airflow/.local/lib/python3.12/site-packages/airflow/example_dags/example_sensors.py for tasks to queue
[2024-05-05T01:31:02.621+0000] {logging_mixin.py:188} INFO - [2024-05-05T01:31:02.620+0000] {dagbag.py:540} INFO - Filling up the DagBag from /home/airflow/.local/lib/python3.12/site-packages/airflow/example_dags/example_sensors.py
[2024-05-05T01:31:02.633+0000] {processor.py:840} INFO - DAG(s) 'example_sensors' retrieved from /home/airflow/.local/lib/python3.12/site-packages/airflow/example_dags/example_sensors.py
[2024-05-05T01:31:02.666+0000] {logging_mixin.py:188} INFO - [2024-05-05T01:31:02.665+0000] {dag.py:3096} INFO - Sync 1 DAGs
[2024-05-05T01:31:02.681+0000] {logging_mixin.py:188} INFO - [2024-05-05T01:31:02.681+0000] {dag.py:3954} INFO - Setting next_dagrun for example_sensors to None, run_after=None
[2024-05-05T01:31:02.705+0000] {processor.py:183} INFO - Processing /home/airflow/.local/lib/python3.12/site-packages/airflow/example_dags/example_sensors.py took 0.098 seconds
[2024-05-05T01:31:32.825+0000] {processor.py:161} INFO - Started process (PID=166) to work on /home/airflow/.local/lib/python3.12/site-packages/airflow/example_dags/example_sensors.py
[2024-05-05T01:31:32.826+0000] {processor.py:830} INFO - Processing file /home/airflow/.local/lib/python3.12/site-packages/airflow/example_dags/example_sensors.py for tasks to queue
[2024-05-05T01:31:32.829+0000] {logging_mixin.py:188} INFO - [2024-05-05T01:31:32.829+0000] {dagbag.py:540} INFO - Filling up the DagBag from /home/airflow/.local/lib/python3.12/site-packages/airflow/example_dags/example_sensors.py
[2024-05-05T01:31:32.842+0000] {processor.py:840} INFO - DAG(s) 'example_sensors' retrieved from /home/airflow/.local/lib/python3.12/site-packages/airflow/example_dags/example_sensors.py
[2024-05-05T01:31:32.881+0000] {logging_mixin.py:188} INFO - [2024-05-05T01:31:32.880+0000] {dag.py:3096} INFO - Sync 1 DAGs
[2024-05-05T01:31:32.897+0000] {logging_mixin.py:188} INFO - [2024-05-05T01:31:32.897+0000] {dag.py:3954} INFO - Setting next_dagrun for example_sensors to None, run_after=None
[2024-05-05T01:31:32.922+0000] {processor.py:183} INFO - Processing /home/airflow/.local/lib/python3.12/site-packages/airflow/example_dags/example_sensors.py took 0.104 seconds
[2024-05-05T01:32:03.219+0000] {processor.py:161} INFO - Started process (PID=226) to work on /home/airflow/.local/lib/python3.12/site-packages/airflow/example_dags/example_sensors.py
[2024-05-05T01:32:03.220+0000] {processor.py:830} INFO - Processing file /home/airflow/.local/lib/python3.12/site-packages/airflow/example_dags/example_sensors.py for tasks to queue
[2024-05-05T01:32:03.222+0000] {logging_mixin.py:188} INFO - [2024-05-05T01:32:03.222+0000] {dagbag.py:540} INFO - Filling up the DagBag from /home/airflow/.local/lib/python3.12/site-packages/airflow/example_dags/example_sensors.py
[2024-05-05T01:32:03.233+0000] {processor.py:840} INFO - DAG(s) 'example_sensors' retrieved from /home/airflow/.local/lib/python3.12/site-packages/airflow/example_dags/example_sensors.py
[2024-05-05T01:32:03.264+0000] {logging_mixin.py:188} INFO - [2024-05-05T01:32:03.263+0000] {dag.py:3096} INFO - Sync 1 DAGs
[2024-05-05T01:32:03.280+0000] {logging_mixin.py:188} INFO - [2024-05-05T01:32:03.280+0000] {dag.py:3954} INFO - Setting next_dagrun for example_sensors to None, run_after=None
[2024-05-05T01:32:03.304+0000] {processor.py:183} INFO - Processing /home/airflow/.local/lib/python3.12/site-packages/airflow/example_dags/example_sensors.py took 0.090 seconds
[2024-05-05T01:32:33.552+0000] {processor.py:161} INFO - Started process (PID=287) to work on /home/airflow/.local/lib/python3.12/site-packages/airflow/example_dags/example_sensors.py
[2024-05-05T01:32:33.553+0000] {processor.py:830} INFO - Processing file /home/airflow/.local/lib/python3.12/site-packages/airflow/example_dags/example_sensors.py for tasks to queue
[2024-05-05T01:32:33.555+0000] {logging_mixin.py:188} INFO - [2024-05-05T01:32:33.555+0000] {dagbag.py:540} INFO - Filling up the DagBag from /home/airflow/.local/lib/python3.12/site-packages/airflow/example_dags/example_sensors.py
[2024-05-05T01:32:33.567+0000] {processor.py:840} INFO - DAG(s) 'example_sensors' retrieved from /home/airflow/.local/lib/python3.12/site-packages/airflow/example_dags/example_sensors.py
[2024-05-05T01:32:33.601+0000] {logging_mixin.py:188} INFO - [2024-05-05T01:32:33.601+0000] {dag.py:3096} INFO - Sync 1 DAGs
[2024-05-05T01:32:33.617+0000] {logging_mixin.py:188} INFO - [2024-05-05T01:32:33.617+0000] {dag.py:3954} INFO - Setting next_dagrun for example_sensors to None, run_after=None
[2024-05-05T01:32:33.643+0000] {processor.py:183} INFO - Processing /home/airflow/.local/lib/python3.12/site-packages/airflow/example_dags/example_sensors.py took 0.098 seconds
[2024-05-05T01:33:04.162+0000] {processor.py:161} INFO - Started process (PID=347) to work on /home/airflow/.local/lib/python3.12/site-packages/airflow/example_dags/example_sensors.py
[2024-05-05T01:33:04.164+0000] {processor.py:830} INFO - Processing file /home/airflow/.local/lib/python3.12/site-packages/airflow/example_dags/example_sensors.py for tasks to queue
[2024-05-05T01:33:04.166+0000] {logging_mixin.py:188} INFO - [2024-05-05T01:33:04.165+0000] {dagbag.py:540} INFO - Filling up the DagBag from /home/airflow/.local/lib/python3.12/site-packages/airflow/example_dags/example_sensors.py
[2024-05-05T01:33:04.176+0000] {processor.py:840} INFO - DAG(s) 'example_sensors' retrieved from /home/airflow/.local/lib/python3.12/site-packages/airflow/example_dags/example_sensors.py
[2024-05-05T01:33:04.205+0000] {logging_mixin.py:188} INFO - [2024-05-05T01:33:04.204+0000] {dag.py:3096} INFO - Sync 1 DAGs
[2024-05-05T01:33:04.218+0000] {logging_mixin.py:188} INFO - [2024-05-05T01:33:04.218+0000] {dag.py:3954} INFO - Setting next_dagrun for example_sensors to None, run_after=None
[2024-05-05T01:33:04.244+0000] {processor.py:183} INFO - Processing /home/airflow/.local/lib/python3.12/site-packages/airflow/example_dags/example_sensors.py took 0.087 seconds
[2024-05-05T01:33:34.398+0000] {processor.py:161} INFO - Started process (PID=407) to work on /home/airflow/.local/lib/python3.12/site-packages/airflow/example_dags/example_sensors.py
[2024-05-05T01:33:34.399+0000] {processor.py:830} INFO - Processing file /home/airflow/.local/lib/python3.12/site-packages/airflow/example_dags/example_sensors.py for tasks to queue
[2024-05-05T01:33:34.401+0000] {logging_mixin.py:188} INFO - [2024-05-05T01:33:34.401+0000] {dagbag.py:540} INFO - Filling up the DagBag from /home/airflow/.local/lib/python3.12/site-packages/airflow/example_dags/example_sensors.py
[2024-05-05T01:33:34.410+0000] {processor.py:840} INFO - DAG(s) 'example_sensors' retrieved from /home/airflow/.local/lib/python3.12/site-packages/airflow/example_dags/example_sensors.py
[2024-05-05T01:33:34.441+0000] {logging_mixin.py:188} INFO - [2024-05-05T01:33:34.440+0000] {dag.py:3096} INFO - Sync 1 DAGs
[2024-05-05T01:33:34.456+0000] {logging_mixin.py:188} INFO - [2024-05-05T01:33:34.456+0000] {dag.py:3954} INFO - Setting next_dagrun for example_sensors to None, run_after=None
[2024-05-05T01:33:34.480+0000] {processor.py:183} INFO - Processing /home/airflow/.local/lib/python3.12/site-packages/airflow/example_dags/example_sensors.py took 0.089 seconds
[2024-05-05T01:34:04.731+0000] {processor.py:161} INFO - Started process (PID=467) to work on /home/airflow/.local/lib/python3.12/site-packages/airflow/example_dags/example_sensors.py
[2024-05-05T01:34:04.733+0000] {processor.py:830} INFO - Processing file /home/airflow/.local/lib/python3.12/site-packages/airflow/example_dags/example_sensors.py for tasks to queue
[2024-05-05T01:34:04.735+0000] {logging_mixin.py:188} INFO - [2024-05-05T01:34:04.734+0000] {dagbag.py:540} INFO - Filling up the DagBag from /home/airflow/.local/lib/python3.12/site-packages/airflow/example_dags/example_sensors.py
[2024-05-05T01:34:04.744+0000] {processor.py:840} INFO - DAG(s) 'example_sensors' retrieved from /home/airflow/.local/lib/python3.12/site-packages/airflow/example_dags/example_sensors.py
[2024-05-05T01:34:04.771+0000] {logging_mixin.py:188} INFO - [2024-05-05T01:34:04.770+0000] {dag.py:3096} INFO - Sync 1 DAGs
[2024-05-05T01:34:04.786+0000] {logging_mixin.py:188} INFO - [2024-05-05T01:34:04.786+0000] {dag.py:3954} INFO - Setting next_dagrun for example_sensors to None, run_after=None
[2024-05-05T01:34:04.810+0000] {processor.py:183} INFO - Processing /home/airflow/.local/lib/python3.12/site-packages/airflow/example_dags/example_sensors.py took 0.085 seconds
[2024-05-05T01:34:35.201+0000] {processor.py:161} INFO - Started process (PID=527) to work on /home/airflow/.local/lib/python3.12/site-packages/airflow/example_dags/example_sensors.py
[2024-05-05T01:34:35.202+0000] {processor.py:830} INFO - Processing file /home/airflow/.local/lib/python3.12/site-packages/airflow/example_dags/example_sensors.py for tasks to queue
[2024-05-05T01:34:35.205+0000] {logging_mixin.py:188} INFO - [2024-05-05T01:34:35.204+0000] {dagbag.py:540} INFO - Filling up the DagBag from /home/airflow/.local/lib/python3.12/site-packages/airflow/example_dags/example_sensors.py
[2024-05-05T01:34:35.217+0000] {processor.py:840} INFO - DAG(s) 'example_sensors' retrieved from /home/airflow/.local/lib/python3.12/site-packages/airflow/example_dags/example_sensors.py
[2024-05-05T01:34:35.249+0000] {logging_mixin.py:188} INFO - [2024-05-05T01:34:35.249+0000] {dag.py:3096} INFO - Sync 1 DAGs
[2024-05-05T01:34:35.266+0000] {logging_mixin.py:188} INFO - [2024-05-05T01:34:35.266+0000] {dag.py:3954} INFO - Setting next_dagrun for example_sensors to None, run_after=None
[2024-05-05T01:34:35.289+0000] {processor.py:183} INFO - Processing /home/airflow/.local/lib/python3.12/site-packages/airflow/example_dags/example_sensors.py took 0.093 seconds
[2024-05-05T01:35:05.678+0000] {processor.py:161} INFO - Started process (PID=587) to work on /home/airflow/.local/lib/python3.12/site-packages/airflow/example_dags/example_sensors.py
[2024-05-05T01:35:05.679+0000] {processor.py:830} INFO - Processing file /home/airflow/.local/lib/python3.12/site-packages/airflow/example_dags/example_sensors.py for tasks to queue
[2024-05-05T01:35:05.681+0000] {logging_mixin.py:188} INFO - [2024-05-05T01:35:05.681+0000] {dagbag.py:540} INFO - Filling up the DagBag from /home/airflow/.local/lib/python3.12/site-packages/airflow/example_dags/example_sensors.py
[2024-05-05T01:35:05.693+0000] {processor.py:840} INFO - DAG(s) 'example_sensors' retrieved from /home/airflow/.local/lib/python3.12/site-packages/airflow/example_dags/example_sensors.py
[2024-05-05T01:35:05.727+0000] {logging_mixin.py:188} INFO - [2024-05-05T01:35:05.727+0000] {dag.py:3096} INFO - Sync 1 DAGs
[2024-05-05T01:35:05.742+0000] {logging_mixin.py:188} INFO - [2024-05-05T01:35:05.742+0000] {dag.py:3954} INFO - Setting next_dagrun for example_sensors to None, run_after=None
[2024-05-05T01:35:05.771+0000] {processor.py:183} INFO - Processing /home/airflow/.local/lib/python3.12/site-packages/airflow/example_dags/example_sensors.py took 0.102 seconds
[2024-05-05T01:35:36.285+0000] {processor.py:161} INFO - Started process (PID=647) to work on /home/airflow/.local/lib/python3.12/site-packages/airflow/example_dags/example_sensors.py
[2024-05-05T01:35:36.287+0000] {processor.py:830} INFO - Processing file /home/airflow/.local/lib/python3.12/site-packages/airflow/example_dags/example_sensors.py for tasks to queue
[2024-05-05T01:35:36.289+0000] {logging_mixin.py:188} INFO - [2024-05-05T01:35:36.289+0000] {dagbag.py:540} INFO - Filling up the DagBag from /home/airflow/.local/lib/python3.12/site-packages/airflow/example_dags/example_sensors.py
[2024-05-05T01:35:36.300+0000] {processor.py:840} INFO - DAG(s) 'example_sensors' retrieved from /home/airflow/.local/lib/python3.12/site-packages/airflow/example_dags/example_sensors.py
[2024-05-05T01:35:36.330+0000] {logging_mixin.py:188} INFO - [2024-05-05T01:35:36.329+0000] {dag.py:3096} INFO - Sync 1 DAGs
[2024-05-05T01:35:36.354+0000] {logging_mixin.py:188} INFO - [2024-05-05T01:35:36.354+0000] {dag.py:3954} INFO - Setting next_dagrun for example_sensors to None, run_after=None
[2024-05-05T01:35:36.379+0000] {processor.py:183} INFO - Processing /home/airflow/.local/lib/python3.12/site-packages/airflow/example_dags/example_sensors.py took 0.103 seconds
[2024-05-05T02:04:14.365+0000] {processor.py:161} INFO - Started process (PID=44) to work on /home/airflow/.local/lib/python3.12/site-packages/airflow/example_dags/example_sensors.py
[2024-05-05T02:04:14.366+0000] {processor.py:830} INFO - Processing file /home/airflow/.local/lib/python3.12/site-packages/airflow/example_dags/example_sensors.py for tasks to queue
[2024-05-05T02:04:14.369+0000] {logging_mixin.py:188} INFO - [2024-05-05T02:04:14.368+0000] {dagbag.py:540} INFO - Filling up the DagBag from /home/airflow/.local/lib/python3.12/site-packages/airflow/example_dags/example_sensors.py
[2024-05-05T02:04:14.383+0000] {processor.py:840} INFO - DAG(s) 'example_sensors' retrieved from /home/airflow/.local/lib/python3.12/site-packages/airflow/example_dags/example_sensors.py
[2024-05-05T02:04:14.532+0000] {logging_mixin.py:188} INFO - [2024-05-05T02:04:14.532+0000] {dag.py:3096} INFO - Sync 1 DAGs
[2024-05-05T02:04:14.548+0000] {logging_mixin.py:188} INFO - [2024-05-05T02:04:14.548+0000] {dag.py:3954} INFO - Setting next_dagrun for example_sensors to None, run_after=None
[2024-05-05T02:04:14.577+0000] {processor.py:183} INFO - Processing /home/airflow/.local/lib/python3.12/site-packages/airflow/example_dags/example_sensors.py took 0.221 seconds
[2024-05-05T02:04:44.912+0000] {processor.py:161} INFO - Started process (PID=104) to work on /home/airflow/.local/lib/python3.12/site-packages/airflow/example_dags/example_sensors.py
[2024-05-05T02:04:44.913+0000] {processor.py:830} INFO - Processing file /home/airflow/.local/lib/python3.12/site-packages/airflow/example_dags/example_sensors.py for tasks to queue
[2024-05-05T02:04:44.915+0000] {logging_mixin.py:188} INFO - [2024-05-05T02:04:44.914+0000] {dagbag.py:540} INFO - Filling up the DagBag from /home/airflow/.local/lib/python3.12/site-packages/airflow/example_dags/example_sensors.py
[2024-05-05T02:04:44.924+0000] {processor.py:840} INFO - DAG(s) 'example_sensors' retrieved from /home/airflow/.local/lib/python3.12/site-packages/airflow/example_dags/example_sensors.py
[2024-05-05T02:04:44.949+0000] {logging_mixin.py:188} INFO - [2024-05-05T02:04:44.949+0000] {dag.py:3096} INFO - Sync 1 DAGs
[2024-05-05T02:04:44.961+0000] {logging_mixin.py:188} INFO - [2024-05-05T02:04:44.961+0000] {dag.py:3954} INFO - Setting next_dagrun for example_sensors to None, run_after=None
[2024-05-05T02:04:44.981+0000] {processor.py:183} INFO - Processing /home/airflow/.local/lib/python3.12/site-packages/airflow/example_dags/example_sensors.py took 0.075 seconds
[2024-05-05T02:05:15.116+0000] {processor.py:161} INFO - Started process (PID=164) to work on /home/airflow/.local/lib/python3.12/site-packages/airflow/example_dags/example_sensors.py
[2024-05-05T02:05:15.118+0000] {processor.py:830} INFO - Processing file /home/airflow/.local/lib/python3.12/site-packages/airflow/example_dags/example_sensors.py for tasks to queue
[2024-05-05T02:05:15.120+0000] {logging_mixin.py:188} INFO - [2024-05-05T02:05:15.119+0000] {dagbag.py:540} INFO - Filling up the DagBag from /home/airflow/.local/lib/python3.12/site-packages/airflow/example_dags/example_sensors.py
[2024-05-05T02:05:15.132+0000] {processor.py:840} INFO - DAG(s) 'example_sensors' retrieved from /home/airflow/.local/lib/python3.12/site-packages/airflow/example_dags/example_sensors.py
[2024-05-05T02:05:15.172+0000] {logging_mixin.py:188} INFO - [2024-05-05T02:05:15.171+0000] {dag.py:3096} INFO - Sync 1 DAGs
[2024-05-05T02:05:15.190+0000] {logging_mixin.py:188} INFO - [2024-05-05T02:05:15.189+0000] {dag.py:3954} INFO - Setting next_dagrun for example_sensors to None, run_after=None
[2024-05-05T02:05:15.220+0000] {processor.py:183} INFO - Processing /home/airflow/.local/lib/python3.12/site-packages/airflow/example_dags/example_sensors.py took 0.110 seconds
[2024-05-05T02:05:45.741+0000] {processor.py:161} INFO - Started process (PID=224) to work on /home/airflow/.local/lib/python3.12/site-packages/airflow/example_dags/example_sensors.py
[2024-05-05T02:05:45.743+0000] {processor.py:830} INFO - Processing file /home/airflow/.local/lib/python3.12/site-packages/airflow/example_dags/example_sensors.py for tasks to queue
[2024-05-05T02:05:45.749+0000] {logging_mixin.py:188} INFO - [2024-05-05T02:05:45.748+0000] {dagbag.py:540} INFO - Filling up the DagBag from /home/airflow/.local/lib/python3.12/site-packages/airflow/example_dags/example_sensors.py
[2024-05-05T02:05:45.765+0000] {processor.py:840} INFO - DAG(s) 'example_sensors' retrieved from /home/airflow/.local/lib/python3.12/site-packages/airflow/example_dags/example_sensors.py
[2024-05-05T02:05:45.797+0000] {logging_mixin.py:188} INFO - [2024-05-05T02:05:45.797+0000] {dag.py:3096} INFO - Sync 1 DAGs
[2024-05-05T02:05:45.813+0000] {logging_mixin.py:188} INFO - [2024-05-05T02:05:45.813+0000] {dag.py:3954} INFO - Setting next_dagrun for example_sensors to None, run_after=None
[2024-05-05T02:05:45.838+0000] {processor.py:183} INFO - Processing /home/airflow/.local/lib/python3.12/site-packages/airflow/example_dags/example_sensors.py took 0.109 seconds
[2024-05-05T02:06:16.284+0000] {processor.py:161} INFO - Started process (PID=284) to work on /home/airflow/.local/lib/python3.12/site-packages/airflow/example_dags/example_sensors.py
[2024-05-05T02:06:16.285+0000] {processor.py:830} INFO - Processing file /home/airflow/.local/lib/python3.12/site-packages/airflow/example_dags/example_sensors.py for tasks to queue
[2024-05-05T02:06:16.288+0000] {logging_mixin.py:188} INFO - [2024-05-05T02:06:16.287+0000] {dagbag.py:540} INFO - Filling up the DagBag from /home/airflow/.local/lib/python3.12/site-packages/airflow/example_dags/example_sensors.py
[2024-05-05T02:06:16.297+0000] {processor.py:840} INFO - DAG(s) 'example_sensors' retrieved from /home/airflow/.local/lib/python3.12/site-packages/airflow/example_dags/example_sensors.py
[2024-05-05T02:06:16.386+0000] {logging_mixin.py:188} INFO - [2024-05-05T02:06:16.385+0000] {dag.py:3096} INFO - Sync 1 DAGs
[2024-05-05T02:06:16.425+0000] {logging_mixin.py:188} INFO - [2024-05-05T02:06:16.424+0000] {dag.py:3954} INFO - Setting next_dagrun for example_sensors to None, run_after=None
[2024-05-05T02:06:16.458+0000] {processor.py:183} INFO - Processing /home/airflow/.local/lib/python3.12/site-packages/airflow/example_dags/example_sensors.py took 0.180 seconds
[2024-05-05T02:06:46.567+0000] {processor.py:161} INFO - Started process (PID=344) to work on /home/airflow/.local/lib/python3.12/site-packages/airflow/example_dags/example_sensors.py
[2024-05-05T02:06:46.568+0000] {processor.py:830} INFO - Processing file /home/airflow/.local/lib/python3.12/site-packages/airflow/example_dags/example_sensors.py for tasks to queue
[2024-05-05T02:06:46.570+0000] {logging_mixin.py:188} INFO - [2024-05-05T02:06:46.570+0000] {dagbag.py:540} INFO - Filling up the DagBag from /home/airflow/.local/lib/python3.12/site-packages/airflow/example_dags/example_sensors.py
[2024-05-05T02:06:46.580+0000] {processor.py:840} INFO - DAG(s) 'example_sensors' retrieved from /home/airflow/.local/lib/python3.12/site-packages/airflow/example_dags/example_sensors.py
[2024-05-05T02:06:46.611+0000] {logging_mixin.py:188} INFO - [2024-05-05T02:06:46.611+0000] {dag.py:3096} INFO - Sync 1 DAGs
[2024-05-05T02:06:46.627+0000] {logging_mixin.py:188} INFO - [2024-05-05T02:06:46.627+0000] {dag.py:3954} INFO - Setting next_dagrun for example_sensors to None, run_after=None
[2024-05-05T02:06:46.651+0000] {processor.py:183} INFO - Processing /home/airflow/.local/lib/python3.12/site-packages/airflow/example_dags/example_sensors.py took 0.090 seconds
