[2024-05-05T01:30:34.657+0000] {processor.py:161} INFO - Started process (PID=65) to work on /home/airflow/.local/lib/python3.12/site-packages/airflow/example_dags/example_trigger_target_dag.py
[2024-05-05T01:30:34.659+0000] {processor.py:830} INFO - Processing file /home/airflow/.local/lib/python3.12/site-packages/airflow/example_dags/example_trigger_target_dag.py for tasks to queue
[2024-05-05T01:30:34.661+0000] {logging_mixin.py:188} INFO - [2024-05-05T01:30:34.661+0000] {dagbag.py:540} INFO - Filling up the DagBag from /home/airflow/.local/lib/python3.12/site-packages/airflow/example_dags/example_trigger_target_dag.py
[2024-05-05T01:30:34.670+0000] {processor.py:840} INFO - DAG(s) 'example_trigger_target_dag' retrieved from /home/airflow/.local/lib/python3.12/site-packages/airflow/example_dags/example_trigger_target_dag.py
[2024-05-05T01:30:34.830+0000] {logging_mixin.py:188} INFO - [2024-05-05T01:30:34.829+0000] {dag.py:3096} INFO - Sync 1 DAGs
[2024-05-05T01:30:34.848+0000] {logging_mixin.py:188} INFO - [2024-05-05T01:30:34.848+0000] {dag.py:3954} INFO - Setting next_dagrun for example_trigger_target_dag to None, run_after=None
[2024-05-05T01:30:34.883+0000] {processor.py:183} INFO - Processing /home/airflow/.local/lib/python3.12/site-packages/airflow/example_dags/example_trigger_target_dag.py took 0.233 seconds
[2024-05-05T01:31:04.947+0000] {processor.py:161} INFO - Started process (PID=125) to work on /home/airflow/.local/lib/python3.12/site-packages/airflow/example_dags/example_trigger_target_dag.py
[2024-05-05T01:31:04.948+0000] {processor.py:830} INFO - Processing file /home/airflow/.local/lib/python3.12/site-packages/airflow/example_dags/example_trigger_target_dag.py for tasks to queue
[2024-05-05T01:31:04.951+0000] {logging_mixin.py:188} INFO - [2024-05-05T01:31:04.951+0000] {dagbag.py:540} INFO - Filling up the DagBag from /home/airflow/.local/lib/python3.12/site-packages/airflow/example_dags/example_trigger_target_dag.py
[2024-05-05T01:31:04.957+0000] {processor.py:840} INFO - DAG(s) 'example_trigger_target_dag' retrieved from /home/airflow/.local/lib/python3.12/site-packages/airflow/example_dags/example_trigger_target_dag.py
[2024-05-05T01:31:04.980+0000] {logging_mixin.py:188} INFO - [2024-05-05T01:31:04.980+0000] {dag.py:3096} INFO - Sync 1 DAGs
[2024-05-05T01:31:04.993+0000] {logging_mixin.py:188} INFO - [2024-05-05T01:31:04.993+0000] {dag.py:3954} INFO - Setting next_dagrun for example_trigger_target_dag to None, run_after=None
[2024-05-05T01:31:05.017+0000] {processor.py:183} INFO - Processing /home/airflow/.local/lib/python3.12/site-packages/airflow/example_dags/example_trigger_target_dag.py took 0.078 seconds
[2024-05-05T01:31:35.388+0000] {processor.py:161} INFO - Started process (PID=185) to work on /home/airflow/.local/lib/python3.12/site-packages/airflow/example_dags/example_trigger_target_dag.py
[2024-05-05T01:31:35.389+0000] {processor.py:830} INFO - Processing file /home/airflow/.local/lib/python3.12/site-packages/airflow/example_dags/example_trigger_target_dag.py for tasks to queue
[2024-05-05T01:31:35.395+0000] {logging_mixin.py:188} INFO - [2024-05-05T01:31:35.395+0000] {dagbag.py:540} INFO - Filling up the DagBag from /home/airflow/.local/lib/python3.12/site-packages/airflow/example_dags/example_trigger_target_dag.py
[2024-05-05T01:31:35.406+0000] {processor.py:840} INFO - DAG(s) 'example_trigger_target_dag' retrieved from /home/airflow/.local/lib/python3.12/site-packages/airflow/example_dags/example_trigger_target_dag.py
[2024-05-05T01:31:35.432+0000] {logging_mixin.py:188} INFO - [2024-05-05T01:31:35.431+0000] {dag.py:3096} INFO - Sync 1 DAGs
[2024-05-05T01:31:35.449+0000] {logging_mixin.py:188} INFO - [2024-05-05T01:31:35.449+0000] {dag.py:3954} INFO - Setting next_dagrun for example_trigger_target_dag to None, run_after=None
[2024-05-05T01:31:35.477+0000] {processor.py:183} INFO - Processing /home/airflow/.local/lib/python3.12/site-packages/airflow/example_dags/example_trigger_target_dag.py took 0.096 seconds
[2024-05-05T01:32:05.734+0000] {processor.py:161} INFO - Started process (PID=245) to work on /home/airflow/.local/lib/python3.12/site-packages/airflow/example_dags/example_trigger_target_dag.py
[2024-05-05T01:32:05.736+0000] {processor.py:830} INFO - Processing file /home/airflow/.local/lib/python3.12/site-packages/airflow/example_dags/example_trigger_target_dag.py for tasks to queue
[2024-05-05T01:32:05.739+0000] {logging_mixin.py:188} INFO - [2024-05-05T01:32:05.738+0000] {dagbag.py:540} INFO - Filling up the DagBag from /home/airflow/.local/lib/python3.12/site-packages/airflow/example_dags/example_trigger_target_dag.py
[2024-05-05T01:32:05.748+0000] {processor.py:840} INFO - DAG(s) 'example_trigger_target_dag' retrieved from /home/airflow/.local/lib/python3.12/site-packages/airflow/example_dags/example_trigger_target_dag.py
[2024-05-05T01:32:05.773+0000] {logging_mixin.py:188} INFO - [2024-05-05T01:32:05.773+0000] {dag.py:3096} INFO - Sync 1 DAGs
[2024-05-05T01:32:05.792+0000] {logging_mixin.py:188} INFO - [2024-05-05T01:32:05.792+0000] {dag.py:3954} INFO - Setting next_dagrun for example_trigger_target_dag to None, run_after=None
[2024-05-05T01:32:05.815+0000] {processor.py:183} INFO - Processing /home/airflow/.local/lib/python3.12/site-packages/airflow/example_dags/example_trigger_target_dag.py took 0.089 seconds
[2024-05-05T01:32:36.084+0000] {processor.py:161} INFO - Started process (PID=306) to work on /home/airflow/.local/lib/python3.12/site-packages/airflow/example_dags/example_trigger_target_dag.py
[2024-05-05T01:32:36.085+0000] {processor.py:830} INFO - Processing file /home/airflow/.local/lib/python3.12/site-packages/airflow/example_dags/example_trigger_target_dag.py for tasks to queue
[2024-05-05T01:32:36.088+0000] {logging_mixin.py:188} INFO - [2024-05-05T01:32:36.087+0000] {dagbag.py:540} INFO - Filling up the DagBag from /home/airflow/.local/lib/python3.12/site-packages/airflow/example_dags/example_trigger_target_dag.py
[2024-05-05T01:32:36.096+0000] {processor.py:840} INFO - DAG(s) 'example_trigger_target_dag' retrieved from /home/airflow/.local/lib/python3.12/site-packages/airflow/example_dags/example_trigger_target_dag.py
[2024-05-05T01:32:36.121+0000] {logging_mixin.py:188} INFO - [2024-05-05T01:32:36.120+0000] {dag.py:3096} INFO - Sync 1 DAGs
[2024-05-05T01:32:36.139+0000] {logging_mixin.py:188} INFO - [2024-05-05T01:32:36.138+0000] {dag.py:3954} INFO - Setting next_dagrun for example_trigger_target_dag to None, run_after=None
[2024-05-05T01:32:36.167+0000] {processor.py:183} INFO - Processing /home/airflow/.local/lib/python3.12/site-packages/airflow/example_dags/example_trigger_target_dag.py took 0.091 seconds
[2024-05-05T01:33:06.605+0000] {processor.py:161} INFO - Started process (PID=366) to work on /home/airflow/.local/lib/python3.12/site-packages/airflow/example_dags/example_trigger_target_dag.py
[2024-05-05T01:33:06.607+0000] {processor.py:830} INFO - Processing file /home/airflow/.local/lib/python3.12/site-packages/airflow/example_dags/example_trigger_target_dag.py for tasks to queue
[2024-05-05T01:33:06.610+0000] {logging_mixin.py:188} INFO - [2024-05-05T01:33:06.609+0000] {dagbag.py:540} INFO - Filling up the DagBag from /home/airflow/.local/lib/python3.12/site-packages/airflow/example_dags/example_trigger_target_dag.py
[2024-05-05T01:33:06.617+0000] {processor.py:840} INFO - DAG(s) 'example_trigger_target_dag' retrieved from /home/airflow/.local/lib/python3.12/site-packages/airflow/example_dags/example_trigger_target_dag.py
[2024-05-05T01:33:06.642+0000] {logging_mixin.py:188} INFO - [2024-05-05T01:33:06.641+0000] {dag.py:3096} INFO - Sync 1 DAGs
[2024-05-05T01:33:06.657+0000] {logging_mixin.py:188} INFO - [2024-05-05T01:33:06.657+0000] {dag.py:3954} INFO - Setting next_dagrun for example_trigger_target_dag to None, run_after=None
[2024-05-05T01:33:06.684+0000] {processor.py:183} INFO - Processing /home/airflow/.local/lib/python3.12/site-packages/airflow/example_dags/example_trigger_target_dag.py took 0.085 seconds
[2024-05-05T01:33:36.778+0000] {processor.py:161} INFO - Started process (PID=426) to work on /home/airflow/.local/lib/python3.12/site-packages/airflow/example_dags/example_trigger_target_dag.py
[2024-05-05T01:33:36.779+0000] {processor.py:830} INFO - Processing file /home/airflow/.local/lib/python3.12/site-packages/airflow/example_dags/example_trigger_target_dag.py for tasks to queue
[2024-05-05T01:33:36.781+0000] {logging_mixin.py:188} INFO - [2024-05-05T01:33:36.781+0000] {dagbag.py:540} INFO - Filling up the DagBag from /home/airflow/.local/lib/python3.12/site-packages/airflow/example_dags/example_trigger_target_dag.py
[2024-05-05T01:33:36.787+0000] {processor.py:840} INFO - DAG(s) 'example_trigger_target_dag' retrieved from /home/airflow/.local/lib/python3.12/site-packages/airflow/example_dags/example_trigger_target_dag.py
[2024-05-05T01:33:36.805+0000] {logging_mixin.py:188} INFO - [2024-05-05T01:33:36.805+0000] {dag.py:3096} INFO - Sync 1 DAGs
[2024-05-05T01:33:36.820+0000] {logging_mixin.py:188} INFO - [2024-05-05T01:33:36.820+0000] {dag.py:3954} INFO - Setting next_dagrun for example_trigger_target_dag to None, run_after=None
[2024-05-05T01:33:36.839+0000] {processor.py:183} INFO - Processing /home/airflow/.local/lib/python3.12/site-packages/airflow/example_dags/example_trigger_target_dag.py took 0.067 seconds
[2024-05-05T01:34:07.196+0000] {processor.py:161} INFO - Started process (PID=486) to work on /home/airflow/.local/lib/python3.12/site-packages/airflow/example_dags/example_trigger_target_dag.py
[2024-05-05T01:34:07.197+0000] {processor.py:830} INFO - Processing file /home/airflow/.local/lib/python3.12/site-packages/airflow/example_dags/example_trigger_target_dag.py for tasks to queue
[2024-05-05T01:34:07.199+0000] {logging_mixin.py:188} INFO - [2024-05-05T01:34:07.199+0000] {dagbag.py:540} INFO - Filling up the DagBag from /home/airflow/.local/lib/python3.12/site-packages/airflow/example_dags/example_trigger_target_dag.py
[2024-05-05T01:34:07.205+0000] {processor.py:840} INFO - DAG(s) 'example_trigger_target_dag' retrieved from /home/airflow/.local/lib/python3.12/site-packages/airflow/example_dags/example_trigger_target_dag.py
[2024-05-05T01:34:07.225+0000] {logging_mixin.py:188} INFO - [2024-05-05T01:34:07.225+0000] {dag.py:3096} INFO - Sync 1 DAGs
[2024-05-05T01:34:07.239+0000] {logging_mixin.py:188} INFO - [2024-05-05T01:34:07.239+0000] {dag.py:3954} INFO - Setting next_dagrun for example_trigger_target_dag to None, run_after=None
[2024-05-05T01:34:07.263+0000] {processor.py:183} INFO - Processing /home/airflow/.local/lib/python3.12/site-packages/airflow/example_dags/example_trigger_target_dag.py took 0.073 seconds
[2024-05-05T01:34:37.455+0000] {processor.py:161} INFO - Started process (PID=546) to work on /home/airflow/.local/lib/python3.12/site-packages/airflow/example_dags/example_trigger_target_dag.py
[2024-05-05T01:34:37.456+0000] {processor.py:830} INFO - Processing file /home/airflow/.local/lib/python3.12/site-packages/airflow/example_dags/example_trigger_target_dag.py for tasks to queue
[2024-05-05T01:34:37.458+0000] {logging_mixin.py:188} INFO - [2024-05-05T01:34:37.458+0000] {dagbag.py:540} INFO - Filling up the DagBag from /home/airflow/.local/lib/python3.12/site-packages/airflow/example_dags/example_trigger_target_dag.py
[2024-05-05T01:34:37.465+0000] {processor.py:840} INFO - DAG(s) 'example_trigger_target_dag' retrieved from /home/airflow/.local/lib/python3.12/site-packages/airflow/example_dags/example_trigger_target_dag.py
[2024-05-05T01:34:37.489+0000] {logging_mixin.py:188} INFO - [2024-05-05T01:34:37.489+0000] {dag.py:3096} INFO - Sync 1 DAGs
[2024-05-05T01:34:37.507+0000] {logging_mixin.py:188} INFO - [2024-05-05T01:34:37.507+0000] {dag.py:3954} INFO - Setting next_dagrun for example_trigger_target_dag to None, run_after=None
[2024-05-05T01:34:37.532+0000] {processor.py:183} INFO - Processing /home/airflow/.local/lib/python3.12/site-packages/airflow/example_dags/example_trigger_target_dag.py took 0.085 seconds
[2024-05-05T01:35:08.164+0000] {processor.py:161} INFO - Started process (PID=612) to work on /home/airflow/.local/lib/python3.12/site-packages/airflow/example_dags/example_trigger_target_dag.py
[2024-05-05T01:35:08.166+0000] {processor.py:830} INFO - Processing file /home/airflow/.local/lib/python3.12/site-packages/airflow/example_dags/example_trigger_target_dag.py for tasks to queue
[2024-05-05T01:35:08.168+0000] {logging_mixin.py:188} INFO - [2024-05-05T01:35:08.168+0000] {dagbag.py:540} INFO - Filling up the DagBag from /home/airflow/.local/lib/python3.12/site-packages/airflow/example_dags/example_trigger_target_dag.py
[2024-05-05T01:35:08.174+0000] {processor.py:840} INFO - DAG(s) 'example_trigger_target_dag' retrieved from /home/airflow/.local/lib/python3.12/site-packages/airflow/example_dags/example_trigger_target_dag.py
[2024-05-05T01:35:08.200+0000] {logging_mixin.py:188} INFO - [2024-05-05T01:35:08.199+0000] {dag.py:3096} INFO - Sync 1 DAGs
[2024-05-05T01:35:08.213+0000] {logging_mixin.py:188} INFO - [2024-05-05T01:35:08.213+0000] {dag.py:3954} INFO - Setting next_dagrun for example_trigger_target_dag to None, run_after=None
[2024-05-05T01:35:08.242+0000] {processor.py:183} INFO - Processing /home/airflow/.local/lib/python3.12/site-packages/airflow/example_dags/example_trigger_target_dag.py took 0.084 seconds
[2024-05-05T01:35:38.659+0000] {processor.py:161} INFO - Started process (PID=672) to work on /home/airflow/.local/lib/python3.12/site-packages/airflow/example_dags/example_trigger_target_dag.py
[2024-05-05T01:35:38.661+0000] {processor.py:830} INFO - Processing file /home/airflow/.local/lib/python3.12/site-packages/airflow/example_dags/example_trigger_target_dag.py for tasks to queue
[2024-05-05T01:35:38.664+0000] {logging_mixin.py:188} INFO - [2024-05-05T01:35:38.664+0000] {dagbag.py:540} INFO - Filling up the DagBag from /home/airflow/.local/lib/python3.12/site-packages/airflow/example_dags/example_trigger_target_dag.py
[2024-05-05T01:35:38.673+0000] {processor.py:840} INFO - DAG(s) 'example_trigger_target_dag' retrieved from /home/airflow/.local/lib/python3.12/site-packages/airflow/example_dags/example_trigger_target_dag.py
[2024-05-05T01:35:38.696+0000] {logging_mixin.py:188} INFO - [2024-05-05T01:35:38.696+0000] {dag.py:3096} INFO - Sync 1 DAGs
[2024-05-05T01:35:38.709+0000] {logging_mixin.py:188} INFO - [2024-05-05T01:35:38.709+0000] {dag.py:3954} INFO - Setting next_dagrun for example_trigger_target_dag to None, run_after=None
[2024-05-05T01:35:38.734+0000] {processor.py:183} INFO - Processing /home/airflow/.local/lib/python3.12/site-packages/airflow/example_dags/example_trigger_target_dag.py took 0.083 seconds
[2024-05-05T02:04:17.655+0000] {processor.py:161} INFO - Started process (PID=63) to work on /home/airflow/.local/lib/python3.12/site-packages/airflow/example_dags/example_trigger_target_dag.py
[2024-05-05T02:04:17.657+0000] {processor.py:830} INFO - Processing file /home/airflow/.local/lib/python3.12/site-packages/airflow/example_dags/example_trigger_target_dag.py for tasks to queue
[2024-05-05T02:04:17.660+0000] {logging_mixin.py:188} INFO - [2024-05-05T02:04:17.659+0000] {dagbag.py:540} INFO - Filling up the DagBag from /home/airflow/.local/lib/python3.12/site-packages/airflow/example_dags/example_trigger_target_dag.py
[2024-05-05T02:04:17.671+0000] {processor.py:840} INFO - DAG(s) 'example_trigger_target_dag' retrieved from /home/airflow/.local/lib/python3.12/site-packages/airflow/example_dags/example_trigger_target_dag.py
[2024-05-05T02:04:17.817+0000] {logging_mixin.py:188} INFO - [2024-05-05T02:04:17.816+0000] {dag.py:3096} INFO - Sync 1 DAGs
[2024-05-05T02:04:17.836+0000] {logging_mixin.py:188} INFO - [2024-05-05T02:04:17.836+0000] {dag.py:3954} INFO - Setting next_dagrun for example_trigger_target_dag to None, run_after=None
[2024-05-05T02:04:17.868+0000] {processor.py:183} INFO - Processing /home/airflow/.local/lib/python3.12/site-packages/airflow/example_dags/example_trigger_target_dag.py took 0.220 seconds
[2024-05-05T02:04:48.317+0000] {processor.py:161} INFO - Started process (PID=129) to work on /home/airflow/.local/lib/python3.12/site-packages/airflow/example_dags/example_trigger_target_dag.py
[2024-05-05T02:04:48.319+0000] {processor.py:830} INFO - Processing file /home/airflow/.local/lib/python3.12/site-packages/airflow/example_dags/example_trigger_target_dag.py for tasks to queue
[2024-05-05T02:04:48.321+0000] {logging_mixin.py:188} INFO - [2024-05-05T02:04:48.321+0000] {dagbag.py:540} INFO - Filling up the DagBag from /home/airflow/.local/lib/python3.12/site-packages/airflow/example_dags/example_trigger_target_dag.py
[2024-05-05T02:04:48.327+0000] {processor.py:840} INFO - DAG(s) 'example_trigger_target_dag' retrieved from /home/airflow/.local/lib/python3.12/site-packages/airflow/example_dags/example_trigger_target_dag.py
[2024-05-05T02:04:48.351+0000] {logging_mixin.py:188} INFO - [2024-05-05T02:04:48.350+0000] {dag.py:3096} INFO - Sync 1 DAGs
[2024-05-05T02:04:48.366+0000] {logging_mixin.py:188} INFO - [2024-05-05T02:04:48.366+0000] {dag.py:3954} INFO - Setting next_dagrun for example_trigger_target_dag to None, run_after=None
[2024-05-05T02:04:48.393+0000] {processor.py:183} INFO - Processing /home/airflow/.local/lib/python3.12/site-packages/airflow/example_dags/example_trigger_target_dag.py took 0.084 seconds
[2024-05-05T02:05:18.658+0000] {processor.py:161} INFO - Started process (PID=189) to work on /home/airflow/.local/lib/python3.12/site-packages/airflow/example_dags/example_trigger_target_dag.py
[2024-05-05T02:05:18.659+0000] {processor.py:830} INFO - Processing file /home/airflow/.local/lib/python3.12/site-packages/airflow/example_dags/example_trigger_target_dag.py for tasks to queue
[2024-05-05T02:05:18.662+0000] {logging_mixin.py:188} INFO - [2024-05-05T02:05:18.661+0000] {dagbag.py:540} INFO - Filling up the DagBag from /home/airflow/.local/lib/python3.12/site-packages/airflow/example_dags/example_trigger_target_dag.py
[2024-05-05T02:05:18.669+0000] {processor.py:840} INFO - DAG(s) 'example_trigger_target_dag' retrieved from /home/airflow/.local/lib/python3.12/site-packages/airflow/example_dags/example_trigger_target_dag.py
[2024-05-05T02:05:18.693+0000] {logging_mixin.py:188} INFO - [2024-05-05T02:05:18.693+0000] {dag.py:3096} INFO - Sync 1 DAGs
[2024-05-05T02:05:18.710+0000] {logging_mixin.py:188} INFO - [2024-05-05T02:05:18.709+0000] {dag.py:3954} INFO - Setting next_dagrun for example_trigger_target_dag to None, run_after=None
[2024-05-05T02:05:18.731+0000] {processor.py:183} INFO - Processing /home/airflow/.local/lib/python3.12/site-packages/airflow/example_dags/example_trigger_target_dag.py took 0.081 seconds
[2024-05-05T02:05:49.033+0000] {processor.py:161} INFO - Started process (PID=249) to work on /home/airflow/.local/lib/python3.12/site-packages/airflow/example_dags/example_trigger_target_dag.py
[2024-05-05T02:05:49.035+0000] {processor.py:830} INFO - Processing file /home/airflow/.local/lib/python3.12/site-packages/airflow/example_dags/example_trigger_target_dag.py for tasks to queue
[2024-05-05T02:05:49.037+0000] {logging_mixin.py:188} INFO - [2024-05-05T02:05:49.037+0000] {dagbag.py:540} INFO - Filling up the DagBag from /home/airflow/.local/lib/python3.12/site-packages/airflow/example_dags/example_trigger_target_dag.py
[2024-05-05T02:05:49.044+0000] {processor.py:840} INFO - DAG(s) 'example_trigger_target_dag' retrieved from /home/airflow/.local/lib/python3.12/site-packages/airflow/example_dags/example_trigger_target_dag.py
[2024-05-05T02:05:49.067+0000] {logging_mixin.py:188} INFO - [2024-05-05T02:05:49.067+0000] {dag.py:3096} INFO - Sync 1 DAGs
[2024-05-05T02:05:49.082+0000] {logging_mixin.py:188} INFO - [2024-05-05T02:05:49.082+0000] {dag.py:3954} INFO - Setting next_dagrun for example_trigger_target_dag to None, run_after=None
[2024-05-05T02:05:49.115+0000] {processor.py:183} INFO - Processing /home/airflow/.local/lib/python3.12/site-packages/airflow/example_dags/example_trigger_target_dag.py took 0.089 seconds
[2024-05-05T02:06:19.973+0000] {processor.py:161} INFO - Started process (PID=309) to work on /home/airflow/.local/lib/python3.12/site-packages/airflow/example_dags/example_trigger_target_dag.py
[2024-05-05T02:06:19.974+0000] {processor.py:830} INFO - Processing file /home/airflow/.local/lib/python3.12/site-packages/airflow/example_dags/example_trigger_target_dag.py for tasks to queue
[2024-05-05T02:06:19.976+0000] {logging_mixin.py:188} INFO - [2024-05-05T02:06:19.976+0000] {dagbag.py:540} INFO - Filling up the DagBag from /home/airflow/.local/lib/python3.12/site-packages/airflow/example_dags/example_trigger_target_dag.py
[2024-05-05T02:06:19.984+0000] {processor.py:840} INFO - DAG(s) 'example_trigger_target_dag' retrieved from /home/airflow/.local/lib/python3.12/site-packages/airflow/example_dags/example_trigger_target_dag.py
[2024-05-05T02:06:20.005+0000] {logging_mixin.py:188} INFO - [2024-05-05T02:06:20.005+0000] {dag.py:3096} INFO - Sync 1 DAGs
[2024-05-05T02:06:20.020+0000] {logging_mixin.py:188} INFO - [2024-05-05T02:06:20.020+0000] {dag.py:3954} INFO - Setting next_dagrun for example_trigger_target_dag to None, run_after=None
[2024-05-05T02:06:20.044+0000] {processor.py:183} INFO - Processing /home/airflow/.local/lib/python3.12/site-packages/airflow/example_dags/example_trigger_target_dag.py took 0.077 seconds
[2024-05-05T02:06:50.917+0000] {processor.py:161} INFO - Started process (PID=369) to work on /home/airflow/.local/lib/python3.12/site-packages/airflow/example_dags/example_trigger_target_dag.py
[2024-05-05T02:06:50.918+0000] {processor.py:830} INFO - Processing file /home/airflow/.local/lib/python3.12/site-packages/airflow/example_dags/example_trigger_target_dag.py for tasks to queue
[2024-05-05T02:06:50.920+0000] {logging_mixin.py:188} INFO - [2024-05-05T02:06:50.920+0000] {dagbag.py:540} INFO - Filling up the DagBag from /home/airflow/.local/lib/python3.12/site-packages/airflow/example_dags/example_trigger_target_dag.py
[2024-05-05T02:06:50.928+0000] {processor.py:840} INFO - DAG(s) 'example_trigger_target_dag' retrieved from /home/airflow/.local/lib/python3.12/site-packages/airflow/example_dags/example_trigger_target_dag.py
[2024-05-05T02:06:50.953+0000] {logging_mixin.py:188} INFO - [2024-05-05T02:06:50.953+0000] {dag.py:3096} INFO - Sync 1 DAGs
[2024-05-05T02:06:50.967+0000] {logging_mixin.py:188} INFO - [2024-05-05T02:06:50.967+0000] {dag.py:3954} INFO - Setting next_dagrun for example_trigger_target_dag to None, run_after=None
[2024-05-05T02:06:50.994+0000] {processor.py:183} INFO - Processing /home/airflow/.local/lib/python3.12/site-packages/airflow/example_dags/example_trigger_target_dag.py took 0.083 seconds
