[2024-05-08T04:17:30.642+0000] {local_task_job_runner.py:120} INFO - ::group::Pre task execution logs
[2024-05-08T04:17:30.669+0000] {taskinstance.py:2073} INFO - Dependencies all met for dep_context=non-requeueable deps ti=<TaskInstance: mysql_table_dump.mysql_task scheduled__2024-03-14T00:00:00+00:00 [queued]>
[2024-05-08T04:17:30.676+0000] {taskinstance.py:2073} INFO - Dependencies all met for dep_context=requeueable deps ti=<TaskInstance: mysql_table_dump.mysql_task scheduled__2024-03-14T00:00:00+00:00 [queued]>
[2024-05-08T04:17:30.677+0000] {taskinstance.py:2303} INFO - Starting attempt 1 of 1
[2024-05-08T04:17:30.691+0000] {taskinstance.py:2327} INFO - Executing <Task(MySqlOperator): mysql_task> on 2024-03-14 00:00:00+00:00
[2024-05-08T04:17:30.696+0000] {standard_task_runner.py:90} INFO - Running: ['***', 'tasks', 'run', 'mysql_table_dump', 'mysql_task', 'scheduled__2024-03-14T00:00:00+00:00', '--job-id', '3', '--raw', '--subdir', 'DAGS_FOLDER/dump_load_dag.py', '--cfg-path', '/tmp/tmp0vnohm_6']
[2024-05-08T04:17:30.698+0000] {standard_task_runner.py:91} INFO - Job 3: Subtask mysql_task
[2024-05-08T04:17:30.698+0000] {logging_mixin.py:188} WARNING - /home/***/.local/lib/python3.12/site-packages/***/task/task_runner/standard_task_runner.py:61 DeprecationWarning: This process (pid=326) is multi-threaded, use of fork() may lead to deadlocks in the child.
[2024-05-08T04:17:30.700+0000] {standard_task_runner.py:63} INFO - Started process 327 to run task
[2024-05-08T04:17:30.743+0000] {task_command.py:426} INFO - Running <TaskInstance: mysql_table_dump.mysql_task scheduled__2024-03-14T00:00:00+00:00 [running]> on host bbcb3f20ddad
[2024-05-08T04:17:30.815+0000] {taskinstance.py:2644} INFO - Exporting env vars: AIRFLOW_CTX_DAG_OWNER='***' AIRFLOW_CTX_DAG_ID='mysql_table_dump' AIRFLOW_CTX_TASK_ID='mysql_task' AIRFLOW_CTX_EXECUTION_DATE='2024-03-14T00:00:00+00:00' AIRFLOW_CTX_TRY_NUMBER='1' AIRFLOW_CTX_DAG_RUN_ID='scheduled__2024-03-14T00:00:00+00:00'
[2024-05-08T04:17:30.817+0000] {taskinstance.py:430} INFO - ::endgroup::
[2024-05-08T04:17:30.842+0000] {sql.py:276} INFO - Executing: 
    CREATE TABLE free(
        name varchar(255)
    );
[2024-05-08T04:17:30.850+0000] {base.py:84} INFO - Using connection ID 'MySQLID' for task execution.
[2024-05-08T04:17:30.860+0000] {base.py:84} INFO - Using connection ID 'MySQLID' for task execution.
[2024-05-08T04:17:30.881+0000] {sql.py:457} INFO - Running statement: 
    CREATE TABLE free(
        name varchar(255)
    );, parameters: None
[2024-05-08T04:17:30.915+0000] {sql.py:466} INFO - Rows affected: 0
[2024-05-08T04:17:30.920+0000] {logging_mixin.py:188} WARNING - /home/***/.local/lib/python3.12/site-packages/***/providers/common/sql/hooks/sql.py:407 AirflowProviderDeprecationWarning: Call to deprecated method _make_common_data_structure. (The `_make_serializable` method is deprecated and support will be removed in a future version of the common.sql provider. Please update the DbApiHook's provider to a version based on common.sql >= 1.9.1.)
[2024-05-08T04:17:30.922+0000] {taskinstance.py:441} INFO - ::group::Post task execution logs
[2024-05-08T04:17:30.929+0000] {taskinstance.py:1205} INFO - Marking task as SUCCESS. dag_id=mysql_table_dump, task_id=mysql_task, execution_date=20240314T000000, start_date=20240508T041730, end_date=20240508T041730
[2024-05-08T04:17:30.954+0000] {local_task_job_runner.py:240} INFO - Task exited with return code 0
[2024-05-08T04:17:30.967+0000] {taskinstance.py:3482} INFO - 0 downstream tasks scheduled from follow-on schedule check
[2024-05-08T04:17:30.970+0000] {local_task_job_runner.py:222} INFO - ::endgroup::
