[2024-05-05T01:24:42.006+0000] {local_task_job_runner.py:120} INFO - ::group::Pre task execution logs
[2024-05-05T01:24:42.034+0000] {taskinstance.py:2073} INFO - Dependencies all met for dep_context=non-requeueable deps ti=<TaskInstance: emaildag.executetask scheduled__2024-05-03T01:30:00+00:00 [queued]>
[2024-05-05T01:24:42.044+0000] {taskinstance.py:2073} INFO - Dependencies all met for dep_context=requeueable deps ti=<TaskInstance: emaildag.executetask scheduled__2024-05-03T01:30:00+00:00 [queued]>
[2024-05-05T01:24:42.045+0000] {taskinstance.py:2303} INFO - Starting attempt 1 of 2
[2024-05-05T01:24:42.060+0000] {taskinstance.py:2327} INFO - Executing <Task(PythonOperator): executetask> on 2024-05-03 01:30:00+00:00
[2024-05-05T01:24:42.065+0000] {warnings.py:110} WARNING - /home/***/.local/lib/python3.12/site-packages/***/task/task_runner/standard_task_runner.py:61: DeprecationWarning: This process (pid=97) is multi-threaded, use of fork() may lead to deadlocks in the child.
  pid = os.fork()

[2024-05-05T01:24:42.067+0000] {standard_task_runner.py:63} INFO - Started process 98 to run task
[2024-05-05T01:24:42.067+0000] {standard_task_runner.py:90} INFO - Running: ['***', 'tasks', 'run', 'emaildag', 'executetask', 'scheduled__2024-05-03T01:30:00+00:00', '--job-id', '6', '--raw', '--subdir', 'DAGS_FOLDER/email_dag.py', '--cfg-path', '/tmp/tmpfjmp13d8']
[2024-05-05T01:24:42.069+0000] {standard_task_runner.py:91} INFO - Job 6: Subtask executetask
[2024-05-05T01:24:42.121+0000] {task_command.py:426} INFO - Running <TaskInstance: emaildag.executetask scheduled__2024-05-03T01:30:00+00:00 [running]> on host 8b32424c38fa
[2024-05-05T01:24:42.221+0000] {taskinstance.py:2644} INFO - Exporting env vars: AIRFLOW_CTX_DAG_EMAIL='ngawanggurung@outlook.com' AIRFLOW_CTX_DAG_OWNER='***' AIRFLOW_CTX_DAG_ID='emaildag' AIRFLOW_CTX_TASK_ID='executetask' AIRFLOW_CTX_EXECUTION_DATE='2024-05-03T01:30:00+00:00' AIRFLOW_CTX_TRY_NUMBER='1' AIRFLOW_CTX_DAG_RUN_ID='scheduled__2024-05-03T01:30:00+00:00'
[2024-05-05T01:24:42.222+0000] {taskinstance.py:430} INFO - ::endgroup::
[2024-05-05T01:24:42.235+0000] {logging_mixin.py:188} INFO - task started
[2024-05-05T01:24:42.236+0000] {python.py:237} INFO - Done. Returned value was: None
[2024-05-05T01:24:42.237+0000] {taskinstance.py:441} INFO - ::group::Post task execution logs
[2024-05-05T01:24:42.247+0000] {taskinstance.py:1205} INFO - Marking task as SUCCESS. dag_id=emaildag, task_id=executetask, execution_date=20240503T013000, start_date=20240505T012442, end_date=20240505T012442
[2024-05-05T01:24:42.281+0000] {local_task_job_runner.py:240} INFO - Task exited with return code 0
[2024-05-05T01:24:42.307+0000] {taskinstance.py:3482} INFO - 1 downstream tasks scheduled from follow-on schedule check
[2024-05-05T01:24:42.312+0000] {local_task_job_runner.py:222} INFO - ::endgroup::
